26-Jun-2015 08:39:24.829 INFO [main] org.apache.catalina.startup.VersionLoggerListener.log Server version:        Apache Tomcat/8.0.23
26-Jun-2015 08:39:24.849 INFO [main] org.apache.catalina.startup.VersionLoggerListener.log Server built:          May 19 2015 14:58:38 UTC
26-Jun-2015 08:39:24.849 INFO [main] org.apache.catalina.startup.VersionLoggerListener.log Server number:         8.0.23.0
26-Jun-2015 08:39:24.849 INFO [main] org.apache.catalina.startup.VersionLoggerListener.log OS Name:               Mac OS X
26-Jun-2015 08:39:24.850 INFO [main] org.apache.catalina.startup.VersionLoggerListener.log OS Version:            10.10.2
26-Jun-2015 08:39:24.850 INFO [main] org.apache.catalina.startup.VersionLoggerListener.log Architecture:          x86_64
26-Jun-2015 08:39:24.850 INFO [main] org.apache.catalina.startup.VersionLoggerListener.log Java Home:             /Library/Java/JavaVirtualMachines/jdk1.8.0_45.jdk/Contents/Home/jre
26-Jun-2015 08:39:24.850 INFO [main] org.apache.catalina.startup.VersionLoggerListener.log JVM Version:           1.8.0_45-b14
26-Jun-2015 08:39:24.850 INFO [main] org.apache.catalina.startup.VersionLoggerListener.log JVM Vendor:            Oracle Corporation
26-Jun-2015 08:39:24.850 INFO [main] org.apache.catalina.startup.VersionLoggerListener.log CATALINA_BASE:         /Users/kevin/Kevin-LASAD/Deploy/apache-tomcat-8.0.23
26-Jun-2015 08:39:24.850 INFO [main] org.apache.catalina.startup.VersionLoggerListener.log CATALINA_HOME:         /Users/kevin/Kevin-LASAD/Deploy/apache-tomcat-8.0.23
26-Jun-2015 08:39:24.851 INFO [main] org.apache.catalina.startup.VersionLoggerListener.log Command line argument: -Djava.util.logging.config.file=/Users/kevin/Kevin-LASAD/Deploy/apache-tomcat-8.0.23/conf/logging.properties
26-Jun-2015 08:39:24.851 INFO [main] org.apache.catalina.startup.VersionLoggerListener.log Command line argument: -Djava.util.logging.manager=org.apache.juli.ClassLoaderLogManager
26-Jun-2015 08:39:24.851 INFO [main] org.apache.catalina.startup.VersionLoggerListener.log Command line argument: -Djava.endorsed.dirs=/Users/kevin/Kevin-LASAD/Deploy/apache-tomcat-8.0.23/endorsed
26-Jun-2015 08:39:24.851 INFO [main] org.apache.catalina.startup.VersionLoggerListener.log Command line argument: -Dcatalina.base=/Users/kevin/Kevin-LASAD/Deploy/apache-tomcat-8.0.23
26-Jun-2015 08:39:24.851 INFO [main] org.apache.catalina.startup.VersionLoggerListener.log Command line argument: -Dcatalina.home=/Users/kevin/Kevin-LASAD/Deploy/apache-tomcat-8.0.23
26-Jun-2015 08:39:24.851 INFO [main] org.apache.catalina.startup.VersionLoggerListener.log Command line argument: -Djava.io.tmpdir=/Users/kevin/Kevin-LASAD/Deploy/apache-tomcat-8.0.23/temp
26-Jun-2015 08:39:24.852 INFO [main] org.apache.catalina.core.AprLifecycleListener.lifecycleEvent The APR based Apache Tomcat Native library which allows optimal performance in production environments was not found on the java.library.path: /Users/kevin/Library/Java/Extensions:/Library/Java/Extensions:/Network/Library/Java/Extensions:/System/Library/Java/Extensions:/usr/lib/java:.
26-Jun-2015 08:39:25.031 INFO [main] org.apache.coyote.AbstractProtocol.init Initializing ProtocolHandler ["http-nio-8080"]
26-Jun-2015 08:39:25.060 INFO [main] org.apache.tomcat.util.net.NioSelectorPool.getSharedSelector Using a shared selector for servlet write/read
26-Jun-2015 08:39:25.062 INFO [main] org.apache.coyote.AbstractProtocol.init Initializing ProtocolHandler ["ajp-nio-8009"]
26-Jun-2015 08:39:25.064 INFO [main] org.apache.tomcat.util.net.NioSelectorPool.getSharedSelector Using a shared selector for servlet write/read
26-Jun-2015 08:39:25.064 INFO [main] org.apache.catalina.startup.Catalina.load Initialization processed in 684 ms
26-Jun-2015 08:39:25.092 INFO [main] org.apache.catalina.core.StandardService.startInternal Starting service Catalina
26-Jun-2015 08:39:25.092 INFO [main] org.apache.catalina.core.StandardEngine.startInternal Starting Servlet Engine: Apache Tomcat/8.0.23
26-Jun-2015 08:39:25.113 INFO [localhost-startStop-1] org.apache.catalina.startup.HostConfig.deployWAR Deploying web application archive /Users/kevin/Kevin-LASAD/Deploy/apache-tomcat-8.0.23/webapps/lasad.war
26-Jun-2015 08:39:30.699 INFO [localhost-startStop-1] org.apache.jasper.servlet.TldScanner.scanJars At least one JAR was scanned for TLDs yet contained no TLDs. Enable debug logging for this logger for a complete list of JARs that were scanned but no TLDs were found in them. Skipping unneeded JARs during scanning can improve startup time and JSP compilation time.
26-Jun-2015 08:39:30.869 INFO [localhost-startStop-1] org.apache.catalina.startup.HostConfig.deployWAR Deployment of web application archive /Users/kevin/Kevin-LASAD/Deploy/apache-tomcat-8.0.23/webapps/lasad.war has finished in 5,755 ms
26-Jun-2015 08:39:30.871 INFO [localhost-startStop-1] org.apache.catalina.startup.HostConfig.deployDirectory Deploying web application directory /Users/kevin/Kevin-LASAD/Deploy/apache-tomcat-8.0.23/webapps/docs
26-Jun-2015 08:39:30.966 INFO [localhost-startStop-1] org.apache.catalina.startup.HostConfig.deployDirectory Deployment of web application directory /Users/kevin/Kevin-LASAD/Deploy/apache-tomcat-8.0.23/webapps/docs has finished in 94 ms
26-Jun-2015 08:39:30.967 INFO [localhost-startStop-1] org.apache.catalina.startup.HostConfig.deployDirectory Deploying web application directory /Users/kevin/Kevin-LASAD/Deploy/apache-tomcat-8.0.23/webapps/examples
26-Jun-2015 08:39:31.915 INFO [localhost-startStop-1] org.apache.catalina.startup.HostConfig.deployDirectory Deployment of web application directory /Users/kevin/Kevin-LASAD/Deploy/apache-tomcat-8.0.23/webapps/examples has finished in 948 ms
26-Jun-2015 08:39:31.915 INFO [localhost-startStop-1] org.apache.catalina.startup.HostConfig.deployDirectory Deploying web application directory /Users/kevin/Kevin-LASAD/Deploy/apache-tomcat-8.0.23/webapps/host-manager
26-Jun-2015 08:39:31.960 INFO [localhost-startStop-1] org.apache.catalina.startup.HostConfig.deployDirectory Deployment of web application directory /Users/kevin/Kevin-LASAD/Deploy/apache-tomcat-8.0.23/webapps/host-manager has finished in 45 ms
26-Jun-2015 08:39:31.961 INFO [localhost-startStop-1] org.apache.catalina.startup.HostConfig.deployDirectory Deploying web application directory /Users/kevin/Kevin-LASAD/Deploy/apache-tomcat-8.0.23/webapps/manager
26-Jun-2015 08:39:31.991 INFO [localhost-startStop-1] org.apache.catalina.startup.HostConfig.deployDirectory Deployment of web application directory /Users/kevin/Kevin-LASAD/Deploy/apache-tomcat-8.0.23/webapps/manager has finished in 30 ms
26-Jun-2015 08:39:31.991 INFO [localhost-startStop-1] org.apache.catalina.startup.HostConfig.deployDirectory Deploying web application directory /Users/kevin/Kevin-LASAD/Deploy/apache-tomcat-8.0.23/webapps/ROOT
26-Jun-2015 08:39:32.017 INFO [localhost-startStop-1] org.apache.catalina.startup.HostConfig.deployDirectory Deployment of web application directory /Users/kevin/Kevin-LASAD/Deploy/apache-tomcat-8.0.23/webapps/ROOT has finished in 26 ms
26-Jun-2015 08:39:32.022 INFO [main] org.apache.coyote.AbstractProtocol.start Starting ProtocolHandler ["http-nio-8080"]
26-Jun-2015 08:39:32.029 INFO [main] org.apache.coyote.AbstractProtocol.start Starting ProtocolHandler ["ajp-nio-8009"]
26-Jun-2015 08:39:32.030 INFO [main] org.apache.catalina.startup.Catalina.start Server startup in 6965 ms
26-Jun-2015 08:39:33.130 INFO [http-nio-8080-exec-6] null.null Server: Configuration changed - EventServiceConfiguration (Properties "eventservice.properties")
  Min.: 0ms; Max.: 20000ms; Timeout: 90000ms
26-Jun-2015 08:39:33.256 INFO [http-nio-8080-exec-6] de.novanic.eventservice.logger.DefaultServerLogger.log Server: Client "41E84F320C68E129BD1C8EBE5A7CDFBF1233456006" initialized.
26-Jun-2015 08:49:04.384 INFO [main] org.apache.catalina.core.StandardServer.await A valid shutdown command was received via the shutdown port. Stopping the Server instance.
26-Jun-2015 08:49:04.385 INFO [main] org.apache.coyote.AbstractProtocol.pause Pausing ProtocolHandler ["http-nio-8080"]
26-Jun-2015 08:49:04.441 INFO [main] org.apache.coyote.AbstractProtocol.pause Pausing ProtocolHandler ["ajp-nio-8009"]
26-Jun-2015 08:49:04.492 INFO [main] org.apache.catalina.core.StandardService.stopInternal Stopping service Catalina
26-Jun-2015 08:49:04.511 INFO [localhost-startStop-2] org.apache.catalina.core.StandardWrapper.unload Waiting for 1 instance(s) to be deallocated for Servlet [eventServiceImpl]
26-Jun-2015 08:49:05.541 INFO [localhost-startStop-2] org.apache.catalina.core.StandardWrapper.unload Waiting for 1 instance(s) to be deallocated for Servlet [eventServiceImpl]
26-Jun-2015 08:49:06.571 INFO [localhost-startStop-2] org.apache.catalina.core.StandardWrapper.unload Waiting for 1 instance(s) to be deallocated for Servlet [eventServiceImpl]
26-Jun-2015 08:49:06.679 WARNING [localhost-startStop-2] org.apache.catalina.loader.WebappClassLoaderBase.clearReferencesThreads The web application [lasad] is still processing a request that has yet to finish. This is very likely to create a memory leak. You can control the time allowed for requests to finish by using the unloadDelay attribute of the standard Context implementation. Stack trace of request processing thread:
 java.lang.Object.wait(Native Method)
 de.novanic.eventservice.service.connection.strategy.connector.ConnectionStrategyServerConnectorAdapter.waitMaxWaitingTime(ConnectionStrategyServerConnectorAdapter.java:82)
 de.novanic.eventservice.service.connection.strategy.connector.longpolling.LongPollingServerConnector.listen(LongPollingServerConnector.java:62)
 de.novanic.eventservice.service.registry.DefaultEventRegistry.listen(DefaultEventRegistry.java:223)
 de.novanic.eventservice.service.EventServiceImpl.listen(EventServiceImpl.java:242)
 de.novanic.eventservice.service.EventServiceImpl.listen(EventServiceImpl.java:227)
 sun.reflect.GeneratedMethodAccessor38.invoke(Unknown Source)
 sun.reflect.DelegatingMethodAccessorImpl.invoke(DelegatingMethodAccessorImpl.java:43)
 java.lang.reflect.Method.invoke(Method.java:497)
 com.google.gwt.user.server.rpc.RPC.invokeAndEncodeResponse(RPC.java:561)
 com.google.gwt.user.server.rpc.RemoteServiceServlet.processCall(RemoteServiceServlet.java:208)
 com.google.gwt.user.server.rpc.RemoteServiceServlet.processPost(RemoteServiceServlet.java:248)
 com.google.gwt.user.server.rpc.AbstractRemoteServiceServlet.doPost(AbstractRemoteServiceServlet.java:62)
 javax.servlet.http.HttpServlet.service(HttpServlet.java:648)
 javax.servlet.http.HttpServlet.service(HttpServlet.java:729)
 org.apache.catalina.core.ApplicationFilterChain.internalDoFilter(ApplicationFilterChain.java:291)
 org.apache.catalina.core.ApplicationFilterChain.doFilter(ApplicationFilterChain.java:206)
 org.apache.tomcat.websocket.server.WsFilter.doFilter(WsFilter.java:52)
 org.apache.catalina.core.ApplicationFilterChain.internalDoFilter(ApplicationFilterChain.java:239)
 org.apache.catalina.core.ApplicationFilterChain.doFilter(ApplicationFilterChain.java:206)
 org.apache.catalina.core.StandardWrapperValve.invoke(StandardWrapperValve.java:219)
 org.apache.catalina.core.StandardContextValve.invoke(StandardContextValve.java:106)
 org.apache.catalina.authenticator.AuthenticatorBase.invoke(AuthenticatorBase.java:502)
 org.apache.catalina.core.StandardHostValve.invoke(StandardHostValve.java:142)
 org.apache.catalina.valves.ErrorReportValve.invoke(ErrorReportValve.java:79)
 org.apache.catalina.valves.AbstractAccessLogValve.invoke(AbstractAccessLogValve.java:617)
 org.apache.catalina.core.StandardEngineValve.invoke(StandardEngineValve.java:88)
 org.apache.catalina.connector.CoyoteAdapter.service(CoyoteAdapter.java:518)
 org.apache.coyote.http11.AbstractHttp11Processor.process(AbstractHttp11Processor.java:1091)
 org.apache.coyote.AbstractProtocol$AbstractConnectionHandler.process(AbstractProtocol.java:668)
 org.apache.tomcat.util.net.NioEndpoint$SocketProcessor.doRun(NioEndpoint.java:1521)
 org.apache.tomcat.util.net.NioEndpoint$SocketProcessor.run(NioEndpoint.java:1478)
 java.util.concurrent.ThreadPoolExecutor.runWorker(ThreadPoolExecutor.java:1142)
 java.util.concurrent.ThreadPoolExecutor$Worker.run(ThreadPoolExecutor.java:617)
 org.apache.tomcat.util.threads.TaskThread$WrappingRunnable.run(TaskThread.java:61)
 java.lang.Thread.run(Thread.java:745)
26-Jun-2015 08:49:06.680 WARNING [localhost-startStop-2] org.apache.catalina.loader.WebappClassLoaderBase.clearReferencesThreads The web application [lasad] appears to have started a thread named [GWTEventService-UserActivityScheduler] but has failed to stop it. This is very likely to create a memory leak. Stack trace of thread:
 java.lang.Object.wait(Native Method)
 java.util.TimerThread.mainLoop(Timer.java:552)
 java.util.TimerThread.run(Timer.java:505)
26-Jun-2015 08:49:06.700 INFO [main] org.apache.coyote.AbstractProtocol.stop Stopping ProtocolHandler ["http-nio-8080"]
26-Jun-2015 08:49:06.774 INFO [main] org.apache.coyote.AbstractProtocol.stop Stopping ProtocolHandler ["ajp-nio-8009"]
26-Jun-2015 08:49:06.850 INFO [main] org.apache.coyote.AbstractProtocol.destroy Destroying ProtocolHandler ["http-nio-8080"]
26-Jun-2015 08:49:06.851 INFO [main] org.apache.coyote.AbstractProtocol.destroy Destroying ProtocolHandler ["ajp-nio-8009"]
26-Jun-2015 08:58:26.514 INFO [main] org.apache.catalina.startup.VersionLoggerListener.log Server version:        Apache Tomcat/8.0.23
26-Jun-2015 08:58:26.522 INFO [main] org.apache.catalina.startup.VersionLoggerListener.log Server built:          May 19 2015 14:58:38 UTC
26-Jun-2015 08:58:26.523 INFO [main] org.apache.catalina.startup.VersionLoggerListener.log Server number:         8.0.23.0
26-Jun-2015 08:58:26.523 INFO [main] org.apache.catalina.startup.VersionLoggerListener.log OS Name:               Mac OS X
26-Jun-2015 08:58:26.523 INFO [main] org.apache.catalina.startup.VersionLoggerListener.log OS Version:            10.10.2
26-Jun-2015 08:58:26.523 INFO [main] org.apache.catalina.startup.VersionLoggerListener.log Architecture:          x86_64
26-Jun-2015 08:58:26.523 INFO [main] org.apache.catalina.startup.VersionLoggerListener.log Java Home:             /Library/Java/JavaVirtualMachines/jdk1.8.0_45.jdk/Contents/Home/jre
26-Jun-2015 08:58:26.523 INFO [main] org.apache.catalina.startup.VersionLoggerListener.log JVM Version:           1.8.0_45-b14
26-Jun-2015 08:58:26.523 INFO [main] org.apache.catalina.startup.VersionLoggerListener.log JVM Vendor:            Oracle Corporation
26-Jun-2015 08:58:26.523 INFO [main] org.apache.catalina.startup.VersionLoggerListener.log CATALINA_BASE:         /Users/kevin/Kevin-LASAD/Deploy/apache-tomcat-8.0.23
26-Jun-2015 08:58:26.524 INFO [main] org.apache.catalina.startup.VersionLoggerListener.log CATALINA_HOME:         /Users/kevin/Kevin-LASAD/Deploy/apache-tomcat-8.0.23
26-Jun-2015 08:58:26.524 INFO [main] org.apache.catalina.startup.VersionLoggerListener.log Command line argument: -Djava.util.logging.config.file=/Users/kevin/Kevin-LASAD/Deploy/apache-tomcat-8.0.23/conf/logging.properties
26-Jun-2015 08:58:26.524 INFO [main] org.apache.catalina.startup.VersionLoggerListener.log Command line argument: -Djava.util.logging.manager=org.apache.juli.ClassLoaderLogManager
26-Jun-2015 08:58:26.524 INFO [main] org.apache.catalina.startup.VersionLoggerListener.log Command line argument: -Djava.endorsed.dirs=/Users/kevin/Kevin-LASAD/Deploy/apache-tomcat-8.0.23/endorsed
26-Jun-2015 08:58:26.524 INFO [main] org.apache.catalina.startup.VersionLoggerListener.log Command line argument: -Dcatalina.base=/Users/kevin/Kevin-LASAD/Deploy/apache-tomcat-8.0.23
26-Jun-2015 08:58:26.525 INFO [main] org.apache.catalina.startup.VersionLoggerListener.log Command line argument: -Dcatalina.home=/Users/kevin/Kevin-LASAD/Deploy/apache-tomcat-8.0.23
26-Jun-2015 08:58:26.525 INFO [main] org.apache.catalina.startup.VersionLoggerListener.log Command line argument: -Djava.io.tmpdir=/Users/kevin/Kevin-LASAD/Deploy/apache-tomcat-8.0.23/temp
26-Jun-2015 08:58:26.525 INFO [main] org.apache.catalina.core.AprLifecycleListener.lifecycleEvent The APR based Apache Tomcat Native library which allows optimal performance in production environments was not found on the java.library.path: /Users/kevin/Library/Java/Extensions:/Library/Java/Extensions:/Network/Library/Java/Extensions:/System/Library/Java/Extensions:/usr/lib/java:.
26-Jun-2015 08:58:26.659 INFO [main] org.apache.coyote.AbstractProtocol.init Initializing ProtocolHandler ["http-nio-8080"]
26-Jun-2015 08:58:26.684 INFO [main] org.apache.tomcat.util.net.NioSelectorPool.getSharedSelector Using a shared selector for servlet write/read
26-Jun-2015 08:58:26.686 INFO [main] org.apache.coyote.AbstractProtocol.init Initializing ProtocolHandler ["ajp-nio-8009"]
26-Jun-2015 08:58:26.687 INFO [main] org.apache.tomcat.util.net.NioSelectorPool.getSharedSelector Using a shared selector for servlet write/read
26-Jun-2015 08:58:26.688 INFO [main] org.apache.catalina.startup.Catalina.load Initialization processed in 565 ms
26-Jun-2015 08:58:26.711 INFO [main] org.apache.catalina.core.StandardService.startInternal Starting service Catalina
26-Jun-2015 08:58:26.711 INFO [main] org.apache.catalina.core.StandardEngine.startInternal Starting Servlet Engine: Apache Tomcat/8.0.23
26-Jun-2015 08:58:26.733 INFO [localhost-startStop-1] org.apache.catalina.startup.HostConfig.deployWAR Deploying web application archive /Users/kevin/Kevin-LASAD/Deploy/apache-tomcat-8.0.23/webapps/lasad.war
26-Jun-2015 08:58:29.172 INFO [localhost-startStop-1] org.apache.jasper.servlet.TldScanner.scanJars At least one JAR was scanned for TLDs yet contained no TLDs. Enable debug logging for this logger for a complete list of JARs that were scanned but no TLDs were found in them. Skipping unneeded JARs during scanning can improve startup time and JSP compilation time.
26-Jun-2015 08:58:29.253 INFO [localhost-startStop-1] org.apache.catalina.startup.HostConfig.deployWAR Deployment of web application archive /Users/kevin/Kevin-LASAD/Deploy/apache-tomcat-8.0.23/webapps/lasad.war has finished in 2,519 ms
26-Jun-2015 08:58:29.254 INFO [localhost-startStop-1] org.apache.catalina.startup.HostConfig.deployDirectory Deploying web application directory /Users/kevin/Kevin-LASAD/Deploy/apache-tomcat-8.0.23/webapps/docs
26-Jun-2015 08:58:29.271 INFO [localhost-startStop-1] org.apache.catalina.startup.HostConfig.deployDirectory Deployment of web application directory /Users/kevin/Kevin-LASAD/Deploy/apache-tomcat-8.0.23/webapps/docs has finished in 17 ms
26-Jun-2015 08:58:29.272 INFO [localhost-startStop-1] org.apache.catalina.startup.HostConfig.deployDirectory Deploying web application directory /Users/kevin/Kevin-LASAD/Deploy/apache-tomcat-8.0.23/webapps/examples
26-Jun-2015 08:58:29.672 INFO [localhost-startStop-1] org.apache.catalina.startup.HostConfig.deployDirectory Deployment of web application directory /Users/kevin/Kevin-LASAD/Deploy/apache-tomcat-8.0.23/webapps/examples has finished in 401 ms
26-Jun-2015 08:58:29.672 INFO [localhost-startStop-1] org.apache.catalina.startup.HostConfig.deployDirectory Deploying web application directory /Users/kevin/Kevin-LASAD/Deploy/apache-tomcat-8.0.23/webapps/host-manager
26-Jun-2015 08:58:29.697 INFO [localhost-startStop-1] org.apache.catalina.startup.HostConfig.deployDirectory Deployment of web application directory /Users/kevin/Kevin-LASAD/Deploy/apache-tomcat-8.0.23/webapps/host-manager has finished in 25 ms
26-Jun-2015 08:58:29.697 INFO [localhost-startStop-1] org.apache.catalina.startup.HostConfig.deployDirectory Deploying web application directory /Users/kevin/Kevin-LASAD/Deploy/apache-tomcat-8.0.23/webapps/manager
26-Jun-2015 08:58:29.720 INFO [localhost-startStop-1] org.apache.catalina.startup.HostConfig.deployDirectory Deployment of web application directory /Users/kevin/Kevin-LASAD/Deploy/apache-tomcat-8.0.23/webapps/manager has finished in 23 ms
26-Jun-2015 08:58:29.720 INFO [localhost-startStop-1] org.apache.catalina.startup.HostConfig.deployDirectory Deploying web application directory /Users/kevin/Kevin-LASAD/Deploy/apache-tomcat-8.0.23/webapps/ROOT
26-Jun-2015 08:58:29.734 INFO [localhost-startStop-1] org.apache.catalina.startup.HostConfig.deployDirectory Deployment of web application directory /Users/kevin/Kevin-LASAD/Deploy/apache-tomcat-8.0.23/webapps/ROOT has finished in 14 ms
26-Jun-2015 08:58:29.737 INFO [main] org.apache.coyote.AbstractProtocol.start Starting ProtocolHandler ["http-nio-8080"]
26-Jun-2015 08:58:29.747 INFO [main] org.apache.coyote.AbstractProtocol.start Starting ProtocolHandler ["ajp-nio-8009"]
26-Jun-2015 08:58:29.748 INFO [main] org.apache.catalina.startup.Catalina.start Server startup in 3059 ms
26-Jun-2015 08:58:42.659 INFO [http-nio-8080-exec-5] de.novanic.eventservice.logger.DefaultServerLogger.log Server: Configuration changed - EventServiceConfiguration (Properties "eventservice.properties")
  Min.: 0ms; Max.: 20000ms; Timeout: 90000ms
26-Jun-2015 08:58:42.817 INFO [http-nio-8080-exec-5] null.null Server: Client "FE5DEEC34D7E5037A7852C6CC6A0AA00-980522348" initialized.
26-Jun-2015 09:03:14.678 INFO [main] org.apache.catalina.core.StandardServer.await A valid shutdown command was received via the shutdown port. Stopping the Server instance.
26-Jun-2015 09:03:14.678 INFO [main] org.apache.coyote.AbstractProtocol.pause Pausing ProtocolHandler ["http-nio-8080"]
26-Jun-2015 09:03:14.732 INFO [main] org.apache.coyote.AbstractProtocol.pause Pausing ProtocolHandler ["ajp-nio-8009"]
26-Jun-2015 09:03:14.782 INFO [main] org.apache.catalina.core.StandardService.stopInternal Stopping service Catalina
26-Jun-2015 09:03:14.793 INFO [localhost-startStop-2] org.apache.catalina.core.StandardWrapper.unload Waiting for 1 instance(s) to be deallocated for Servlet [eventServiceImpl]
26-Jun-2015 09:03:15.804 INFO [localhost-startStop-2] org.apache.catalina.core.StandardWrapper.unload Waiting for 1 instance(s) to be deallocated for Servlet [eventServiceImpl]
26-Jun-2015 09:03:16.823 INFO [localhost-startStop-2] org.apache.catalina.core.StandardWrapper.unload Waiting for 1 instance(s) to be deallocated for Servlet [eventServiceImpl]
26-Jun-2015 09:03:16.929 WARNING [localhost-startStop-2] org.apache.catalina.loader.WebappClassLoaderBase.clearReferencesThreads The web application [lasad] appears to have started a thread named [GWTEventService-UserActivityScheduler] but has failed to stop it. This is very likely to create a memory leak. Stack trace of thread:
 java.lang.Object.wait(Native Method)
 java.util.TimerThread.mainLoop(Timer.java:552)
 java.util.TimerThread.run(Timer.java:505)
26-Jun-2015 09:03:16.930 WARNING [localhost-startStop-2] org.apache.catalina.loader.WebappClassLoaderBase.clearReferencesThreads The web application [lasad] is still processing a request that has yet to finish. This is very likely to create a memory leak. You can control the time allowed for requests to finish by using the unloadDelay attribute of the standard Context implementation. Stack trace of request processing thread:
 java.lang.Object.wait(Native Method)
 de.novanic.eventservice.service.connection.strategy.connector.ConnectionStrategyServerConnectorAdapter.waitMaxWaitingTime(ConnectionStrategyServerConnectorAdapter.java:82)
 de.novanic.eventservice.service.connection.strategy.connector.longpolling.LongPollingServerConnector.listen(LongPollingServerConnector.java:62)
 de.novanic.eventservice.service.registry.DefaultEventRegistry.listen(DefaultEventRegistry.java:223)
 de.novanic.eventservice.service.EventServiceImpl.listen(EventServiceImpl.java:242)
 de.novanic.eventservice.service.EventServiceImpl.listen(EventServiceImpl.java:227)
 sun.reflect.GeneratedMethodAccessor36.invoke(Unknown Source)
 sun.reflect.DelegatingMethodAccessorImpl.invoke(DelegatingMethodAccessorImpl.java:43)
 java.lang.reflect.Method.invoke(Method.java:497)
 com.google.gwt.user.server.rpc.RPC.invokeAndEncodeResponse(RPC.java:561)
 com.google.gwt.user.server.rpc.RemoteServiceServlet.processCall(RemoteServiceServlet.java:208)
 com.google.gwt.user.server.rpc.RemoteServiceServlet.processPost(RemoteServiceServlet.java:248)
 com.google.gwt.user.server.rpc.AbstractRemoteServiceServlet.doPost(AbstractRemoteServiceServlet.java:62)
 javax.servlet.http.HttpServlet.service(HttpServlet.java:648)
 javax.servlet.http.HttpServlet.service(HttpServlet.java:729)
 org.apache.catalina.core.ApplicationFilterChain.internalDoFilter(ApplicationFilterChain.java:291)
 org.apache.catalina.core.ApplicationFilterChain.doFilter(ApplicationFilterChain.java:206)
 org.apache.tomcat.websocket.server.WsFilter.doFilter(WsFilter.java:52)
 org.apache.catalina.core.ApplicationFilterChain.internalDoFilter(ApplicationFilterChain.java:239)
 org.apache.catalina.core.ApplicationFilterChain.doFilter(ApplicationFilterChain.java:206)
 org.apache.catalina.core.StandardWrapperValve.invoke(StandardWrapperValve.java:219)
 org.apache.catalina.core.StandardContextValve.invoke(StandardContextValve.java:106)
 org.apache.catalina.authenticator.AuthenticatorBase.invoke(AuthenticatorBase.java:502)
 org.apache.catalina.core.StandardHostValve.invoke(StandardHostValve.java:142)
 org.apache.catalina.valves.ErrorReportValve.invoke(ErrorReportValve.java:79)
 org.apache.catalina.valves.AbstractAccessLogValve.invoke(AbstractAccessLogValve.java:617)
 org.apache.catalina.core.StandardEngineValve.invoke(StandardEngineValve.java:88)
 org.apache.catalina.connector.CoyoteAdapter.service(CoyoteAdapter.java:518)
 org.apache.coyote.http11.AbstractHttp11Processor.process(AbstractHttp11Processor.java:1091)
 org.apache.coyote.AbstractProtocol$AbstractConnectionHandler.process(AbstractProtocol.java:668)
 org.apache.tomcat.util.net.NioEndpoint$SocketProcessor.doRun(NioEndpoint.java:1521)
 org.apache.tomcat.util.net.NioEndpoint$SocketProcessor.run(NioEndpoint.java:1478)
 java.util.concurrent.ThreadPoolExecutor.runWorker(ThreadPoolExecutor.java:1142)
 java.util.concurrent.ThreadPoolExecutor$Worker.run(ThreadPoolExecutor.java:617)
 org.apache.tomcat.util.threads.TaskThread$WrappingRunnable.run(TaskThread.java:61)
 java.lang.Thread.run(Thread.java:745)
26-Jun-2015 09:03:16.957 INFO [main] org.apache.coyote.AbstractProtocol.stop Stopping ProtocolHandler ["http-nio-8080"]
26-Jun-2015 09:03:17.048 INFO [main] org.apache.coyote.AbstractProtocol.stop Stopping ProtocolHandler ["ajp-nio-8009"]
26-Jun-2015 09:03:17.134 INFO [main] org.apache.coyote.AbstractProtocol.destroy Destroying ProtocolHandler ["http-nio-8080"]
26-Jun-2015 09:03:17.134 INFO [main] org.apache.coyote.AbstractProtocol.destroy Destroying ProtocolHandler ["ajp-nio-8009"]
26-Jun-2015 09:26:01.304 INFO [main] org.apache.catalina.startup.VersionLoggerListener.log Server version:        Apache Tomcat/8.0.23
26-Jun-2015 09:26:01.306 INFO [main] org.apache.catalina.startup.VersionLoggerListener.log Server built:          May 19 2015 14:58:38 UTC
26-Jun-2015 09:26:01.306 INFO [main] org.apache.catalina.startup.VersionLoggerListener.log Server number:         8.0.23.0
26-Jun-2015 09:26:01.306 INFO [main] org.apache.catalina.startup.VersionLoggerListener.log OS Name:               Mac OS X
26-Jun-2015 09:26:01.307 INFO [main] org.apache.catalina.startup.VersionLoggerListener.log OS Version:            10.10.2
26-Jun-2015 09:26:01.307 INFO [main] org.apache.catalina.startup.VersionLoggerListener.log Architecture:          x86_64
26-Jun-2015 09:26:01.307 INFO [main] org.apache.catalina.startup.VersionLoggerListener.log Java Home:             /Library/Java/JavaVirtualMachines/jdk1.8.0_45.jdk/Contents/Home/jre
26-Jun-2015 09:26:01.307 INFO [main] org.apache.catalina.startup.VersionLoggerListener.log JVM Version:           1.8.0_45-b14
26-Jun-2015 09:26:01.307 INFO [main] org.apache.catalina.startup.VersionLoggerListener.log JVM Vendor:            Oracle Corporation
26-Jun-2015 09:26:01.307 INFO [main] org.apache.catalina.startup.VersionLoggerListener.log CATALINA_BASE:         /Users/kevin/Kevin-LASAD/Deploy/apache-tomcat-8.0.23
26-Jun-2015 09:26:01.307 INFO [main] org.apache.catalina.startup.VersionLoggerListener.log CATALINA_HOME:         /Users/kevin/Kevin-LASAD/Deploy/apache-tomcat-8.0.23
26-Jun-2015 09:26:01.308 INFO [main] org.apache.catalina.startup.VersionLoggerListener.log Command line argument: -Djava.util.logging.config.file=/Users/kevin/Kevin-LASAD/Deploy/apache-tomcat-8.0.23/conf/logging.properties
26-Jun-2015 09:26:01.308 INFO [main] org.apache.catalina.startup.VersionLoggerListener.log Command line argument: -Djava.util.logging.manager=org.apache.juli.ClassLoaderLogManager
26-Jun-2015 09:26:01.308 INFO [main] org.apache.catalina.startup.VersionLoggerListener.log Command line argument: -Djava.endorsed.dirs=/Users/kevin/Kevin-LASAD/Deploy/apache-tomcat-8.0.23/endorsed
26-Jun-2015 09:26:01.308 INFO [main] org.apache.catalina.startup.VersionLoggerListener.log Command line argument: -Dcatalina.base=/Users/kevin/Kevin-LASAD/Deploy/apache-tomcat-8.0.23
26-Jun-2015 09:26:01.308 INFO [main] org.apache.catalina.startup.VersionLoggerListener.log Command line argument: -Dcatalina.home=/Users/kevin/Kevin-LASAD/Deploy/apache-tomcat-8.0.23
26-Jun-2015 09:26:01.308 INFO [main] org.apache.catalina.startup.VersionLoggerListener.log Command line argument: -Djava.io.tmpdir=/Users/kevin/Kevin-LASAD/Deploy/apache-tomcat-8.0.23/temp
26-Jun-2015 09:26:01.308 INFO [main] org.apache.catalina.core.AprLifecycleListener.lifecycleEvent The APR based Apache Tomcat Native library which allows optimal performance in production environments was not found on the java.library.path: /Users/kevin/Library/Java/Extensions:/Library/Java/Extensions:/Network/Library/Java/Extensions:/System/Library/Java/Extensions:/usr/lib/java:.
26-Jun-2015 09:26:01.435 INFO [main] org.apache.coyote.AbstractProtocol.init Initializing ProtocolHandler ["http-nio-8080"]
26-Jun-2015 09:26:01.457 INFO [main] org.apache.tomcat.util.net.NioSelectorPool.getSharedSelector Using a shared selector for servlet write/read
26-Jun-2015 09:26:01.460 INFO [main] org.apache.coyote.AbstractProtocol.init Initializing ProtocolHandler ["ajp-nio-8009"]
26-Jun-2015 09:26:01.462 INFO [main] org.apache.tomcat.util.net.NioSelectorPool.getSharedSelector Using a shared selector for servlet write/read
26-Jun-2015 09:26:01.462 INFO [main] org.apache.catalina.startup.Catalina.load Initialization processed in 575 ms
26-Jun-2015 09:26:01.488 INFO [main] org.apache.catalina.core.StandardService.startInternal Starting service Catalina
26-Jun-2015 09:26:01.488 INFO [main] org.apache.catalina.core.StandardEngine.startInternal Starting Servlet Engine: Apache Tomcat/8.0.23
26-Jun-2015 09:26:01.513 INFO [localhost-startStop-1] org.apache.catalina.startup.HostConfig.deployWAR Deploying web application archive /Users/kevin/Kevin-LASAD/Deploy/apache-tomcat-8.0.23/webapps/lasad.war
26-Jun-2015 09:26:04.382 INFO [localhost-startStop-1] org.apache.jasper.servlet.TldScanner.scanJars At least one JAR was scanned for TLDs yet contained no TLDs. Enable debug logging for this logger for a complete list of JARs that were scanned but no TLDs were found in them. Skipping unneeded JARs during scanning can improve startup time and JSP compilation time.
26-Jun-2015 09:26:04.692 INFO [localhost-startStop-1] org.apache.catalina.startup.HostConfig.deployWAR Deployment of web application archive /Users/kevin/Kevin-LASAD/Deploy/apache-tomcat-8.0.23/webapps/lasad.war has finished in 3,175 ms
26-Jun-2015 09:26:04.694 INFO [localhost-startStop-1] org.apache.catalina.startup.HostConfig.deployDirectory Deploying web application directory /Users/kevin/Kevin-LASAD/Deploy/apache-tomcat-8.0.23/webapps/docs
26-Jun-2015 09:26:04.742 INFO [localhost-startStop-1] org.apache.catalina.startup.HostConfig.deployDirectory Deployment of web application directory /Users/kevin/Kevin-LASAD/Deploy/apache-tomcat-8.0.23/webapps/docs has finished in 48 ms
26-Jun-2015 09:26:04.742 INFO [localhost-startStop-1] org.apache.catalina.startup.HostConfig.deployDirectory Deploying web application directory /Users/kevin/Kevin-LASAD/Deploy/apache-tomcat-8.0.23/webapps/examples
26-Jun-2015 09:26:05.389 INFO [localhost-startStop-1] org.apache.catalina.startup.HostConfig.deployDirectory Deployment of web application directory /Users/kevin/Kevin-LASAD/Deploy/apache-tomcat-8.0.23/webapps/examples has finished in 647 ms
26-Jun-2015 09:26:05.389 INFO [localhost-startStop-1] org.apache.catalina.startup.HostConfig.deployDirectory Deploying web application directory /Users/kevin/Kevin-LASAD/Deploy/apache-tomcat-8.0.23/webapps/host-manager
26-Jun-2015 09:26:05.421 INFO [localhost-startStop-1] org.apache.catalina.startup.HostConfig.deployDirectory Deployment of web application directory /Users/kevin/Kevin-LASAD/Deploy/apache-tomcat-8.0.23/webapps/host-manager has finished in 32 ms
26-Jun-2015 09:26:05.421 INFO [localhost-startStop-1] org.apache.catalina.startup.HostConfig.deployDirectory Deploying web application directory /Users/kevin/Kevin-LASAD/Deploy/apache-tomcat-8.0.23/webapps/manager
26-Jun-2015 09:26:05.469 INFO [localhost-startStop-1] org.apache.catalina.startup.HostConfig.deployDirectory Deployment of web application directory /Users/kevin/Kevin-LASAD/Deploy/apache-tomcat-8.0.23/webapps/manager has finished in 48 ms
26-Jun-2015 09:26:05.470 INFO [localhost-startStop-1] org.apache.catalina.startup.HostConfig.deployDirectory Deploying web application directory /Users/kevin/Kevin-LASAD/Deploy/apache-tomcat-8.0.23/webapps/ROOT
26-Jun-2015 09:26:05.490 INFO [localhost-startStop-1] org.apache.catalina.startup.HostConfig.deployDirectory Deployment of web application directory /Users/kevin/Kevin-LASAD/Deploy/apache-tomcat-8.0.23/webapps/ROOT has finished in 20 ms
26-Jun-2015 09:26:05.496 INFO [main] org.apache.coyote.AbstractProtocol.start Starting ProtocolHandler ["http-nio-8080"]
26-Jun-2015 09:26:05.503 INFO [main] org.apache.coyote.AbstractProtocol.start Starting ProtocolHandler ["ajp-nio-8009"]
26-Jun-2015 09:26:05.503 INFO [main] org.apache.catalina.startup.Catalina.start Server startup in 4041 ms
26-Jun-2015 09:26:06.434 INFO [http-nio-8080-exec-4] null.null Server: Configuration changed - EventServiceConfiguration (Properties "eventservice.properties")
  Min.: 0ms; Max.: 20000ms; Timeout: 90000ms
26-Jun-2015 09:26:06.554 INFO [http-nio-8080-exec-4] de.novanic.eventservice.logger.DefaultServerLogger.log Server: Client "E40D83261D41B600410DA96660448BFC906682023" initialized.
26-Jun-2015 09:27:41.342 INFO [http-nio-8080-exec-1] null.null Server: Client "E40D83261D41B600410DA96660448BFC1310840432" initialized.
26-Jun-2015 09:51:06.416 INFO [main] org.apache.catalina.core.StandardServer.await A valid shutdown command was received via the shutdown port. Stopping the Server instance.
26-Jun-2015 09:51:06.417 INFO [main] org.apache.coyote.AbstractProtocol.pause Pausing ProtocolHandler ["http-nio-8080"]
26-Jun-2015 09:51:06.468 INFO [main] org.apache.coyote.AbstractProtocol.pause Pausing ProtocolHandler ["ajp-nio-8009"]
26-Jun-2015 09:51:06.522 INFO [main] org.apache.catalina.core.StandardService.stopInternal Stopping service Catalina
26-Jun-2015 09:51:06.535 INFO [localhost-startStop-2] org.apache.catalina.core.StandardWrapper.unload Waiting for 1 instance(s) to be deallocated for Servlet [eventServiceImpl]
26-Jun-2015 09:51:07.573 INFO [localhost-startStop-2] org.apache.catalina.core.StandardWrapper.unload Waiting for 1 instance(s) to be deallocated for Servlet [eventServiceImpl]
26-Jun-2015 09:51:08.625 INFO [localhost-startStop-2] org.apache.catalina.core.StandardWrapper.unload Waiting for 1 instance(s) to be deallocated for Servlet [eventServiceImpl]
26-Jun-2015 09:51:08.736 WARNING [localhost-startStop-2] org.apache.catalina.loader.WebappClassLoaderBase.clearReferencesThreads The web application [lasad] appears to have started a thread named [GWTEventService-UserActivityScheduler] but has failed to stop it. This is very likely to create a memory leak. Stack trace of thread:
 java.lang.Object.wait(Native Method)
 java.util.TimerThread.mainLoop(Timer.java:552)
 java.util.TimerThread.run(Timer.java:505)
26-Jun-2015 09:51:08.736 WARNING [localhost-startStop-2] org.apache.catalina.loader.WebappClassLoaderBase.clearReferencesThreads The web application [lasad] is still processing a request that has yet to finish. This is very likely to create a memory leak. You can control the time allowed for requests to finish by using the unloadDelay attribute of the standard Context implementation. Stack trace of request processing thread:
 java.lang.Object.wait(Native Method)
 de.novanic.eventservice.service.connection.strategy.connector.ConnectionStrategyServerConnectorAdapter.waitMaxWaitingTime(ConnectionStrategyServerConnectorAdapter.java:82)
 de.novanic.eventservice.service.connection.strategy.connector.longpolling.LongPollingServerConnector.listen(LongPollingServerConnector.java:62)
 de.novanic.eventservice.service.registry.DefaultEventRegistry.listen(DefaultEventRegistry.java:223)
 de.novanic.eventservice.service.EventServiceImpl.listen(EventServiceImpl.java:242)
 de.novanic.eventservice.service.EventServiceImpl.listen(EventServiceImpl.java:227)
 sun.reflect.GeneratedMethodAccessor36.invoke(Unknown Source)
 sun.reflect.DelegatingMethodAccessorImpl.invoke(DelegatingMethodAccessorImpl.java:43)
 java.lang.reflect.Method.invoke(Method.java:497)
 com.google.gwt.user.server.rpc.RPC.invokeAndEncodeResponse(RPC.java:561)
 com.google.gwt.user.server.rpc.RemoteServiceServlet.processCall(RemoteServiceServlet.java:208)
 com.google.gwt.user.server.rpc.RemoteServiceServlet.processPost(RemoteServiceServlet.java:248)
 com.google.gwt.user.server.rpc.AbstractRemoteServiceServlet.doPost(AbstractRemoteServiceServlet.java:62)
 javax.servlet.http.HttpServlet.service(HttpServlet.java:648)
 javax.servlet.http.HttpServlet.service(HttpServlet.java:729)
 org.apache.catalina.core.ApplicationFilterChain.internalDoFilter(ApplicationFilterChain.java:291)
 org.apache.catalina.core.ApplicationFilterChain.doFilter(ApplicationFilterChain.java:206)
 org.apache.tomcat.websocket.server.WsFilter.doFilter(WsFilter.java:52)
 org.apache.catalina.core.ApplicationFilterChain.internalDoFilter(ApplicationFilterChain.java:239)
 org.apache.catalina.core.ApplicationFilterChain.doFilter(ApplicationFilterChain.java:206)
 org.apache.catalina.core.StandardWrapperValve.invoke(StandardWrapperValve.java:219)
 org.apache.catalina.core.StandardContextValve.invoke(StandardContextValve.java:106)
 org.apache.catalina.authenticator.AuthenticatorBase.invoke(AuthenticatorBase.java:502)
 org.apache.catalina.core.StandardHostValve.invoke(StandardHostValve.java:142)
 org.apache.catalina.valves.ErrorReportValve.invoke(ErrorReportValve.java:79)
 org.apache.catalina.valves.AbstractAccessLogValve.invoke(AbstractAccessLogValve.java:617)
 org.apache.catalina.core.StandardEngineValve.invoke(StandardEngineValve.java:88)
 org.apache.catalina.connector.CoyoteAdapter.service(CoyoteAdapter.java:518)
 org.apache.coyote.http11.AbstractHttp11Processor.process(AbstractHttp11Processor.java:1091)
 org.apache.coyote.AbstractProtocol$AbstractConnectionHandler.process(AbstractProtocol.java:668)
 org.apache.tomcat.util.net.NioEndpoint$SocketProcessor.doRun(NioEndpoint.java:1521)
 org.apache.tomcat.util.net.NioEndpoint$SocketProcessor.run(NioEndpoint.java:1478)
 java.util.concurrent.ThreadPoolExecutor.runWorker(ThreadPoolExecutor.java:1142)
 java.util.concurrent.ThreadPoolExecutor$Worker.run(ThreadPoolExecutor.java:617)
 org.apache.tomcat.util.threads.TaskThread$WrappingRunnable.run(TaskThread.java:61)
 java.lang.Thread.run(Thread.java:745)
26-Jun-2015 09:51:08.758 INFO [main] org.apache.coyote.AbstractProtocol.stop Stopping ProtocolHandler ["http-nio-8080"]
26-Jun-2015 09:51:08.817 INFO [main] org.apache.coyote.AbstractProtocol.stop Stopping ProtocolHandler ["ajp-nio-8009"]
26-Jun-2015 09:51:08.879 INFO [main] org.apache.coyote.AbstractProtocol.destroy Destroying ProtocolHandler ["http-nio-8080"]
26-Jun-2015 09:51:08.880 INFO [main] org.apache.coyote.AbstractProtocol.destroy Destroying ProtocolHandler ["ajp-nio-8009"]
26-Jun-2015 10:07:30.583 INFO [main] org.apache.catalina.startup.VersionLoggerListener.log Server version:        Apache Tomcat/8.0.23
26-Jun-2015 10:07:30.591 INFO [main] org.apache.catalina.startup.VersionLoggerListener.log Server built:          May 19 2015 14:58:38 UTC
26-Jun-2015 10:07:30.592 INFO [main] org.apache.catalina.startup.VersionLoggerListener.log Server number:         8.0.23.0
26-Jun-2015 10:07:30.592 INFO [main] org.apache.catalina.startup.VersionLoggerListener.log OS Name:               Mac OS X
26-Jun-2015 10:07:30.592 INFO [main] org.apache.catalina.startup.VersionLoggerListener.log OS Version:            10.10.2
26-Jun-2015 10:07:30.592 INFO [main] org.apache.catalina.startup.VersionLoggerListener.log Architecture:          x86_64
26-Jun-2015 10:07:30.592 INFO [main] org.apache.catalina.startup.VersionLoggerListener.log Java Home:             /Library/Java/JavaVirtualMachines/jdk1.8.0_45.jdk/Contents/Home/jre
26-Jun-2015 10:07:30.592 INFO [main] org.apache.catalina.startup.VersionLoggerListener.log JVM Version:           1.8.0_45-b14
26-Jun-2015 10:07:30.592 INFO [main] org.apache.catalina.startup.VersionLoggerListener.log JVM Vendor:            Oracle Corporation
26-Jun-2015 10:07:30.593 INFO [main] org.apache.catalina.startup.VersionLoggerListener.log CATALINA_BASE:         /Users/kevin/Kevin-LASAD/Deploy/apache-tomcat-8.0.23
26-Jun-2015 10:07:30.593 INFO [main] org.apache.catalina.startup.VersionLoggerListener.log CATALINA_HOME:         /Users/kevin/Kevin-LASAD/Deploy/apache-tomcat-8.0.23
26-Jun-2015 10:07:30.593 INFO [main] org.apache.catalina.startup.VersionLoggerListener.log Command line argument: -Djava.util.logging.config.file=/Users/kevin/Kevin-LASAD/Deploy/apache-tomcat-8.0.23/conf/logging.properties
26-Jun-2015 10:07:30.593 INFO [main] org.apache.catalina.startup.VersionLoggerListener.log Command line argument: -Djava.util.logging.manager=org.apache.juli.ClassLoaderLogManager
26-Jun-2015 10:07:30.593 INFO [main] org.apache.catalina.startup.VersionLoggerListener.log Command line argument: -Djava.endorsed.dirs=/Users/kevin/Kevin-LASAD/Deploy/apache-tomcat-8.0.23/endorsed
26-Jun-2015 10:07:30.594 INFO [main] org.apache.catalina.startup.VersionLoggerListener.log Command line argument: -Dcatalina.base=/Users/kevin/Kevin-LASAD/Deploy/apache-tomcat-8.0.23
26-Jun-2015 10:07:30.594 INFO [main] org.apache.catalina.startup.VersionLoggerListener.log Command line argument: -Dcatalina.home=/Users/kevin/Kevin-LASAD/Deploy/apache-tomcat-8.0.23
26-Jun-2015 10:07:30.594 INFO [main] org.apache.catalina.startup.VersionLoggerListener.log Command line argument: -Djava.io.tmpdir=/Users/kevin/Kevin-LASAD/Deploy/apache-tomcat-8.0.23/temp
26-Jun-2015 10:07:30.594 INFO [main] org.apache.catalina.core.AprLifecycleListener.lifecycleEvent The APR based Apache Tomcat Native library which allows optimal performance in production environments was not found on the java.library.path: /Users/kevin/Library/Java/Extensions:/Library/Java/Extensions:/Network/Library/Java/Extensions:/System/Library/Java/Extensions:/usr/lib/java:.
26-Jun-2015 10:07:30.768 INFO [main] org.apache.coyote.AbstractProtocol.init Initializing ProtocolHandler ["http-nio-8080"]
26-Jun-2015 10:07:30.797 INFO [main] org.apache.tomcat.util.net.NioSelectorPool.getSharedSelector Using a shared selector for servlet write/read
26-Jun-2015 10:07:30.800 INFO [main] org.apache.coyote.AbstractProtocol.init Initializing ProtocolHandler ["ajp-nio-8009"]
26-Jun-2015 10:07:30.801 INFO [main] org.apache.tomcat.util.net.NioSelectorPool.getSharedSelector Using a shared selector for servlet write/read
26-Jun-2015 10:07:30.802 INFO [main] org.apache.catalina.startup.Catalina.load Initialization processed in 652 ms
26-Jun-2015 10:07:30.830 INFO [main] org.apache.catalina.core.StandardService.startInternal Starting service Catalina
26-Jun-2015 10:07:30.830 INFO [main] org.apache.catalina.core.StandardEngine.startInternal Starting Servlet Engine: Apache Tomcat/8.0.23
26-Jun-2015 10:07:30.852 INFO [localhost-startStop-1] org.apache.catalina.startup.HostConfig.deployWAR Deploying web application archive /Users/kevin/Kevin-LASAD/Deploy/apache-tomcat-8.0.23/webapps/lasad.war
26-Jun-2015 10:07:33.444 INFO [localhost-startStop-1] org.apache.jasper.servlet.TldScanner.scanJars At least one JAR was scanned for TLDs yet contained no TLDs. Enable debug logging for this logger for a complete list of JARs that were scanned but no TLDs were found in them. Skipping unneeded JARs during scanning can improve startup time and JSP compilation time.
26-Jun-2015 10:07:33.556 INFO [localhost-startStop-1] org.apache.catalina.startup.HostConfig.deployWAR Deployment of web application archive /Users/kevin/Kevin-LASAD/Deploy/apache-tomcat-8.0.23/webapps/lasad.war has finished in 2,703 ms
26-Jun-2015 10:07:33.558 INFO [localhost-startStop-1] org.apache.catalina.startup.HostConfig.deployDirectory Deploying web application directory /Users/kevin/Kevin-LASAD/Deploy/apache-tomcat-8.0.23/webapps/docs
26-Jun-2015 10:07:33.579 INFO [localhost-startStop-1] org.apache.catalina.startup.HostConfig.deployDirectory Deployment of web application directory /Users/kevin/Kevin-LASAD/Deploy/apache-tomcat-8.0.23/webapps/docs has finished in 20 ms
26-Jun-2015 10:07:33.579 INFO [localhost-startStop-1] org.apache.catalina.startup.HostConfig.deployDirectory Deploying web application directory /Users/kevin/Kevin-LASAD/Deploy/apache-tomcat-8.0.23/webapps/examples
26-Jun-2015 10:07:33.911 INFO [localhost-startStop-1] org.apache.catalina.startup.HostConfig.deployDirectory Deployment of web application directory /Users/kevin/Kevin-LASAD/Deploy/apache-tomcat-8.0.23/webapps/examples has finished in 331 ms
26-Jun-2015 10:07:33.911 INFO [localhost-startStop-1] org.apache.catalina.startup.HostConfig.deployDirectory Deploying web application directory /Users/kevin/Kevin-LASAD/Deploy/apache-tomcat-8.0.23/webapps/host-manager
26-Jun-2015 10:07:33.940 INFO [localhost-startStop-1] org.apache.catalina.startup.HostConfig.deployDirectory Deployment of web application directory /Users/kevin/Kevin-LASAD/Deploy/apache-tomcat-8.0.23/webapps/host-manager has finished in 29 ms
26-Jun-2015 10:07:33.941 INFO [localhost-startStop-1] org.apache.catalina.startup.HostConfig.deployDirectory Deploying web application directory /Users/kevin/Kevin-LASAD/Deploy/apache-tomcat-8.0.23/webapps/manager
26-Jun-2015 10:07:33.970 INFO [localhost-startStop-1] org.apache.catalina.startup.HostConfig.deployDirectory Deployment of web application directory /Users/kevin/Kevin-LASAD/Deploy/apache-tomcat-8.0.23/webapps/manager has finished in 29 ms
26-Jun-2015 10:07:33.970 INFO [localhost-startStop-1] org.apache.catalina.startup.HostConfig.deployDirectory Deploying web application directory /Users/kevin/Kevin-LASAD/Deploy/apache-tomcat-8.0.23/webapps/ROOT
26-Jun-2015 10:07:33.985 INFO [localhost-startStop-1] org.apache.catalina.startup.HostConfig.deployDirectory Deployment of web application directory /Users/kevin/Kevin-LASAD/Deploy/apache-tomcat-8.0.23/webapps/ROOT has finished in 15 ms
26-Jun-2015 10:07:33.989 INFO [main] org.apache.coyote.AbstractProtocol.start Starting ProtocolHandler ["http-nio-8080"]
26-Jun-2015 10:07:33.996 INFO [main] org.apache.coyote.AbstractProtocol.start Starting ProtocolHandler ["ajp-nio-8009"]
26-Jun-2015 10:07:33.997 INFO [main] org.apache.catalina.startup.Catalina.start Server startup in 3195 ms
26-Jun-2015 10:07:43.258 INFO [http-nio-8080-exec-4] null.null Server: Configuration changed - EventServiceConfiguration (Properties "eventservice.properties")
  Min.: 0ms; Max.: 20000ms; Timeout: 90000ms
26-Jun-2015 10:07:43.387 INFO [http-nio-8080-exec-4] de.novanic.eventservice.logger.DefaultServerLogger.log Server: Client "52E93DCFCF45DB23E629502B7D021443-683455243" initialized.
26-Jun-2015 10:09:24.664 INFO [http-nio-8080-exec-7] null.null Server: Client "52E93DCFCF45DB23E629502B7D021443-421457491" initialized.
26-Jun-2015 10:11:04.185 INFO [main] org.apache.catalina.core.StandardServer.await A valid shutdown command was received via the shutdown port. Stopping the Server instance.
26-Jun-2015 10:11:04.185 INFO [main] org.apache.coyote.AbstractProtocol.pause Pausing ProtocolHandler ["http-nio-8080"]
26-Jun-2015 10:11:04.237 INFO [main] org.apache.coyote.AbstractProtocol.pause Pausing ProtocolHandler ["ajp-nio-8009"]
26-Jun-2015 10:11:04.292 INFO [main] org.apache.catalina.core.StandardService.stopInternal Stopping service Catalina
26-Jun-2015 10:11:04.303 INFO [localhost-startStop-2] org.apache.catalina.core.StandardWrapper.unload Waiting for 1 instance(s) to be deallocated for Servlet [eventServiceImpl]
26-Jun-2015 10:11:05.338 INFO [localhost-startStop-2] org.apache.catalina.core.StandardWrapper.unload Waiting for 1 instance(s) to be deallocated for Servlet [eventServiceImpl]
26-Jun-2015 10:11:06.363 INFO [localhost-startStop-2] org.apache.catalina.core.StandardWrapper.unload Waiting for 1 instance(s) to be deallocated for Servlet [eventServiceImpl]
26-Jun-2015 10:11:06.469 WARNING [localhost-startStop-2] org.apache.catalina.loader.WebappClassLoaderBase.clearReferencesThreads The web application [lasad] is still processing a request that has yet to finish. This is very likely to create a memory leak. You can control the time allowed for requests to finish by using the unloadDelay attribute of the standard Context implementation. Stack trace of request processing thread:
 java.lang.Object.wait(Native Method)
 de.novanic.eventservice.service.connection.strategy.connector.ConnectionStrategyServerConnectorAdapter.waitMaxWaitingTime(ConnectionStrategyServerConnectorAdapter.java:82)
 de.novanic.eventservice.service.connection.strategy.connector.longpolling.LongPollingServerConnector.listen(LongPollingServerConnector.java:62)
 de.novanic.eventservice.service.registry.DefaultEventRegistry.listen(DefaultEventRegistry.java:223)
 de.novanic.eventservice.service.EventServiceImpl.listen(EventServiceImpl.java:242)
 de.novanic.eventservice.service.EventServiceImpl.listen(EventServiceImpl.java:227)
 sun.reflect.GeneratedMethodAccessor36.invoke(Unknown Source)
 sun.reflect.DelegatingMethodAccessorImpl.invoke(DelegatingMethodAccessorImpl.java:43)
 java.lang.reflect.Method.invoke(Method.java:497)
 com.google.gwt.user.server.rpc.RPC.invokeAndEncodeResponse(RPC.java:561)
 com.google.gwt.user.server.rpc.RemoteServiceServlet.processCall(RemoteServiceServlet.java:208)
 com.google.gwt.user.server.rpc.RemoteServiceServlet.processPost(RemoteServiceServlet.java:248)
 com.google.gwt.user.server.rpc.AbstractRemoteServiceServlet.doPost(AbstractRemoteServiceServlet.java:62)
 javax.servlet.http.HttpServlet.service(HttpServlet.java:648)
 javax.servlet.http.HttpServlet.service(HttpServlet.java:729)
 org.apache.catalina.core.ApplicationFilterChain.internalDoFilter(ApplicationFilterChain.java:291)
 org.apache.catalina.core.ApplicationFilterChain.doFilter(ApplicationFilterChain.java:206)
 org.apache.tomcat.websocket.server.WsFilter.doFilter(WsFilter.java:52)
 org.apache.catalina.core.ApplicationFilterChain.internalDoFilter(ApplicationFilterChain.java:239)
 org.apache.catalina.core.ApplicationFilterChain.doFilter(ApplicationFilterChain.java:206)
 org.apache.catalina.core.StandardWrapperValve.invoke(StandardWrapperValve.java:219)
 org.apache.catalina.core.StandardContextValve.invoke(StandardContextValve.java:106)
 org.apache.catalina.authenticator.AuthenticatorBase.invoke(AuthenticatorBase.java:502)
 org.apache.catalina.core.StandardHostValve.invoke(StandardHostValve.java:142)
 org.apache.catalina.valves.ErrorReportValve.invoke(ErrorReportValve.java:79)
 org.apache.catalina.valves.AbstractAccessLogValve.invoke(AbstractAccessLogValve.java:617)
 org.apache.catalina.core.StandardEngineValve.invoke(StandardEngineValve.java:88)
 org.apache.catalina.connector.CoyoteAdapter.service(CoyoteAdapter.java:518)
 org.apache.coyote.http11.AbstractHttp11Processor.process(AbstractHttp11Processor.java:1091)
 org.apache.coyote.AbstractProtocol$AbstractConnectionHandler.process(AbstractProtocol.java:668)
 org.apache.tomcat.util.net.NioEndpoint$SocketProcessor.doRun(NioEndpoint.java:1521)
 org.apache.tomcat.util.net.NioEndpoint$SocketProcessor.run(NioEndpoint.java:1478)
 java.util.concurrent.ThreadPoolExecutor.runWorker(ThreadPoolExecutor.java:1142)
 java.util.concurrent.ThreadPoolExecutor$Worker.run(ThreadPoolExecutor.java:617)
 org.apache.tomcat.util.threads.TaskThread$WrappingRunnable.run(TaskThread.java:61)
 java.lang.Thread.run(Thread.java:745)
26-Jun-2015 10:11:06.469 WARNING [localhost-startStop-2] org.apache.catalina.loader.WebappClassLoaderBase.clearReferencesThreads The web application [lasad] appears to have started a thread named [GWTEventService-UserActivityScheduler] but has failed to stop it. This is very likely to create a memory leak. Stack trace of thread:
 java.lang.Object.wait(Native Method)
 java.util.TimerThread.mainLoop(Timer.java:552)
 java.util.TimerThread.run(Timer.java:505)
26-Jun-2015 10:11:06.486 INFO [main] org.apache.coyote.AbstractProtocol.stop Stopping ProtocolHandler ["http-nio-8080"]
26-Jun-2015 10:11:06.570 INFO [main] org.apache.coyote.AbstractProtocol.stop Stopping ProtocolHandler ["ajp-nio-8009"]
26-Jun-2015 10:11:06.672 INFO [main] org.apache.coyote.AbstractProtocol.destroy Destroying ProtocolHandler ["http-nio-8080"]
26-Jun-2015 10:11:06.672 INFO [main] org.apache.coyote.AbstractProtocol.destroy Destroying ProtocolHandler ["ajp-nio-8009"]
26-Jun-2015 10:18:56.824 INFO [main] org.apache.catalina.startup.VersionLoggerListener.log Server version:        Apache Tomcat/8.0.23
26-Jun-2015 10:18:56.825 INFO [main] org.apache.catalina.startup.VersionLoggerListener.log Server built:          May 19 2015 14:58:38 UTC
26-Jun-2015 10:18:56.825 INFO [main] org.apache.catalina.startup.VersionLoggerListener.log Server number:         8.0.23.0
26-Jun-2015 10:18:56.826 INFO [main] org.apache.catalina.startup.VersionLoggerListener.log OS Name:               Mac OS X
26-Jun-2015 10:18:56.826 INFO [main] org.apache.catalina.startup.VersionLoggerListener.log OS Version:            10.10.2
26-Jun-2015 10:18:56.826 INFO [main] org.apache.catalina.startup.VersionLoggerListener.log Architecture:          x86_64
26-Jun-2015 10:18:56.826 INFO [main] org.apache.catalina.startup.VersionLoggerListener.log Java Home:             /Library/Java/JavaVirtualMachines/jdk1.8.0_45.jdk/Contents/Home/jre
26-Jun-2015 10:18:56.826 INFO [main] org.apache.catalina.startup.VersionLoggerListener.log JVM Version:           1.8.0_45-b14
26-Jun-2015 10:18:56.826 INFO [main] org.apache.catalina.startup.VersionLoggerListener.log JVM Vendor:            Oracle Corporation
26-Jun-2015 10:18:56.826 INFO [main] org.apache.catalina.startup.VersionLoggerListener.log CATALINA_BASE:         /Users/kevin/Kevin-LASAD/Deploy/apache-tomcat-8.0.23
26-Jun-2015 10:18:56.826 INFO [main] org.apache.catalina.startup.VersionLoggerListener.log CATALINA_HOME:         /Users/kevin/Kevin-LASAD/Deploy/apache-tomcat-8.0.23
26-Jun-2015 10:18:56.827 INFO [main] org.apache.catalina.startup.VersionLoggerListener.log Command line argument: -Djava.util.logging.config.file=/Users/kevin/Kevin-LASAD/Deploy/apache-tomcat-8.0.23/conf/logging.properties
26-Jun-2015 10:18:56.827 INFO [main] org.apache.catalina.startup.VersionLoggerListener.log Command line argument: -Djava.util.logging.manager=org.apache.juli.ClassLoaderLogManager
26-Jun-2015 10:18:56.827 INFO [main] org.apache.catalina.startup.VersionLoggerListener.log Command line argument: -Djava.endorsed.dirs=/Users/kevin/Kevin-LASAD/Deploy/apache-tomcat-8.0.23/endorsed
26-Jun-2015 10:18:56.827 INFO [main] org.apache.catalina.startup.VersionLoggerListener.log Command line argument: -Dcatalina.base=/Users/kevin/Kevin-LASAD/Deploy/apache-tomcat-8.0.23
26-Jun-2015 10:18:56.828 INFO [main] org.apache.catalina.startup.VersionLoggerListener.log Command line argument: -Dcatalina.home=/Users/kevin/Kevin-LASAD/Deploy/apache-tomcat-8.0.23
26-Jun-2015 10:18:56.828 INFO [main] org.apache.catalina.startup.VersionLoggerListener.log Command line argument: -Djava.io.tmpdir=/Users/kevin/Kevin-LASAD/Deploy/apache-tomcat-8.0.23/temp
26-Jun-2015 10:18:56.828 INFO [main] org.apache.catalina.core.AprLifecycleListener.lifecycleEvent The APR based Apache Tomcat Native library which allows optimal performance in production environments was not found on the java.library.path: /Users/kevin/Library/Java/Extensions:/Library/Java/Extensions:/Network/Library/Java/Extensions:/System/Library/Java/Extensions:/usr/lib/java:.
26-Jun-2015 10:18:56.963 INFO [main] org.apache.coyote.AbstractProtocol.init Initializing ProtocolHandler ["http-nio-8080"]
26-Jun-2015 10:18:56.990 INFO [main] org.apache.tomcat.util.net.NioSelectorPool.getSharedSelector Using a shared selector for servlet write/read
26-Jun-2015 10:18:56.992 INFO [main] org.apache.coyote.AbstractProtocol.init Initializing ProtocolHandler ["ajp-nio-8009"]
26-Jun-2015 10:18:56.994 INFO [main] org.apache.tomcat.util.net.NioSelectorPool.getSharedSelector Using a shared selector for servlet write/read
26-Jun-2015 10:18:56.994 INFO [main] org.apache.catalina.startup.Catalina.load Initialization processed in 534 ms
26-Jun-2015 10:18:57.012 INFO [main] org.apache.catalina.core.StandardService.startInternal Starting service Catalina
26-Jun-2015 10:18:57.012 INFO [main] org.apache.catalina.core.StandardEngine.startInternal Starting Servlet Engine: Apache Tomcat/8.0.23
26-Jun-2015 10:18:57.031 INFO [localhost-startStop-1] org.apache.catalina.startup.HostConfig.deployWAR Deploying web application archive /Users/kevin/Kevin-LASAD/Deploy/apache-tomcat-8.0.23/webapps/lasad.war
26-Jun-2015 10:19:00.073 INFO [localhost-startStop-1] org.apache.jasper.servlet.TldScanner.scanJars At least one JAR was scanned for TLDs yet contained no TLDs. Enable debug logging for this logger for a complete list of JARs that were scanned but no TLDs were found in them. Skipping unneeded JARs during scanning can improve startup time and JSP compilation time.
26-Jun-2015 10:19:00.144 INFO [localhost-startStop-1] org.apache.catalina.startup.HostConfig.deployWAR Deployment of web application archive /Users/kevin/Kevin-LASAD/Deploy/apache-tomcat-8.0.23/webapps/lasad.war has finished in 3,113 ms
26-Jun-2015 10:19:00.146 INFO [localhost-startStop-1] org.apache.catalina.startup.HostConfig.deployDirectory Deploying web application directory /Users/kevin/Kevin-LASAD/Deploy/apache-tomcat-8.0.23/webapps/docs
26-Jun-2015 10:19:00.164 INFO [localhost-startStop-1] org.apache.catalina.startup.HostConfig.deployDirectory Deployment of web application directory /Users/kevin/Kevin-LASAD/Deploy/apache-tomcat-8.0.23/webapps/docs has finished in 17 ms
26-Jun-2015 10:19:00.164 INFO [localhost-startStop-1] org.apache.catalina.startup.HostConfig.deployDirectory Deploying web application directory /Users/kevin/Kevin-LASAD/Deploy/apache-tomcat-8.0.23/webapps/examples
26-Jun-2015 10:19:00.374 INFO [localhost-startStop-1] org.apache.catalina.startup.HostConfig.deployDirectory Deployment of web application directory /Users/kevin/Kevin-LASAD/Deploy/apache-tomcat-8.0.23/webapps/examples has finished in 210 ms
26-Jun-2015 10:19:00.375 INFO [localhost-startStop-1] org.apache.catalina.startup.HostConfig.deployDirectory Deploying web application directory /Users/kevin/Kevin-LASAD/Deploy/apache-tomcat-8.0.23/webapps/host-manager
26-Jun-2015 10:19:00.421 INFO [localhost-startStop-1] org.apache.catalina.startup.HostConfig.deployDirectory Deployment of web application directory /Users/kevin/Kevin-LASAD/Deploy/apache-tomcat-8.0.23/webapps/host-manager has finished in 46 ms
26-Jun-2015 10:19:00.421 INFO [localhost-startStop-1] org.apache.catalina.startup.HostConfig.deployDirectory Deploying web application directory /Users/kevin/Kevin-LASAD/Deploy/apache-tomcat-8.0.23/webapps/manager
26-Jun-2015 10:19:00.463 INFO [localhost-startStop-1] org.apache.catalina.startup.HostConfig.deployDirectory Deployment of web application directory /Users/kevin/Kevin-LASAD/Deploy/apache-tomcat-8.0.23/webapps/manager has finished in 42 ms
26-Jun-2015 10:19:00.463 INFO [localhost-startStop-1] org.apache.catalina.startup.HostConfig.deployDirectory Deploying web application directory /Users/kevin/Kevin-LASAD/Deploy/apache-tomcat-8.0.23/webapps/ROOT
26-Jun-2015 10:19:00.484 INFO [localhost-startStop-1] org.apache.catalina.startup.HostConfig.deployDirectory Deployment of web application directory /Users/kevin/Kevin-LASAD/Deploy/apache-tomcat-8.0.23/webapps/ROOT has finished in 20 ms
26-Jun-2015 10:19:00.488 INFO [main] org.apache.coyote.AbstractProtocol.start Starting ProtocolHandler ["http-nio-8080"]
26-Jun-2015 10:19:00.494 INFO [main] org.apache.coyote.AbstractProtocol.start Starting ProtocolHandler ["ajp-nio-8009"]
26-Jun-2015 10:19:00.494 INFO [main] org.apache.catalina.startup.Catalina.start Server startup in 3499 ms
26-Jun-2015 10:19:09.836 INFO [http-nio-8080-exec-4] null.null Server: Configuration changed - EventServiceConfiguration (Properties "eventservice.properties")
  Min.: 0ms; Max.: 20000ms; Timeout: 90000ms
26-Jun-2015 10:19:09.958 INFO [http-nio-8080-exec-4] de.novanic.eventservice.logger.DefaultServerLogger.log Server: Client "F3DEA6BBBB6DC42CAFCB4FF0DE8C760D-1718818130" initialized.
26-Jun-2015 10:23:33.260 INFO [http-nio-8080-exec-9] de.novanic.eventservice.logger.DefaultServerLogger.log Server: Client "F3DEA6BBBB6DC42CAFCB4FF0DE8C760D-1931955095" initialized.
26-Jun-2015 10:25:14.263 INFO [main] org.apache.catalina.core.StandardServer.await A valid shutdown command was received via the shutdown port. Stopping the Server instance.
26-Jun-2015 10:25:14.263 INFO [main] org.apache.coyote.AbstractProtocol.pause Pausing ProtocolHandler ["http-nio-8080"]
26-Jun-2015 10:25:14.320 INFO [main] org.apache.coyote.AbstractProtocol.pause Pausing ProtocolHandler ["ajp-nio-8009"]
26-Jun-2015 10:25:14.370 INFO [main] org.apache.catalina.core.StandardService.stopInternal Stopping service Catalina
26-Jun-2015 10:25:14.389 WARNING [localhost-startStop-2] org.apache.catalina.loader.WebappClassLoaderBase.clearReferencesThreads The web application [lasad] appears to have started a thread named [GWTEventService-UserActivityScheduler] but has failed to stop it. This is very likely to create a memory leak. Stack trace of thread:
 java.lang.Object.wait(Native Method)
 java.util.TimerThread.mainLoop(Timer.java:552)
 java.util.TimerThread.run(Timer.java:505)
26-Jun-2015 10:25:14.412 INFO [main] org.apache.coyote.AbstractProtocol.stop Stopping ProtocolHandler ["http-nio-8080"]
26-Jun-2015 10:25:14.417 INFO [main] org.apache.coyote.AbstractProtocol.stop Stopping ProtocolHandler ["ajp-nio-8009"]
26-Jun-2015 10:25:14.418 INFO [main] org.apache.coyote.AbstractProtocol.destroy Destroying ProtocolHandler ["http-nio-8080"]
26-Jun-2015 10:25:14.421 INFO [main] org.apache.coyote.AbstractProtocol.destroy Destroying ProtocolHandler ["ajp-nio-8009"]
