24-Jun-2015 11:20:09.999 INFO [main] org.apache.catalina.startup.VersionLoggerListener.log Server version:        Apache Tomcat/8.0.23
24-Jun-2015 11:20:10.007 INFO [main] org.apache.catalina.startup.VersionLoggerListener.log Server built:          May 19 2015 14:58:38 UTC
24-Jun-2015 11:20:10.007 INFO [main] org.apache.catalina.startup.VersionLoggerListener.log Server number:         8.0.23.0
24-Jun-2015 11:20:10.007 INFO [main] org.apache.catalina.startup.VersionLoggerListener.log OS Name:               Mac OS X
24-Jun-2015 11:20:10.007 INFO [main] org.apache.catalina.startup.VersionLoggerListener.log OS Version:            10.10.2
24-Jun-2015 11:20:10.007 INFO [main] org.apache.catalina.startup.VersionLoggerListener.log Architecture:          x86_64
24-Jun-2015 11:20:10.007 INFO [main] org.apache.catalina.startup.VersionLoggerListener.log Java Home:             /Library/Java/JavaVirtualMachines/jdk1.8.0_45.jdk/Contents/Home/jre
24-Jun-2015 11:20:10.007 INFO [main] org.apache.catalina.startup.VersionLoggerListener.log JVM Version:           1.8.0_45-b14
24-Jun-2015 11:20:10.007 INFO [main] org.apache.catalina.startup.VersionLoggerListener.log JVM Vendor:            Oracle Corporation
24-Jun-2015 11:20:10.007 INFO [main] org.apache.catalina.startup.VersionLoggerListener.log CATALINA_BASE:         /Users/kevin/Kevin-LASAD/Deploy/apache-tomcat-8.0.23
24-Jun-2015 11:20:10.008 INFO [main] org.apache.catalina.startup.VersionLoggerListener.log CATALINA_HOME:         /Users/kevin/Kevin-LASAD/Deploy/apache-tomcat-8.0.23
24-Jun-2015 11:20:10.008 INFO [main] org.apache.catalina.startup.VersionLoggerListener.log Command line argument: -Djava.util.logging.config.file=/Users/kevin/Kevin-LASAD/Deploy/apache-tomcat-8.0.23/conf/logging.properties
24-Jun-2015 11:20:10.008 INFO [main] org.apache.catalina.startup.VersionLoggerListener.log Command line argument: -Djava.util.logging.manager=org.apache.juli.ClassLoaderLogManager
24-Jun-2015 11:20:10.008 INFO [main] org.apache.catalina.startup.VersionLoggerListener.log Command line argument: -Djava.endorsed.dirs=/Users/kevin/Kevin-LASAD/Deploy/apache-tomcat-8.0.23/endorsed
24-Jun-2015 11:20:10.008 INFO [main] org.apache.catalina.startup.VersionLoggerListener.log Command line argument: -Dcatalina.base=/Users/kevin/Kevin-LASAD/Deploy/apache-tomcat-8.0.23
24-Jun-2015 11:20:10.009 INFO [main] org.apache.catalina.startup.VersionLoggerListener.log Command line argument: -Dcatalina.home=/Users/kevin/Kevin-LASAD/Deploy/apache-tomcat-8.0.23
24-Jun-2015 11:20:10.009 INFO [main] org.apache.catalina.startup.VersionLoggerListener.log Command line argument: -Djava.io.tmpdir=/Users/kevin/Kevin-LASAD/Deploy/apache-tomcat-8.0.23/temp
24-Jun-2015 11:20:10.009 INFO [main] org.apache.catalina.core.AprLifecycleListener.lifecycleEvent The APR based Apache Tomcat Native library which allows optimal performance in production environments was not found on the java.library.path: /Users/kevin/Library/Java/Extensions:/Library/Java/Extensions:/Network/Library/Java/Extensions:/System/Library/Java/Extensions:/usr/lib/java:.
24-Jun-2015 11:20:10.214 INFO [main] org.apache.coyote.AbstractProtocol.init Initializing ProtocolHandler ["http-nio-8080"]
24-Jun-2015 11:20:10.255 INFO [main] org.apache.tomcat.util.net.NioSelectorPool.getSharedSelector Using a shared selector for servlet write/read
24-Jun-2015 11:20:10.259 INFO [main] org.apache.coyote.AbstractProtocol.init Initializing ProtocolHandler ["ajp-nio-8009"]
24-Jun-2015 11:20:10.261 INFO [main] org.apache.tomcat.util.net.NioSelectorPool.getSharedSelector Using a shared selector for servlet write/read
24-Jun-2015 11:20:10.261 INFO [main] org.apache.catalina.startup.Catalina.load Initialization processed in 727 ms
24-Jun-2015 11:20:10.297 INFO [main] org.apache.catalina.core.StandardService.startInternal Starting service Catalina
24-Jun-2015 11:20:10.297 INFO [main] org.apache.catalina.core.StandardEngine.startInternal Starting Servlet Engine: Apache Tomcat/8.0.23
24-Jun-2015 11:20:10.329 INFO [localhost-startStop-1] org.apache.catalina.startup.HostConfig.deployWAR Deploying web application archive /Users/kevin/Kevin-LASAD/Deploy/apache-tomcat-8.0.23/webapps/lasad.war
24-Jun-2015 11:20:16.064 INFO [localhost-startStop-1] org.apache.jasper.servlet.TldScanner.scanJars At least one JAR was scanned for TLDs yet contained no TLDs. Enable debug logging for this logger for a complete list of JARs that were scanned but no TLDs were found in them. Skipping unneeded JARs during scanning can improve startup time and JSP compilation time.
24-Jun-2015 11:20:16.340 INFO [localhost-startStop-1] org.apache.catalina.startup.HostConfig.deployWAR Deployment of web application archive /Users/kevin/Kevin-LASAD/Deploy/apache-tomcat-8.0.23/webapps/lasad.war has finished in 6,010 ms
24-Jun-2015 11:20:16.341 INFO [localhost-startStop-1] org.apache.catalina.startup.HostConfig.deployDirectory Deploying web application directory /Users/kevin/Kevin-LASAD/Deploy/apache-tomcat-8.0.23/webapps/docs
24-Jun-2015 11:20:16.361 INFO [localhost-startStop-1] org.apache.catalina.startup.HostConfig.deployDirectory Deployment of web application directory /Users/kevin/Kevin-LASAD/Deploy/apache-tomcat-8.0.23/webapps/docs has finished in 20 ms
24-Jun-2015 11:20:16.362 INFO [localhost-startStop-1] org.apache.catalina.startup.HostConfig.deployDirectory Deploying web application directory /Users/kevin/Kevin-LASAD/Deploy/apache-tomcat-8.0.23/webapps/examples
24-Jun-2015 11:20:16.830 INFO [localhost-startStop-1] org.apache.catalina.startup.HostConfig.deployDirectory Deployment of web application directory /Users/kevin/Kevin-LASAD/Deploy/apache-tomcat-8.0.23/webapps/examples has finished in 467 ms
24-Jun-2015 11:20:16.830 INFO [localhost-startStop-1] org.apache.catalina.startup.HostConfig.deployDirectory Deploying web application directory /Users/kevin/Kevin-LASAD/Deploy/apache-tomcat-8.0.23/webapps/host-manager
24-Jun-2015 11:20:16.893 INFO [localhost-startStop-1] org.apache.catalina.startup.HostConfig.deployDirectory Deployment of web application directory /Users/kevin/Kevin-LASAD/Deploy/apache-tomcat-8.0.23/webapps/host-manager has finished in 63 ms
24-Jun-2015 11:20:16.894 INFO [localhost-startStop-1] org.apache.catalina.startup.HostConfig.deployDirectory Deploying web application directory /Users/kevin/Kevin-LASAD/Deploy/apache-tomcat-8.0.23/webapps/manager
24-Jun-2015 11:20:16.945 INFO [localhost-startStop-1] org.apache.catalina.startup.HostConfig.deployDirectory Deployment of web application directory /Users/kevin/Kevin-LASAD/Deploy/apache-tomcat-8.0.23/webapps/manager has finished in 51 ms
24-Jun-2015 11:20:16.945 INFO [localhost-startStop-1] org.apache.catalina.startup.HostConfig.deployDirectory Deploying web application directory /Users/kevin/Kevin-LASAD/Deploy/apache-tomcat-8.0.23/webapps/ROOT
24-Jun-2015 11:20:16.961 INFO [localhost-startStop-1] org.apache.catalina.startup.HostConfig.deployDirectory Deployment of web application directory /Users/kevin/Kevin-LASAD/Deploy/apache-tomcat-8.0.23/webapps/ROOT has finished in 15 ms
24-Jun-2015 11:20:16.965 INFO [main] org.apache.coyote.AbstractProtocol.start Starting ProtocolHandler ["http-nio-8080"]
24-Jun-2015 11:20:16.974 INFO [main] org.apache.coyote.AbstractProtocol.start Starting ProtocolHandler ["ajp-nio-8009"]
24-Jun-2015 11:20:16.974 INFO [main] org.apache.catalina.startup.Catalina.start Server startup in 6712 ms
24-Jun-2015 11:20:21.130 INFO [http-nio-8080-exec-3] null.null Server: Configuration changed - EventServiceConfiguration (Properties "eventservice.properties")
  Min.: 0ms; Max.: 20000ms; Timeout: 90000ms
24-Jun-2015 11:20:21.266 INFO [http-nio-8080-exec-3] de.novanic.eventservice.logger.DefaultServerLogger.log Server: Client "97DFE18DA45A4579B68DF5845258C0E1786780317" initialized.
24-Jun-2015 11:33:55.535 INFO [main] org.apache.catalina.core.StandardServer.await A valid shutdown command was received via the shutdown port. Stopping the Server instance.
24-Jun-2015 11:33:55.535 INFO [main] org.apache.coyote.AbstractProtocol.pause Pausing ProtocolHandler ["http-nio-8080"]
24-Jun-2015 11:33:55.589 INFO [main] org.apache.coyote.AbstractProtocol.pause Pausing ProtocolHandler ["ajp-nio-8009"]
24-Jun-2015 11:33:55.641 INFO [main] org.apache.catalina.core.StandardService.stopInternal Stopping service Catalina
24-Jun-2015 11:33:55.664 WARNING [localhost-startStop-2] org.apache.catalina.loader.WebappClassLoaderBase.clearReferencesThreads The web application [lasad] appears to have started a thread named [GWTEventService-UserActivityScheduler] but has failed to stop it. This is very likely to create a memory leak. Stack trace of thread:
 java.lang.Object.wait(Native Method)
 java.util.TimerThread.mainLoop(Timer.java:552)
 java.util.TimerThread.run(Timer.java:505)
24-Jun-2015 11:33:55.695 INFO [main] org.apache.coyote.AbstractProtocol.stop Stopping ProtocolHandler ["http-nio-8080"]
24-Jun-2015 11:33:55.700 INFO [main] org.apache.coyote.AbstractProtocol.stop Stopping ProtocolHandler ["ajp-nio-8009"]
24-Jun-2015 11:33:55.701 INFO [main] org.apache.coyote.AbstractProtocol.destroy Destroying ProtocolHandler ["http-nio-8080"]
24-Jun-2015 11:33:55.701 INFO [main] org.apache.coyote.AbstractProtocol.destroy Destroying ProtocolHandler ["ajp-nio-8009"]
24-Jun-2015 11:38:15.980 INFO [main] org.apache.catalina.startup.VersionLoggerListener.log Server version:        Apache Tomcat/8.0.23
24-Jun-2015 11:38:15.982 INFO [main] org.apache.catalina.startup.VersionLoggerListener.log Server built:          May 19 2015 14:58:38 UTC
24-Jun-2015 11:38:15.982 INFO [main] org.apache.catalina.startup.VersionLoggerListener.log Server number:         8.0.23.0
24-Jun-2015 11:38:15.982 INFO [main] org.apache.catalina.startup.VersionLoggerListener.log OS Name:               Mac OS X
24-Jun-2015 11:38:15.982 INFO [main] org.apache.catalina.startup.VersionLoggerListener.log OS Version:            10.10.2
24-Jun-2015 11:38:15.982 INFO [main] org.apache.catalina.startup.VersionLoggerListener.log Architecture:          x86_64
24-Jun-2015 11:38:15.983 INFO [main] org.apache.catalina.startup.VersionLoggerListener.log Java Home:             /Library/Java/JavaVirtualMachines/jdk1.8.0_45.jdk/Contents/Home/jre
24-Jun-2015 11:38:15.983 INFO [main] org.apache.catalina.startup.VersionLoggerListener.log JVM Version:           1.8.0_45-b14
24-Jun-2015 11:38:15.983 INFO [main] org.apache.catalina.startup.VersionLoggerListener.log JVM Vendor:            Oracle Corporation
24-Jun-2015 11:38:15.983 INFO [main] org.apache.catalina.startup.VersionLoggerListener.log CATALINA_BASE:         /Users/kevin/Kevin-LASAD/Deploy/apache-tomcat-8.0.23
24-Jun-2015 11:38:15.983 INFO [main] org.apache.catalina.startup.VersionLoggerListener.log CATALINA_HOME:         /Users/kevin/Kevin-LASAD/Deploy/apache-tomcat-8.0.23
24-Jun-2015 11:38:15.984 INFO [main] org.apache.catalina.startup.VersionLoggerListener.log Command line argument: -Djava.util.logging.config.file=/Users/kevin/Kevin-LASAD/Deploy/apache-tomcat-8.0.23/conf/logging.properties
24-Jun-2015 11:38:15.984 INFO [main] org.apache.catalina.startup.VersionLoggerListener.log Command line argument: -Djava.util.logging.manager=org.apache.juli.ClassLoaderLogManager
24-Jun-2015 11:38:15.984 INFO [main] org.apache.catalina.startup.VersionLoggerListener.log Command line argument: -Djava.endorsed.dirs=/Users/kevin/Kevin-LASAD/Deploy/apache-tomcat-8.0.23/endorsed
24-Jun-2015 11:38:15.984 INFO [main] org.apache.catalina.startup.VersionLoggerListener.log Command line argument: -Dcatalina.base=/Users/kevin/Kevin-LASAD/Deploy/apache-tomcat-8.0.23
24-Jun-2015 11:38:15.984 INFO [main] org.apache.catalina.startup.VersionLoggerListener.log Command line argument: -Dcatalina.home=/Users/kevin/Kevin-LASAD/Deploy/apache-tomcat-8.0.23
24-Jun-2015 11:38:15.984 INFO [main] org.apache.catalina.startup.VersionLoggerListener.log Command line argument: -Djava.io.tmpdir=/Users/kevin/Kevin-LASAD/Deploy/apache-tomcat-8.0.23/temp
24-Jun-2015 11:38:15.984 INFO [main] org.apache.catalina.core.AprLifecycleListener.lifecycleEvent The APR based Apache Tomcat Native library which allows optimal performance in production environments was not found on the java.library.path: /Users/kevin/Library/Java/Extensions:/Library/Java/Extensions:/Network/Library/Java/Extensions:/System/Library/Java/Extensions:/usr/lib/java:.
24-Jun-2015 11:38:16.127 INFO [main] org.apache.coyote.AbstractProtocol.init Initializing ProtocolHandler ["http-nio-8080"]
24-Jun-2015 11:38:16.160 INFO [main] org.apache.tomcat.util.net.NioSelectorPool.getSharedSelector Using a shared selector for servlet write/read
24-Jun-2015 11:38:16.163 INFO [main] org.apache.coyote.AbstractProtocol.init Initializing ProtocolHandler ["ajp-nio-8009"]
24-Jun-2015 11:38:16.166 INFO [main] org.apache.tomcat.util.net.NioSelectorPool.getSharedSelector Using a shared selector for servlet write/read
24-Jun-2015 11:38:16.166 INFO [main] org.apache.catalina.startup.Catalina.load Initialization processed in 543 ms
24-Jun-2015 11:38:16.185 INFO [main] org.apache.catalina.core.StandardService.startInternal Starting service Catalina
24-Jun-2015 11:38:16.185 INFO [main] org.apache.catalina.core.StandardEngine.startInternal Starting Servlet Engine: Apache Tomcat/8.0.23
24-Jun-2015 11:38:16.210 INFO [localhost-startStop-1] org.apache.catalina.startup.HostConfig.deployWAR Deploying web application archive /Users/kevin/Kevin-LASAD/Deploy/apache-tomcat-8.0.23/webapps/lasad.war
24-Jun-2015 11:38:18.336 INFO [localhost-startStop-1] org.apache.jasper.servlet.TldScanner.scanJars At least one JAR was scanned for TLDs yet contained no TLDs. Enable debug logging for this logger for a complete list of JARs that were scanned but no TLDs were found in them. Skipping unneeded JARs during scanning can improve startup time and JSP compilation time.
24-Jun-2015 11:38:18.408 INFO [localhost-startStop-1] org.apache.catalina.startup.HostConfig.deployWAR Deployment of web application archive /Users/kevin/Kevin-LASAD/Deploy/apache-tomcat-8.0.23/webapps/lasad.war has finished in 2,197 ms
24-Jun-2015 11:38:18.409 INFO [localhost-startStop-1] org.apache.catalina.startup.HostConfig.deployDirectory Deploying web application directory /Users/kevin/Kevin-LASAD/Deploy/apache-tomcat-8.0.23/webapps/docs
24-Jun-2015 11:38:18.426 INFO [localhost-startStop-1] org.apache.catalina.startup.HostConfig.deployDirectory Deployment of web application directory /Users/kevin/Kevin-LASAD/Deploy/apache-tomcat-8.0.23/webapps/docs has finished in 17 ms
24-Jun-2015 11:38:18.427 INFO [localhost-startStop-1] org.apache.catalina.startup.HostConfig.deployDirectory Deploying web application directory /Users/kevin/Kevin-LASAD/Deploy/apache-tomcat-8.0.23/webapps/examples
24-Jun-2015 11:38:18.641 INFO [localhost-startStop-1] org.apache.catalina.startup.HostConfig.deployDirectory Deployment of web application directory /Users/kevin/Kevin-LASAD/Deploy/apache-tomcat-8.0.23/webapps/examples has finished in 214 ms
24-Jun-2015 11:38:18.641 INFO [localhost-startStop-1] org.apache.catalina.startup.HostConfig.deployDirectory Deploying web application directory /Users/kevin/Kevin-LASAD/Deploy/apache-tomcat-8.0.23/webapps/host-manager
24-Jun-2015 11:38:18.667 INFO [localhost-startStop-1] org.apache.catalina.startup.HostConfig.deployDirectory Deployment of web application directory /Users/kevin/Kevin-LASAD/Deploy/apache-tomcat-8.0.23/webapps/host-manager has finished in 26 ms
24-Jun-2015 11:38:18.667 INFO [localhost-startStop-1] org.apache.catalina.startup.HostConfig.deployDirectory Deploying web application directory /Users/kevin/Kevin-LASAD/Deploy/apache-tomcat-8.0.23/webapps/manager
24-Jun-2015 11:38:18.686 INFO [localhost-startStop-1] org.apache.catalina.startup.HostConfig.deployDirectory Deployment of web application directory /Users/kevin/Kevin-LASAD/Deploy/apache-tomcat-8.0.23/webapps/manager has finished in 19 ms
24-Jun-2015 11:38:18.686 INFO [localhost-startStop-1] org.apache.catalina.startup.HostConfig.deployDirectory Deploying web application directory /Users/kevin/Kevin-LASAD/Deploy/apache-tomcat-8.0.23/webapps/ROOT
24-Jun-2015 11:38:18.699 INFO [localhost-startStop-1] org.apache.catalina.startup.HostConfig.deployDirectory Deployment of web application directory /Users/kevin/Kevin-LASAD/Deploy/apache-tomcat-8.0.23/webapps/ROOT has finished in 13 ms
24-Jun-2015 11:38:18.702 INFO [main] org.apache.coyote.AbstractProtocol.start Starting ProtocolHandler ["http-nio-8080"]
24-Jun-2015 11:38:18.707 INFO [main] org.apache.coyote.AbstractProtocol.start Starting ProtocolHandler ["ajp-nio-8009"]
24-Jun-2015 11:38:18.707 INFO [main] org.apache.catalina.startup.Catalina.start Server startup in 2540 ms
24-Jun-2015 11:38:28.235 INFO [http-nio-8080-exec-4] null.null Server: Configuration changed - EventServiceConfiguration (Properties "eventservice.properties")
  Min.: 0ms; Max.: 20000ms; Timeout: 90000ms
24-Jun-2015 11:38:28.356 INFO [http-nio-8080-exec-4] de.novanic.eventservice.logger.DefaultServerLogger.log Server: Client "A108CF2C684D19B318F477FD4280B9CD-307496811" initialized.
24-Jun-2015 11:57:30.889 INFO [main] org.apache.catalina.core.StandardServer.await A valid shutdown command was received via the shutdown port. Stopping the Server instance.
24-Jun-2015 11:57:30.890 INFO [main] org.apache.coyote.AbstractProtocol.pause Pausing ProtocolHandler ["http-nio-8080"]
24-Jun-2015 11:57:30.943 INFO [main] org.apache.coyote.AbstractProtocol.pause Pausing ProtocolHandler ["ajp-nio-8009"]
24-Jun-2015 11:57:30.994 INFO [main] org.apache.catalina.core.StandardService.stopInternal Stopping service Catalina
24-Jun-2015 11:57:31.003 INFO [localhost-startStop-2] org.apache.catalina.core.StandardWrapper.unload Waiting for 1 instance(s) to be deallocated for Servlet [eventServiceImpl]
24-Jun-2015 11:57:32.019 INFO [localhost-startStop-2] org.apache.catalina.core.StandardWrapper.unload Waiting for 1 instance(s) to be deallocated for Servlet [eventServiceImpl]
24-Jun-2015 11:57:33.024 INFO [localhost-startStop-2] org.apache.catalina.core.StandardWrapper.unload Waiting for 1 instance(s) to be deallocated for Servlet [eventServiceImpl]
24-Jun-2015 11:57:33.131 WARNING [localhost-startStop-2] org.apache.catalina.loader.WebappClassLoaderBase.clearReferencesThreads The web application [lasad] appears to have started a thread named [GWTEventService-UserActivityScheduler] but has failed to stop it. This is very likely to create a memory leak. Stack trace of thread:
 java.lang.Object.wait(Native Method)
 java.util.TimerThread.mainLoop(Timer.java:552)
 java.util.TimerThread.run(Timer.java:505)
24-Jun-2015 11:57:33.132 WARNING [localhost-startStop-2] org.apache.catalina.loader.WebappClassLoaderBase.clearReferencesThreads The web application [lasad] is still processing a request that has yet to finish. This is very likely to create a memory leak. You can control the time allowed for requests to finish by using the unloadDelay attribute of the standard Context implementation. Stack trace of request processing thread:
 java.lang.Object.wait(Native Method)
 de.novanic.eventservice.service.connection.strategy.connector.ConnectionStrategyServerConnectorAdapter.waitMaxWaitingTime(ConnectionStrategyServerConnectorAdapter.java:82)
 de.novanic.eventservice.service.connection.strategy.connector.longpolling.LongPollingServerConnector.listen(LongPollingServerConnector.java:62)
 de.novanic.eventservice.service.registry.DefaultEventRegistry.listen(DefaultEventRegistry.java:223)
 de.novanic.eventservice.service.EventServiceImpl.listen(EventServiceImpl.java:242)
 de.novanic.eventservice.service.EventServiceImpl.listen(EventServiceImpl.java:227)
 sun.reflect.GeneratedMethodAccessor36.invoke(Unknown Source)
 sun.reflect.DelegatingMethodAccessorImpl.invoke(DelegatingMethodAccessorImpl.java:43)
 java.lang.reflect.Method.invoke(Method.java:497)
 com.google.gwt.user.server.rpc.RPC.invokeAndEncodeResponse(RPC.java:561)
 com.google.gwt.user.server.rpc.RemoteServiceServlet.processCall(RemoteServiceServlet.java:208)
 com.google.gwt.user.server.rpc.RemoteServiceServlet.processPost(RemoteServiceServlet.java:248)
 com.google.gwt.user.server.rpc.AbstractRemoteServiceServlet.doPost(AbstractRemoteServiceServlet.java:62)
 javax.servlet.http.HttpServlet.service(HttpServlet.java:648)
 javax.servlet.http.HttpServlet.service(HttpServlet.java:729)
 org.apache.catalina.core.ApplicationFilterChain.internalDoFilter(ApplicationFilterChain.java:291)
 org.apache.catalina.core.ApplicationFilterChain.doFilter(ApplicationFilterChain.java:206)
 org.apache.tomcat.websocket.server.WsFilter.doFilter(WsFilter.java:52)
 org.apache.catalina.core.ApplicationFilterChain.internalDoFilter(ApplicationFilterChain.java:239)
 org.apache.catalina.core.ApplicationFilterChain.doFilter(ApplicationFilterChain.java:206)
 org.apache.catalina.core.StandardWrapperValve.invoke(StandardWrapperValve.java:219)
 org.apache.catalina.core.StandardContextValve.invoke(StandardContextValve.java:106)
 org.apache.catalina.authenticator.AuthenticatorBase.invoke(AuthenticatorBase.java:502)
 org.apache.catalina.core.StandardHostValve.invoke(StandardHostValve.java:142)
 org.apache.catalina.valves.ErrorReportValve.invoke(ErrorReportValve.java:79)
 org.apache.catalina.valves.AbstractAccessLogValve.invoke(AbstractAccessLogValve.java:617)
 org.apache.catalina.core.StandardEngineValve.invoke(StandardEngineValve.java:88)
 org.apache.catalina.connector.CoyoteAdapter.service(CoyoteAdapter.java:518)
 org.apache.coyote.http11.AbstractHttp11Processor.process(AbstractHttp11Processor.java:1091)
 org.apache.coyote.AbstractProtocol$AbstractConnectionHandler.process(AbstractProtocol.java:668)
 org.apache.tomcat.util.net.NioEndpoint$SocketProcessor.doRun(NioEndpoint.java:1521)
 org.apache.tomcat.util.net.NioEndpoint$SocketProcessor.run(NioEndpoint.java:1478)
 java.util.concurrent.ThreadPoolExecutor.runWorker(ThreadPoolExecutor.java:1142)
 java.util.concurrent.ThreadPoolExecutor$Worker.run(ThreadPoolExecutor.java:617)
 org.apache.tomcat.util.threads.TaskThread$WrappingRunnable.run(TaskThread.java:61)
 java.lang.Thread.run(Thread.java:745)
24-Jun-2015 11:57:33.148 INFO [main] org.apache.coyote.AbstractProtocol.stop Stopping ProtocolHandler ["http-nio-8080"]
24-Jun-2015 11:57:33.245 INFO [main] org.apache.coyote.AbstractProtocol.stop Stopping ProtocolHandler ["ajp-nio-8009"]
24-Jun-2015 11:57:33.260 INFO [main] org.apache.coyote.AbstractProtocol.destroy Destroying ProtocolHandler ["http-nio-8080"]
24-Jun-2015 11:57:33.260 INFO [main] org.apache.coyote.AbstractProtocol.destroy Destroying ProtocolHandler ["ajp-nio-8009"]
24-Jun-2015 12:49:51.059 INFO [main] org.apache.catalina.startup.VersionLoggerListener.log Server version:        Apache Tomcat/8.0.23
24-Jun-2015 12:49:51.067 INFO [main] org.apache.catalina.startup.VersionLoggerListener.log Server built:          May 19 2015 14:58:38 UTC
24-Jun-2015 12:49:51.067 INFO [main] org.apache.catalina.startup.VersionLoggerListener.log Server number:         8.0.23.0
24-Jun-2015 12:49:51.067 INFO [main] org.apache.catalina.startup.VersionLoggerListener.log OS Name:               Mac OS X
24-Jun-2015 12:49:51.067 INFO [main] org.apache.catalina.startup.VersionLoggerListener.log OS Version:            10.10.2
24-Jun-2015 12:49:51.067 INFO [main] org.apache.catalina.startup.VersionLoggerListener.log Architecture:          x86_64
24-Jun-2015 12:49:51.068 INFO [main] org.apache.catalina.startup.VersionLoggerListener.log Java Home:             /Library/Java/JavaVirtualMachines/jdk1.8.0_45.jdk/Contents/Home/jre
24-Jun-2015 12:49:51.068 INFO [main] org.apache.catalina.startup.VersionLoggerListener.log JVM Version:           1.8.0_45-b14
24-Jun-2015 12:49:51.068 INFO [main] org.apache.catalina.startup.VersionLoggerListener.log JVM Vendor:            Oracle Corporation
24-Jun-2015 12:49:51.068 INFO [main] org.apache.catalina.startup.VersionLoggerListener.log CATALINA_BASE:         /Users/kevin/Kevin-LASAD/Deploy/apache-tomcat-8.0.23
24-Jun-2015 12:49:51.068 INFO [main] org.apache.catalina.startup.VersionLoggerListener.log CATALINA_HOME:         /Users/kevin/Kevin-LASAD/Deploy/apache-tomcat-8.0.23
24-Jun-2015 12:49:51.069 INFO [main] org.apache.catalina.startup.VersionLoggerListener.log Command line argument: -Djava.util.logging.config.file=/Users/kevin/Kevin-LASAD/Deploy/apache-tomcat-8.0.23/conf/logging.properties
24-Jun-2015 12:49:51.069 INFO [main] org.apache.catalina.startup.VersionLoggerListener.log Command line argument: -Djava.util.logging.manager=org.apache.juli.ClassLoaderLogManager
24-Jun-2015 12:49:51.069 INFO [main] org.apache.catalina.startup.VersionLoggerListener.log Command line argument: -Djava.endorsed.dirs=/Users/kevin/Kevin-LASAD/Deploy/apache-tomcat-8.0.23/endorsed
24-Jun-2015 12:49:51.069 INFO [main] org.apache.catalina.startup.VersionLoggerListener.log Command line argument: -Dcatalina.base=/Users/kevin/Kevin-LASAD/Deploy/apache-tomcat-8.0.23
24-Jun-2015 12:49:51.069 INFO [main] org.apache.catalina.startup.VersionLoggerListener.log Command line argument: -Dcatalina.home=/Users/kevin/Kevin-LASAD/Deploy/apache-tomcat-8.0.23
24-Jun-2015 12:49:51.069 INFO [main] org.apache.catalina.startup.VersionLoggerListener.log Command line argument: -Djava.io.tmpdir=/Users/kevin/Kevin-LASAD/Deploy/apache-tomcat-8.0.23/temp
24-Jun-2015 12:49:51.069 INFO [main] org.apache.catalina.core.AprLifecycleListener.lifecycleEvent The APR based Apache Tomcat Native library which allows optimal performance in production environments was not found on the java.library.path: /Users/kevin/Library/Java/Extensions:/Library/Java/Extensions:/Network/Library/Java/Extensions:/System/Library/Java/Extensions:/usr/lib/java:.
24-Jun-2015 12:49:51.245 INFO [main] org.apache.coyote.AbstractProtocol.init Initializing ProtocolHandler ["http-nio-8080"]
24-Jun-2015 12:49:51.274 INFO [main] org.apache.tomcat.util.net.NioSelectorPool.getSharedSelector Using a shared selector for servlet write/read
24-Jun-2015 12:49:51.277 INFO [main] org.apache.coyote.AbstractProtocol.init Initializing ProtocolHandler ["ajp-nio-8009"]
24-Jun-2015 12:49:51.278 INFO [main] org.apache.tomcat.util.net.NioSelectorPool.getSharedSelector Using a shared selector for servlet write/read
24-Jun-2015 12:49:51.279 INFO [main] org.apache.catalina.startup.Catalina.load Initialization processed in 682 ms
24-Jun-2015 12:49:51.307 INFO [main] org.apache.catalina.core.StandardService.startInternal Starting service Catalina
24-Jun-2015 12:49:51.307 INFO [main] org.apache.catalina.core.StandardEngine.startInternal Starting Servlet Engine: Apache Tomcat/8.0.23
24-Jun-2015 12:49:51.334 INFO [localhost-startStop-1] org.apache.catalina.startup.HostConfig.deployWAR Deploying web application archive /Users/kevin/Kevin-LASAD/Deploy/apache-tomcat-8.0.23/webapps/lasad.war
24-Jun-2015 12:49:55.505 INFO [localhost-startStop-1] org.apache.jasper.servlet.TldScanner.scanJars At least one JAR was scanned for TLDs yet contained no TLDs. Enable debug logging for this logger for a complete list of JARs that were scanned but no TLDs were found in them. Skipping unneeded JARs during scanning can improve startup time and JSP compilation time.
24-Jun-2015 12:49:55.601 INFO [localhost-startStop-1] org.apache.catalina.startup.HostConfig.deployWAR Deployment of web application archive /Users/kevin/Kevin-LASAD/Deploy/apache-tomcat-8.0.23/webapps/lasad.war has finished in 4,266 ms
24-Jun-2015 12:49:55.602 INFO [localhost-startStop-1] org.apache.catalina.startup.HostConfig.deployDirectory Deploying web application directory /Users/kevin/Kevin-LASAD/Deploy/apache-tomcat-8.0.23/webapps/docs
24-Jun-2015 12:49:55.620 INFO [localhost-startStop-1] org.apache.catalina.startup.HostConfig.deployDirectory Deployment of web application directory /Users/kevin/Kevin-LASAD/Deploy/apache-tomcat-8.0.23/webapps/docs has finished in 18 ms
24-Jun-2015 12:49:55.620 INFO [localhost-startStop-1] org.apache.catalina.startup.HostConfig.deployDirectory Deploying web application directory /Users/kevin/Kevin-LASAD/Deploy/apache-tomcat-8.0.23/webapps/examples
24-Jun-2015 12:49:55.872 INFO [localhost-startStop-1] org.apache.catalina.startup.HostConfig.deployDirectory Deployment of web application directory /Users/kevin/Kevin-LASAD/Deploy/apache-tomcat-8.0.23/webapps/examples has finished in 252 ms
24-Jun-2015 12:49:55.873 INFO [localhost-startStop-1] org.apache.catalina.startup.HostConfig.deployDirectory Deploying web application directory /Users/kevin/Kevin-LASAD/Deploy/apache-tomcat-8.0.23/webapps/host-manager
24-Jun-2015 12:49:55.897 INFO [localhost-startStop-1] org.apache.catalina.startup.HostConfig.deployDirectory Deployment of web application directory /Users/kevin/Kevin-LASAD/Deploy/apache-tomcat-8.0.23/webapps/host-manager has finished in 24 ms
24-Jun-2015 12:49:55.897 INFO [localhost-startStop-1] org.apache.catalina.startup.HostConfig.deployDirectory Deploying web application directory /Users/kevin/Kevin-LASAD/Deploy/apache-tomcat-8.0.23/webapps/manager
24-Jun-2015 12:49:55.919 INFO [localhost-startStop-1] org.apache.catalina.startup.HostConfig.deployDirectory Deployment of web application directory /Users/kevin/Kevin-LASAD/Deploy/apache-tomcat-8.0.23/webapps/manager has finished in 22 ms
24-Jun-2015 12:49:55.920 INFO [localhost-startStop-1] org.apache.catalina.startup.HostConfig.deployDirectory Deploying web application directory /Users/kevin/Kevin-LASAD/Deploy/apache-tomcat-8.0.23/webapps/ROOT
24-Jun-2015 12:49:55.935 INFO [localhost-startStop-1] org.apache.catalina.startup.HostConfig.deployDirectory Deployment of web application directory /Users/kevin/Kevin-LASAD/Deploy/apache-tomcat-8.0.23/webapps/ROOT has finished in 16 ms
24-Jun-2015 12:49:55.940 INFO [main] org.apache.coyote.AbstractProtocol.start Starting ProtocolHandler ["http-nio-8080"]
24-Jun-2015 12:49:55.947 INFO [main] org.apache.coyote.AbstractProtocol.start Starting ProtocolHandler ["ajp-nio-8009"]
24-Jun-2015 12:49:55.948 INFO [main] org.apache.catalina.startup.Catalina.start Server startup in 4668 ms
24-Jun-2015 12:50:05.572 INFO [http-nio-8080-exec-4] null.null Server: Configuration changed - EventServiceConfiguration (Properties "eventservice.properties")
  Min.: 0ms; Max.: 20000ms; Timeout: 90000ms
24-Jun-2015 12:50:05.783 INFO [http-nio-8080-exec-4] null.null Server: Client "9A0F659F154B89D7E70B5117A16B3D95140208526" initialized.
24-Jun-2015 13:02:07.438 INFO [main] org.apache.catalina.core.StandardServer.await A valid shutdown command was received via the shutdown port. Stopping the Server instance.
24-Jun-2015 13:02:07.439 INFO [main] org.apache.coyote.AbstractProtocol.pause Pausing ProtocolHandler ["http-nio-8080"]
24-Jun-2015 13:02:07.495 INFO [main] org.apache.coyote.AbstractProtocol.pause Pausing ProtocolHandler ["ajp-nio-8009"]
24-Jun-2015 13:02:07.550 INFO [main] org.apache.catalina.core.StandardService.stopInternal Stopping service Catalina
24-Jun-2015 13:02:07.566 INFO [localhost-startStop-2] org.apache.catalina.core.StandardWrapper.unload Waiting for 1 instance(s) to be deallocated for Servlet [eventServiceImpl]
24-Jun-2015 13:02:08.611 INFO [localhost-startStop-2] org.apache.catalina.core.StandardWrapper.unload Waiting for 1 instance(s) to be deallocated for Servlet [eventServiceImpl]
24-Jun-2015 13:02:09.636 INFO [localhost-startStop-2] org.apache.catalina.core.StandardWrapper.unload Waiting for 1 instance(s) to be deallocated for Servlet [eventServiceImpl]
24-Jun-2015 13:02:09.749 WARNING [localhost-startStop-2] org.apache.catalina.loader.WebappClassLoaderBase.clearReferencesThreads The web application [lasad] appears to have started a thread named [GWTEventService-UserActivityScheduler] but has failed to stop it. This is very likely to create a memory leak. Stack trace of thread:
 java.lang.Object.wait(Native Method)
 java.util.TimerThread.mainLoop(Timer.java:552)
 java.util.TimerThread.run(Timer.java:505)
24-Jun-2015 13:02:09.749 WARNING [localhost-startStop-2] org.apache.catalina.loader.WebappClassLoaderBase.clearReferencesThreads The web application [lasad] is still processing a request that has yet to finish. This is very likely to create a memory leak. You can control the time allowed for requests to finish by using the unloadDelay attribute of the standard Context implementation. Stack trace of request processing thread:
 java.lang.Object.wait(Native Method)
 de.novanic.eventservice.service.connection.strategy.connector.ConnectionStrategyServerConnectorAdapter.waitMaxWaitingTime(ConnectionStrategyServerConnectorAdapter.java:82)
 de.novanic.eventservice.service.connection.strategy.connector.longpolling.LongPollingServerConnector.listen(LongPollingServerConnector.java:62)
 de.novanic.eventservice.service.registry.DefaultEventRegistry.listen(DefaultEventRegistry.java:223)
 de.novanic.eventservice.service.EventServiceImpl.listen(EventServiceImpl.java:242)
 de.novanic.eventservice.service.EventServiceImpl.listen(EventServiceImpl.java:227)
 sun.reflect.GeneratedMethodAccessor36.invoke(Unknown Source)
 sun.reflect.DelegatingMethodAccessorImpl.invoke(DelegatingMethodAccessorImpl.java:43)
 java.lang.reflect.Method.invoke(Method.java:497)
 com.google.gwt.user.server.rpc.RPC.invokeAndEncodeResponse(RPC.java:561)
 com.google.gwt.user.server.rpc.RemoteServiceServlet.processCall(RemoteServiceServlet.java:208)
 com.google.gwt.user.server.rpc.RemoteServiceServlet.processPost(RemoteServiceServlet.java:248)
 com.google.gwt.user.server.rpc.AbstractRemoteServiceServlet.doPost(AbstractRemoteServiceServlet.java:62)
 javax.servlet.http.HttpServlet.service(HttpServlet.java:648)
 javax.servlet.http.HttpServlet.service(HttpServlet.java:729)
 org.apache.catalina.core.ApplicationFilterChain.internalDoFilter(ApplicationFilterChain.java:291)
 org.apache.catalina.core.ApplicationFilterChain.doFilter(ApplicationFilterChain.java:206)
 org.apache.tomcat.websocket.server.WsFilter.doFilter(WsFilter.java:52)
 org.apache.catalina.core.ApplicationFilterChain.internalDoFilter(ApplicationFilterChain.java:239)
 org.apache.catalina.core.ApplicationFilterChain.doFilter(ApplicationFilterChain.java:206)
 org.apache.catalina.core.StandardWrapperValve.invoke(StandardWrapperValve.java:219)
 org.apache.catalina.core.StandardContextValve.invoke(StandardContextValve.java:106)
 org.apache.catalina.authenticator.AuthenticatorBase.invoke(AuthenticatorBase.java:502)
 org.apache.catalina.core.StandardHostValve.invoke(StandardHostValve.java:142)
 org.apache.catalina.valves.ErrorReportValve.invoke(ErrorReportValve.java:79)
 org.apache.catalina.valves.AbstractAccessLogValve.invoke(AbstractAccessLogValve.java:617)
 org.apache.catalina.core.StandardEngineValve.invoke(StandardEngineValve.java:88)
 org.apache.catalina.connector.CoyoteAdapter.service(CoyoteAdapter.java:518)
 org.apache.coyote.http11.AbstractHttp11Processor.process(AbstractHttp11Processor.java:1091)
 org.apache.coyote.AbstractProtocol$AbstractConnectionHandler.process(AbstractProtocol.java:668)
 org.apache.tomcat.util.net.NioEndpoint$SocketProcessor.doRun(NioEndpoint.java:1521)
 org.apache.tomcat.util.net.NioEndpoint$SocketProcessor.run(NioEndpoint.java:1478)
 java.util.concurrent.ThreadPoolExecutor.runWorker(ThreadPoolExecutor.java:1142)
 java.util.concurrent.ThreadPoolExecutor$Worker.run(ThreadPoolExecutor.java:617)
 org.apache.tomcat.util.threads.TaskThread$WrappingRunnable.run(TaskThread.java:61)
 java.lang.Thread.run(Thread.java:745)
24-Jun-2015 13:02:09.770 INFO [main] org.apache.coyote.AbstractProtocol.stop Stopping ProtocolHandler ["http-nio-8080"]
24-Jun-2015 13:02:09.870 INFO [main] org.apache.coyote.AbstractProtocol.stop Stopping ProtocolHandler ["ajp-nio-8009"]
24-Jun-2015 13:02:09.971 INFO [main] org.apache.coyote.AbstractProtocol.destroy Destroying ProtocolHandler ["http-nio-8080"]
24-Jun-2015 13:02:09.972 INFO [main] org.apache.coyote.AbstractProtocol.destroy Destroying ProtocolHandler ["ajp-nio-8009"]
24-Jun-2015 13:06:01.538 INFO [main] org.apache.catalina.startup.VersionLoggerListener.log Server version:        Apache Tomcat/8.0.23
24-Jun-2015 13:06:01.540 INFO [main] org.apache.catalina.startup.VersionLoggerListener.log Server built:          May 19 2015 14:58:38 UTC
24-Jun-2015 13:06:01.540 INFO [main] org.apache.catalina.startup.VersionLoggerListener.log Server number:         8.0.23.0
24-Jun-2015 13:06:01.540 INFO [main] org.apache.catalina.startup.VersionLoggerListener.log OS Name:               Mac OS X
24-Jun-2015 13:06:01.540 INFO [main] org.apache.catalina.startup.VersionLoggerListener.log OS Version:            10.10.2
24-Jun-2015 13:06:01.540 INFO [main] org.apache.catalina.startup.VersionLoggerListener.log Architecture:          x86_64
24-Jun-2015 13:06:01.540 INFO [main] org.apache.catalina.startup.VersionLoggerListener.log Java Home:             /Library/Java/JavaVirtualMachines/jdk1.8.0_45.jdk/Contents/Home/jre
24-Jun-2015 13:06:01.540 INFO [main] org.apache.catalina.startup.VersionLoggerListener.log JVM Version:           1.8.0_45-b14
24-Jun-2015 13:06:01.540 INFO [main] org.apache.catalina.startup.VersionLoggerListener.log JVM Vendor:            Oracle Corporation
24-Jun-2015 13:06:01.540 INFO [main] org.apache.catalina.startup.VersionLoggerListener.log CATALINA_BASE:         /Users/kevin/Kevin-LASAD/Deploy/apache-tomcat-8.0.23
24-Jun-2015 13:06:01.541 INFO [main] org.apache.catalina.startup.VersionLoggerListener.log CATALINA_HOME:         /Users/kevin/Kevin-LASAD/Deploy/apache-tomcat-8.0.23
24-Jun-2015 13:06:01.541 INFO [main] org.apache.catalina.startup.VersionLoggerListener.log Command line argument: -Djava.util.logging.config.file=/Users/kevin/Kevin-LASAD/Deploy/apache-tomcat-8.0.23/conf/logging.properties
24-Jun-2015 13:06:01.541 INFO [main] org.apache.catalina.startup.VersionLoggerListener.log Command line argument: -Djava.util.logging.manager=org.apache.juli.ClassLoaderLogManager
24-Jun-2015 13:06:01.541 INFO [main] org.apache.catalina.startup.VersionLoggerListener.log Command line argument: -Djava.endorsed.dirs=/Users/kevin/Kevin-LASAD/Deploy/apache-tomcat-8.0.23/endorsed
24-Jun-2015 13:06:01.542 INFO [main] org.apache.catalina.startup.VersionLoggerListener.log Command line argument: -Dcatalina.base=/Users/kevin/Kevin-LASAD/Deploy/apache-tomcat-8.0.23
24-Jun-2015 13:06:01.542 INFO [main] org.apache.catalina.startup.VersionLoggerListener.log Command line argument: -Dcatalina.home=/Users/kevin/Kevin-LASAD/Deploy/apache-tomcat-8.0.23
24-Jun-2015 13:06:01.542 INFO [main] org.apache.catalina.startup.VersionLoggerListener.log Command line argument: -Djava.io.tmpdir=/Users/kevin/Kevin-LASAD/Deploy/apache-tomcat-8.0.23/temp
24-Jun-2015 13:06:01.542 INFO [main] org.apache.catalina.core.AprLifecycleListener.lifecycleEvent The APR based Apache Tomcat Native library which allows optimal performance in production environments was not found on the java.library.path: /Users/kevin/Library/Java/Extensions:/Library/Java/Extensions:/Network/Library/Java/Extensions:/System/Library/Java/Extensions:/usr/lib/java:.
24-Jun-2015 13:06:01.675 INFO [main] org.apache.coyote.AbstractProtocol.init Initializing ProtocolHandler ["http-nio-8080"]
24-Jun-2015 13:06:01.697 INFO [main] org.apache.tomcat.util.net.NioSelectorPool.getSharedSelector Using a shared selector for servlet write/read
24-Jun-2015 13:06:01.699 INFO [main] org.apache.coyote.AbstractProtocol.init Initializing ProtocolHandler ["ajp-nio-8009"]
24-Jun-2015 13:06:01.701 INFO [main] org.apache.tomcat.util.net.NioSelectorPool.getSharedSelector Using a shared selector for servlet write/read
24-Jun-2015 13:06:01.701 INFO [main] org.apache.catalina.startup.Catalina.load Initialization processed in 519 ms
24-Jun-2015 13:06:01.719 INFO [main] org.apache.catalina.core.StandardService.startInternal Starting service Catalina
24-Jun-2015 13:06:01.720 INFO [main] org.apache.catalina.core.StandardEngine.startInternal Starting Servlet Engine: Apache Tomcat/8.0.23
24-Jun-2015 13:06:01.738 INFO [localhost-startStop-1] org.apache.catalina.startup.HostConfig.deployWAR Deploying web application archive /Users/kevin/Kevin-LASAD/Deploy/apache-tomcat-8.0.23/webapps/lasad.war
24-Jun-2015 13:06:04.035 INFO [localhost-startStop-1] org.apache.jasper.servlet.TldScanner.scanJars At least one JAR was scanned for TLDs yet contained no TLDs. Enable debug logging for this logger for a complete list of JARs that were scanned but no TLDs were found in them. Skipping unneeded JARs during scanning can improve startup time and JSP compilation time.
24-Jun-2015 13:06:04.144 INFO [localhost-startStop-1] org.apache.catalina.startup.HostConfig.deployWAR Deployment of web application archive /Users/kevin/Kevin-LASAD/Deploy/apache-tomcat-8.0.23/webapps/lasad.war has finished in 2,404 ms
24-Jun-2015 13:06:04.150 INFO [localhost-startStop-1] org.apache.catalina.startup.HostConfig.deployDirectory Deploying web application directory /Users/kevin/Kevin-LASAD/Deploy/apache-tomcat-8.0.23/webapps/docs
24-Jun-2015 13:06:04.174 INFO [localhost-startStop-1] org.apache.catalina.startup.HostConfig.deployDirectory Deployment of web application directory /Users/kevin/Kevin-LASAD/Deploy/apache-tomcat-8.0.23/webapps/docs has finished in 23 ms
24-Jun-2015 13:06:04.175 INFO [localhost-startStop-1] org.apache.catalina.startup.HostConfig.deployDirectory Deploying web application directory /Users/kevin/Kevin-LASAD/Deploy/apache-tomcat-8.0.23/webapps/examples
24-Jun-2015 13:06:04.949 INFO [localhost-startStop-1] org.apache.catalina.startup.HostConfig.deployDirectory Deployment of web application directory /Users/kevin/Kevin-LASAD/Deploy/apache-tomcat-8.0.23/webapps/examples has finished in 774 ms
24-Jun-2015 13:06:04.950 INFO [localhost-startStop-1] org.apache.catalina.startup.HostConfig.deployDirectory Deploying web application directory /Users/kevin/Kevin-LASAD/Deploy/apache-tomcat-8.0.23/webapps/host-manager
24-Jun-2015 13:06:05.192 INFO [localhost-startStop-1] org.apache.catalina.startup.HostConfig.deployDirectory Deployment of web application directory /Users/kevin/Kevin-LASAD/Deploy/apache-tomcat-8.0.23/webapps/host-manager has finished in 242 ms
24-Jun-2015 13:06:05.192 INFO [localhost-startStop-1] org.apache.catalina.startup.HostConfig.deployDirectory Deploying web application directory /Users/kevin/Kevin-LASAD/Deploy/apache-tomcat-8.0.23/webapps/manager
24-Jun-2015 13:06:05.223 INFO [localhost-startStop-1] org.apache.catalina.startup.HostConfig.deployDirectory Deployment of web application directory /Users/kevin/Kevin-LASAD/Deploy/apache-tomcat-8.0.23/webapps/manager has finished in 31 ms
24-Jun-2015 13:06:05.223 INFO [localhost-startStop-1] org.apache.catalina.startup.HostConfig.deployDirectory Deploying web application directory /Users/kevin/Kevin-LASAD/Deploy/apache-tomcat-8.0.23/webapps/ROOT
24-Jun-2015 13:06:05.280 INFO [localhost-startStop-1] org.apache.catalina.startup.HostConfig.deployDirectory Deployment of web application directory /Users/kevin/Kevin-LASAD/Deploy/apache-tomcat-8.0.23/webapps/ROOT has finished in 56 ms
24-Jun-2015 13:06:05.285 INFO [main] org.apache.coyote.AbstractProtocol.start Starting ProtocolHandler ["http-nio-8080"]
24-Jun-2015 13:06:05.290 INFO [main] org.apache.coyote.AbstractProtocol.start Starting ProtocolHandler ["ajp-nio-8009"]
24-Jun-2015 13:06:05.290 INFO [main] org.apache.catalina.startup.Catalina.start Server startup in 3588 ms
24-Jun-2015 13:06:08.273 INFO [http-nio-8080-exec-4] null.null Server: Configuration changed - EventServiceConfiguration (Properties "eventservice.properties")
  Min.: 0ms; Max.: 20000ms; Timeout: 90000ms
24-Jun-2015 13:06:08.385 INFO [http-nio-8080-exec-4] de.novanic.eventservice.logger.DefaultServerLogger.log Server: Client "60733C8962A8027237875DE20ECBF5241309350569" initialized.
24-Jun-2015 13:54:03.236 INFO [main] org.apache.catalina.core.StandardServer.await A valid shutdown command was received via the shutdown port. Stopping the Server instance.
24-Jun-2015 13:54:03.242 INFO [main] org.apache.coyote.AbstractProtocol.pause Pausing ProtocolHandler ["http-nio-8080"]
24-Jun-2015 13:54:03.294 INFO [main] org.apache.coyote.AbstractProtocol.pause Pausing ProtocolHandler ["ajp-nio-8009"]
24-Jun-2015 13:54:03.344 INFO [main] org.apache.catalina.core.StandardService.stopInternal Stopping service Catalina
24-Jun-2015 13:54:03.360 INFO [localhost-startStop-2] org.apache.catalina.core.StandardWrapper.unload Waiting for 1 instance(s) to be deallocated for Servlet [eventServiceImpl]
24-Jun-2015 13:54:04.392 INFO [localhost-startStop-2] org.apache.catalina.core.StandardWrapper.unload Waiting for 1 instance(s) to be deallocated for Servlet [eventServiceImpl]
24-Jun-2015 13:54:05.424 INFO [localhost-startStop-2] org.apache.catalina.core.StandardWrapper.unload Waiting for 1 instance(s) to be deallocated for Servlet [eventServiceImpl]
24-Jun-2015 13:54:05.529 WARNING [localhost-startStop-2] org.apache.catalina.loader.WebappClassLoaderBase.clearReferencesThreads The web application [lasad] appears to have started a thread named [GWTEventService-UserActivityScheduler] but has failed to stop it. This is very likely to create a memory leak. Stack trace of thread:
 java.lang.Object.wait(Native Method)
 java.util.TimerThread.mainLoop(Timer.java:552)
 java.util.TimerThread.run(Timer.java:505)
24-Jun-2015 13:54:05.530 WARNING [localhost-startStop-2] org.apache.catalina.loader.WebappClassLoaderBase.clearReferencesThreads The web application [lasad] is still processing a request that has yet to finish. This is very likely to create a memory leak. You can control the time allowed for requests to finish by using the unloadDelay attribute of the standard Context implementation. Stack trace of request processing thread:
 java.lang.Object.wait(Native Method)
 de.novanic.eventservice.service.connection.strategy.connector.ConnectionStrategyServerConnectorAdapter.waitMaxWaitingTime(ConnectionStrategyServerConnectorAdapter.java:82)
 de.novanic.eventservice.service.connection.strategy.connector.longpolling.LongPollingServerConnector.listen(LongPollingServerConnector.java:62)
 de.novanic.eventservice.service.registry.DefaultEventRegistry.listen(DefaultEventRegistry.java:223)
 de.novanic.eventservice.service.EventServiceImpl.listen(EventServiceImpl.java:242)
 de.novanic.eventservice.service.EventServiceImpl.listen(EventServiceImpl.java:227)
 sun.reflect.GeneratedMethodAccessor36.invoke(Unknown Source)
 sun.reflect.DelegatingMethodAccessorImpl.invoke(DelegatingMethodAccessorImpl.java:43)
 java.lang.reflect.Method.invoke(Method.java:497)
 com.google.gwt.user.server.rpc.RPC.invokeAndEncodeResponse(RPC.java:561)
 com.google.gwt.user.server.rpc.RemoteServiceServlet.processCall(RemoteServiceServlet.java:208)
 com.google.gwt.user.server.rpc.RemoteServiceServlet.processPost(RemoteServiceServlet.java:248)
 com.google.gwt.user.server.rpc.AbstractRemoteServiceServlet.doPost(AbstractRemoteServiceServlet.java:62)
 javax.servlet.http.HttpServlet.service(HttpServlet.java:648)
 javax.servlet.http.HttpServlet.service(HttpServlet.java:729)
 org.apache.catalina.core.ApplicationFilterChain.internalDoFilter(ApplicationFilterChain.java:291)
 org.apache.catalina.core.ApplicationFilterChain.doFilter(ApplicationFilterChain.java:206)
 org.apache.tomcat.websocket.server.WsFilter.doFilter(WsFilter.java:52)
 org.apache.catalina.core.ApplicationFilterChain.internalDoFilter(ApplicationFilterChain.java:239)
 org.apache.catalina.core.ApplicationFilterChain.doFilter(ApplicationFilterChain.java:206)
 org.apache.catalina.core.StandardWrapperValve.invoke(StandardWrapperValve.java:219)
 org.apache.catalina.core.StandardContextValve.invoke(StandardContextValve.java:106)
 org.apache.catalina.authenticator.AuthenticatorBase.invoke(AuthenticatorBase.java:502)
 org.apache.catalina.core.StandardHostValve.invoke(StandardHostValve.java:142)
 org.apache.catalina.valves.ErrorReportValve.invoke(ErrorReportValve.java:79)
 org.apache.catalina.valves.AbstractAccessLogValve.invoke(AbstractAccessLogValve.java:617)
 org.apache.catalina.core.StandardEngineValve.invoke(StandardEngineValve.java:88)
 org.apache.catalina.connector.CoyoteAdapter.service(CoyoteAdapter.java:518)
 org.apache.coyote.http11.AbstractHttp11Processor.process(AbstractHttp11Processor.java:1091)
 org.apache.coyote.AbstractProtocol$AbstractConnectionHandler.process(AbstractProtocol.java:668)
 org.apache.tomcat.util.net.NioEndpoint$SocketProcessor.doRun(NioEndpoint.java:1521)
 org.apache.tomcat.util.net.NioEndpoint$SocketProcessor.run(NioEndpoint.java:1478)
 java.util.concurrent.ThreadPoolExecutor.runWorker(ThreadPoolExecutor.java:1142)
 java.util.concurrent.ThreadPoolExecutor$Worker.run(ThreadPoolExecutor.java:617)
 org.apache.tomcat.util.threads.TaskThread$WrappingRunnable.run(TaskThread.java:61)
 java.lang.Thread.run(Thread.java:745)
24-Jun-2015 13:54:05.549 INFO [main] org.apache.coyote.AbstractProtocol.stop Stopping ProtocolHandler ["http-nio-8080"]
24-Jun-2015 13:54:05.582 INFO [main] org.apache.coyote.AbstractProtocol.stop Stopping ProtocolHandler ["ajp-nio-8009"]
24-Jun-2015 13:54:05.632 INFO [main] org.apache.coyote.AbstractProtocol.destroy Destroying ProtocolHandler ["http-nio-8080"]
24-Jun-2015 13:54:05.633 INFO [main] org.apache.coyote.AbstractProtocol.destroy Destroying ProtocolHandler ["ajp-nio-8009"]
24-Jun-2015 14:00:34.667 INFO [main] org.apache.catalina.startup.VersionLoggerListener.log Server version:        Apache Tomcat/8.0.23
24-Jun-2015 14:00:34.669 INFO [main] org.apache.catalina.startup.VersionLoggerListener.log Server built:          May 19 2015 14:58:38 UTC
24-Jun-2015 14:00:34.669 INFO [main] org.apache.catalina.startup.VersionLoggerListener.log Server number:         8.0.23.0
24-Jun-2015 14:00:34.669 INFO [main] org.apache.catalina.startup.VersionLoggerListener.log OS Name:               Mac OS X
24-Jun-2015 14:00:34.670 INFO [main] org.apache.catalina.startup.VersionLoggerListener.log OS Version:            10.10.2
24-Jun-2015 14:00:34.670 INFO [main] org.apache.catalina.startup.VersionLoggerListener.log Architecture:          x86_64
24-Jun-2015 14:00:34.670 INFO [main] org.apache.catalina.startup.VersionLoggerListener.log Java Home:             /Library/Java/JavaVirtualMachines/jdk1.8.0_45.jdk/Contents/Home/jre
24-Jun-2015 14:00:34.670 INFO [main] org.apache.catalina.startup.VersionLoggerListener.log JVM Version:           1.8.0_45-b14
24-Jun-2015 14:00:34.670 INFO [main] org.apache.catalina.startup.VersionLoggerListener.log JVM Vendor:            Oracle Corporation
24-Jun-2015 14:00:34.670 INFO [main] org.apache.catalina.startup.VersionLoggerListener.log CATALINA_BASE:         /Users/kevin/Kevin-LASAD/Deploy/apache-tomcat-8.0.23
24-Jun-2015 14:00:34.670 INFO [main] org.apache.catalina.startup.VersionLoggerListener.log CATALINA_HOME:         /Users/kevin/Kevin-LASAD/Deploy/apache-tomcat-8.0.23
24-Jun-2015 14:00:34.671 INFO [main] org.apache.catalina.startup.VersionLoggerListener.log Command line argument: -Djava.util.logging.config.file=/Users/kevin/Kevin-LASAD/Deploy/apache-tomcat-8.0.23/conf/logging.properties
24-Jun-2015 14:00:34.671 INFO [main] org.apache.catalina.startup.VersionLoggerListener.log Command line argument: -Djava.util.logging.manager=org.apache.juli.ClassLoaderLogManager
24-Jun-2015 14:00:34.671 INFO [main] org.apache.catalina.startup.VersionLoggerListener.log Command line argument: -Djava.endorsed.dirs=/Users/kevin/Kevin-LASAD/Deploy/apache-tomcat-8.0.23/endorsed
24-Jun-2015 14:00:34.671 INFO [main] org.apache.catalina.startup.VersionLoggerListener.log Command line argument: -Dcatalina.base=/Users/kevin/Kevin-LASAD/Deploy/apache-tomcat-8.0.23
24-Jun-2015 14:00:34.671 INFO [main] org.apache.catalina.startup.VersionLoggerListener.log Command line argument: -Dcatalina.home=/Users/kevin/Kevin-LASAD/Deploy/apache-tomcat-8.0.23
24-Jun-2015 14:00:34.672 INFO [main] org.apache.catalina.startup.VersionLoggerListener.log Command line argument: -Djava.io.tmpdir=/Users/kevin/Kevin-LASAD/Deploy/apache-tomcat-8.0.23/temp
24-Jun-2015 14:00:34.672 INFO [main] org.apache.catalina.core.AprLifecycleListener.lifecycleEvent The APR based Apache Tomcat Native library which allows optimal performance in production environments was not found on the java.library.path: /Users/kevin/Library/Java/Extensions:/Library/Java/Extensions:/Network/Library/Java/Extensions:/System/Library/Java/Extensions:/usr/lib/java:.
24-Jun-2015 14:00:34.861 INFO [main] org.apache.coyote.AbstractProtocol.init Initializing ProtocolHandler ["http-nio-8080"]
24-Jun-2015 14:00:34.894 INFO [main] org.apache.tomcat.util.net.NioSelectorPool.getSharedSelector Using a shared selector for servlet write/read
24-Jun-2015 14:00:34.897 INFO [main] org.apache.coyote.AbstractProtocol.init Initializing ProtocolHandler ["ajp-nio-8009"]
24-Jun-2015 14:00:34.899 INFO [main] org.apache.tomcat.util.net.NioSelectorPool.getSharedSelector Using a shared selector for servlet write/read
24-Jun-2015 14:00:34.899 INFO [main] org.apache.catalina.startup.Catalina.load Initialization processed in 710 ms
24-Jun-2015 14:00:34.926 INFO [main] org.apache.catalina.core.StandardService.startInternal Starting service Catalina
24-Jun-2015 14:00:34.927 INFO [main] org.apache.catalina.core.StandardEngine.startInternal Starting Servlet Engine: Apache Tomcat/8.0.23
24-Jun-2015 14:00:34.955 INFO [localhost-startStop-1] org.apache.catalina.startup.HostConfig.deployWAR Deploying web application archive /Users/kevin/Kevin-LASAD/Deploy/apache-tomcat-8.0.23/webapps/lasad.war
24-Jun-2015 14:00:40.043 INFO [localhost-startStop-1] org.apache.jasper.servlet.TldScanner.scanJars At least one JAR was scanned for TLDs yet contained no TLDs. Enable debug logging for this logger for a complete list of JARs that were scanned but no TLDs were found in them. Skipping unneeded JARs during scanning can improve startup time and JSP compilation time.
24-Jun-2015 14:00:40.286 INFO [localhost-startStop-1] org.apache.catalina.startup.HostConfig.deployWAR Deployment of web application archive /Users/kevin/Kevin-LASAD/Deploy/apache-tomcat-8.0.23/webapps/lasad.war has finished in 5,329 ms
24-Jun-2015 14:00:40.288 INFO [localhost-startStop-1] org.apache.catalina.startup.HostConfig.deployDirectory Deploying web application directory /Users/kevin/Kevin-LASAD/Deploy/apache-tomcat-8.0.23/webapps/docs
24-Jun-2015 14:00:40.318 INFO [localhost-startStop-1] org.apache.catalina.startup.HostConfig.deployDirectory Deployment of web application directory /Users/kevin/Kevin-LASAD/Deploy/apache-tomcat-8.0.23/webapps/docs has finished in 31 ms
24-Jun-2015 14:00:40.319 INFO [localhost-startStop-1] org.apache.catalina.startup.HostConfig.deployDirectory Deploying web application directory /Users/kevin/Kevin-LASAD/Deploy/apache-tomcat-8.0.23/webapps/examples
24-Jun-2015 14:00:40.935 INFO [localhost-startStop-1] org.apache.catalina.startup.HostConfig.deployDirectory Deployment of web application directory /Users/kevin/Kevin-LASAD/Deploy/apache-tomcat-8.0.23/webapps/examples has finished in 594 ms
24-Jun-2015 14:00:40.935 INFO [localhost-startStop-1] org.apache.catalina.startup.HostConfig.deployDirectory Deploying web application directory /Users/kevin/Kevin-LASAD/Deploy/apache-tomcat-8.0.23/webapps/host-manager
24-Jun-2015 14:00:40.977 INFO [localhost-startStop-1] org.apache.catalina.startup.HostConfig.deployDirectory Deployment of web application directory /Users/kevin/Kevin-LASAD/Deploy/apache-tomcat-8.0.23/webapps/host-manager has finished in 42 ms
24-Jun-2015 14:00:40.978 INFO [localhost-startStop-1] org.apache.catalina.startup.HostConfig.deployDirectory Deploying web application directory /Users/kevin/Kevin-LASAD/Deploy/apache-tomcat-8.0.23/webapps/manager
24-Jun-2015 14:00:41.075 INFO [localhost-startStop-1] org.apache.catalina.startup.HostConfig.deployDirectory Deployment of web application directory /Users/kevin/Kevin-LASAD/Deploy/apache-tomcat-8.0.23/webapps/manager has finished in 97 ms
24-Jun-2015 14:00:41.075 INFO [localhost-startStop-1] org.apache.catalina.startup.HostConfig.deployDirectory Deploying web application directory /Users/kevin/Kevin-LASAD/Deploy/apache-tomcat-8.0.23/webapps/ROOT
24-Jun-2015 14:00:41.120 INFO [localhost-startStop-1] org.apache.catalina.startup.HostConfig.deployDirectory Deployment of web application directory /Users/kevin/Kevin-LASAD/Deploy/apache-tomcat-8.0.23/webapps/ROOT has finished in 45 ms
24-Jun-2015 14:00:41.127 INFO [main] org.apache.coyote.AbstractProtocol.start Starting ProtocolHandler ["http-nio-8080"]
24-Jun-2015 14:00:41.135 INFO [main] org.apache.coyote.AbstractProtocol.start Starting ProtocolHandler ["ajp-nio-8009"]
24-Jun-2015 14:00:41.136 INFO [main] org.apache.catalina.startup.Catalina.start Server startup in 6236 ms
24-Jun-2015 14:00:42.109 INFO [http-nio-8080-exec-4] null.null Server: Configuration changed - EventServiceConfiguration (Properties "eventservice.properties")
  Min.: 0ms; Max.: 20000ms; Timeout: 90000ms
24-Jun-2015 14:00:42.237 INFO [http-nio-8080-exec-4] de.novanic.eventservice.logger.DefaultServerLogger.log Server: Client "8650A5FDF68F911E2BB2FDCDB721ECE91566005599" initialized.
24-Jun-2015 14:29:47.102 INFO [main] org.apache.catalina.core.StandardServer.await A valid shutdown command was received via the shutdown port. Stopping the Server instance.
24-Jun-2015 14:29:47.107 INFO [main] org.apache.coyote.AbstractProtocol.pause Pausing ProtocolHandler ["http-nio-8080"]
24-Jun-2015 14:29:47.160 INFO [main] org.apache.coyote.AbstractProtocol.pause Pausing ProtocolHandler ["ajp-nio-8009"]
24-Jun-2015 14:29:47.211 INFO [main] org.apache.catalina.core.StandardService.stopInternal Stopping service Catalina
24-Jun-2015 14:29:47.228 INFO [localhost-startStop-2] org.apache.catalina.core.StandardWrapper.unload Waiting for 1 instance(s) to be deallocated for Servlet [eventServiceImpl]
24-Jun-2015 14:29:48.252 INFO [localhost-startStop-2] org.apache.catalina.core.StandardWrapper.unload Waiting for 1 instance(s) to be deallocated for Servlet [eventServiceImpl]
24-Jun-2015 14:29:49.275 INFO [localhost-startStop-2] org.apache.catalina.core.StandardWrapper.unload Waiting for 1 instance(s) to be deallocated for Servlet [eventServiceImpl]
24-Jun-2015 14:29:49.387 WARNING [localhost-startStop-2] org.apache.catalina.loader.WebappClassLoaderBase.clearReferencesThreads The web application [lasad] is still processing a request that has yet to finish. This is very likely to create a memory leak. You can control the time allowed for requests to finish by using the unloadDelay attribute of the standard Context implementation. Stack trace of request processing thread:
 java.lang.Object.wait(Native Method)
 de.novanic.eventservice.service.connection.strategy.connector.ConnectionStrategyServerConnectorAdapter.waitMaxWaitingTime(ConnectionStrategyServerConnectorAdapter.java:82)
 de.novanic.eventservice.service.connection.strategy.connector.longpolling.LongPollingServerConnector.listen(LongPollingServerConnector.java:62)
 de.novanic.eventservice.service.registry.DefaultEventRegistry.listen(DefaultEventRegistry.java:223)
 de.novanic.eventservice.service.EventServiceImpl.listen(EventServiceImpl.java:242)
 de.novanic.eventservice.service.EventServiceImpl.listen(EventServiceImpl.java:227)
 sun.reflect.GeneratedMethodAccessor36.invoke(Unknown Source)
 sun.reflect.DelegatingMethodAccessorImpl.invoke(DelegatingMethodAccessorImpl.java:43)
 java.lang.reflect.Method.invoke(Method.java:497)
 com.google.gwt.user.server.rpc.RPC.invokeAndEncodeResponse(RPC.java:561)
 com.google.gwt.user.server.rpc.RemoteServiceServlet.processCall(RemoteServiceServlet.java:208)
 com.google.gwt.user.server.rpc.RemoteServiceServlet.processPost(RemoteServiceServlet.java:248)
 com.google.gwt.user.server.rpc.AbstractRemoteServiceServlet.doPost(AbstractRemoteServiceServlet.java:62)
 javax.servlet.http.HttpServlet.service(HttpServlet.java:648)
 javax.servlet.http.HttpServlet.service(HttpServlet.java:729)
 org.apache.catalina.core.ApplicationFilterChain.internalDoFilter(ApplicationFilterChain.java:291)
 org.apache.catalina.core.ApplicationFilterChain.doFilter(ApplicationFilterChain.java:206)
 org.apache.tomcat.websocket.server.WsFilter.doFilter(WsFilter.java:52)
 org.apache.catalina.core.ApplicationFilterChain.internalDoFilter(ApplicationFilterChain.java:239)
 org.apache.catalina.core.ApplicationFilterChain.doFilter(ApplicationFilterChain.java:206)
 org.apache.catalina.core.StandardWrapperValve.invoke(StandardWrapperValve.java:219)
 org.apache.catalina.core.StandardContextValve.invoke(StandardContextValve.java:106)
 org.apache.catalina.authenticator.AuthenticatorBase.invoke(AuthenticatorBase.java:502)
 org.apache.catalina.core.StandardHostValve.invoke(StandardHostValve.java:142)
 org.apache.catalina.valves.ErrorReportValve.invoke(ErrorReportValve.java:79)
 org.apache.catalina.valves.AbstractAccessLogValve.invoke(AbstractAccessLogValve.java:617)
 org.apache.catalina.core.StandardEngineValve.invoke(StandardEngineValve.java:88)
 org.apache.catalina.connector.CoyoteAdapter.service(CoyoteAdapter.java:518)
 org.apache.coyote.http11.AbstractHttp11Processor.process(AbstractHttp11Processor.java:1091)
 org.apache.coyote.AbstractProtocol$AbstractConnectionHandler.process(AbstractProtocol.java:668)
 org.apache.tomcat.util.net.NioEndpoint$SocketProcessor.doRun(NioEndpoint.java:1521)
 org.apache.tomcat.util.net.NioEndpoint$SocketProcessor.run(NioEndpoint.java:1478)
 java.util.concurrent.ThreadPoolExecutor.runWorker(ThreadPoolExecutor.java:1142)
 java.util.concurrent.ThreadPoolExecutor$Worker.run(ThreadPoolExecutor.java:617)
 org.apache.tomcat.util.threads.TaskThread$WrappingRunnable.run(TaskThread.java:61)
 java.lang.Thread.run(Thread.java:745)
24-Jun-2015 14:29:49.387 WARNING [localhost-startStop-2] org.apache.catalina.loader.WebappClassLoaderBase.clearReferencesThreads The web application [lasad] appears to have started a thread named [GWTEventService-UserActivityScheduler] but has failed to stop it. This is very likely to create a memory leak. Stack trace of thread:
 java.lang.Object.wait(Native Method)
 java.util.TimerThread.mainLoop(Timer.java:552)
 java.util.TimerThread.run(Timer.java:505)
24-Jun-2015 14:29:49.407 INFO [main] org.apache.coyote.AbstractProtocol.stop Stopping ProtocolHandler ["http-nio-8080"]
24-Jun-2015 14:29:49.512 INFO [main] org.apache.coyote.AbstractProtocol.stop Stopping ProtocolHandler ["ajp-nio-8009"]
24-Jun-2015 14:29:49.614 INFO [main] org.apache.coyote.AbstractProtocol.destroy Destroying ProtocolHandler ["http-nio-8080"]
24-Jun-2015 14:29:49.615 INFO [main] org.apache.coyote.AbstractProtocol.destroy Destroying ProtocolHandler ["ajp-nio-8009"]
24-Jun-2015 15:10:47.074 INFO [main] org.apache.catalina.startup.VersionLoggerListener.log Server version:        Apache Tomcat/8.0.23
24-Jun-2015 15:10:47.082 INFO [main] org.apache.catalina.startup.VersionLoggerListener.log Server built:          May 19 2015 14:58:38 UTC
24-Jun-2015 15:10:47.082 INFO [main] org.apache.catalina.startup.VersionLoggerListener.log Server number:         8.0.23.0
24-Jun-2015 15:10:47.082 INFO [main] org.apache.catalina.startup.VersionLoggerListener.log OS Name:               Mac OS X
24-Jun-2015 15:10:47.082 INFO [main] org.apache.catalina.startup.VersionLoggerListener.log OS Version:            10.10.2
24-Jun-2015 15:10:47.082 INFO [main] org.apache.catalina.startup.VersionLoggerListener.log Architecture:          x86_64
24-Jun-2015 15:10:47.082 INFO [main] org.apache.catalina.startup.VersionLoggerListener.log Java Home:             /Library/Java/JavaVirtualMachines/jdk1.8.0_45.jdk/Contents/Home/jre
24-Jun-2015 15:10:47.082 INFO [main] org.apache.catalina.startup.VersionLoggerListener.log JVM Version:           1.8.0_45-b14
24-Jun-2015 15:10:47.083 INFO [main] org.apache.catalina.startup.VersionLoggerListener.log JVM Vendor:            Oracle Corporation
24-Jun-2015 15:10:47.083 INFO [main] org.apache.catalina.startup.VersionLoggerListener.log CATALINA_BASE:         /Users/kevin/Kevin-LASAD/Deploy/apache-tomcat-8.0.23
24-Jun-2015 15:10:47.083 INFO [main] org.apache.catalina.startup.VersionLoggerListener.log CATALINA_HOME:         /Users/kevin/Kevin-LASAD/Deploy/apache-tomcat-8.0.23
24-Jun-2015 15:10:47.083 INFO [main] org.apache.catalina.startup.VersionLoggerListener.log Command line argument: -Djava.util.logging.config.file=/Users/kevin/Kevin-LASAD/Deploy/apache-tomcat-8.0.23/conf/logging.properties
24-Jun-2015 15:10:47.083 INFO [main] org.apache.catalina.startup.VersionLoggerListener.log Command line argument: -Djava.util.logging.manager=org.apache.juli.ClassLoaderLogManager
24-Jun-2015 15:10:47.083 INFO [main] org.apache.catalina.startup.VersionLoggerListener.log Command line argument: -Djava.endorsed.dirs=/Users/kevin/Kevin-LASAD/Deploy/apache-tomcat-8.0.23/endorsed
24-Jun-2015 15:10:47.084 INFO [main] org.apache.catalina.startup.VersionLoggerListener.log Command line argument: -Dcatalina.base=/Users/kevin/Kevin-LASAD/Deploy/apache-tomcat-8.0.23
24-Jun-2015 15:10:47.084 INFO [main] org.apache.catalina.startup.VersionLoggerListener.log Command line argument: -Dcatalina.home=/Users/kevin/Kevin-LASAD/Deploy/apache-tomcat-8.0.23
24-Jun-2015 15:10:47.084 INFO [main] org.apache.catalina.startup.VersionLoggerListener.log Command line argument: -Djava.io.tmpdir=/Users/kevin/Kevin-LASAD/Deploy/apache-tomcat-8.0.23/temp
24-Jun-2015 15:10:47.084 INFO [main] org.apache.catalina.core.AprLifecycleListener.lifecycleEvent The APR based Apache Tomcat Native library which allows optimal performance in production environments was not found on the java.library.path: /Users/kevin/Library/Java/Extensions:/Library/Java/Extensions:/Network/Library/Java/Extensions:/System/Library/Java/Extensions:/usr/lib/java:.
24-Jun-2015 15:10:47.270 INFO [main] org.apache.coyote.AbstractProtocol.init Initializing ProtocolHandler ["http-nio-8080"]
24-Jun-2015 15:10:47.298 INFO [main] org.apache.tomcat.util.net.NioSelectorPool.getSharedSelector Using a shared selector for servlet write/read
24-Jun-2015 15:10:47.302 INFO [main] org.apache.coyote.AbstractProtocol.init Initializing ProtocolHandler ["ajp-nio-8009"]
24-Jun-2015 15:10:47.304 INFO [main] org.apache.tomcat.util.net.NioSelectorPool.getSharedSelector Using a shared selector for servlet write/read
24-Jun-2015 15:10:47.304 INFO [main] org.apache.catalina.startup.Catalina.load Initialization processed in 710 ms
24-Jun-2015 15:10:47.331 INFO [main] org.apache.catalina.core.StandardService.startInternal Starting service Catalina
24-Jun-2015 15:10:47.331 INFO [main] org.apache.catalina.core.StandardEngine.startInternal Starting Servlet Engine: Apache Tomcat/8.0.23
24-Jun-2015 15:10:47.358 INFO [localhost-startStop-1] org.apache.catalina.startup.HostConfig.deployWAR Deploying web application archive /Users/kevin/Kevin-LASAD/Deploy/apache-tomcat-8.0.23/webapps/lasad.war
24-Jun-2015 15:10:50.516 INFO [localhost-startStop-1] org.apache.jasper.servlet.TldScanner.scanJars At least one JAR was scanned for TLDs yet contained no TLDs. Enable debug logging for this logger for a complete list of JARs that were scanned but no TLDs were found in them. Skipping unneeded JARs during scanning can improve startup time and JSP compilation time.
24-Jun-2015 15:10:50.619 INFO [localhost-startStop-1] org.apache.catalina.startup.HostConfig.deployWAR Deployment of web application archive /Users/kevin/Kevin-LASAD/Deploy/apache-tomcat-8.0.23/webapps/lasad.war has finished in 3,260 ms
24-Jun-2015 15:10:50.621 INFO [localhost-startStop-1] org.apache.catalina.startup.HostConfig.deployDirectory Deploying web application directory /Users/kevin/Kevin-LASAD/Deploy/apache-tomcat-8.0.23/webapps/docs
24-Jun-2015 15:10:50.642 INFO [localhost-startStop-1] org.apache.catalina.startup.HostConfig.deployDirectory Deployment of web application directory /Users/kevin/Kevin-LASAD/Deploy/apache-tomcat-8.0.23/webapps/docs has finished in 21 ms
24-Jun-2015 15:10:50.642 INFO [localhost-startStop-1] org.apache.catalina.startup.HostConfig.deployDirectory Deploying web application directory /Users/kevin/Kevin-LASAD/Deploy/apache-tomcat-8.0.23/webapps/examples
24-Jun-2015 15:10:50.897 INFO [localhost-startStop-1] org.apache.catalina.startup.HostConfig.deployDirectory Deployment of web application directory /Users/kevin/Kevin-LASAD/Deploy/apache-tomcat-8.0.23/webapps/examples has finished in 255 ms
24-Jun-2015 15:10:50.897 INFO [localhost-startStop-1] org.apache.catalina.startup.HostConfig.deployDirectory Deploying web application directory /Users/kevin/Kevin-LASAD/Deploy/apache-tomcat-8.0.23/webapps/host-manager
24-Jun-2015 15:10:50.923 INFO [localhost-startStop-1] org.apache.catalina.startup.HostConfig.deployDirectory Deployment of web application directory /Users/kevin/Kevin-LASAD/Deploy/apache-tomcat-8.0.23/webapps/host-manager has finished in 26 ms
24-Jun-2015 15:10:50.924 INFO [localhost-startStop-1] org.apache.catalina.startup.HostConfig.deployDirectory Deploying web application directory /Users/kevin/Kevin-LASAD/Deploy/apache-tomcat-8.0.23/webapps/manager
24-Jun-2015 15:10:50.951 INFO [localhost-startStop-1] org.apache.catalina.startup.HostConfig.deployDirectory Deployment of web application directory /Users/kevin/Kevin-LASAD/Deploy/apache-tomcat-8.0.23/webapps/manager has finished in 26 ms
24-Jun-2015 15:10:50.951 INFO [localhost-startStop-1] org.apache.catalina.startup.HostConfig.deployDirectory Deploying web application directory /Users/kevin/Kevin-LASAD/Deploy/apache-tomcat-8.0.23/webapps/ROOT
24-Jun-2015 15:10:50.968 INFO [localhost-startStop-1] org.apache.catalina.startup.HostConfig.deployDirectory Deployment of web application directory /Users/kevin/Kevin-LASAD/Deploy/apache-tomcat-8.0.23/webapps/ROOT has finished in 17 ms
24-Jun-2015 15:10:50.973 INFO [main] org.apache.coyote.AbstractProtocol.start Starting ProtocolHandler ["http-nio-8080"]
24-Jun-2015 15:10:50.979 INFO [main] org.apache.coyote.AbstractProtocol.start Starting ProtocolHandler ["ajp-nio-8009"]
24-Jun-2015 15:10:50.980 INFO [main] org.apache.catalina.startup.Catalina.start Server startup in 3675 ms
24-Jun-2015 15:11:26.290 INFO [http-nio-8080-exec-5] null.null Server: Configuration changed - EventServiceConfiguration (Properties "eventservice.properties")
  Min.: 0ms; Max.: 20000ms; Timeout: 90000ms
24-Jun-2015 15:11:26.455 INFO [http-nio-8080-exec-5] null.null Server: Client "471E3C8228625FAFE9547F615A88D0B41215895384" initialized.
24-Jun-2015 16:30:53.294 INFO [main] org.apache.catalina.core.StandardServer.await A valid shutdown command was received via the shutdown port. Stopping the Server instance.
24-Jun-2015 16:30:53.299 INFO [main] org.apache.coyote.AbstractProtocol.pause Pausing ProtocolHandler ["http-nio-8080"]
24-Jun-2015 16:30:53.356 INFO [main] org.apache.coyote.AbstractProtocol.pause Pausing ProtocolHandler ["ajp-nio-8009"]
24-Jun-2015 16:30:53.412 INFO [main] org.apache.catalina.core.StandardService.stopInternal Stopping service Catalina
24-Jun-2015 16:30:53.429 WARNING [localhost-startStop-2] org.apache.catalina.loader.WebappClassLoaderBase.clearReferencesThreads The web application [lasad] appears to have started a thread named [GWTEventService-UserActivityScheduler] but has failed to stop it. This is very likely to create a memory leak. Stack trace of thread:
 java.lang.Object.wait(Native Method)
 java.util.TimerThread.mainLoop(Timer.java:552)
 java.util.TimerThread.run(Timer.java:505)
24-Jun-2015 16:30:53.460 INFO [main] org.apache.coyote.AbstractProtocol.stop Stopping ProtocolHandler ["http-nio-8080"]
24-Jun-2015 16:30:53.552 INFO [main] org.apache.coyote.AbstractProtocol.stop Stopping ProtocolHandler ["ajp-nio-8009"]
24-Jun-2015 16:30:53.654 INFO [main] org.apache.coyote.AbstractProtocol.destroy Destroying ProtocolHandler ["http-nio-8080"]
24-Jun-2015 16:30:53.655 INFO [main] org.apache.coyote.AbstractProtocol.destroy Destroying ProtocolHandler ["ajp-nio-8009"]
24-Jun-2015 16:34:46.617 INFO [main] org.apache.catalina.startup.VersionLoggerListener.log Server version:        Apache Tomcat/8.0.23
24-Jun-2015 16:34:46.619 INFO [main] org.apache.catalina.startup.VersionLoggerListener.log Server built:          May 19 2015 14:58:38 UTC
24-Jun-2015 16:34:46.619 INFO [main] org.apache.catalina.startup.VersionLoggerListener.log Server number:         8.0.23.0
24-Jun-2015 16:34:46.620 INFO [main] org.apache.catalina.startup.VersionLoggerListener.log OS Name:               Mac OS X
24-Jun-2015 16:34:46.620 INFO [main] org.apache.catalina.startup.VersionLoggerListener.log OS Version:            10.10.2
24-Jun-2015 16:34:46.620 INFO [main] org.apache.catalina.startup.VersionLoggerListener.log Architecture:          x86_64
24-Jun-2015 16:34:46.620 INFO [main] org.apache.catalina.startup.VersionLoggerListener.log Java Home:             /Library/Java/JavaVirtualMachines/jdk1.8.0_45.jdk/Contents/Home/jre
24-Jun-2015 16:34:46.621 INFO [main] org.apache.catalina.startup.VersionLoggerListener.log JVM Version:           1.8.0_45-b14
24-Jun-2015 16:34:46.621 INFO [main] org.apache.catalina.startup.VersionLoggerListener.log JVM Vendor:            Oracle Corporation
24-Jun-2015 16:34:46.621 INFO [main] org.apache.catalina.startup.VersionLoggerListener.log CATALINA_BASE:         /Users/kevin/Kevin-LASAD/Deploy/apache-tomcat-8.0.23
24-Jun-2015 16:34:46.621 INFO [main] org.apache.catalina.startup.VersionLoggerListener.log CATALINA_HOME:         /Users/kevin/Kevin-LASAD/Deploy/apache-tomcat-8.0.23
24-Jun-2015 16:34:46.622 INFO [main] org.apache.catalina.startup.VersionLoggerListener.log Command line argument: -Djava.util.logging.config.file=/Users/kevin/Kevin-LASAD/Deploy/apache-tomcat-8.0.23/conf/logging.properties
24-Jun-2015 16:34:46.622 INFO [main] org.apache.catalina.startup.VersionLoggerListener.log Command line argument: -Djava.util.logging.manager=org.apache.juli.ClassLoaderLogManager
24-Jun-2015 16:34:46.622 INFO [main] org.apache.catalina.startup.VersionLoggerListener.log Command line argument: -Djava.endorsed.dirs=/Users/kevin/Kevin-LASAD/Deploy/apache-tomcat-8.0.23/endorsed
24-Jun-2015 16:34:46.622 INFO [main] org.apache.catalina.startup.VersionLoggerListener.log Command line argument: -Dcatalina.base=/Users/kevin/Kevin-LASAD/Deploy/apache-tomcat-8.0.23
24-Jun-2015 16:34:46.622 INFO [main] org.apache.catalina.startup.VersionLoggerListener.log Command line argument: -Dcatalina.home=/Users/kevin/Kevin-LASAD/Deploy/apache-tomcat-8.0.23
24-Jun-2015 16:34:46.622 INFO [main] org.apache.catalina.startup.VersionLoggerListener.log Command line argument: -Djava.io.tmpdir=/Users/kevin/Kevin-LASAD/Deploy/apache-tomcat-8.0.23/temp
24-Jun-2015 16:34:46.622 INFO [main] org.apache.catalina.core.AprLifecycleListener.lifecycleEvent The APR based Apache Tomcat Native library which allows optimal performance in production environments was not found on the java.library.path: /Users/kevin/Library/Java/Extensions:/Library/Java/Extensions:/Network/Library/Java/Extensions:/System/Library/Java/Extensions:/usr/lib/java:.
24-Jun-2015 16:34:46.820 INFO [main] org.apache.coyote.AbstractProtocol.init Initializing ProtocolHandler ["http-nio-8080"]
24-Jun-2015 16:34:46.844 INFO [main] org.apache.tomcat.util.net.NioSelectorPool.getSharedSelector Using a shared selector for servlet write/read
24-Jun-2015 16:34:46.846 INFO [main] org.apache.coyote.AbstractProtocol.init Initializing ProtocolHandler ["ajp-nio-8009"]
24-Jun-2015 16:34:46.848 INFO [main] org.apache.tomcat.util.net.NioSelectorPool.getSharedSelector Using a shared selector for servlet write/read
24-Jun-2015 16:34:46.848 INFO [main] org.apache.catalina.startup.Catalina.load Initialization processed in 785 ms
24-Jun-2015 16:34:46.874 INFO [main] org.apache.catalina.core.StandardService.startInternal Starting service Catalina
24-Jun-2015 16:34:46.874 INFO [main] org.apache.catalina.core.StandardEngine.startInternal Starting Servlet Engine: Apache Tomcat/8.0.23
24-Jun-2015 16:34:46.892 INFO [localhost-startStop-1] org.apache.catalina.startup.HostConfig.deployWAR Deploying web application archive /Users/kevin/Kevin-LASAD/Deploy/apache-tomcat-8.0.23/webapps/lasad.war
24-Jun-2015 16:34:49.785 INFO [localhost-startStop-1] org.apache.jasper.servlet.TldScanner.scanJars At least one JAR was scanned for TLDs yet contained no TLDs. Enable debug logging for this logger for a complete list of JARs that were scanned but no TLDs were found in them. Skipping unneeded JARs during scanning can improve startup time and JSP compilation time.
24-Jun-2015 16:34:49.844 INFO [localhost-startStop-1] org.apache.catalina.startup.HostConfig.deployWAR Deployment of web application archive /Users/kevin/Kevin-LASAD/Deploy/apache-tomcat-8.0.23/webapps/lasad.war has finished in 2,951 ms
24-Jun-2015 16:34:49.845 INFO [localhost-startStop-1] org.apache.catalina.startup.HostConfig.deployDirectory Deploying web application directory /Users/kevin/Kevin-LASAD/Deploy/apache-tomcat-8.0.23/webapps/docs
24-Jun-2015 16:34:49.862 INFO [localhost-startStop-1] org.apache.catalina.startup.HostConfig.deployDirectory Deployment of web application directory /Users/kevin/Kevin-LASAD/Deploy/apache-tomcat-8.0.23/webapps/docs has finished in 17 ms
24-Jun-2015 16:34:49.863 INFO [localhost-startStop-1] org.apache.catalina.startup.HostConfig.deployDirectory Deploying web application directory /Users/kevin/Kevin-LASAD/Deploy/apache-tomcat-8.0.23/webapps/examples
24-Jun-2015 16:34:50.108 INFO [localhost-startStop-1] org.apache.catalina.startup.HostConfig.deployDirectory Deployment of web application directory /Users/kevin/Kevin-LASAD/Deploy/apache-tomcat-8.0.23/webapps/examples has finished in 245 ms
24-Jun-2015 16:34:50.108 INFO [localhost-startStop-1] org.apache.catalina.startup.HostConfig.deployDirectory Deploying web application directory /Users/kevin/Kevin-LASAD/Deploy/apache-tomcat-8.0.23/webapps/host-manager
24-Jun-2015 16:34:50.131 INFO [localhost-startStop-1] org.apache.catalina.startup.HostConfig.deployDirectory Deployment of web application directory /Users/kevin/Kevin-LASAD/Deploy/apache-tomcat-8.0.23/webapps/host-manager has finished in 23 ms
24-Jun-2015 16:34:50.132 INFO [localhost-startStop-1] org.apache.catalina.startup.HostConfig.deployDirectory Deploying web application directory /Users/kevin/Kevin-LASAD/Deploy/apache-tomcat-8.0.23/webapps/manager
24-Jun-2015 16:34:50.155 INFO [localhost-startStop-1] org.apache.catalina.startup.HostConfig.deployDirectory Deployment of web application directory /Users/kevin/Kevin-LASAD/Deploy/apache-tomcat-8.0.23/webapps/manager has finished in 22 ms
24-Jun-2015 16:34:50.155 INFO [localhost-startStop-1] org.apache.catalina.startup.HostConfig.deployDirectory Deploying web application directory /Users/kevin/Kevin-LASAD/Deploy/apache-tomcat-8.0.23/webapps/ROOT
24-Jun-2015 16:34:50.170 INFO [localhost-startStop-1] org.apache.catalina.startup.HostConfig.deployDirectory Deployment of web application directory /Users/kevin/Kevin-LASAD/Deploy/apache-tomcat-8.0.23/webapps/ROOT has finished in 15 ms
24-Jun-2015 16:34:50.175 INFO [main] org.apache.coyote.AbstractProtocol.start Starting ProtocolHandler ["http-nio-8080"]
24-Jun-2015 16:34:50.180 INFO [main] org.apache.coyote.AbstractProtocol.start Starting ProtocolHandler ["ajp-nio-8009"]
24-Jun-2015 16:34:50.181 INFO [main] org.apache.catalina.startup.Catalina.start Server startup in 3332 ms
24-Jun-2015 16:35:06.460 INFO [http-nio-8080-exec-3] de.novanic.eventservice.logger.DefaultServerLogger.log Server: Configuration changed - EventServiceConfiguration (Properties "eventservice.properties")
  Min.: 0ms; Max.: 20000ms; Timeout: 90000ms
24-Jun-2015 16:35:06.733 INFO [http-nio-8080-exec-3] null.null Server: Client "4D9B4878470DB473F1E474D5DD60945E-818154050" initialized.
24-Jun-2015 16:41:01.555 INFO [main] org.apache.catalina.core.StandardServer.await A valid shutdown command was received via the shutdown port. Stopping the Server instance.
24-Jun-2015 16:41:01.555 INFO [main] org.apache.coyote.AbstractProtocol.pause Pausing ProtocolHandler ["http-nio-8080"]
24-Jun-2015 16:41:01.608 INFO [main] org.apache.coyote.AbstractProtocol.pause Pausing ProtocolHandler ["ajp-nio-8009"]
24-Jun-2015 16:41:01.663 INFO [main] org.apache.catalina.core.StandardService.stopInternal Stopping service Catalina
24-Jun-2015 16:41:01.675 INFO [localhost-startStop-2] org.apache.catalina.core.StandardWrapper.unload Waiting for 1 instance(s) to be deallocated for Servlet [eventServiceImpl]
24-Jun-2015 16:41:02.705 INFO [localhost-startStop-2] org.apache.catalina.core.StandardWrapper.unload Waiting for 1 instance(s) to be deallocated for Servlet [eventServiceImpl]
24-Jun-2015 16:41:03.739 INFO [localhost-startStop-2] org.apache.catalina.core.StandardWrapper.unload Waiting for 1 instance(s) to be deallocated for Servlet [eventServiceImpl]
24-Jun-2015 16:41:03.850 WARNING [localhost-startStop-2] org.apache.catalina.loader.WebappClassLoaderBase.clearReferencesThreads The web application [lasad] is still processing a request that has yet to finish. This is very likely to create a memory leak. You can control the time allowed for requests to finish by using the unloadDelay attribute of the standard Context implementation. Stack trace of request processing thread:
 java.lang.Object.wait(Native Method)
 de.novanic.eventservice.service.connection.strategy.connector.ConnectionStrategyServerConnectorAdapter.waitMaxWaitingTime(ConnectionStrategyServerConnectorAdapter.java:82)
 de.novanic.eventservice.service.connection.strategy.connector.longpolling.LongPollingServerConnector.listen(LongPollingServerConnector.java:62)
 de.novanic.eventservice.service.registry.DefaultEventRegistry.listen(DefaultEventRegistry.java:223)
 de.novanic.eventservice.service.EventServiceImpl.listen(EventServiceImpl.java:242)
 de.novanic.eventservice.service.EventServiceImpl.listen(EventServiceImpl.java:227)
 sun.reflect.GeneratedMethodAccessor36.invoke(Unknown Source)
 sun.reflect.DelegatingMethodAccessorImpl.invoke(DelegatingMethodAccessorImpl.java:43)
 java.lang.reflect.Method.invoke(Method.java:497)
 com.google.gwt.user.server.rpc.RPC.invokeAndEncodeResponse(RPC.java:561)
 com.google.gwt.user.server.rpc.RemoteServiceServlet.processCall(RemoteServiceServlet.java:208)
 com.google.gwt.user.server.rpc.RemoteServiceServlet.processPost(RemoteServiceServlet.java:248)
 com.google.gwt.user.server.rpc.AbstractRemoteServiceServlet.doPost(AbstractRemoteServiceServlet.java:62)
 javax.servlet.http.HttpServlet.service(HttpServlet.java:648)
 javax.servlet.http.HttpServlet.service(HttpServlet.java:729)
 org.apache.catalina.core.ApplicationFilterChain.internalDoFilter(ApplicationFilterChain.java:291)
 org.apache.catalina.core.ApplicationFilterChain.doFilter(ApplicationFilterChain.java:206)
 org.apache.tomcat.websocket.server.WsFilter.doFilter(WsFilter.java:52)
 org.apache.catalina.core.ApplicationFilterChain.internalDoFilter(ApplicationFilterChain.java:239)
 org.apache.catalina.core.ApplicationFilterChain.doFilter(ApplicationFilterChain.java:206)
 org.apache.catalina.core.StandardWrapperValve.invoke(StandardWrapperValve.java:219)
 org.apache.catalina.core.StandardContextValve.invoke(StandardContextValve.java:106)
 org.apache.catalina.authenticator.AuthenticatorBase.invoke(AuthenticatorBase.java:502)
 org.apache.catalina.core.StandardHostValve.invoke(StandardHostValve.java:142)
 org.apache.catalina.valves.ErrorReportValve.invoke(ErrorReportValve.java:79)
 org.apache.catalina.valves.AbstractAccessLogValve.invoke(AbstractAccessLogValve.java:617)
 org.apache.catalina.core.StandardEngineValve.invoke(StandardEngineValve.java:88)
 org.apache.catalina.connector.CoyoteAdapter.service(CoyoteAdapter.java:518)
 org.apache.coyote.http11.AbstractHttp11Processor.process(AbstractHttp11Processor.java:1091)
 org.apache.coyote.AbstractProtocol$AbstractConnectionHandler.process(AbstractProtocol.java:668)
 org.apache.tomcat.util.net.NioEndpoint$SocketProcessor.doRun(NioEndpoint.java:1521)
 org.apache.tomcat.util.net.NioEndpoint$SocketProcessor.run(NioEndpoint.java:1478)
 java.util.concurrent.ThreadPoolExecutor.runWorker(ThreadPoolExecutor.java:1142)
 java.util.concurrent.ThreadPoolExecutor$Worker.run(ThreadPoolExecutor.java:617)
 org.apache.tomcat.util.threads.TaskThread$WrappingRunnable.run(TaskThread.java:61)
 java.lang.Thread.run(Thread.java:745)
24-Jun-2015 16:41:03.851 WARNING [localhost-startStop-2] org.apache.catalina.loader.WebappClassLoaderBase.clearReferencesThreads The web application [lasad] appears to have started a thread named [GWTEventService-UserActivityScheduler] but has failed to stop it. This is very likely to create a memory leak. Stack trace of thread:
 java.lang.Object.wait(Native Method)
 java.util.TimerThread.mainLoop(Timer.java:552)
 java.util.TimerThread.run(Timer.java:505)
24-Jun-2015 16:41:03.877 INFO [main] org.apache.coyote.AbstractProtocol.stop Stopping ProtocolHandler ["http-nio-8080"]
24-Jun-2015 16:41:03.949 INFO [main] org.apache.coyote.AbstractProtocol.stop Stopping ProtocolHandler ["ajp-nio-8009"]
24-Jun-2015 16:41:04.027 INFO [main] org.apache.coyote.AbstractProtocol.destroy Destroying ProtocolHandler ["http-nio-8080"]
24-Jun-2015 16:41:04.027 INFO [main] org.apache.coyote.AbstractProtocol.destroy Destroying ProtocolHandler ["ajp-nio-8009"]
24-Jun-2015 16:47:24.588 INFO [main] org.apache.catalina.startup.VersionLoggerListener.log Server version:        Apache Tomcat/8.0.23
24-Jun-2015 16:47:24.590 INFO [main] org.apache.catalina.startup.VersionLoggerListener.log Server built:          May 19 2015 14:58:38 UTC
24-Jun-2015 16:47:24.590 INFO [main] org.apache.catalina.startup.VersionLoggerListener.log Server number:         8.0.23.0
24-Jun-2015 16:47:24.590 INFO [main] org.apache.catalina.startup.VersionLoggerListener.log OS Name:               Mac OS X
24-Jun-2015 16:47:24.590 INFO [main] org.apache.catalina.startup.VersionLoggerListener.log OS Version:            10.10.2
24-Jun-2015 16:47:24.591 INFO [main] org.apache.catalina.startup.VersionLoggerListener.log Architecture:          x86_64
24-Jun-2015 16:47:24.591 INFO [main] org.apache.catalina.startup.VersionLoggerListener.log Java Home:             /Library/Java/JavaVirtualMachines/jdk1.8.0_45.jdk/Contents/Home/jre
24-Jun-2015 16:47:24.591 INFO [main] org.apache.catalina.startup.VersionLoggerListener.log JVM Version:           1.8.0_45-b14
24-Jun-2015 16:47:24.591 INFO [main] org.apache.catalina.startup.VersionLoggerListener.log JVM Vendor:            Oracle Corporation
24-Jun-2015 16:47:24.591 INFO [main] org.apache.catalina.startup.VersionLoggerListener.log CATALINA_BASE:         /Users/kevin/Kevin-LASAD/Deploy/apache-tomcat-8.0.23
24-Jun-2015 16:47:24.591 INFO [main] org.apache.catalina.startup.VersionLoggerListener.log CATALINA_HOME:         /Users/kevin/Kevin-LASAD/Deploy/apache-tomcat-8.0.23
24-Jun-2015 16:47:24.592 INFO [main] org.apache.catalina.startup.VersionLoggerListener.log Command line argument: -Djava.util.logging.config.file=/Users/kevin/Kevin-LASAD/Deploy/apache-tomcat-8.0.23/conf/logging.properties
24-Jun-2015 16:47:24.592 INFO [main] org.apache.catalina.startup.VersionLoggerListener.log Command line argument: -Djava.util.logging.manager=org.apache.juli.ClassLoaderLogManager
24-Jun-2015 16:47:24.592 INFO [main] org.apache.catalina.startup.VersionLoggerListener.log Command line argument: -Djava.endorsed.dirs=/Users/kevin/Kevin-LASAD/Deploy/apache-tomcat-8.0.23/endorsed
24-Jun-2015 16:47:24.592 INFO [main] org.apache.catalina.startup.VersionLoggerListener.log Command line argument: -Dcatalina.base=/Users/kevin/Kevin-LASAD/Deploy/apache-tomcat-8.0.23
24-Jun-2015 16:47:24.592 INFO [main] org.apache.catalina.startup.VersionLoggerListener.log Command line argument: -Dcatalina.home=/Users/kevin/Kevin-LASAD/Deploy/apache-tomcat-8.0.23
24-Jun-2015 16:47:24.592 INFO [main] org.apache.catalina.startup.VersionLoggerListener.log Command line argument: -Djava.io.tmpdir=/Users/kevin/Kevin-LASAD/Deploy/apache-tomcat-8.0.23/temp
24-Jun-2015 16:47:24.593 INFO [main] org.apache.catalina.core.AprLifecycleListener.lifecycleEvent The APR based Apache Tomcat Native library which allows optimal performance in production environments was not found on the java.library.path: /Users/kevin/Library/Java/Extensions:/Library/Java/Extensions:/Network/Library/Java/Extensions:/System/Library/Java/Extensions:/usr/lib/java:.
24-Jun-2015 16:47:24.746 INFO [main] org.apache.coyote.AbstractProtocol.init Initializing ProtocolHandler ["http-nio-8080"]
24-Jun-2015 16:47:24.775 INFO [main] org.apache.tomcat.util.net.NioSelectorPool.getSharedSelector Using a shared selector for servlet write/read
24-Jun-2015 16:47:24.778 INFO [main] org.apache.coyote.AbstractProtocol.init Initializing ProtocolHandler ["ajp-nio-8009"]
24-Jun-2015 16:47:24.780 INFO [main] org.apache.tomcat.util.net.NioSelectorPool.getSharedSelector Using a shared selector for servlet write/read
24-Jun-2015 16:47:24.781 INFO [main] org.apache.catalina.startup.Catalina.load Initialization processed in 540 ms
24-Jun-2015 16:47:24.805 INFO [main] org.apache.catalina.core.StandardService.startInternal Starting service Catalina
24-Jun-2015 16:47:24.805 INFO [main] org.apache.catalina.core.StandardEngine.startInternal Starting Servlet Engine: Apache Tomcat/8.0.23
24-Jun-2015 16:47:24.823 INFO [localhost-startStop-1] org.apache.catalina.startup.HostConfig.deployWAR Deploying web application archive /Users/kevin/Kevin-LASAD/Deploy/apache-tomcat-8.0.23/webapps/lasad.war
24-Jun-2015 16:47:27.958 INFO [localhost-startStop-1] org.apache.jasper.servlet.TldScanner.scanJars At least one JAR was scanned for TLDs yet contained no TLDs. Enable debug logging for this logger for a complete list of JARs that were scanned but no TLDs were found in them. Skipping unneeded JARs during scanning can improve startup time and JSP compilation time.
24-Jun-2015 16:47:28.067 INFO [localhost-startStop-1] org.apache.catalina.startup.HostConfig.deployWAR Deployment of web application archive /Users/kevin/Kevin-LASAD/Deploy/apache-tomcat-8.0.23/webapps/lasad.war has finished in 3,244 ms
24-Jun-2015 16:47:28.080 INFO [localhost-startStop-1] org.apache.catalina.startup.HostConfig.deployDirectory Deploying web application directory /Users/kevin/Kevin-LASAD/Deploy/apache-tomcat-8.0.23/webapps/docs
24-Jun-2015 16:47:28.149 INFO [localhost-startStop-1] org.apache.catalina.startup.HostConfig.deployDirectory Deployment of web application directory /Users/kevin/Kevin-LASAD/Deploy/apache-tomcat-8.0.23/webapps/docs has finished in 71 ms
24-Jun-2015 16:47:28.150 INFO [localhost-startStop-1] org.apache.catalina.startup.HostConfig.deployDirectory Deploying web application directory /Users/kevin/Kevin-LASAD/Deploy/apache-tomcat-8.0.23/webapps/examples
24-Jun-2015 16:47:28.924 INFO [localhost-startStop-1] org.apache.catalina.startup.HostConfig.deployDirectory Deployment of web application directory /Users/kevin/Kevin-LASAD/Deploy/apache-tomcat-8.0.23/webapps/examples has finished in 775 ms
24-Jun-2015 16:47:28.925 INFO [localhost-startStop-1] org.apache.catalina.startup.HostConfig.deployDirectory Deploying web application directory /Users/kevin/Kevin-LASAD/Deploy/apache-tomcat-8.0.23/webapps/host-manager
24-Jun-2015 16:47:28.949 INFO [localhost-startStop-1] org.apache.catalina.startup.HostConfig.deployDirectory Deployment of web application directory /Users/kevin/Kevin-LASAD/Deploy/apache-tomcat-8.0.23/webapps/host-manager has finished in 24 ms
24-Jun-2015 16:47:28.949 INFO [localhost-startStop-1] org.apache.catalina.startup.HostConfig.deployDirectory Deploying web application directory /Users/kevin/Kevin-LASAD/Deploy/apache-tomcat-8.0.23/webapps/manager
24-Jun-2015 16:47:29.029 INFO [localhost-startStop-1] org.apache.catalina.startup.HostConfig.deployDirectory Deployment of web application directory /Users/kevin/Kevin-LASAD/Deploy/apache-tomcat-8.0.23/webapps/manager has finished in 79 ms
24-Jun-2015 16:47:29.029 INFO [localhost-startStop-1] org.apache.catalina.startup.HostConfig.deployDirectory Deploying web application directory /Users/kevin/Kevin-LASAD/Deploy/apache-tomcat-8.0.23/webapps/ROOT
24-Jun-2015 16:47:29.054 INFO [localhost-startStop-1] org.apache.catalina.startup.HostConfig.deployDirectory Deployment of web application directory /Users/kevin/Kevin-LASAD/Deploy/apache-tomcat-8.0.23/webapps/ROOT has finished in 25 ms
24-Jun-2015 16:47:29.059 INFO [main] org.apache.coyote.AbstractProtocol.start Starting ProtocolHandler ["http-nio-8080"]
24-Jun-2015 16:47:29.065 INFO [main] org.apache.coyote.AbstractProtocol.start Starting ProtocolHandler ["ajp-nio-8009"]
24-Jun-2015 16:47:29.066 INFO [main] org.apache.catalina.startup.Catalina.start Server startup in 4285 ms
24-Jun-2015 16:47:32.737 INFO [http-nio-8080-exec-4] null.null Server: Configuration changed - EventServiceConfiguration (Properties "eventservice.properties")
  Min.: 0ms; Max.: 20000ms; Timeout: 90000ms
24-Jun-2015 16:47:32.856 INFO [http-nio-8080-exec-4] de.novanic.eventservice.logger.DefaultServerLogger.log Server: Client "DB0E2E63074D9A7C828D9B2446905DEE786385571" initialized.
24-Jun-2015 16:48:49.657 INFO [main] org.apache.catalina.core.StandardServer.await A valid shutdown command was received via the shutdown port. Stopping the Server instance.
24-Jun-2015 16:48:49.658 INFO [main] org.apache.coyote.AbstractProtocol.pause Pausing ProtocolHandler ["http-nio-8080"]
24-Jun-2015 16:48:49.711 INFO [main] org.apache.coyote.AbstractProtocol.pause Pausing ProtocolHandler ["ajp-nio-8009"]
24-Jun-2015 16:48:49.762 INFO [main] org.apache.catalina.core.StandardService.stopInternal Stopping service Catalina
24-Jun-2015 16:48:49.775 INFO [localhost-startStop-2] org.apache.catalina.core.StandardWrapper.unload Waiting for 1 instance(s) to be deallocated for Servlet [eventServiceImpl]
24-Jun-2015 16:48:50.816 INFO [localhost-startStop-2] org.apache.catalina.core.StandardWrapper.unload Waiting for 1 instance(s) to be deallocated for Servlet [eventServiceImpl]
24-Jun-2015 16:48:51.843 INFO [localhost-startStop-2] org.apache.catalina.core.StandardWrapper.unload Waiting for 1 instance(s) to be deallocated for Servlet [eventServiceImpl]
24-Jun-2015 16:48:51.951 WARNING [localhost-startStop-2] org.apache.catalina.loader.WebappClassLoaderBase.clearReferencesThreads The web application [lasad] is still processing a request that has yet to finish. This is very likely to create a memory leak. You can control the time allowed for requests to finish by using the unloadDelay attribute of the standard Context implementation. Stack trace of request processing thread:
 java.lang.Object.wait(Native Method)
 de.novanic.eventservice.service.connection.strategy.connector.ConnectionStrategyServerConnectorAdapter.waitMaxWaitingTime(ConnectionStrategyServerConnectorAdapter.java:82)
 de.novanic.eventservice.service.connection.strategy.connector.longpolling.LongPollingServerConnector.listen(LongPollingServerConnector.java:62)
 de.novanic.eventservice.service.registry.DefaultEventRegistry.listen(DefaultEventRegistry.java:223)
 de.novanic.eventservice.service.EventServiceImpl.listen(EventServiceImpl.java:242)
 de.novanic.eventservice.service.EventServiceImpl.listen(EventServiceImpl.java:227)
 sun.reflect.GeneratedMethodAccessor36.invoke(Unknown Source)
 sun.reflect.DelegatingMethodAccessorImpl.invoke(DelegatingMethodAccessorImpl.java:43)
 java.lang.reflect.Method.invoke(Method.java:497)
 com.google.gwt.user.server.rpc.RPC.invokeAndEncodeResponse(RPC.java:561)
 com.google.gwt.user.server.rpc.RemoteServiceServlet.processCall(RemoteServiceServlet.java:208)
 com.google.gwt.user.server.rpc.RemoteServiceServlet.processPost(RemoteServiceServlet.java:248)
 com.google.gwt.user.server.rpc.AbstractRemoteServiceServlet.doPost(AbstractRemoteServiceServlet.java:62)
 javax.servlet.http.HttpServlet.service(HttpServlet.java:648)
 javax.servlet.http.HttpServlet.service(HttpServlet.java:729)
 org.apache.catalina.core.ApplicationFilterChain.internalDoFilter(ApplicationFilterChain.java:291)
 org.apache.catalina.core.ApplicationFilterChain.doFilter(ApplicationFilterChain.java:206)
 org.apache.tomcat.websocket.server.WsFilter.doFilter(WsFilter.java:52)
 org.apache.catalina.core.ApplicationFilterChain.internalDoFilter(ApplicationFilterChain.java:239)
 org.apache.catalina.core.ApplicationFilterChain.doFilter(ApplicationFilterChain.java:206)
 org.apache.catalina.core.StandardWrapperValve.invoke(StandardWrapperValve.java:219)
 org.apache.catalina.core.StandardContextValve.invoke(StandardContextValve.java:106)
 org.apache.catalina.authenticator.AuthenticatorBase.invoke(AuthenticatorBase.java:502)
 org.apache.catalina.core.StandardHostValve.invoke(StandardHostValve.java:142)
 org.apache.catalina.valves.ErrorReportValve.invoke(ErrorReportValve.java:79)
 org.apache.catalina.valves.AbstractAccessLogValve.invoke(AbstractAccessLogValve.java:617)
 org.apache.catalina.core.StandardEngineValve.invoke(StandardEngineValve.java:88)
 org.apache.catalina.connector.CoyoteAdapter.service(CoyoteAdapter.java:518)
 org.apache.coyote.http11.AbstractHttp11Processor.process(AbstractHttp11Processor.java:1091)
 org.apache.coyote.AbstractProtocol$AbstractConnectionHandler.process(AbstractProtocol.java:668)
 org.apache.tomcat.util.net.NioEndpoint$SocketProcessor.doRun(NioEndpoint.java:1521)
 org.apache.tomcat.util.net.NioEndpoint$SocketProcessor.run(NioEndpoint.java:1478)
 java.util.concurrent.ThreadPoolExecutor.runWorker(ThreadPoolExecutor.java:1142)
 java.util.concurrent.ThreadPoolExecutor$Worker.run(ThreadPoolExecutor.java:617)
 org.apache.tomcat.util.threads.TaskThread$WrappingRunnable.run(TaskThread.java:61)
 java.lang.Thread.run(Thread.java:745)
24-Jun-2015 16:48:51.952 WARNING [localhost-startStop-2] org.apache.catalina.loader.WebappClassLoaderBase.clearReferencesThreads The web application [lasad] appears to have started a thread named [GWTEventService-UserActivityScheduler] but has failed to stop it. This is very likely to create a memory leak. Stack trace of thread:
 java.lang.Object.wait(Native Method)
 java.util.TimerThread.mainLoop(Timer.java:552)
 java.util.TimerThread.run(Timer.java:505)
24-Jun-2015 16:48:51.974 INFO [main] org.apache.coyote.AbstractProtocol.stop Stopping ProtocolHandler ["http-nio-8080"]
24-Jun-2015 16:48:52.030 INFO [main] org.apache.coyote.AbstractProtocol.stop Stopping ProtocolHandler ["ajp-nio-8009"]
24-Jun-2015 16:48:52.056 INFO [main] org.apache.coyote.AbstractProtocol.destroy Destroying ProtocolHandler ["http-nio-8080"]
24-Jun-2015 16:48:52.057 INFO [main] org.apache.coyote.AbstractProtocol.destroy Destroying ProtocolHandler ["ajp-nio-8009"]
