06-Aug-2015 09:10:07.707 INFO [main] org.apache.catalina.startup.VersionLoggerListener.log Server version:        Apache Tomcat/8.0.23
06-Aug-2015 09:10:07.742 INFO [main] org.apache.catalina.startup.VersionLoggerListener.log Server built:          May 19 2015 14:58:38 UTC
06-Aug-2015 09:10:07.742 INFO [main] org.apache.catalina.startup.VersionLoggerListener.log Server number:         8.0.23.0
06-Aug-2015 09:10:07.743 INFO [main] org.apache.catalina.startup.VersionLoggerListener.log OS Name:               Mac OS X
06-Aug-2015 09:10:07.743 INFO [main] org.apache.catalina.startup.VersionLoggerListener.log OS Version:            10.10.2
06-Aug-2015 09:10:07.743 INFO [main] org.apache.catalina.startup.VersionLoggerListener.log Architecture:          x86_64
06-Aug-2015 09:10:07.743 INFO [main] org.apache.catalina.startup.VersionLoggerListener.log Java Home:             /Library/Java/JavaVirtualMachines/jdk1.8.0_45.jdk/Contents/Home/jre
06-Aug-2015 09:10:07.743 INFO [main] org.apache.catalina.startup.VersionLoggerListener.log JVM Version:           1.8.0_45-b14
06-Aug-2015 09:10:07.743 INFO [main] org.apache.catalina.startup.VersionLoggerListener.log JVM Vendor:            Oracle Corporation
06-Aug-2015 09:10:07.743 INFO [main] org.apache.catalina.startup.VersionLoggerListener.log CATALINA_BASE:         /Users/kevin/Kevin-LASAD/Deploy/apache-tomcat-8.0.23
06-Aug-2015 09:10:07.743 INFO [main] org.apache.catalina.startup.VersionLoggerListener.log CATALINA_HOME:         /Users/kevin/Kevin-LASAD/Deploy/apache-tomcat-8.0.23
06-Aug-2015 09:10:07.744 INFO [main] org.apache.catalina.startup.VersionLoggerListener.log Command line argument: -Djava.util.logging.config.file=/Users/kevin/Kevin-LASAD/Deploy/apache-tomcat-8.0.23/conf/logging.properties
06-Aug-2015 09:10:07.744 INFO [main] org.apache.catalina.startup.VersionLoggerListener.log Command line argument: -Djava.util.logging.manager=org.apache.juli.ClassLoaderLogManager
06-Aug-2015 09:10:07.744 INFO [main] org.apache.catalina.startup.VersionLoggerListener.log Command line argument: -Djava.endorsed.dirs=/Users/kevin/Kevin-LASAD/Deploy/apache-tomcat-8.0.23/endorsed
06-Aug-2015 09:10:07.744 INFO [main] org.apache.catalina.startup.VersionLoggerListener.log Command line argument: -Dcatalina.base=/Users/kevin/Kevin-LASAD/Deploy/apache-tomcat-8.0.23
06-Aug-2015 09:10:07.745 INFO [main] org.apache.catalina.startup.VersionLoggerListener.log Command line argument: -Dcatalina.home=/Users/kevin/Kevin-LASAD/Deploy/apache-tomcat-8.0.23
06-Aug-2015 09:10:07.745 INFO [main] org.apache.catalina.startup.VersionLoggerListener.log Command line argument: -Djava.io.tmpdir=/Users/kevin/Kevin-LASAD/Deploy/apache-tomcat-8.0.23/temp
06-Aug-2015 09:10:07.745 INFO [main] org.apache.catalina.core.AprLifecycleListener.lifecycleEvent The APR based Apache Tomcat Native library which allows optimal performance in production environments was not found on the java.library.path: /Users/kevin/Library/Java/Extensions:/Library/Java/Extensions:/Network/Library/Java/Extensions:/System/Library/Java/Extensions:/usr/lib/java:.
06-Aug-2015 09:10:07.922 INFO [main] org.apache.coyote.AbstractProtocol.init Initializing ProtocolHandler ["http-nio-8080"]
06-Aug-2015 09:10:07.955 INFO [main] org.apache.tomcat.util.net.NioSelectorPool.getSharedSelector Using a shared selector for servlet write/read
06-Aug-2015 09:10:07.958 INFO [main] org.apache.coyote.AbstractProtocol.init Initializing ProtocolHandler ["ajp-nio-8009"]
06-Aug-2015 09:10:07.960 INFO [main] org.apache.tomcat.util.net.NioSelectorPool.getSharedSelector Using a shared selector for servlet write/read
06-Aug-2015 09:10:07.961 INFO [main] org.apache.catalina.startup.Catalina.load Initialization processed in 712 ms
06-Aug-2015 09:10:07.988 INFO [main] org.apache.catalina.core.StandardService.startInternal Starting service Catalina
06-Aug-2015 09:10:07.988 INFO [main] org.apache.catalina.core.StandardEngine.startInternal Starting Servlet Engine: Apache Tomcat/8.0.23
06-Aug-2015 09:10:08.014 INFO [localhost-startStop-1] org.apache.catalina.startup.HostConfig.deployWAR Deploying web application archive /Users/kevin/Kevin-LASAD/Deploy/apache-tomcat-8.0.23/webapps/lasad.war
06-Aug-2015 09:10:10.499 INFO [localhost-startStop-1] org.apache.jasper.servlet.TldScanner.scanJars At least one JAR was scanned for TLDs yet contained no TLDs. Enable debug logging for this logger for a complete list of JARs that were scanned but no TLDs were found in them. Skipping unneeded JARs during scanning can improve startup time and JSP compilation time.
06-Aug-2015 09:10:10.608 INFO [localhost-startStop-1] org.apache.catalina.startup.HostConfig.deployWAR Deployment of web application archive /Users/kevin/Kevin-LASAD/Deploy/apache-tomcat-8.0.23/webapps/lasad.war has finished in 2,594 ms
06-Aug-2015 09:10:10.610 INFO [localhost-startStop-1] org.apache.catalina.startup.HostConfig.deployDirectory Deploying web application directory /Users/kevin/Kevin-LASAD/Deploy/apache-tomcat-8.0.23/webapps/docs
06-Aug-2015 09:10:10.635 INFO [localhost-startStop-1] org.apache.catalina.startup.HostConfig.deployDirectory Deployment of web application directory /Users/kevin/Kevin-LASAD/Deploy/apache-tomcat-8.0.23/webapps/docs has finished in 26 ms
06-Aug-2015 09:10:10.636 INFO [localhost-startStop-1] org.apache.catalina.startup.HostConfig.deployDirectory Deploying web application directory /Users/kevin/Kevin-LASAD/Deploy/apache-tomcat-8.0.23/webapps/examples
06-Aug-2015 09:10:10.927 INFO [localhost-startStop-1] org.apache.catalina.startup.HostConfig.deployDirectory Deployment of web application directory /Users/kevin/Kevin-LASAD/Deploy/apache-tomcat-8.0.23/webapps/examples has finished in 292 ms
06-Aug-2015 09:10:10.928 INFO [localhost-startStop-1] org.apache.catalina.startup.HostConfig.deployDirectory Deploying web application directory /Users/kevin/Kevin-LASAD/Deploy/apache-tomcat-8.0.23/webapps/host-manager
06-Aug-2015 09:10:10.957 INFO [localhost-startStop-1] org.apache.catalina.startup.HostConfig.deployDirectory Deployment of web application directory /Users/kevin/Kevin-LASAD/Deploy/apache-tomcat-8.0.23/webapps/host-manager has finished in 30 ms
06-Aug-2015 09:10:10.958 INFO [localhost-startStop-1] org.apache.catalina.startup.HostConfig.deployDirectory Deploying web application directory /Users/kevin/Kevin-LASAD/Deploy/apache-tomcat-8.0.23/webapps/manager
06-Aug-2015 09:10:10.978 INFO [localhost-startStop-1] org.apache.catalina.startup.HostConfig.deployDirectory Deployment of web application directory /Users/kevin/Kevin-LASAD/Deploy/apache-tomcat-8.0.23/webapps/manager has finished in 20 ms
06-Aug-2015 09:10:10.978 INFO [localhost-startStop-1] org.apache.catalina.startup.HostConfig.deployDirectory Deploying web application directory /Users/kevin/Kevin-LASAD/Deploy/apache-tomcat-8.0.23/webapps/ROOT
06-Aug-2015 09:10:10.992 INFO [localhost-startStop-1] org.apache.catalina.startup.HostConfig.deployDirectory Deployment of web application directory /Users/kevin/Kevin-LASAD/Deploy/apache-tomcat-8.0.23/webapps/ROOT has finished in 14 ms
06-Aug-2015 09:10:10.995 INFO [main] org.apache.coyote.AbstractProtocol.start Starting ProtocolHandler ["http-nio-8080"]
06-Aug-2015 09:10:11.003 INFO [main] org.apache.coyote.AbstractProtocol.start Starting ProtocolHandler ["ajp-nio-8009"]
06-Aug-2015 09:10:11.004 INFO [main] org.apache.catalina.startup.Catalina.start Server startup in 3042 ms
06-Aug-2015 09:10:19.319 INFO [http-nio-8080-exec-5] null.null Server: Configuration changed - EventServiceConfiguration (Properties "eventservice.properties")
  Min.: 0ms; Max.: 20000ms; Timeout: 90000ms
06-Aug-2015 09:10:19.510 INFO [http-nio-8080-exec-5] de.novanic.eventservice.logger.DefaultServerLogger.log Server: Client "9EA63D75D1E866D1A23A786121D50FA2-344053871" initialized.
06-Aug-2015 09:10:59.113 INFO [http-nio-8080-exec-8] null.null Server: Client "8BFFA6CDFF028F20DDA7FC17F4A303C4-733163089" initialized.
06-Aug-2015 09:11:02.548 INFO [main] org.apache.catalina.core.StandardServer.await A valid shutdown command was received via the shutdown port. Stopping the Server instance.
06-Aug-2015 09:11:02.549 INFO [main] org.apache.coyote.AbstractProtocol.pause Pausing ProtocolHandler ["http-nio-8080"]
06-Aug-2015 09:11:02.605 INFO [main] org.apache.coyote.AbstractProtocol.pause Pausing ProtocolHandler ["ajp-nio-8009"]
06-Aug-2015 09:11:02.656 INFO [main] org.apache.catalina.core.StandardService.stopInternal Stopping service Catalina
06-Aug-2015 09:11:02.668 INFO [localhost-startStop-2] org.apache.catalina.core.StandardWrapper.unload Waiting for 1 instance(s) to be deallocated for Servlet [eventServiceImpl]
06-Aug-2015 09:11:03.691 INFO [localhost-startStop-2] org.apache.catalina.core.StandardWrapper.unload Waiting for 1 instance(s) to be deallocated for Servlet [eventServiceImpl]
06-Aug-2015 09:11:04.726 INFO [localhost-startStop-2] org.apache.catalina.core.StandardWrapper.unload Waiting for 1 instance(s) to be deallocated for Servlet [eventServiceImpl]
06-Aug-2015 09:11:04.832 WARNING [localhost-startStop-2] org.apache.catalina.loader.WebappClassLoaderBase.clearReferencesThreads The web application [lasad] appears to have started a thread named [GWTEventService-UserActivityScheduler] but has failed to stop it. This is very likely to create a memory leak. Stack trace of thread:
 java.lang.Object.wait(Native Method)
 java.util.TimerThread.mainLoop(Timer.java:552)
 java.util.TimerThread.run(Timer.java:505)
06-Aug-2015 09:11:04.833 WARNING [localhost-startStop-2] org.apache.catalina.loader.WebappClassLoaderBase.clearReferencesThreads The web application [lasad] is still processing a request that has yet to finish. This is very likely to create a memory leak. You can control the time allowed for requests to finish by using the unloadDelay attribute of the standard Context implementation. Stack trace of request processing thread:
 java.lang.Object.wait(Native Method)
 de.novanic.eventservice.service.connection.strategy.connector.ConnectionStrategyServerConnectorAdapter.waitMaxWaitingTime(ConnectionStrategyServerConnectorAdapter.java:82)
 de.novanic.eventservice.service.connection.strategy.connector.longpolling.LongPollingServerConnector.listen(LongPollingServerConnector.java:62)
 de.novanic.eventservice.service.registry.DefaultEventRegistry.listen(DefaultEventRegistry.java:223)
 de.novanic.eventservice.service.EventServiceImpl.listen(EventServiceImpl.java:242)
 de.novanic.eventservice.service.EventServiceImpl.listen(EventServiceImpl.java:227)
 sun.reflect.NativeMethodAccessorImpl.invoke0(Native Method)
 sun.reflect.NativeMethodAccessorImpl.invoke(NativeMethodAccessorImpl.java:62)
 sun.reflect.DelegatingMethodAccessorImpl.invoke(DelegatingMethodAccessorImpl.java:43)
 java.lang.reflect.Method.invoke(Method.java:497)
 com.google.gwt.user.server.rpc.RPC.invokeAndEncodeResponse(RPC.java:561)
 com.google.gwt.user.server.rpc.RemoteServiceServlet.processCall(RemoteServiceServlet.java:208)
 com.google.gwt.user.server.rpc.RemoteServiceServlet.processPost(RemoteServiceServlet.java:248)
 com.google.gwt.user.server.rpc.AbstractRemoteServiceServlet.doPost(AbstractRemoteServiceServlet.java:62)
 javax.servlet.http.HttpServlet.service(HttpServlet.java:648)
 javax.servlet.http.HttpServlet.service(HttpServlet.java:729)
 org.apache.catalina.core.ApplicationFilterChain.internalDoFilter(ApplicationFilterChain.java:291)
 org.apache.catalina.core.ApplicationFilterChain.doFilter(ApplicationFilterChain.java:206)
 org.apache.tomcat.websocket.server.WsFilter.doFilter(WsFilter.java:52)
 org.apache.catalina.core.ApplicationFilterChain.internalDoFilter(ApplicationFilterChain.java:239)
 org.apache.catalina.core.ApplicationFilterChain.doFilter(ApplicationFilterChain.java:206)
 org.apache.catalina.core.StandardWrapperValve.invoke(StandardWrapperValve.java:219)
 org.apache.catalina.core.StandardContextValve.invoke(StandardContextValve.java:106)
 org.apache.catalina.authenticator.AuthenticatorBase.invoke(AuthenticatorBase.java:502)
 org.apache.catalina.core.StandardHostValve.invoke(StandardHostValve.java:142)
 org.apache.catalina.valves.ErrorReportValve.invoke(ErrorReportValve.java:79)
 org.apache.catalina.valves.AbstractAccessLogValve.invoke(AbstractAccessLogValve.java:617)
 org.apache.catalina.core.StandardEngineValve.invoke(StandardEngineValve.java:88)
 org.apache.catalina.connector.CoyoteAdapter.service(CoyoteAdapter.java:518)
 org.apache.coyote.http11.AbstractHttp11Processor.process(AbstractHttp11Processor.java:1091)
 org.apache.coyote.AbstractProtocol$AbstractConnectionHandler.process(AbstractProtocol.java:668)
 org.apache.tomcat.util.net.NioEndpoint$SocketProcessor.doRun(NioEndpoint.java:1521)
 org.apache.tomcat.util.net.NioEndpoint$SocketProcessor.run(NioEndpoint.java:1478)
 java.util.concurrent.ThreadPoolExecutor.runWorker(ThreadPoolExecutor.java:1142)
 java.util.concurrent.ThreadPoolExecutor$Worker.run(ThreadPoolExecutor.java:617)
 org.apache.tomcat.util.threads.TaskThread$WrappingRunnable.run(TaskThread.java:61)
 java.lang.Thread.run(Thread.java:745)
06-Aug-2015 09:11:04.855 INFO [main] org.apache.coyote.AbstractProtocol.stop Stopping ProtocolHandler ["http-nio-8080"]
06-Aug-2015 09:11:04.951 INFO [main] org.apache.coyote.AbstractProtocol.stop Stopping ProtocolHandler ["ajp-nio-8009"]
06-Aug-2015 09:11:05.005 INFO [main] org.apache.coyote.AbstractProtocol.destroy Destroying ProtocolHandler ["http-nio-8080"]
06-Aug-2015 09:11:05.006 INFO [main] org.apache.coyote.AbstractProtocol.destroy Destroying ProtocolHandler ["ajp-nio-8009"]
06-Aug-2015 09:11:12.529 INFO [main] org.apache.catalina.startup.VersionLoggerListener.log Server version:        Apache Tomcat/8.0.23
06-Aug-2015 09:11:12.530 INFO [main] org.apache.catalina.startup.VersionLoggerListener.log Server built:          May 19 2015 14:58:38 UTC
06-Aug-2015 09:11:12.530 INFO [main] org.apache.catalina.startup.VersionLoggerListener.log Server number:         8.0.23.0
06-Aug-2015 09:11:12.531 INFO [main] org.apache.catalina.startup.VersionLoggerListener.log OS Name:               Mac OS X
06-Aug-2015 09:11:12.531 INFO [main] org.apache.catalina.startup.VersionLoggerListener.log OS Version:            10.10.2
06-Aug-2015 09:11:12.531 INFO [main] org.apache.catalina.startup.VersionLoggerListener.log Architecture:          x86_64
06-Aug-2015 09:11:12.531 INFO [main] org.apache.catalina.startup.VersionLoggerListener.log Java Home:             /Library/Java/JavaVirtualMachines/jdk1.8.0_45.jdk/Contents/Home/jre
06-Aug-2015 09:11:12.531 INFO [main] org.apache.catalina.startup.VersionLoggerListener.log JVM Version:           1.8.0_45-b14
06-Aug-2015 09:11:12.531 INFO [main] org.apache.catalina.startup.VersionLoggerListener.log JVM Vendor:            Oracle Corporation
06-Aug-2015 09:11:12.531 INFO [main] org.apache.catalina.startup.VersionLoggerListener.log CATALINA_BASE:         /Users/kevin/Kevin-LASAD/Deploy/apache-tomcat-8.0.23
06-Aug-2015 09:11:12.531 INFO [main] org.apache.catalina.startup.VersionLoggerListener.log CATALINA_HOME:         /Users/kevin/Kevin-LASAD/Deploy/apache-tomcat-8.0.23
06-Aug-2015 09:11:12.532 INFO [main] org.apache.catalina.startup.VersionLoggerListener.log Command line argument: -Djava.util.logging.config.file=/Users/kevin/Kevin-LASAD/Deploy/apache-tomcat-8.0.23/conf/logging.properties
06-Aug-2015 09:11:12.532 INFO [main] org.apache.catalina.startup.VersionLoggerListener.log Command line argument: -Djava.util.logging.manager=org.apache.juli.ClassLoaderLogManager
06-Aug-2015 09:11:12.532 INFO [main] org.apache.catalina.startup.VersionLoggerListener.log Command line argument: -Djava.endorsed.dirs=/Users/kevin/Kevin-LASAD/Deploy/apache-tomcat-8.0.23/endorsed
06-Aug-2015 09:11:12.532 INFO [main] org.apache.catalina.startup.VersionLoggerListener.log Command line argument: -Dcatalina.base=/Users/kevin/Kevin-LASAD/Deploy/apache-tomcat-8.0.23
06-Aug-2015 09:11:12.532 INFO [main] org.apache.catalina.startup.VersionLoggerListener.log Command line argument: -Dcatalina.home=/Users/kevin/Kevin-LASAD/Deploy/apache-tomcat-8.0.23
06-Aug-2015 09:11:12.533 INFO [main] org.apache.catalina.startup.VersionLoggerListener.log Command line argument: -Djava.io.tmpdir=/Users/kevin/Kevin-LASAD/Deploy/apache-tomcat-8.0.23/temp
06-Aug-2015 09:11:12.533 INFO [main] org.apache.catalina.core.AprLifecycleListener.lifecycleEvent The APR based Apache Tomcat Native library which allows optimal performance in production environments was not found on the java.library.path: /Users/kevin/Library/Java/Extensions:/Library/Java/Extensions:/Network/Library/Java/Extensions:/System/Library/Java/Extensions:/usr/lib/java:.
06-Aug-2015 09:11:12.672 INFO [main] org.apache.coyote.AbstractProtocol.init Initializing ProtocolHandler ["http-nio-8080"]
06-Aug-2015 09:11:12.695 INFO [main] org.apache.tomcat.util.net.NioSelectorPool.getSharedSelector Using a shared selector for servlet write/read
06-Aug-2015 09:11:12.696 INFO [main] org.apache.coyote.AbstractProtocol.init Initializing ProtocolHandler ["ajp-nio-8009"]
06-Aug-2015 09:11:12.699 INFO [main] org.apache.tomcat.util.net.NioSelectorPool.getSharedSelector Using a shared selector for servlet write/read
06-Aug-2015 09:11:12.699 INFO [main] org.apache.catalina.startup.Catalina.load Initialization processed in 536 ms
06-Aug-2015 09:11:12.718 INFO [main] org.apache.catalina.core.StandardService.startInternal Starting service Catalina
06-Aug-2015 09:11:12.718 INFO [main] org.apache.catalina.core.StandardEngine.startInternal Starting Servlet Engine: Apache Tomcat/8.0.23
06-Aug-2015 09:11:12.741 INFO [localhost-startStop-1] org.apache.catalina.startup.HostConfig.deployWAR Deploying web application archive /Users/kevin/Kevin-LASAD/Deploy/apache-tomcat-8.0.23/webapps/lasad.war
06-Aug-2015 09:11:14.296 INFO [localhost-startStop-1] org.apache.jasper.servlet.TldScanner.scanJars At least one JAR was scanned for TLDs yet contained no TLDs. Enable debug logging for this logger for a complete list of JARs that were scanned but no TLDs were found in them. Skipping unneeded JARs during scanning can improve startup time and JSP compilation time.
06-Aug-2015 09:11:14.401 INFO [localhost-startStop-1] org.apache.catalina.startup.HostConfig.deployWAR Deployment of web application archive /Users/kevin/Kevin-LASAD/Deploy/apache-tomcat-8.0.23/webapps/lasad.war has finished in 1,659 ms
06-Aug-2015 09:11:14.401 INFO [localhost-startStop-1] org.apache.catalina.startup.HostConfig.deployDirectory Deploying web application directory /Users/kevin/Kevin-LASAD/Deploy/apache-tomcat-8.0.23/webapps/docs
06-Aug-2015 09:11:14.461 INFO [localhost-startStop-1] org.apache.catalina.startup.HostConfig.deployDirectory Deployment of web application directory /Users/kevin/Kevin-LASAD/Deploy/apache-tomcat-8.0.23/webapps/docs has finished in 59 ms
06-Aug-2015 09:11:14.461 INFO [localhost-startStop-1] org.apache.catalina.startup.HostConfig.deployDirectory Deploying web application directory /Users/kevin/Kevin-LASAD/Deploy/apache-tomcat-8.0.23/webapps/examples
06-Aug-2015 09:11:14.812 INFO [localhost-startStop-1] org.apache.catalina.startup.HostConfig.deployDirectory Deployment of web application directory /Users/kevin/Kevin-LASAD/Deploy/apache-tomcat-8.0.23/webapps/examples has finished in 351 ms
06-Aug-2015 09:11:14.812 INFO [localhost-startStop-1] org.apache.catalina.startup.HostConfig.deployDirectory Deploying web application directory /Users/kevin/Kevin-LASAD/Deploy/apache-tomcat-8.0.23/webapps/host-manager
06-Aug-2015 09:11:14.834 INFO [localhost-startStop-1] org.apache.catalina.startup.HostConfig.deployDirectory Deployment of web application directory /Users/kevin/Kevin-LASAD/Deploy/apache-tomcat-8.0.23/webapps/host-manager has finished in 22 ms
06-Aug-2015 09:11:14.834 INFO [localhost-startStop-1] org.apache.catalina.startup.HostConfig.deployDirectory Deploying web application directory /Users/kevin/Kevin-LASAD/Deploy/apache-tomcat-8.0.23/webapps/manager
06-Aug-2015 09:11:14.857 INFO [localhost-startStop-1] org.apache.catalina.startup.HostConfig.deployDirectory Deployment of web application directory /Users/kevin/Kevin-LASAD/Deploy/apache-tomcat-8.0.23/webapps/manager has finished in 23 ms
06-Aug-2015 09:11:14.857 INFO [localhost-startStop-1] org.apache.catalina.startup.HostConfig.deployDirectory Deploying web application directory /Users/kevin/Kevin-LASAD/Deploy/apache-tomcat-8.0.23/webapps/ROOT
06-Aug-2015 09:11:14.872 INFO [localhost-startStop-1] org.apache.catalina.startup.HostConfig.deployDirectory Deployment of web application directory /Users/kevin/Kevin-LASAD/Deploy/apache-tomcat-8.0.23/webapps/ROOT has finished in 15 ms
06-Aug-2015 09:11:14.875 INFO [main] org.apache.coyote.AbstractProtocol.start Starting ProtocolHandler ["http-nio-8080"]
06-Aug-2015 09:11:14.881 INFO [main] org.apache.coyote.AbstractProtocol.start Starting ProtocolHandler ["ajp-nio-8009"]
06-Aug-2015 09:11:14.881 INFO [main] org.apache.catalina.startup.Catalina.start Server startup in 2181 ms
06-Aug-2015 09:11:18.865 INFO [http-nio-8080-exec-4] null.null Server: Configuration changed - EventServiceConfiguration (Properties "eventservice.properties")
  Min.: 0ms; Max.: 20000ms; Timeout: 90000ms
06-Aug-2015 09:11:18.989 INFO [http-nio-8080-exec-4] de.novanic.eventservice.logger.DefaultServerLogger.log Server: Client "8BFFA6CDFF028F20DDA7FC17F4A303C4735665531" initialized.
06-Aug-2015 09:11:42.274 INFO [main] org.apache.catalina.core.StandardServer.await A valid shutdown command was received via the shutdown port. Stopping the Server instance.
06-Aug-2015 09:11:42.275 INFO [main] org.apache.coyote.AbstractProtocol.pause Pausing ProtocolHandler ["http-nio-8080"]
06-Aug-2015 09:11:42.328 INFO [main] org.apache.coyote.AbstractProtocol.pause Pausing ProtocolHandler ["ajp-nio-8009"]
06-Aug-2015 09:11:42.384 INFO [main] org.apache.catalina.core.StandardService.stopInternal Stopping service Catalina
06-Aug-2015 09:11:42.393 INFO [localhost-startStop-2] org.apache.catalina.core.StandardWrapper.unload Waiting for 1 instance(s) to be deallocated for Servlet [eventServiceImpl]
06-Aug-2015 09:11:43.435 INFO [localhost-startStop-2] org.apache.catalina.core.StandardWrapper.unload Waiting for 1 instance(s) to be deallocated for Servlet [eventServiceImpl]
06-Aug-2015 09:11:44.463 INFO [localhost-startStop-2] org.apache.catalina.core.StandardWrapper.unload Waiting for 1 instance(s) to be deallocated for Servlet [eventServiceImpl]
06-Aug-2015 09:11:44.570 WARNING [localhost-startStop-2] org.apache.catalina.loader.WebappClassLoaderBase.clearReferencesThreads The web application [lasad] is still processing a request that has yet to finish. This is very likely to create a memory leak. You can control the time allowed for requests to finish by using the unloadDelay attribute of the standard Context implementation. Stack trace of request processing thread:
 java.lang.Object.wait(Native Method)
 de.novanic.eventservice.service.connection.strategy.connector.ConnectionStrategyServerConnectorAdapter.waitMaxWaitingTime(ConnectionStrategyServerConnectorAdapter.java:82)
 de.novanic.eventservice.service.connection.strategy.connector.longpolling.LongPollingServerConnector.listen(LongPollingServerConnector.java:62)
 de.novanic.eventservice.service.registry.DefaultEventRegistry.listen(DefaultEventRegistry.java:223)
 de.novanic.eventservice.service.EventServiceImpl.listen(EventServiceImpl.java:242)
 de.novanic.eventservice.service.EventServiceImpl.listen(EventServiceImpl.java:227)
 sun.reflect.NativeMethodAccessorImpl.invoke0(Native Method)
 sun.reflect.NativeMethodAccessorImpl.invoke(NativeMethodAccessorImpl.java:62)
 sun.reflect.DelegatingMethodAccessorImpl.invoke(DelegatingMethodAccessorImpl.java:43)
 java.lang.reflect.Method.invoke(Method.java:497)
 com.google.gwt.user.server.rpc.RPC.invokeAndEncodeResponse(RPC.java:561)
 com.google.gwt.user.server.rpc.RemoteServiceServlet.processCall(RemoteServiceServlet.java:208)
 com.google.gwt.user.server.rpc.RemoteServiceServlet.processPost(RemoteServiceServlet.java:248)
 com.google.gwt.user.server.rpc.AbstractRemoteServiceServlet.doPost(AbstractRemoteServiceServlet.java:62)
 javax.servlet.http.HttpServlet.service(HttpServlet.java:648)
 javax.servlet.http.HttpServlet.service(HttpServlet.java:729)
 org.apache.catalina.core.ApplicationFilterChain.internalDoFilter(ApplicationFilterChain.java:291)
 org.apache.catalina.core.ApplicationFilterChain.doFilter(ApplicationFilterChain.java:206)
 org.apache.tomcat.websocket.server.WsFilter.doFilter(WsFilter.java:52)
 org.apache.catalina.core.ApplicationFilterChain.internalDoFilter(ApplicationFilterChain.java:239)
 org.apache.catalina.core.ApplicationFilterChain.doFilter(ApplicationFilterChain.java:206)
 org.apache.catalina.core.StandardWrapperValve.invoke(StandardWrapperValve.java:219)
 org.apache.catalina.core.StandardContextValve.invoke(StandardContextValve.java:106)
 org.apache.catalina.authenticator.AuthenticatorBase.invoke(AuthenticatorBase.java:502)
 org.apache.catalina.core.StandardHostValve.invoke(StandardHostValve.java:142)
 org.apache.catalina.valves.ErrorReportValve.invoke(ErrorReportValve.java:79)
 org.apache.catalina.valves.AbstractAccessLogValve.invoke(AbstractAccessLogValve.java:617)
 org.apache.catalina.core.StandardEngineValve.invoke(StandardEngineValve.java:88)
 org.apache.catalina.connector.CoyoteAdapter.service(CoyoteAdapter.java:518)
 org.apache.coyote.http11.AbstractHttp11Processor.process(AbstractHttp11Processor.java:1091)
 org.apache.coyote.AbstractProtocol$AbstractConnectionHandler.process(AbstractProtocol.java:668)
 org.apache.tomcat.util.net.NioEndpoint$SocketProcessor.doRun(NioEndpoint.java:1521)
 org.apache.tomcat.util.net.NioEndpoint$SocketProcessor.run(NioEndpoint.java:1478)
 java.util.concurrent.ThreadPoolExecutor.runWorker(ThreadPoolExecutor.java:1142)
 java.util.concurrent.ThreadPoolExecutor$Worker.run(ThreadPoolExecutor.java:617)
 org.apache.tomcat.util.threads.TaskThread$WrappingRunnable.run(TaskThread.java:61)
 java.lang.Thread.run(Thread.java:745)
06-Aug-2015 09:11:44.571 WARNING [localhost-startStop-2] org.apache.catalina.loader.WebappClassLoaderBase.clearReferencesThreads The web application [lasad] appears to have started a thread named [GWTEventService-UserActivityScheduler] but has failed to stop it. This is very likely to create a memory leak. Stack trace of thread:
 java.lang.Object.wait(Native Method)
 java.util.TimerThread.mainLoop(Timer.java:552)
 java.util.TimerThread.run(Timer.java:505)
06-Aug-2015 09:11:44.586 INFO [main] org.apache.coyote.AbstractProtocol.stop Stopping ProtocolHandler ["http-nio-8080"]
06-Aug-2015 09:11:44.683 INFO [main] org.apache.coyote.AbstractProtocol.stop Stopping ProtocolHandler ["ajp-nio-8009"]
06-Aug-2015 09:11:44.786 INFO [main] org.apache.coyote.AbstractProtocol.destroy Destroying ProtocolHandler ["http-nio-8080"]
06-Aug-2015 09:11:44.787 INFO [main] org.apache.coyote.AbstractProtocol.destroy Destroying ProtocolHandler ["ajp-nio-8009"]
06-Aug-2015 09:20:54.261 INFO [main] org.apache.catalina.startup.VersionLoggerListener.log Server version:        Apache Tomcat/8.0.23
06-Aug-2015 09:20:54.263 INFO [main] org.apache.catalina.startup.VersionLoggerListener.log Server built:          May 19 2015 14:58:38 UTC
06-Aug-2015 09:20:54.263 INFO [main] org.apache.catalina.startup.VersionLoggerListener.log Server number:         8.0.23.0
06-Aug-2015 09:20:54.263 INFO [main] org.apache.catalina.startup.VersionLoggerListener.log OS Name:               Mac OS X
06-Aug-2015 09:20:54.263 INFO [main] org.apache.catalina.startup.VersionLoggerListener.log OS Version:            10.10.2
06-Aug-2015 09:20:54.264 INFO [main] org.apache.catalina.startup.VersionLoggerListener.log Architecture:          x86_64
06-Aug-2015 09:20:54.264 INFO [main] org.apache.catalina.startup.VersionLoggerListener.log Java Home:             /Library/Java/JavaVirtualMachines/jdk1.8.0_45.jdk/Contents/Home/jre
06-Aug-2015 09:20:54.264 INFO [main] org.apache.catalina.startup.VersionLoggerListener.log JVM Version:           1.8.0_45-b14
06-Aug-2015 09:20:54.264 INFO [main] org.apache.catalina.startup.VersionLoggerListener.log JVM Vendor:            Oracle Corporation
06-Aug-2015 09:20:54.264 INFO [main] org.apache.catalina.startup.VersionLoggerListener.log CATALINA_BASE:         /Users/kevin/Kevin-LASAD/Deploy/apache-tomcat-8.0.23
06-Aug-2015 09:20:54.264 INFO [main] org.apache.catalina.startup.VersionLoggerListener.log CATALINA_HOME:         /Users/kevin/Kevin-LASAD/Deploy/apache-tomcat-8.0.23
06-Aug-2015 09:20:54.265 INFO [main] org.apache.catalina.startup.VersionLoggerListener.log Command line argument: -Djava.util.logging.config.file=/Users/kevin/Kevin-LASAD/Deploy/apache-tomcat-8.0.23/conf/logging.properties
06-Aug-2015 09:20:54.265 INFO [main] org.apache.catalina.startup.VersionLoggerListener.log Command line argument: -Djava.util.logging.manager=org.apache.juli.ClassLoaderLogManager
06-Aug-2015 09:20:54.265 INFO [main] org.apache.catalina.startup.VersionLoggerListener.log Command line argument: -Djava.endorsed.dirs=/Users/kevin/Kevin-LASAD/Deploy/apache-tomcat-8.0.23/endorsed
06-Aug-2015 09:20:54.265 INFO [main] org.apache.catalina.startup.VersionLoggerListener.log Command line argument: -Dcatalina.base=/Users/kevin/Kevin-LASAD/Deploy/apache-tomcat-8.0.23
06-Aug-2015 09:20:54.265 INFO [main] org.apache.catalina.startup.VersionLoggerListener.log Command line argument: -Dcatalina.home=/Users/kevin/Kevin-LASAD/Deploy/apache-tomcat-8.0.23
06-Aug-2015 09:20:54.265 INFO [main] org.apache.catalina.startup.VersionLoggerListener.log Command line argument: -Djava.io.tmpdir=/Users/kevin/Kevin-LASAD/Deploy/apache-tomcat-8.0.23/temp
06-Aug-2015 09:20:54.266 INFO [main] org.apache.catalina.core.AprLifecycleListener.lifecycleEvent The APR based Apache Tomcat Native library which allows optimal performance in production environments was not found on the java.library.path: /Users/kevin/Library/Java/Extensions:/Library/Java/Extensions:/Network/Library/Java/Extensions:/System/Library/Java/Extensions:/usr/lib/java:.
06-Aug-2015 09:20:54.397 INFO [main] org.apache.coyote.AbstractProtocol.init Initializing ProtocolHandler ["http-nio-8080"]
06-Aug-2015 09:20:54.421 INFO [main] org.apache.tomcat.util.net.NioSelectorPool.getSharedSelector Using a shared selector for servlet write/read
06-Aug-2015 09:20:54.423 INFO [main] org.apache.coyote.AbstractProtocol.init Initializing ProtocolHandler ["ajp-nio-8009"]
06-Aug-2015 09:20:54.425 INFO [main] org.apache.tomcat.util.net.NioSelectorPool.getSharedSelector Using a shared selector for servlet write/read
06-Aug-2015 09:20:54.425 INFO [main] org.apache.catalina.startup.Catalina.load Initialization processed in 656 ms
06-Aug-2015 09:20:54.447 INFO [main] org.apache.catalina.core.StandardService.startInternal Starting service Catalina
06-Aug-2015 09:20:54.447 INFO [main] org.apache.catalina.core.StandardEngine.startInternal Starting Servlet Engine: Apache Tomcat/8.0.23
06-Aug-2015 09:20:54.469 INFO [localhost-startStop-1] org.apache.catalina.startup.HostConfig.deployWAR Deploying web application archive /Users/kevin/Kevin-LASAD/Deploy/apache-tomcat-8.0.23/webapps/lasad.war
06-Aug-2015 09:20:57.665 INFO [localhost-startStop-1] org.apache.jasper.servlet.TldScanner.scanJars At least one JAR was scanned for TLDs yet contained no TLDs. Enable debug logging for this logger for a complete list of JARs that were scanned but no TLDs were found in them. Skipping unneeded JARs during scanning can improve startup time and JSP compilation time.
06-Aug-2015 09:20:57.739 INFO [localhost-startStop-1] org.apache.catalina.startup.HostConfig.deployWAR Deployment of web application archive /Users/kevin/Kevin-LASAD/Deploy/apache-tomcat-8.0.23/webapps/lasad.war has finished in 3,270 ms
06-Aug-2015 09:20:57.740 INFO [localhost-startStop-1] org.apache.catalina.startup.HostConfig.deployDirectory Deploying web application directory /Users/kevin/Kevin-LASAD/Deploy/apache-tomcat-8.0.23/webapps/docs
06-Aug-2015 09:20:57.762 INFO [localhost-startStop-1] org.apache.catalina.startup.HostConfig.deployDirectory Deployment of web application directory /Users/kevin/Kevin-LASAD/Deploy/apache-tomcat-8.0.23/webapps/docs has finished in 22 ms
06-Aug-2015 09:20:57.762 INFO [localhost-startStop-1] org.apache.catalina.startup.HostConfig.deployDirectory Deploying web application directory /Users/kevin/Kevin-LASAD/Deploy/apache-tomcat-8.0.23/webapps/examples
06-Aug-2015 09:20:57.985 INFO [localhost-startStop-1] org.apache.catalina.startup.HostConfig.deployDirectory Deployment of web application directory /Users/kevin/Kevin-LASAD/Deploy/apache-tomcat-8.0.23/webapps/examples has finished in 223 ms
06-Aug-2015 09:20:57.985 INFO [localhost-startStop-1] org.apache.catalina.startup.HostConfig.deployDirectory Deploying web application directory /Users/kevin/Kevin-LASAD/Deploy/apache-tomcat-8.0.23/webapps/host-manager
06-Aug-2015 09:20:58.023 INFO [localhost-startStop-1] org.apache.catalina.startup.HostConfig.deployDirectory Deployment of web application directory /Users/kevin/Kevin-LASAD/Deploy/apache-tomcat-8.0.23/webapps/host-manager has finished in 38 ms
06-Aug-2015 09:20:58.024 INFO [localhost-startStop-1] org.apache.catalina.startup.HostConfig.deployDirectory Deploying web application directory /Users/kevin/Kevin-LASAD/Deploy/apache-tomcat-8.0.23/webapps/manager
06-Aug-2015 09:20:58.044 INFO [localhost-startStop-1] org.apache.catalina.startup.HostConfig.deployDirectory Deployment of web application directory /Users/kevin/Kevin-LASAD/Deploy/apache-tomcat-8.0.23/webapps/manager has finished in 20 ms
06-Aug-2015 09:20:58.044 INFO [localhost-startStop-1] org.apache.catalina.startup.HostConfig.deployDirectory Deploying web application directory /Users/kevin/Kevin-LASAD/Deploy/apache-tomcat-8.0.23/webapps/ROOT
06-Aug-2015 09:20:58.058 INFO [localhost-startStop-1] org.apache.catalina.startup.HostConfig.deployDirectory Deployment of web application directory /Users/kevin/Kevin-LASAD/Deploy/apache-tomcat-8.0.23/webapps/ROOT has finished in 14 ms
06-Aug-2015 09:20:58.103 INFO [main] org.apache.coyote.AbstractProtocol.start Starting ProtocolHandler ["http-nio-8080"]
06-Aug-2015 09:20:58.109 INFO [main] org.apache.coyote.AbstractProtocol.start Starting ProtocolHandler ["ajp-nio-8009"]
06-Aug-2015 09:20:58.109 INFO [main] org.apache.catalina.startup.Catalina.start Server startup in 3683 ms
06-Aug-2015 09:21:38.785 INFO [http-nio-8080-exec-4] null.null Server: Configuration changed - EventServiceConfiguration (Properties "eventservice.properties")
  Min.: 0ms; Max.: 20000ms; Timeout: 90000ms
06-Aug-2015 09:21:38.901 INFO [http-nio-8080-exec-4] null.null Server: Client "8BFFA6CDFF028F20DDA7FC17F4A303C4-505926411" initialized.
06-Aug-2015 10:15:31.236 INFO [main] org.apache.catalina.core.StandardServer.await A valid shutdown command was received via the shutdown port. Stopping the Server instance.
06-Aug-2015 10:15:31.249 INFO [main] org.apache.coyote.AbstractProtocol.pause Pausing ProtocolHandler ["http-nio-8080"]
06-Aug-2015 10:15:31.307 INFO [main] org.apache.coyote.AbstractProtocol.pause Pausing ProtocolHandler ["ajp-nio-8009"]
06-Aug-2015 10:15:31.362 INFO [main] org.apache.catalina.core.StandardService.stopInternal Stopping service Catalina
06-Aug-2015 10:15:31.375 WARNING [localhost-startStop-2] org.apache.catalina.loader.WebappClassLoaderBase.clearReferencesThreads The web application [lasad] appears to have started a thread named [GWTEventService-UserActivityScheduler] but has failed to stop it. This is very likely to create a memory leak. Stack trace of thread:
 java.lang.Object.wait(Native Method)
 java.util.TimerThread.mainLoop(Timer.java:552)
 java.util.TimerThread.run(Timer.java:505)
06-Aug-2015 10:15:31.403 INFO [main] org.apache.coyote.AbstractProtocol.stop Stopping ProtocolHandler ["http-nio-8080"]
06-Aug-2015 10:15:31.486 INFO [main] org.apache.coyote.AbstractProtocol.stop Stopping ProtocolHandler ["ajp-nio-8009"]
06-Aug-2015 10:15:31.487 INFO [main] org.apache.coyote.AbstractProtocol.destroy Destroying ProtocolHandler ["http-nio-8080"]
06-Aug-2015 10:15:31.487 INFO [main] org.apache.coyote.AbstractProtocol.destroy Destroying ProtocolHandler ["ajp-nio-8009"]
06-Aug-2015 11:01:44.226 INFO [main] org.apache.catalina.startup.VersionLoggerListener.log Server version:        Apache Tomcat/8.0.23
06-Aug-2015 11:01:44.227 INFO [main] org.apache.catalina.startup.VersionLoggerListener.log Server built:          May 19 2015 14:58:38 UTC
06-Aug-2015 11:01:44.227 INFO [main] org.apache.catalina.startup.VersionLoggerListener.log Server number:         8.0.23.0
06-Aug-2015 11:01:44.228 INFO [main] org.apache.catalina.startup.VersionLoggerListener.log OS Name:               Mac OS X
06-Aug-2015 11:01:44.228 INFO [main] org.apache.catalina.startup.VersionLoggerListener.log OS Version:            10.10.2
06-Aug-2015 11:01:44.228 INFO [main] org.apache.catalina.startup.VersionLoggerListener.log Architecture:          x86_64
06-Aug-2015 11:01:44.228 INFO [main] org.apache.catalina.startup.VersionLoggerListener.log Java Home:             /Library/Java/JavaVirtualMachines/jdk1.8.0_45.jdk/Contents/Home/jre
06-Aug-2015 11:01:44.228 INFO [main] org.apache.catalina.startup.VersionLoggerListener.log JVM Version:           1.8.0_45-b14
06-Aug-2015 11:01:44.228 INFO [main] org.apache.catalina.startup.VersionLoggerListener.log JVM Vendor:            Oracle Corporation
06-Aug-2015 11:01:44.228 INFO [main] org.apache.catalina.startup.VersionLoggerListener.log CATALINA_BASE:         /Users/kevin/Kevin-LASAD/Deploy/apache-tomcat-8.0.23
06-Aug-2015 11:01:44.228 INFO [main] org.apache.catalina.startup.VersionLoggerListener.log CATALINA_HOME:         /Users/kevin/Kevin-LASAD/Deploy/apache-tomcat-8.0.23
06-Aug-2015 11:01:44.229 INFO [main] org.apache.catalina.startup.VersionLoggerListener.log Command line argument: -Djava.util.logging.config.file=/Users/kevin/Kevin-LASAD/Deploy/apache-tomcat-8.0.23/conf/logging.properties
06-Aug-2015 11:01:44.229 INFO [main] org.apache.catalina.startup.VersionLoggerListener.log Command line argument: -Djava.util.logging.manager=org.apache.juli.ClassLoaderLogManager
06-Aug-2015 11:01:44.229 INFO [main] org.apache.catalina.startup.VersionLoggerListener.log Command line argument: -Djava.endorsed.dirs=/Users/kevin/Kevin-LASAD/Deploy/apache-tomcat-8.0.23/endorsed
06-Aug-2015 11:01:44.229 INFO [main] org.apache.catalina.startup.VersionLoggerListener.log Command line argument: -Dcatalina.base=/Users/kevin/Kevin-LASAD/Deploy/apache-tomcat-8.0.23
06-Aug-2015 11:01:44.229 INFO [main] org.apache.catalina.startup.VersionLoggerListener.log Command line argument: -Dcatalina.home=/Users/kevin/Kevin-LASAD/Deploy/apache-tomcat-8.0.23
06-Aug-2015 11:01:44.229 INFO [main] org.apache.catalina.startup.VersionLoggerListener.log Command line argument: -Djava.io.tmpdir=/Users/kevin/Kevin-LASAD/Deploy/apache-tomcat-8.0.23/temp
06-Aug-2015 11:01:44.230 INFO [main] org.apache.catalina.core.AprLifecycleListener.lifecycleEvent The APR based Apache Tomcat Native library which allows optimal performance in production environments was not found on the java.library.path: /Users/kevin/Library/Java/Extensions:/Library/Java/Extensions:/Network/Library/Java/Extensions:/System/Library/Java/Extensions:/usr/lib/java:.
06-Aug-2015 11:01:44.397 INFO [main] org.apache.coyote.AbstractProtocol.init Initializing ProtocolHandler ["http-nio-8080"]
06-Aug-2015 11:01:44.425 INFO [main] org.apache.tomcat.util.net.NioSelectorPool.getSharedSelector Using a shared selector for servlet write/read
06-Aug-2015 11:01:44.427 INFO [main] org.apache.coyote.AbstractProtocol.init Initializing ProtocolHandler ["ajp-nio-8009"]
06-Aug-2015 11:01:44.429 INFO [main] org.apache.tomcat.util.net.NioSelectorPool.getSharedSelector Using a shared selector for servlet write/read
06-Aug-2015 11:01:44.429 INFO [main] org.apache.catalina.startup.Catalina.load Initialization processed in 667 ms
06-Aug-2015 11:01:44.457 INFO [main] org.apache.catalina.core.StandardService.startInternal Starting service Catalina
06-Aug-2015 11:01:44.457 INFO [main] org.apache.catalina.core.StandardEngine.startInternal Starting Servlet Engine: Apache Tomcat/8.0.23
06-Aug-2015 11:01:44.481 INFO [localhost-startStop-1] org.apache.catalina.startup.HostConfig.deployWAR Deploying web application archive /Users/kevin/Kevin-LASAD/Deploy/apache-tomcat-8.0.23/webapps/lasad.war
06-Aug-2015 11:01:48.028 INFO [localhost-startStop-1] org.apache.jasper.servlet.TldScanner.scanJars At least one JAR was scanned for TLDs yet contained no TLDs. Enable debug logging for this logger for a complete list of JARs that were scanned but no TLDs were found in them. Skipping unneeded JARs during scanning can improve startup time and JSP compilation time.
06-Aug-2015 11:01:48.153 INFO [localhost-startStop-1] org.apache.catalina.startup.HostConfig.deployWAR Deployment of web application archive /Users/kevin/Kevin-LASAD/Deploy/apache-tomcat-8.0.23/webapps/lasad.war has finished in 3,671 ms
06-Aug-2015 11:01:48.154 INFO [localhost-startStop-1] org.apache.catalina.startup.HostConfig.deployDirectory Deploying web application directory /Users/kevin/Kevin-LASAD/Deploy/apache-tomcat-8.0.23/webapps/docs
06-Aug-2015 11:01:48.176 INFO [localhost-startStop-1] org.apache.catalina.startup.HostConfig.deployDirectory Deployment of web application directory /Users/kevin/Kevin-LASAD/Deploy/apache-tomcat-8.0.23/webapps/docs has finished in 21 ms
06-Aug-2015 11:01:48.176 INFO [localhost-startStop-1] org.apache.catalina.startup.HostConfig.deployDirectory Deploying web application directory /Users/kevin/Kevin-LASAD/Deploy/apache-tomcat-8.0.23/webapps/examples
06-Aug-2015 11:01:48.585 INFO [localhost-startStop-1] org.apache.catalina.startup.HostConfig.deployDirectory Deployment of web application directory /Users/kevin/Kevin-LASAD/Deploy/apache-tomcat-8.0.23/webapps/examples has finished in 409 ms
06-Aug-2015 11:01:48.585 INFO [localhost-startStop-1] org.apache.catalina.startup.HostConfig.deployDirectory Deploying web application directory /Users/kevin/Kevin-LASAD/Deploy/apache-tomcat-8.0.23/webapps/host-manager
06-Aug-2015 11:01:48.610 INFO [localhost-startStop-1] org.apache.catalina.startup.HostConfig.deployDirectory Deployment of web application directory /Users/kevin/Kevin-LASAD/Deploy/apache-tomcat-8.0.23/webapps/host-manager has finished in 25 ms
06-Aug-2015 11:01:48.610 INFO [localhost-startStop-1] org.apache.catalina.startup.HostConfig.deployDirectory Deploying web application directory /Users/kevin/Kevin-LASAD/Deploy/apache-tomcat-8.0.23/webapps/manager
06-Aug-2015 11:01:48.633 INFO [localhost-startStop-1] org.apache.catalina.startup.HostConfig.deployDirectory Deployment of web application directory /Users/kevin/Kevin-LASAD/Deploy/apache-tomcat-8.0.23/webapps/manager has finished in 23 ms
06-Aug-2015 11:01:48.633 INFO [localhost-startStop-1] org.apache.catalina.startup.HostConfig.deployDirectory Deploying web application directory /Users/kevin/Kevin-LASAD/Deploy/apache-tomcat-8.0.23/webapps/ROOT
06-Aug-2015 11:01:48.651 INFO [localhost-startStop-1] org.apache.catalina.startup.HostConfig.deployDirectory Deployment of web application directory /Users/kevin/Kevin-LASAD/Deploy/apache-tomcat-8.0.23/webapps/ROOT has finished in 18 ms
06-Aug-2015 11:01:48.657 INFO [main] org.apache.coyote.AbstractProtocol.start Starting ProtocolHandler ["http-nio-8080"]
06-Aug-2015 11:01:48.666 INFO [main] org.apache.coyote.AbstractProtocol.start Starting ProtocolHandler ["ajp-nio-8009"]
06-Aug-2015 11:01:48.666 INFO [main] org.apache.catalina.startup.Catalina.start Server startup in 4236 ms
06-Aug-2015 11:01:49.375 INFO [http-nio-8080-exec-4] null.null Server: Configuration changed - EventServiceConfiguration (Properties "eventservice.properties")
  Min.: 0ms; Max.: 20000ms; Timeout: 90000ms
06-Aug-2015 11:01:49.494 INFO [http-nio-8080-exec-4] de.novanic.eventservice.logger.DefaultServerLogger.log Server: Client "B95C96AE60EA48EA9DA6A5C1A4B48E54286931457" initialized.
06-Aug-2015 11:01:59.152 INFO [http-nio-8080-exec-5] null.null Server: Client "D5888D13F2B9B183F091B9C5676D79D1380983359" initialized.
06-Aug-2015 11:05:59.926 INFO [http-nio-8080-exec-5] null.null Server: Client "D5888D13F2B9B183F091B9C5676D79D1-1655750703" initialized.
06-Aug-2015 11:07:26.615 INFO [main] org.apache.catalina.core.StandardServer.await A valid shutdown command was received via the shutdown port. Stopping the Server instance.
06-Aug-2015 11:07:26.615 INFO [main] org.apache.coyote.AbstractProtocol.pause Pausing ProtocolHandler ["http-nio-8080"]
06-Aug-2015 11:07:26.669 INFO [main] org.apache.coyote.AbstractProtocol.pause Pausing ProtocolHandler ["ajp-nio-8009"]
06-Aug-2015 11:07:26.723 INFO [main] org.apache.catalina.core.StandardService.stopInternal Stopping service Catalina
06-Aug-2015 11:07:26.747 WARNING [localhost-startStop-2] org.apache.catalina.loader.WebappClassLoaderBase.clearReferencesThreads The web application [lasad] appears to have started a thread named [GWTEventService-UserActivityScheduler] but has failed to stop it. This is very likely to create a memory leak. Stack trace of thread:
 java.lang.Object.wait(Native Method)
 java.util.TimerThread.mainLoop(Timer.java:552)
 java.util.TimerThread.run(Timer.java:505)
06-Aug-2015 11:07:26.774 INFO [main] org.apache.coyote.AbstractProtocol.stop Stopping ProtocolHandler ["http-nio-8080"]
06-Aug-2015 11:07:26.848 INFO [main] org.apache.coyote.AbstractProtocol.stop Stopping ProtocolHandler ["ajp-nio-8009"]
06-Aug-2015 11:07:26.849 INFO [main] org.apache.coyote.AbstractProtocol.destroy Destroying ProtocolHandler ["http-nio-8080"]
06-Aug-2015 11:07:26.850 INFO [main] org.apache.coyote.AbstractProtocol.destroy Destroying ProtocolHandler ["ajp-nio-8009"]
06-Aug-2015 11:21:39.116 INFO [main] org.apache.catalina.startup.VersionLoggerListener.log Server version:        Apache Tomcat/8.0.23
06-Aug-2015 11:21:39.118 INFO [main] org.apache.catalina.startup.VersionLoggerListener.log Server built:          May 19 2015 14:58:38 UTC
06-Aug-2015 11:21:39.118 INFO [main] org.apache.catalina.startup.VersionLoggerListener.log Server number:         8.0.23.0
06-Aug-2015 11:21:39.118 INFO [main] org.apache.catalina.startup.VersionLoggerListener.log OS Name:               Mac OS X
06-Aug-2015 11:21:39.118 INFO [main] org.apache.catalina.startup.VersionLoggerListener.log OS Version:            10.10.2
06-Aug-2015 11:21:39.118 INFO [main] org.apache.catalina.startup.VersionLoggerListener.log Architecture:          x86_64
06-Aug-2015 11:21:39.118 INFO [main] org.apache.catalina.startup.VersionLoggerListener.log Java Home:             /Library/Java/JavaVirtualMachines/jdk1.8.0_45.jdk/Contents/Home/jre
06-Aug-2015 11:21:39.118 INFO [main] org.apache.catalina.startup.VersionLoggerListener.log JVM Version:           1.8.0_45-b14
06-Aug-2015 11:21:39.119 INFO [main] org.apache.catalina.startup.VersionLoggerListener.log JVM Vendor:            Oracle Corporation
06-Aug-2015 11:21:39.119 INFO [main] org.apache.catalina.startup.VersionLoggerListener.log CATALINA_BASE:         /Users/kevin/Kevin-LASAD/Deploy/apache-tomcat-8.0.23
06-Aug-2015 11:21:39.119 INFO [main] org.apache.catalina.startup.VersionLoggerListener.log CATALINA_HOME:         /Users/kevin/Kevin-LASAD/Deploy/apache-tomcat-8.0.23
06-Aug-2015 11:21:39.119 INFO [main] org.apache.catalina.startup.VersionLoggerListener.log Command line argument: -Djava.util.logging.config.file=/Users/kevin/Kevin-LASAD/Deploy/apache-tomcat-8.0.23/conf/logging.properties
06-Aug-2015 11:21:39.119 INFO [main] org.apache.catalina.startup.VersionLoggerListener.log Command line argument: -Djava.util.logging.manager=org.apache.juli.ClassLoaderLogManager
06-Aug-2015 11:21:39.120 INFO [main] org.apache.catalina.startup.VersionLoggerListener.log Command line argument: -Djava.endorsed.dirs=/Users/kevin/Kevin-LASAD/Deploy/apache-tomcat-8.0.23/endorsed
06-Aug-2015 11:21:39.120 INFO [main] org.apache.catalina.startup.VersionLoggerListener.log Command line argument: -Dcatalina.base=/Users/kevin/Kevin-LASAD/Deploy/apache-tomcat-8.0.23
06-Aug-2015 11:21:39.120 INFO [main] org.apache.catalina.startup.VersionLoggerListener.log Command line argument: -Dcatalina.home=/Users/kevin/Kevin-LASAD/Deploy/apache-tomcat-8.0.23
06-Aug-2015 11:21:39.120 INFO [main] org.apache.catalina.startup.VersionLoggerListener.log Command line argument: -Djava.io.tmpdir=/Users/kevin/Kevin-LASAD/Deploy/apache-tomcat-8.0.23/temp
06-Aug-2015 11:21:39.120 INFO [main] org.apache.catalina.core.AprLifecycleListener.lifecycleEvent The APR based Apache Tomcat Native library which allows optimal performance in production environments was not found on the java.library.path: /Users/kevin/Library/Java/Extensions:/Library/Java/Extensions:/Network/Library/Java/Extensions:/System/Library/Java/Extensions:/usr/lib/java:.
06-Aug-2015 11:21:39.251 INFO [main] org.apache.coyote.AbstractProtocol.init Initializing ProtocolHandler ["http-nio-8080"]
06-Aug-2015 11:21:39.271 INFO [main] org.apache.tomcat.util.net.NioSelectorPool.getSharedSelector Using a shared selector for servlet write/read
06-Aug-2015 11:21:39.273 INFO [main] org.apache.coyote.AbstractProtocol.init Initializing ProtocolHandler ["ajp-nio-8009"]
06-Aug-2015 11:21:39.275 INFO [main] org.apache.tomcat.util.net.NioSelectorPool.getSharedSelector Using a shared selector for servlet write/read
06-Aug-2015 11:21:39.275 INFO [main] org.apache.catalina.startup.Catalina.load Initialization processed in 513 ms
06-Aug-2015 11:21:39.300 INFO [main] org.apache.catalina.core.StandardService.startInternal Starting service Catalina
06-Aug-2015 11:21:39.300 INFO [main] org.apache.catalina.core.StandardEngine.startInternal Starting Servlet Engine: Apache Tomcat/8.0.23
06-Aug-2015 11:21:39.317 INFO [localhost-startStop-1] org.apache.catalina.startup.HostConfig.deployWAR Deploying web application archive /Users/kevin/Kevin-LASAD/Deploy/apache-tomcat-8.0.23/webapps/lasad.war
06-Aug-2015 11:21:41.852 INFO [localhost-startStop-1] org.apache.jasper.servlet.TldScanner.scanJars At least one JAR was scanned for TLDs yet contained no TLDs. Enable debug logging for this logger for a complete list of JARs that were scanned but no TLDs were found in them. Skipping unneeded JARs during scanning can improve startup time and JSP compilation time.
06-Aug-2015 11:21:41.941 INFO [localhost-startStop-1] org.apache.catalina.startup.HostConfig.deployWAR Deployment of web application archive /Users/kevin/Kevin-LASAD/Deploy/apache-tomcat-8.0.23/webapps/lasad.war has finished in 2,623 ms
06-Aug-2015 11:21:41.942 INFO [localhost-startStop-1] org.apache.catalina.startup.HostConfig.deployDirectory Deploying web application directory /Users/kevin/Kevin-LASAD/Deploy/apache-tomcat-8.0.23/webapps/docs
06-Aug-2015 11:21:41.962 INFO [localhost-startStop-1] org.apache.catalina.startup.HostConfig.deployDirectory Deployment of web application directory /Users/kevin/Kevin-LASAD/Deploy/apache-tomcat-8.0.23/webapps/docs has finished in 19 ms
06-Aug-2015 11:21:41.962 INFO [localhost-startStop-1] org.apache.catalina.startup.HostConfig.deployDirectory Deploying web application directory /Users/kevin/Kevin-LASAD/Deploy/apache-tomcat-8.0.23/webapps/examples
06-Aug-2015 11:21:42.443 INFO [localhost-startStop-1] org.apache.catalina.startup.HostConfig.deployDirectory Deployment of web application directory /Users/kevin/Kevin-LASAD/Deploy/apache-tomcat-8.0.23/webapps/examples has finished in 481 ms
06-Aug-2015 11:21:42.443 INFO [localhost-startStop-1] org.apache.catalina.startup.HostConfig.deployDirectory Deploying web application directory /Users/kevin/Kevin-LASAD/Deploy/apache-tomcat-8.0.23/webapps/host-manager
06-Aug-2015 11:21:42.481 INFO [localhost-startStop-1] org.apache.catalina.startup.HostConfig.deployDirectory Deployment of web application directory /Users/kevin/Kevin-LASAD/Deploy/apache-tomcat-8.0.23/webapps/host-manager has finished in 38 ms
06-Aug-2015 11:21:42.481 INFO [localhost-startStop-1] org.apache.catalina.startup.HostConfig.deployDirectory Deploying web application directory /Users/kevin/Kevin-LASAD/Deploy/apache-tomcat-8.0.23/webapps/manager
06-Aug-2015 11:21:42.554 INFO [localhost-startStop-1] org.apache.catalina.startup.HostConfig.deployDirectory Deployment of web application directory /Users/kevin/Kevin-LASAD/Deploy/apache-tomcat-8.0.23/webapps/manager has finished in 73 ms
06-Aug-2015 11:21:42.555 INFO [localhost-startStop-1] org.apache.catalina.startup.HostConfig.deployDirectory Deploying web application directory /Users/kevin/Kevin-LASAD/Deploy/apache-tomcat-8.0.23/webapps/ROOT
06-Aug-2015 11:21:42.568 INFO [localhost-startStop-1] org.apache.catalina.startup.HostConfig.deployDirectory Deployment of web application directory /Users/kevin/Kevin-LASAD/Deploy/apache-tomcat-8.0.23/webapps/ROOT has finished in 13 ms
06-Aug-2015 11:21:42.571 INFO [main] org.apache.coyote.AbstractProtocol.start Starting ProtocolHandler ["http-nio-8080"]
06-Aug-2015 11:21:42.576 INFO [main] org.apache.coyote.AbstractProtocol.start Starting ProtocolHandler ["ajp-nio-8009"]
06-Aug-2015 11:21:42.577 INFO [main] org.apache.catalina.startup.Catalina.start Server startup in 3301 ms
06-Aug-2015 11:23:07.254 INFO [http-nio-8080-exec-6] null.null Server: Configuration changed - EventServiceConfiguration (Properties "eventservice.properties")
  Min.: 0ms; Max.: 20000ms; Timeout: 90000ms
06-Aug-2015 11:23:07.371 INFO [http-nio-8080-exec-6] null.null Server: Client "8ECE20B81830D5B180A16514C07CBD93-1569799976" initialized.
06-Aug-2015 11:26:02.295 INFO [http-nio-8080-exec-10] null.null Server: Client "8ECE20B81830D5B180A16514C07CBD93-249986138" initialized.
06-Aug-2015 11:26:13.220 INFO [http-nio-8080-exec-8] null.null Server: Client "8ECE20B81830D5B180A16514C07CBD93-1938327924" initialized.
06-Aug-2015 11:27:12.381 INFO [http-nio-8080-exec-5] null.null Server: Client "8ECE20B81830D5B180A16514C07CBD93757687282" initialized.
06-Aug-2015 11:37:11.715 INFO [main] org.apache.catalina.core.StandardServer.await A valid shutdown command was received via the shutdown port. Stopping the Server instance.
06-Aug-2015 11:37:11.716 INFO [main] org.apache.coyote.AbstractProtocol.pause Pausing ProtocolHandler ["http-nio-8080"]
06-Aug-2015 11:37:11.772 INFO [main] org.apache.coyote.AbstractProtocol.pause Pausing ProtocolHandler ["ajp-nio-8009"]
06-Aug-2015 11:37:11.823 INFO [main] org.apache.catalina.core.StandardService.stopInternal Stopping service Catalina
06-Aug-2015 11:37:11.840 WARNING [localhost-startStop-2] org.apache.catalina.loader.WebappClassLoaderBase.clearReferencesThreads The web application [lasad] appears to have started a thread named [GWTEventService-UserActivityScheduler] but has failed to stop it. This is very likely to create a memory leak. Stack trace of thread:
 java.lang.Object.wait(Native Method)
 java.util.TimerThread.mainLoop(Timer.java:552)
 java.util.TimerThread.run(Timer.java:505)
06-Aug-2015 11:37:11.860 INFO [main] org.apache.coyote.AbstractProtocol.stop Stopping ProtocolHandler ["http-nio-8080"]
06-Aug-2015 11:37:11.963 INFO [main] org.apache.coyote.AbstractProtocol.stop Stopping ProtocolHandler ["ajp-nio-8009"]
06-Aug-2015 11:37:11.963 INFO [main] org.apache.coyote.AbstractProtocol.destroy Destroying ProtocolHandler ["http-nio-8080"]
06-Aug-2015 11:37:11.964 INFO [main] org.apache.coyote.AbstractProtocol.destroy Destroying ProtocolHandler ["ajp-nio-8009"]
06-Aug-2015 11:41:06.641 INFO [main] org.apache.catalina.startup.VersionLoggerListener.log Server version:        Apache Tomcat/8.0.23
06-Aug-2015 11:41:06.642 INFO [main] org.apache.catalina.startup.VersionLoggerListener.log Server built:          May 19 2015 14:58:38 UTC
06-Aug-2015 11:41:06.642 INFO [main] org.apache.catalina.startup.VersionLoggerListener.log Server number:         8.0.23.0
06-Aug-2015 11:41:06.643 INFO [main] org.apache.catalina.startup.VersionLoggerListener.log OS Name:               Mac OS X
06-Aug-2015 11:41:06.643 INFO [main] org.apache.catalina.startup.VersionLoggerListener.log OS Version:            10.10.2
06-Aug-2015 11:41:06.643 INFO [main] org.apache.catalina.startup.VersionLoggerListener.log Architecture:          x86_64
06-Aug-2015 11:41:06.643 INFO [main] org.apache.catalina.startup.VersionLoggerListener.log Java Home:             /Library/Java/JavaVirtualMachines/jdk1.8.0_45.jdk/Contents/Home/jre
06-Aug-2015 11:41:06.643 INFO [main] org.apache.catalina.startup.VersionLoggerListener.log JVM Version:           1.8.0_45-b14
06-Aug-2015 11:41:06.643 INFO [main] org.apache.catalina.startup.VersionLoggerListener.log JVM Vendor:            Oracle Corporation
06-Aug-2015 11:41:06.643 INFO [main] org.apache.catalina.startup.VersionLoggerListener.log CATALINA_BASE:         /Users/kevin/Kevin-LASAD/Deploy/apache-tomcat-8.0.23
06-Aug-2015 11:41:06.643 INFO [main] org.apache.catalina.startup.VersionLoggerListener.log CATALINA_HOME:         /Users/kevin/Kevin-LASAD/Deploy/apache-tomcat-8.0.23
06-Aug-2015 11:41:06.644 INFO [main] org.apache.catalina.startup.VersionLoggerListener.log Command line argument: -Djava.util.logging.config.file=/Users/kevin/Kevin-LASAD/Deploy/apache-tomcat-8.0.23/conf/logging.properties
06-Aug-2015 11:41:06.644 INFO [main] org.apache.catalina.startup.VersionLoggerListener.log Command line argument: -Djava.util.logging.manager=org.apache.juli.ClassLoaderLogManager
06-Aug-2015 11:41:06.644 INFO [main] org.apache.catalina.startup.VersionLoggerListener.log Command line argument: -Djava.endorsed.dirs=/Users/kevin/Kevin-LASAD/Deploy/apache-tomcat-8.0.23/endorsed
06-Aug-2015 11:41:06.644 INFO [main] org.apache.catalina.startup.VersionLoggerListener.log Command line argument: -Dcatalina.base=/Users/kevin/Kevin-LASAD/Deploy/apache-tomcat-8.0.23
06-Aug-2015 11:41:06.644 INFO [main] org.apache.catalina.startup.VersionLoggerListener.log Command line argument: -Dcatalina.home=/Users/kevin/Kevin-LASAD/Deploy/apache-tomcat-8.0.23
06-Aug-2015 11:41:06.645 INFO [main] org.apache.catalina.startup.VersionLoggerListener.log Command line argument: -Djava.io.tmpdir=/Users/kevin/Kevin-LASAD/Deploy/apache-tomcat-8.0.23/temp
06-Aug-2015 11:41:06.645 INFO [main] org.apache.catalina.core.AprLifecycleListener.lifecycleEvent The APR based Apache Tomcat Native library which allows optimal performance in production environments was not found on the java.library.path: /Users/kevin/Library/Java/Extensions:/Library/Java/Extensions:/Network/Library/Java/Extensions:/System/Library/Java/Extensions:/usr/lib/java:.
06-Aug-2015 11:41:06.791 INFO [main] org.apache.coyote.AbstractProtocol.init Initializing ProtocolHandler ["http-nio-8080"]
06-Aug-2015 11:41:06.821 INFO [main] org.apache.tomcat.util.net.NioSelectorPool.getSharedSelector Using a shared selector for servlet write/read
06-Aug-2015 11:41:06.823 INFO [main] org.apache.coyote.AbstractProtocol.init Initializing ProtocolHandler ["ajp-nio-8009"]
06-Aug-2015 11:41:06.825 INFO [main] org.apache.tomcat.util.net.NioSelectorPool.getSharedSelector Using a shared selector for servlet write/read
06-Aug-2015 11:41:06.826 INFO [main] org.apache.catalina.startup.Catalina.load Initialization processed in 538 ms
06-Aug-2015 11:41:06.852 INFO [main] org.apache.catalina.core.StandardService.startInternal Starting service Catalina
06-Aug-2015 11:41:06.854 INFO [main] org.apache.catalina.core.StandardEngine.startInternal Starting Servlet Engine: Apache Tomcat/8.0.23
06-Aug-2015 11:41:06.881 INFO [localhost-startStop-1] org.apache.catalina.startup.HostConfig.deployWAR Deploying web application archive /Users/kevin/Kevin-LASAD/Deploy/apache-tomcat-8.0.23/webapps/lasad.war
06-Aug-2015 11:41:11.982 INFO [localhost-startStop-1] org.apache.jasper.servlet.TldScanner.scanJars At least one JAR was scanned for TLDs yet contained no TLDs. Enable debug logging for this logger for a complete list of JARs that were scanned but no TLDs were found in them. Skipping unneeded JARs during scanning can improve startup time and JSP compilation time.
06-Aug-2015 11:41:12.142 INFO [localhost-startStop-1] org.apache.catalina.startup.HostConfig.deployWAR Deployment of web application archive /Users/kevin/Kevin-LASAD/Deploy/apache-tomcat-8.0.23/webapps/lasad.war has finished in 5,260 ms
06-Aug-2015 11:41:12.144 INFO [localhost-startStop-1] org.apache.catalina.startup.HostConfig.deployDirectory Deploying web application directory /Users/kevin/Kevin-LASAD/Deploy/apache-tomcat-8.0.23/webapps/docs
06-Aug-2015 11:41:12.172 INFO [localhost-startStop-1] org.apache.catalina.startup.HostConfig.deployDirectory Deployment of web application directory /Users/kevin/Kevin-LASAD/Deploy/apache-tomcat-8.0.23/webapps/docs has finished in 28 ms
06-Aug-2015 11:41:12.172 INFO [localhost-startStop-1] org.apache.catalina.startup.HostConfig.deployDirectory Deploying web application directory /Users/kevin/Kevin-LASAD/Deploy/apache-tomcat-8.0.23/webapps/examples
06-Aug-2015 11:41:12.605 INFO [localhost-startStop-1] org.apache.catalina.startup.HostConfig.deployDirectory Deployment of web application directory /Users/kevin/Kevin-LASAD/Deploy/apache-tomcat-8.0.23/webapps/examples has finished in 433 ms
06-Aug-2015 11:41:12.605 INFO [localhost-startStop-1] org.apache.catalina.startup.HostConfig.deployDirectory Deploying web application directory /Users/kevin/Kevin-LASAD/Deploy/apache-tomcat-8.0.23/webapps/host-manager
06-Aug-2015 11:41:12.671 INFO [localhost-startStop-1] org.apache.catalina.startup.HostConfig.deployDirectory Deployment of web application directory /Users/kevin/Kevin-LASAD/Deploy/apache-tomcat-8.0.23/webapps/host-manager has finished in 62 ms
06-Aug-2015 11:41:12.672 INFO [localhost-startStop-1] org.apache.catalina.startup.HostConfig.deployDirectory Deploying web application directory /Users/kevin/Kevin-LASAD/Deploy/apache-tomcat-8.0.23/webapps/manager
06-Aug-2015 11:41:12.726 INFO [localhost-startStop-1] org.apache.catalina.startup.HostConfig.deployDirectory Deployment of web application directory /Users/kevin/Kevin-LASAD/Deploy/apache-tomcat-8.0.23/webapps/manager has finished in 54 ms
06-Aug-2015 11:41:12.727 INFO [localhost-startStop-1] org.apache.catalina.startup.HostConfig.deployDirectory Deploying web application directory /Users/kevin/Kevin-LASAD/Deploy/apache-tomcat-8.0.23/webapps/ROOT
06-Aug-2015 11:41:12.747 INFO [localhost-startStop-1] org.apache.catalina.startup.HostConfig.deployDirectory Deployment of web application directory /Users/kevin/Kevin-LASAD/Deploy/apache-tomcat-8.0.23/webapps/ROOT has finished in 20 ms
06-Aug-2015 11:41:12.754 INFO [main] org.apache.coyote.AbstractProtocol.start Starting ProtocolHandler ["http-nio-8080"]
06-Aug-2015 11:41:12.764 INFO [main] org.apache.coyote.AbstractProtocol.start Starting ProtocolHandler ["ajp-nio-8009"]
06-Aug-2015 11:41:12.765 INFO [main] org.apache.catalina.startup.Catalina.start Server startup in 5939 ms
06-Aug-2015 11:41:15.451 INFO [http-nio-8080-exec-7] null.null Server: Configuration changed - EventServiceConfiguration (Properties "eventservice.properties")
  Min.: 0ms; Max.: 20000ms; Timeout: 90000ms
06-Aug-2015 11:41:15.580 INFO [http-nio-8080-exec-7] de.novanic.eventservice.logger.DefaultServerLogger.log Server: Client "075FD385FBC55E13573FBF79D3594A0E329142715" initialized.
06-Aug-2015 11:47:29.979 INFO [main] org.apache.catalina.core.StandardServer.await A valid shutdown command was received via the shutdown port. Stopping the Server instance.
06-Aug-2015 11:47:29.980 INFO [main] org.apache.coyote.AbstractProtocol.pause Pausing ProtocolHandler ["http-nio-8080"]
06-Aug-2015 11:47:30.034 INFO [main] org.apache.coyote.AbstractProtocol.pause Pausing ProtocolHandler ["ajp-nio-8009"]
06-Aug-2015 11:47:30.089 INFO [main] org.apache.catalina.core.StandardService.stopInternal Stopping service Catalina
06-Aug-2015 11:47:30.106 INFO [localhost-startStop-2] org.apache.catalina.core.StandardWrapper.unload Waiting for 1 instance(s) to be deallocated for Servlet [eventServiceImpl]
06-Aug-2015 11:47:31.137 INFO [localhost-startStop-2] org.apache.catalina.core.StandardWrapper.unload Waiting for 1 instance(s) to be deallocated for Servlet [eventServiceImpl]
06-Aug-2015 11:47:32.167 INFO [localhost-startStop-2] org.apache.catalina.core.StandardWrapper.unload Waiting for 1 instance(s) to be deallocated for Servlet [eventServiceImpl]
06-Aug-2015 11:47:32.290 WARNING [localhost-startStop-2] org.apache.catalina.loader.WebappClassLoaderBase.clearReferencesThreads The web application [lasad] is still processing a request that has yet to finish. This is very likely to create a memory leak. You can control the time allowed for requests to finish by using the unloadDelay attribute of the standard Context implementation. Stack trace of request processing thread:
 java.lang.Object.wait(Native Method)
 de.novanic.eventservice.service.connection.strategy.connector.ConnectionStrategyServerConnectorAdapter.waitMaxWaitingTime(ConnectionStrategyServerConnectorAdapter.java:82)
 de.novanic.eventservice.service.connection.strategy.connector.longpolling.LongPollingServerConnector.listen(LongPollingServerConnector.java:62)
 de.novanic.eventservice.service.registry.DefaultEventRegistry.listen(DefaultEventRegistry.java:223)
 de.novanic.eventservice.service.EventServiceImpl.listen(EventServiceImpl.java:242)
 de.novanic.eventservice.service.EventServiceImpl.listen(EventServiceImpl.java:227)
 sun.reflect.GeneratedMethodAccessor36.invoke(Unknown Source)
 sun.reflect.DelegatingMethodAccessorImpl.invoke(DelegatingMethodAccessorImpl.java:43)
 java.lang.reflect.Method.invoke(Method.java:497)
 com.google.gwt.user.server.rpc.RPC.invokeAndEncodeResponse(RPC.java:561)
 com.google.gwt.user.server.rpc.RemoteServiceServlet.processCall(RemoteServiceServlet.java:208)
 com.google.gwt.user.server.rpc.RemoteServiceServlet.processPost(RemoteServiceServlet.java:248)
 com.google.gwt.user.server.rpc.AbstractRemoteServiceServlet.doPost(AbstractRemoteServiceServlet.java:62)
 javax.servlet.http.HttpServlet.service(HttpServlet.java:648)
 javax.servlet.http.HttpServlet.service(HttpServlet.java:729)
 org.apache.catalina.core.ApplicationFilterChain.internalDoFilter(ApplicationFilterChain.java:291)
 org.apache.catalina.core.ApplicationFilterChain.doFilter(ApplicationFilterChain.java:206)
 org.apache.tomcat.websocket.server.WsFilter.doFilter(WsFilter.java:52)
 org.apache.catalina.core.ApplicationFilterChain.internalDoFilter(ApplicationFilterChain.java:239)
 org.apache.catalina.core.ApplicationFilterChain.doFilter(ApplicationFilterChain.java:206)
 org.apache.catalina.core.StandardWrapperValve.invoke(StandardWrapperValve.java:219)
 org.apache.catalina.core.StandardContextValve.invoke(StandardContextValve.java:106)
 org.apache.catalina.authenticator.AuthenticatorBase.invoke(AuthenticatorBase.java:502)
 org.apache.catalina.core.StandardHostValve.invoke(StandardHostValve.java:142)
 org.apache.catalina.valves.ErrorReportValve.invoke(ErrorReportValve.java:79)
 org.apache.catalina.valves.AbstractAccessLogValve.invoke(AbstractAccessLogValve.java:617)
 org.apache.catalina.core.StandardEngineValve.invoke(StandardEngineValve.java:88)
 org.apache.catalina.connector.CoyoteAdapter.service(CoyoteAdapter.java:518)
 org.apache.coyote.http11.AbstractHttp11Processor.process(AbstractHttp11Processor.java:1091)
 org.apache.coyote.AbstractProtocol$AbstractConnectionHandler.process(AbstractProtocol.java:668)
 org.apache.tomcat.util.net.NioEndpoint$SocketProcessor.doRun(NioEndpoint.java:1521)
 org.apache.tomcat.util.net.NioEndpoint$SocketProcessor.run(NioEndpoint.java:1478)
 java.util.concurrent.ThreadPoolExecutor.runWorker(ThreadPoolExecutor.java:1142)
 java.util.concurrent.ThreadPoolExecutor$Worker.run(ThreadPoolExecutor.java:617)
 org.apache.tomcat.util.threads.TaskThread$WrappingRunnable.run(TaskThread.java:61)
 java.lang.Thread.run(Thread.java:745)
06-Aug-2015 11:47:32.290 WARNING [localhost-startStop-2] org.apache.catalina.loader.WebappClassLoaderBase.clearReferencesThreads The web application [lasad] appears to have started a thread named [GWTEventService-UserActivityScheduler] but has failed to stop it. This is very likely to create a memory leak. Stack trace of thread:
 java.lang.Object.wait(Native Method)
 java.util.TimerThread.mainLoop(Timer.java:552)
 java.util.TimerThread.run(Timer.java:505)
06-Aug-2015 11:47:32.313 INFO [main] org.apache.coyote.AbstractProtocol.stop Stopping ProtocolHandler ["http-nio-8080"]
06-Aug-2015 11:47:32.364 INFO [main] org.apache.coyote.AbstractProtocol.stop Stopping ProtocolHandler ["ajp-nio-8009"]
06-Aug-2015 11:47:32.449 INFO [main] org.apache.coyote.AbstractProtocol.destroy Destroying ProtocolHandler ["http-nio-8080"]
06-Aug-2015 11:47:32.450 INFO [main] org.apache.coyote.AbstractProtocol.destroy Destroying ProtocolHandler ["ajp-nio-8009"]
06-Aug-2015 12:04:08.720 INFO [main] org.apache.catalina.startup.VersionLoggerListener.log Server version:        Apache Tomcat/8.0.23
06-Aug-2015 12:04:08.722 INFO [main] org.apache.catalina.startup.VersionLoggerListener.log Server built:          May 19 2015 14:58:38 UTC
06-Aug-2015 12:04:08.722 INFO [main] org.apache.catalina.startup.VersionLoggerListener.log Server number:         8.0.23.0
06-Aug-2015 12:04:08.722 INFO [main] org.apache.catalina.startup.VersionLoggerListener.log OS Name:               Mac OS X
06-Aug-2015 12:04:08.722 INFO [main] org.apache.catalina.startup.VersionLoggerListener.log OS Version:            10.10.2
06-Aug-2015 12:04:08.722 INFO [main] org.apache.catalina.startup.VersionLoggerListener.log Architecture:          x86_64
06-Aug-2015 12:04:08.722 INFO [main] org.apache.catalina.startup.VersionLoggerListener.log Java Home:             /Library/Java/JavaVirtualMachines/jdk1.8.0_45.jdk/Contents/Home/jre
06-Aug-2015 12:04:08.723 INFO [main] org.apache.catalina.startup.VersionLoggerListener.log JVM Version:           1.8.0_45-b14
06-Aug-2015 12:04:08.723 INFO [main] org.apache.catalina.startup.VersionLoggerListener.log JVM Vendor:            Oracle Corporation
06-Aug-2015 12:04:08.723 INFO [main] org.apache.catalina.startup.VersionLoggerListener.log CATALINA_BASE:         /Users/kevin/Kevin-LASAD/Deploy/apache-tomcat-8.0.23
06-Aug-2015 12:04:08.723 INFO [main] org.apache.catalina.startup.VersionLoggerListener.log CATALINA_HOME:         /Users/kevin/Kevin-LASAD/Deploy/apache-tomcat-8.0.23
06-Aug-2015 12:04:08.723 INFO [main] org.apache.catalina.startup.VersionLoggerListener.log Command line argument: -Djava.util.logging.config.file=/Users/kevin/Kevin-LASAD/Deploy/apache-tomcat-8.0.23/conf/logging.properties
06-Aug-2015 12:04:08.724 INFO [main] org.apache.catalina.startup.VersionLoggerListener.log Command line argument: -Djava.util.logging.manager=org.apache.juli.ClassLoaderLogManager
06-Aug-2015 12:04:08.724 INFO [main] org.apache.catalina.startup.VersionLoggerListener.log Command line argument: -Djava.endorsed.dirs=/Users/kevin/Kevin-LASAD/Deploy/apache-tomcat-8.0.23/endorsed
06-Aug-2015 12:04:08.724 INFO [main] org.apache.catalina.startup.VersionLoggerListener.log Command line argument: -Dcatalina.base=/Users/kevin/Kevin-LASAD/Deploy/apache-tomcat-8.0.23
06-Aug-2015 12:04:08.724 INFO [main] org.apache.catalina.startup.VersionLoggerListener.log Command line argument: -Dcatalina.home=/Users/kevin/Kevin-LASAD/Deploy/apache-tomcat-8.0.23
06-Aug-2015 12:04:08.724 INFO [main] org.apache.catalina.startup.VersionLoggerListener.log Command line argument: -Djava.io.tmpdir=/Users/kevin/Kevin-LASAD/Deploy/apache-tomcat-8.0.23/temp
06-Aug-2015 12:04:08.724 INFO [main] org.apache.catalina.core.AprLifecycleListener.lifecycleEvent The APR based Apache Tomcat Native library which allows optimal performance in production environments was not found on the java.library.path: /Users/kevin/Library/Java/Extensions:/Library/Java/Extensions:/Network/Library/Java/Extensions:/System/Library/Java/Extensions:/usr/lib/java:.
06-Aug-2015 12:04:08.903 INFO [main] org.apache.coyote.AbstractProtocol.init Initializing ProtocolHandler ["http-nio-8080"]
06-Aug-2015 12:04:08.930 INFO [main] org.apache.tomcat.util.net.NioSelectorPool.getSharedSelector Using a shared selector for servlet write/read
06-Aug-2015 12:04:08.933 INFO [main] org.apache.coyote.AbstractProtocol.init Initializing ProtocolHandler ["ajp-nio-8009"]
06-Aug-2015 12:04:08.935 INFO [main] org.apache.tomcat.util.net.NioSelectorPool.getSharedSelector Using a shared selector for servlet write/read
06-Aug-2015 12:04:08.935 INFO [main] org.apache.catalina.startup.Catalina.load Initialization processed in 686 ms
06-Aug-2015 12:04:08.961 INFO [main] org.apache.catalina.core.StandardService.startInternal Starting service Catalina
06-Aug-2015 12:04:08.962 INFO [main] org.apache.catalina.core.StandardEngine.startInternal Starting Servlet Engine: Apache Tomcat/8.0.23
06-Aug-2015 12:04:08.996 INFO [localhost-startStop-1] org.apache.catalina.startup.HostConfig.deployWAR Deploying web application archive /Users/kevin/Kevin-LASAD/Deploy/apache-tomcat-8.0.23/webapps/lasad.war
06-Aug-2015 12:04:11.420 INFO [localhost-startStop-1] org.apache.jasper.servlet.TldScanner.scanJars At least one JAR was scanned for TLDs yet contained no TLDs. Enable debug logging for this logger for a complete list of JARs that were scanned but no TLDs were found in them. Skipping unneeded JARs during scanning can improve startup time and JSP compilation time.
06-Aug-2015 12:04:11.509 INFO [localhost-startStop-1] org.apache.catalina.startup.HostConfig.deployWAR Deployment of web application archive /Users/kevin/Kevin-LASAD/Deploy/apache-tomcat-8.0.23/webapps/lasad.war has finished in 2,512 ms
06-Aug-2015 12:04:11.510 INFO [localhost-startStop-1] org.apache.catalina.startup.HostConfig.deployDirectory Deploying web application directory /Users/kevin/Kevin-LASAD/Deploy/apache-tomcat-8.0.23/webapps/docs
06-Aug-2015 12:04:11.526 INFO [localhost-startStop-1] org.apache.catalina.startup.HostConfig.deployDirectory Deployment of web application directory /Users/kevin/Kevin-LASAD/Deploy/apache-tomcat-8.0.23/webapps/docs has finished in 16 ms
06-Aug-2015 12:04:11.526 INFO [localhost-startStop-1] org.apache.catalina.startup.HostConfig.deployDirectory Deploying web application directory /Users/kevin/Kevin-LASAD/Deploy/apache-tomcat-8.0.23/webapps/examples
06-Aug-2015 12:04:11.765 INFO [localhost-startStop-1] org.apache.catalina.startup.HostConfig.deployDirectory Deployment of web application directory /Users/kevin/Kevin-LASAD/Deploy/apache-tomcat-8.0.23/webapps/examples has finished in 239 ms
06-Aug-2015 12:04:11.765 INFO [localhost-startStop-1] org.apache.catalina.startup.HostConfig.deployDirectory Deploying web application directory /Users/kevin/Kevin-LASAD/Deploy/apache-tomcat-8.0.23/webapps/host-manager
06-Aug-2015 12:04:11.782 INFO [localhost-startStop-1] org.apache.catalina.startup.HostConfig.deployDirectory Deployment of web application directory /Users/kevin/Kevin-LASAD/Deploy/apache-tomcat-8.0.23/webapps/host-manager has finished in 17 ms
06-Aug-2015 12:04:11.782 INFO [localhost-startStop-1] org.apache.catalina.startup.HostConfig.deployDirectory Deploying web application directory /Users/kevin/Kevin-LASAD/Deploy/apache-tomcat-8.0.23/webapps/manager
06-Aug-2015 12:04:11.801 INFO [localhost-startStop-1] org.apache.catalina.startup.HostConfig.deployDirectory Deployment of web application directory /Users/kevin/Kevin-LASAD/Deploy/apache-tomcat-8.0.23/webapps/manager has finished in 18 ms
06-Aug-2015 12:04:11.801 INFO [localhost-startStop-1] org.apache.catalina.startup.HostConfig.deployDirectory Deploying web application directory /Users/kevin/Kevin-LASAD/Deploy/apache-tomcat-8.0.23/webapps/ROOT
06-Aug-2015 12:04:11.816 INFO [localhost-startStop-1] org.apache.catalina.startup.HostConfig.deployDirectory Deployment of web application directory /Users/kevin/Kevin-LASAD/Deploy/apache-tomcat-8.0.23/webapps/ROOT has finished in 15 ms
06-Aug-2015 12:04:11.819 INFO [main] org.apache.coyote.AbstractProtocol.start Starting ProtocolHandler ["http-nio-8080"]
06-Aug-2015 12:04:11.825 INFO [main] org.apache.coyote.AbstractProtocol.start Starting ProtocolHandler ["ajp-nio-8009"]
06-Aug-2015 12:04:11.826 INFO [main] org.apache.catalina.startup.Catalina.start Server startup in 2890 ms
06-Aug-2015 12:04:12.336 INFO [http-nio-8080-exec-6] null.null Server: Configuration changed - EventServiceConfiguration (Properties "eventservice.properties")
  Min.: 0ms; Max.: 20000ms; Timeout: 90000ms
06-Aug-2015 12:04:12.472 INFO [http-nio-8080-exec-6] de.novanic.eventservice.logger.DefaultServerLogger.log Server: Client "1076BA192C2BEC0BC66651F0176972D2-497806574" initialized.
06-Aug-2015 12:14:49.866 INFO [main] org.apache.catalina.core.StandardServer.await A valid shutdown command was received via the shutdown port. Stopping the Server instance.
06-Aug-2015 12:14:49.867 INFO [main] org.apache.coyote.AbstractProtocol.pause Pausing ProtocolHandler ["http-nio-8080"]
06-Aug-2015 12:14:49.921 INFO [main] org.apache.coyote.AbstractProtocol.pause Pausing ProtocolHandler ["ajp-nio-8009"]
06-Aug-2015 12:14:49.976 INFO [main] org.apache.catalina.core.StandardService.stopInternal Stopping service Catalina
06-Aug-2015 12:14:49.987 INFO [localhost-startStop-2] org.apache.catalina.core.StandardWrapper.unload Waiting for 1 instance(s) to be deallocated for Servlet [eventServiceImpl]
06-Aug-2015 12:14:51.028 INFO [localhost-startStop-2] org.apache.catalina.core.StandardWrapper.unload Waiting for 1 instance(s) to be deallocated for Servlet [eventServiceImpl]
06-Aug-2015 12:14:52.057 INFO [localhost-startStop-2] org.apache.catalina.core.StandardWrapper.unload Waiting for 1 instance(s) to be deallocated for Servlet [eventServiceImpl]
06-Aug-2015 12:14:52.165 WARNING [localhost-startStop-2] org.apache.catalina.loader.WebappClassLoaderBase.clearReferencesThreads The web application [lasad] is still processing a request that has yet to finish. This is very likely to create a memory leak. You can control the time allowed for requests to finish by using the unloadDelay attribute of the standard Context implementation. Stack trace of request processing thread:
 java.lang.Object.wait(Native Method)
 de.novanic.eventservice.service.connection.strategy.connector.ConnectionStrategyServerConnectorAdapter.waitMaxWaitingTime(ConnectionStrategyServerConnectorAdapter.java:82)
 de.novanic.eventservice.service.connection.strategy.connector.longpolling.LongPollingServerConnector.listen(LongPollingServerConnector.java:62)
 de.novanic.eventservice.service.registry.DefaultEventRegistry.listen(DefaultEventRegistry.java:223)
 de.novanic.eventservice.service.EventServiceImpl.listen(EventServiceImpl.java:242)
 de.novanic.eventservice.service.EventServiceImpl.listen(EventServiceImpl.java:227)
 sun.reflect.GeneratedMethodAccessor36.invoke(Unknown Source)
 sun.reflect.DelegatingMethodAccessorImpl.invoke(DelegatingMethodAccessorImpl.java:43)
 java.lang.reflect.Method.invoke(Method.java:497)
 com.google.gwt.user.server.rpc.RPC.invokeAndEncodeResponse(RPC.java:561)
 com.google.gwt.user.server.rpc.RemoteServiceServlet.processCall(RemoteServiceServlet.java:208)
 com.google.gwt.user.server.rpc.RemoteServiceServlet.processPost(RemoteServiceServlet.java:248)
 com.google.gwt.user.server.rpc.AbstractRemoteServiceServlet.doPost(AbstractRemoteServiceServlet.java:62)
 javax.servlet.http.HttpServlet.service(HttpServlet.java:648)
 javax.servlet.http.HttpServlet.service(HttpServlet.java:729)
 org.apache.catalina.core.ApplicationFilterChain.internalDoFilter(ApplicationFilterChain.java:291)
 org.apache.catalina.core.ApplicationFilterChain.doFilter(ApplicationFilterChain.java:206)
 org.apache.tomcat.websocket.server.WsFilter.doFilter(WsFilter.java:52)
 org.apache.catalina.core.ApplicationFilterChain.internalDoFilter(ApplicationFilterChain.java:239)
 org.apache.catalina.core.ApplicationFilterChain.doFilter(ApplicationFilterChain.java:206)
 org.apache.catalina.core.StandardWrapperValve.invoke(StandardWrapperValve.java:219)
 org.apache.catalina.core.StandardContextValve.invoke(StandardContextValve.java:106)
 org.apache.catalina.authenticator.AuthenticatorBase.invoke(AuthenticatorBase.java:502)
 org.apache.catalina.core.StandardHostValve.invoke(StandardHostValve.java:142)
 org.apache.catalina.valves.ErrorReportValve.invoke(ErrorReportValve.java:79)
 org.apache.catalina.valves.AbstractAccessLogValve.invoke(AbstractAccessLogValve.java:617)
 org.apache.catalina.core.StandardEngineValve.invoke(StandardEngineValve.java:88)
 org.apache.catalina.connector.CoyoteAdapter.service(CoyoteAdapter.java:518)
 org.apache.coyote.http11.AbstractHttp11Processor.process(AbstractHttp11Processor.java:1091)
 org.apache.coyote.AbstractProtocol$AbstractConnectionHandler.process(AbstractProtocol.java:668)
 org.apache.tomcat.util.net.NioEndpoint$SocketProcessor.doRun(NioEndpoint.java:1521)
 org.apache.tomcat.util.net.NioEndpoint$SocketProcessor.run(NioEndpoint.java:1478)
 java.util.concurrent.ThreadPoolExecutor.runWorker(ThreadPoolExecutor.java:1142)
 java.util.concurrent.ThreadPoolExecutor$Worker.run(ThreadPoolExecutor.java:617)
 org.apache.tomcat.util.threads.TaskThread$WrappingRunnable.run(TaskThread.java:61)
 java.lang.Thread.run(Thread.java:745)
06-Aug-2015 12:14:52.165 WARNING [localhost-startStop-2] org.apache.catalina.loader.WebappClassLoaderBase.clearReferencesThreads The web application [lasad] appears to have started a thread named [GWTEventService-UserActivityScheduler] but has failed to stop it. This is very likely to create a memory leak. Stack trace of thread:
 java.lang.Object.wait(Native Method)
 java.util.TimerThread.mainLoop(Timer.java:552)
 java.util.TimerThread.run(Timer.java:505)
06-Aug-2015 12:14:52.180 INFO [main] org.apache.coyote.AbstractProtocol.stop Stopping ProtocolHandler ["http-nio-8080"]
06-Aug-2015 12:14:52.230 INFO [main] org.apache.coyote.AbstractProtocol.stop Stopping ProtocolHandler ["ajp-nio-8009"]
06-Aug-2015 12:14:52.266 INFO [main] org.apache.coyote.AbstractProtocol.destroy Destroying ProtocolHandler ["http-nio-8080"]
06-Aug-2015 12:14:52.267 INFO [main] org.apache.coyote.AbstractProtocol.destroy Destroying ProtocolHandler ["ajp-nio-8009"]
