08-Jun-2015 09:36:09.854 INFO [main] org.apache.catalina.startup.VersionLoggerListener.log Server version:        Apache Tomcat/8.0.23
08-Jun-2015 09:36:09.857 INFO [main] org.apache.catalina.startup.VersionLoggerListener.log Server built:          May 19 2015 14:58:38 UTC
08-Jun-2015 09:36:09.857 INFO [main] org.apache.catalina.startup.VersionLoggerListener.log Server number:         8.0.23.0
08-Jun-2015 09:36:09.857 INFO [main] org.apache.catalina.startup.VersionLoggerListener.log OS Name:               Mac OS X
08-Jun-2015 09:36:09.857 INFO [main] org.apache.catalina.startup.VersionLoggerListener.log OS Version:            10.10.2
08-Jun-2015 09:36:09.857 INFO [main] org.apache.catalina.startup.VersionLoggerListener.log Architecture:          x86_64
08-Jun-2015 09:36:09.858 INFO [main] org.apache.catalina.startup.VersionLoggerListener.log Java Home:             /Library/Java/JavaVirtualMachines/jdk1.8.0_45.jdk/Contents/Home/jre
08-Jun-2015 09:36:09.858 INFO [main] org.apache.catalina.startup.VersionLoggerListener.log JVM Version:           1.8.0_45-b14
08-Jun-2015 09:36:09.858 INFO [main] org.apache.catalina.startup.VersionLoggerListener.log JVM Vendor:            Oracle Corporation
08-Jun-2015 09:36:09.858 INFO [main] org.apache.catalina.startup.VersionLoggerListener.log CATALINA_BASE:         /Users/kevin/Kevin-LASAD/Deploy/apache-tomcat-8.0.23
08-Jun-2015 09:36:09.858 INFO [main] org.apache.catalina.startup.VersionLoggerListener.log CATALINA_HOME:         /Users/kevin/Kevin-LASAD/Deploy/apache-tomcat-8.0.23
08-Jun-2015 09:36:09.859 INFO [main] org.apache.catalina.startup.VersionLoggerListener.log Command line argument: -Djava.util.logging.config.file=/Users/kevin/Kevin-LASAD/Deploy/apache-tomcat-8.0.23/conf/logging.properties
08-Jun-2015 09:36:09.859 INFO [main] org.apache.catalina.startup.VersionLoggerListener.log Command line argument: -Djava.util.logging.manager=org.apache.juli.ClassLoaderLogManager
08-Jun-2015 09:36:09.859 INFO [main] org.apache.catalina.startup.VersionLoggerListener.log Command line argument: -Djava.endorsed.dirs=/Users/kevin/Kevin-LASAD/Deploy/apache-tomcat-8.0.23/endorsed
08-Jun-2015 09:36:09.859 INFO [main] org.apache.catalina.startup.VersionLoggerListener.log Command line argument: -Dcatalina.base=/Users/kevin/Kevin-LASAD/Deploy/apache-tomcat-8.0.23
08-Jun-2015 09:36:09.859 INFO [main] org.apache.catalina.startup.VersionLoggerListener.log Command line argument: -Dcatalina.home=/Users/kevin/Kevin-LASAD/Deploy/apache-tomcat-8.0.23
08-Jun-2015 09:36:09.859 INFO [main] org.apache.catalina.startup.VersionLoggerListener.log Command line argument: -Djava.io.tmpdir=/Users/kevin/Kevin-LASAD/Deploy/apache-tomcat-8.0.23/temp
08-Jun-2015 09:36:09.859 INFO [main] org.apache.catalina.core.AprLifecycleListener.lifecycleEvent The APR based Apache Tomcat Native library which allows optimal performance in production environments was not found on the java.library.path: /Users/kevin/Library/Java/Extensions:/Library/Java/Extensions:/Network/Library/Java/Extensions:/System/Library/Java/Extensions:/usr/lib/java:.
08-Jun-2015 09:36:10.034 INFO [main] org.apache.coyote.AbstractProtocol.init Initializing ProtocolHandler ["http-nio-8080"]
08-Jun-2015 09:36:10.065 INFO [main] org.apache.tomcat.util.net.NioSelectorPool.getSharedSelector Using a shared selector for servlet write/read
08-Jun-2015 09:36:10.068 INFO [main] org.apache.coyote.AbstractProtocol.init Initializing ProtocolHandler ["ajp-nio-8009"]
08-Jun-2015 09:36:10.069 INFO [main] org.apache.tomcat.util.net.NioSelectorPool.getSharedSelector Using a shared selector for servlet write/read
08-Jun-2015 09:36:10.070 INFO [main] org.apache.catalina.startup.Catalina.load Initialization processed in 656 ms
08-Jun-2015 09:36:10.095 INFO [main] org.apache.catalina.core.StandardService.startInternal Starting service Catalina
08-Jun-2015 09:36:10.096 INFO [main] org.apache.catalina.core.StandardEngine.startInternal Starting Servlet Engine: Apache Tomcat/8.0.23
08-Jun-2015 09:36:10.117 INFO [localhost-startStop-1] org.apache.catalina.startup.HostConfig.deployWAR Deploying web application archive /Users/kevin/Kevin-LASAD/Deploy/apache-tomcat-8.0.23/webapps/lasad.war
08-Jun-2015 09:36:12.710 INFO [localhost-startStop-1] org.apache.jasper.servlet.TldScanner.scanJars At least one JAR was scanned for TLDs yet contained no TLDs. Enable debug logging for this logger for a complete list of JARs that were scanned but no TLDs were found in them. Skipping unneeded JARs during scanning can improve startup time and JSP compilation time.
08-Jun-2015 09:36:12.790 INFO [localhost-startStop-1] org.apache.catalina.startup.HostConfig.deployWAR Deployment of web application archive /Users/kevin/Kevin-LASAD/Deploy/apache-tomcat-8.0.23/webapps/lasad.war has finished in 2,673 ms
08-Jun-2015 09:36:12.794 INFO [localhost-startStop-1] org.apache.catalina.startup.HostConfig.deployDirectory Deploying web application directory /Users/kevin/Kevin-LASAD/Deploy/apache-tomcat-8.0.23/webapps/docs
08-Jun-2015 09:36:12.810 INFO [localhost-startStop-1] org.apache.catalina.startup.HostConfig.deployDirectory Deployment of web application directory /Users/kevin/Kevin-LASAD/Deploy/apache-tomcat-8.0.23/webapps/docs has finished in 16 ms
08-Jun-2015 09:36:12.811 INFO [localhost-startStop-1] org.apache.catalina.startup.HostConfig.deployDirectory Deploying web application directory /Users/kevin/Kevin-LASAD/Deploy/apache-tomcat-8.0.23/webapps/examples
08-Jun-2015 09:36:13.056 INFO [localhost-startStop-1] org.apache.catalina.startup.HostConfig.deployDirectory Deployment of web application directory /Users/kevin/Kevin-LASAD/Deploy/apache-tomcat-8.0.23/webapps/examples has finished in 245 ms
08-Jun-2015 09:36:13.056 INFO [localhost-startStop-1] org.apache.catalina.startup.HostConfig.deployDirectory Deploying web application directory /Users/kevin/Kevin-LASAD/Deploy/apache-tomcat-8.0.23/webapps/host-manager
08-Jun-2015 09:36:13.078 INFO [localhost-startStop-1] org.apache.catalina.startup.HostConfig.deployDirectory Deployment of web application directory /Users/kevin/Kevin-LASAD/Deploy/apache-tomcat-8.0.23/webapps/host-manager has finished in 21 ms
08-Jun-2015 09:36:13.078 INFO [localhost-startStop-1] org.apache.catalina.startup.HostConfig.deployDirectory Deploying web application directory /Users/kevin/Kevin-LASAD/Deploy/apache-tomcat-8.0.23/webapps/manager
08-Jun-2015 09:36:13.097 INFO [localhost-startStop-1] org.apache.catalina.startup.HostConfig.deployDirectory Deployment of web application directory /Users/kevin/Kevin-LASAD/Deploy/apache-tomcat-8.0.23/webapps/manager has finished in 19 ms
08-Jun-2015 09:36:13.097 INFO [localhost-startStop-1] org.apache.catalina.startup.HostConfig.deployDirectory Deploying web application directory /Users/kevin/Kevin-LASAD/Deploy/apache-tomcat-8.0.23/webapps/ROOT
08-Jun-2015 09:36:13.112 INFO [localhost-startStop-1] org.apache.catalina.startup.HostConfig.deployDirectory Deployment of web application directory /Users/kevin/Kevin-LASAD/Deploy/apache-tomcat-8.0.23/webapps/ROOT has finished in 15 ms
08-Jun-2015 09:36:13.115 INFO [main] org.apache.coyote.AbstractProtocol.start Starting ProtocolHandler ["http-nio-8080"]
08-Jun-2015 09:36:13.121 INFO [main] org.apache.coyote.AbstractProtocol.start Starting ProtocolHandler ["ajp-nio-8009"]
08-Jun-2015 09:36:13.122 INFO [main] org.apache.catalina.startup.Catalina.start Server startup in 3052 ms
08-Jun-2015 09:36:25.610 INFO [http-nio-8080-exec-9] null.null Server: Configuration changed - EventServiceConfiguration (Properties "eventservice.properties")
  Min.: 0ms; Max.: 20000ms; Timeout: 90000ms
08-Jun-2015 09:36:25.756 INFO [http-nio-8080-exec-9] null.null Server: Client "9245387BC86536A49BAC15EB19A3C1BB1087868593" initialized.
08-Jun-2015 10:07:48.395 INFO [main] org.apache.catalina.core.StandardServer.await A valid shutdown command was received via the shutdown port. Stopping the Server instance.
08-Jun-2015 10:07:48.396 INFO [main] org.apache.coyote.AbstractProtocol.pause Pausing ProtocolHandler ["http-nio-8080"]
08-Jun-2015 10:07:48.449 INFO [main] org.apache.coyote.AbstractProtocol.pause Pausing ProtocolHandler ["ajp-nio-8009"]
08-Jun-2015 10:07:48.504 INFO [main] org.apache.catalina.core.StandardService.stopInternal Stopping service Catalina
08-Jun-2015 10:07:48.520 WARNING [localhost-startStop-2] org.apache.catalina.loader.WebappClassLoaderBase.clearReferencesThreads The web application [lasad] appears to have started a thread named [GWTEventService-UserActivityScheduler] but has failed to stop it. This is very likely to create a memory leak. Stack trace of thread:
 java.lang.Object.wait(Native Method)
 java.util.TimerThread.mainLoop(Timer.java:552)
 java.util.TimerThread.run(Timer.java:505)
08-Jun-2015 10:07:48.532 INFO [main] org.apache.coyote.AbstractProtocol.stop Stopping ProtocolHandler ["http-nio-8080"]
08-Jun-2015 10:07:48.534 INFO [main] org.apache.coyote.AbstractProtocol.stop Stopping ProtocolHandler ["ajp-nio-8009"]
08-Jun-2015 10:07:48.536 INFO [main] org.apache.coyote.AbstractProtocol.destroy Destroying ProtocolHandler ["http-nio-8080"]
08-Jun-2015 10:07:48.537 INFO [main] org.apache.coyote.AbstractProtocol.destroy Destroying ProtocolHandler ["ajp-nio-8009"]
08-Jun-2015 10:13:58.989 INFO [main] org.apache.catalina.startup.VersionLoggerListener.log Server version:        Apache Tomcat/8.0.23
08-Jun-2015 10:13:58.992 INFO [main] org.apache.catalina.startup.VersionLoggerListener.log Server built:          May 19 2015 14:58:38 UTC
08-Jun-2015 10:13:58.992 INFO [main] org.apache.catalina.startup.VersionLoggerListener.log Server number:         8.0.23.0
08-Jun-2015 10:13:58.992 INFO [main] org.apache.catalina.startup.VersionLoggerListener.log OS Name:               Mac OS X
08-Jun-2015 10:13:58.992 INFO [main] org.apache.catalina.startup.VersionLoggerListener.log OS Version:            10.10.2
08-Jun-2015 10:13:58.992 INFO [main] org.apache.catalina.startup.VersionLoggerListener.log Architecture:          x86_64
08-Jun-2015 10:13:58.992 INFO [main] org.apache.catalina.startup.VersionLoggerListener.log Java Home:             /Library/Java/JavaVirtualMachines/jdk1.8.0_45.jdk/Contents/Home/jre
08-Jun-2015 10:13:58.993 INFO [main] org.apache.catalina.startup.VersionLoggerListener.log JVM Version:           1.8.0_45-b14
08-Jun-2015 10:13:58.993 INFO [main] org.apache.catalina.startup.VersionLoggerListener.log JVM Vendor:            Oracle Corporation
08-Jun-2015 10:13:58.993 INFO [main] org.apache.catalina.startup.VersionLoggerListener.log CATALINA_BASE:         /Users/kevin/Kevin-LASAD/Deploy/apache-tomcat-8.0.23
08-Jun-2015 10:13:58.993 INFO [main] org.apache.catalina.startup.VersionLoggerListener.log CATALINA_HOME:         /Users/kevin/Kevin-LASAD/Deploy/apache-tomcat-8.0.23
08-Jun-2015 10:13:58.994 INFO [main] org.apache.catalina.startup.VersionLoggerListener.log Command line argument: -Djava.util.logging.config.file=/Users/kevin/Kevin-LASAD/Deploy/apache-tomcat-8.0.23/conf/logging.properties
08-Jun-2015 10:13:58.994 INFO [main] org.apache.catalina.startup.VersionLoggerListener.log Command line argument: -Djava.util.logging.manager=org.apache.juli.ClassLoaderLogManager
08-Jun-2015 10:13:58.994 INFO [main] org.apache.catalina.startup.VersionLoggerListener.log Command line argument: -Djava.endorsed.dirs=/Users/kevin/Kevin-LASAD/Deploy/apache-tomcat-8.0.23/endorsed
08-Jun-2015 10:13:58.994 INFO [main] org.apache.catalina.startup.VersionLoggerListener.log Command line argument: -Dcatalina.base=/Users/kevin/Kevin-LASAD/Deploy/apache-tomcat-8.0.23
08-Jun-2015 10:13:58.994 INFO [main] org.apache.catalina.startup.VersionLoggerListener.log Command line argument: -Dcatalina.home=/Users/kevin/Kevin-LASAD/Deploy/apache-tomcat-8.0.23
08-Jun-2015 10:13:58.994 INFO [main] org.apache.catalina.startup.VersionLoggerListener.log Command line argument: -Djava.io.tmpdir=/Users/kevin/Kevin-LASAD/Deploy/apache-tomcat-8.0.23/temp
08-Jun-2015 10:13:58.996 INFO [main] org.apache.catalina.core.AprLifecycleListener.lifecycleEvent The APR based Apache Tomcat Native library which allows optimal performance in production environments was not found on the java.library.path: /Users/kevin/Library/Java/Extensions:/Library/Java/Extensions:/Network/Library/Java/Extensions:/System/Library/Java/Extensions:/usr/lib/java:.
08-Jun-2015 10:13:59.138 INFO [main] org.apache.coyote.AbstractProtocol.init Initializing ProtocolHandler ["http-nio-8080"]
08-Jun-2015 10:13:59.164 INFO [main] org.apache.tomcat.util.net.NioSelectorPool.getSharedSelector Using a shared selector for servlet write/read
08-Jun-2015 10:13:59.168 INFO [main] org.apache.coyote.AbstractProtocol.init Initializing ProtocolHandler ["ajp-nio-8009"]
08-Jun-2015 10:13:59.169 INFO [main] org.apache.tomcat.util.net.NioSelectorPool.getSharedSelector Using a shared selector for servlet write/read
08-Jun-2015 10:13:59.170 INFO [main] org.apache.catalina.startup.Catalina.load Initialization processed in 597 ms
08-Jun-2015 10:13:59.193 INFO [main] org.apache.catalina.core.StandardService.startInternal Starting service Catalina
08-Jun-2015 10:13:59.193 INFO [main] org.apache.catalina.core.StandardEngine.startInternal Starting Servlet Engine: Apache Tomcat/8.0.23
08-Jun-2015 10:13:59.215 INFO [localhost-startStop-1] org.apache.catalina.startup.HostConfig.deployWAR Deploying web application archive /Users/kevin/Kevin-LASAD/Deploy/apache-tomcat-8.0.23/webapps/lasad.war
08-Jun-2015 10:14:02.037 INFO [localhost-startStop-1] org.apache.jasper.servlet.TldScanner.scanJars At least one JAR was scanned for TLDs yet contained no TLDs. Enable debug logging for this logger for a complete list of JARs that were scanned but no TLDs were found in them. Skipping unneeded JARs during scanning can improve startup time and JSP compilation time.
08-Jun-2015 10:14:02.120 INFO [localhost-startStop-1] org.apache.catalina.startup.HostConfig.deployWAR Deployment of web application archive /Users/kevin/Kevin-LASAD/Deploy/apache-tomcat-8.0.23/webapps/lasad.war has finished in 2,904 ms
08-Jun-2015 10:14:02.123 INFO [localhost-startStop-1] org.apache.catalina.startup.HostConfig.deployDirectory Deploying web application directory /Users/kevin/Kevin-LASAD/Deploy/apache-tomcat-8.0.23/webapps/docs
08-Jun-2015 10:14:02.149 INFO [localhost-startStop-1] org.apache.catalina.startup.HostConfig.deployDirectory Deployment of web application directory /Users/kevin/Kevin-LASAD/Deploy/apache-tomcat-8.0.23/webapps/docs has finished in 27 ms
08-Jun-2015 10:14:02.149 INFO [localhost-startStop-1] org.apache.catalina.startup.HostConfig.deployDirectory Deploying web application directory /Users/kevin/Kevin-LASAD/Deploy/apache-tomcat-8.0.23/webapps/examples
08-Jun-2015 10:14:02.339 INFO [localhost-startStop-1] org.apache.catalina.startup.HostConfig.deployDirectory Deployment of web application directory /Users/kevin/Kevin-LASAD/Deploy/apache-tomcat-8.0.23/webapps/examples has finished in 190 ms
08-Jun-2015 10:14:02.340 INFO [localhost-startStop-1] org.apache.catalina.startup.HostConfig.deployDirectory Deploying web application directory /Users/kevin/Kevin-LASAD/Deploy/apache-tomcat-8.0.23/webapps/host-manager
08-Jun-2015 10:14:02.360 INFO [localhost-startStop-1] org.apache.catalina.startup.HostConfig.deployDirectory Deployment of web application directory /Users/kevin/Kevin-LASAD/Deploy/apache-tomcat-8.0.23/webapps/host-manager has finished in 20 ms
08-Jun-2015 10:14:02.360 INFO [localhost-startStop-1] org.apache.catalina.startup.HostConfig.deployDirectory Deploying web application directory /Users/kevin/Kevin-LASAD/Deploy/apache-tomcat-8.0.23/webapps/manager
08-Jun-2015 10:14:02.380 INFO [localhost-startStop-1] org.apache.catalina.startup.HostConfig.deployDirectory Deployment of web application directory /Users/kevin/Kevin-LASAD/Deploy/apache-tomcat-8.0.23/webapps/manager has finished in 20 ms
08-Jun-2015 10:14:02.380 INFO [localhost-startStop-1] org.apache.catalina.startup.HostConfig.deployDirectory Deploying web application directory /Users/kevin/Kevin-LASAD/Deploy/apache-tomcat-8.0.23/webapps/ROOT
08-Jun-2015 10:14:02.401 INFO [localhost-startStop-1] org.apache.catalina.startup.HostConfig.deployDirectory Deployment of web application directory /Users/kevin/Kevin-LASAD/Deploy/apache-tomcat-8.0.23/webapps/ROOT has finished in 20 ms
08-Jun-2015 10:14:02.406 INFO [main] org.apache.coyote.AbstractProtocol.start Starting ProtocolHandler ["http-nio-8080"]
08-Jun-2015 10:14:02.414 INFO [main] org.apache.coyote.AbstractProtocol.start Starting ProtocolHandler ["ajp-nio-8009"]
08-Jun-2015 10:14:02.415 INFO [main] org.apache.catalina.startup.Catalina.start Server startup in 3245 ms
08-Jun-2015 10:14:05.558 INFO [http-nio-8080-exec-6] null.log Server: Configuration changed - EventServiceConfiguration (Properties "eventservice.properties")
  Min.: 0ms; Max.: 20000ms; Timeout: 90000ms
08-Jun-2015 10:14:05.692 INFO [http-nio-8080-exec-6] de.novanic.eventservice.logger.DefaultServerLogger.log Server: Client "8DB6ECA796EDFE531BC0F2D37FB507AB-993776612" initialized.
08-Jun-2015 10:23:00.563 INFO [main] org.apache.catalina.core.StandardServer.await A valid shutdown command was received via the shutdown port. Stopping the Server instance.
08-Jun-2015 10:23:00.563 INFO [main] org.apache.coyote.AbstractProtocol.pause Pausing ProtocolHandler ["http-nio-8080"]
08-Jun-2015 10:23:00.616 INFO [main] org.apache.coyote.AbstractProtocol.pause Pausing ProtocolHandler ["ajp-nio-8009"]
08-Jun-2015 10:23:00.667 INFO [main] org.apache.catalina.core.StandardService.stopInternal Stopping service Catalina
08-Jun-2015 10:23:00.677 INFO [localhost-startStop-2] org.apache.catalina.core.StandardWrapper.unload Waiting for 1 instance(s) to be deallocated for Servlet [eventServiceImpl]
08-Jun-2015 10:23:01.708 INFO [localhost-startStop-2] org.apache.catalina.core.StandardWrapper.unload Waiting for 1 instance(s) to be deallocated for Servlet [eventServiceImpl]
08-Jun-2015 10:23:02.737 INFO [localhost-startStop-2] org.apache.catalina.core.StandardWrapper.unload Waiting for 1 instance(s) to be deallocated for Servlet [eventServiceImpl]
08-Jun-2015 10:23:02.846 WARNING [localhost-startStop-2] org.apache.catalina.loader.WebappClassLoaderBase.clearReferencesThreads The web application [lasad] appears to have started a thread named [GWTEventService-UserActivityScheduler] but has failed to stop it. This is very likely to create a memory leak. Stack trace of thread:
 java.lang.Object.wait(Native Method)
 java.util.TimerThread.mainLoop(Timer.java:552)
 java.util.TimerThread.run(Timer.java:505)
08-Jun-2015 10:23:02.847 WARNING [localhost-startStop-2] org.apache.catalina.loader.WebappClassLoaderBase.clearReferencesThreads The web application [lasad] is still processing a request that has yet to finish. This is very likely to create a memory leak. You can control the time allowed for requests to finish by using the unloadDelay attribute of the standard Context implementation. Stack trace of request processing thread:
 java.lang.Object.wait(Native Method)
 de.novanic.eventservice.service.connection.strategy.connector.ConnectionStrategyServerConnectorAdapter.waitMaxWaitingTime(ConnectionStrategyServerConnectorAdapter.java:82)
 de.novanic.eventservice.service.connection.strategy.connector.longpolling.LongPollingServerConnector.listen(LongPollingServerConnector.java:62)
 de.novanic.eventservice.service.registry.DefaultEventRegistry.listen(DefaultEventRegistry.java:223)
 de.novanic.eventservice.service.EventServiceImpl.listen(EventServiceImpl.java:242)
 de.novanic.eventservice.service.EventServiceImpl.listen(EventServiceImpl.java:227)
 sun.reflect.GeneratedMethodAccessor36.invoke(Unknown Source)
 sun.reflect.DelegatingMethodAccessorImpl.invoke(DelegatingMethodAccessorImpl.java:43)
 java.lang.reflect.Method.invoke(Method.java:497)
 com.google.gwt.user.server.rpc.RPC.invokeAndEncodeResponse(RPC.java:561)
 com.google.gwt.user.server.rpc.RemoteServiceServlet.processCall(RemoteServiceServlet.java:208)
 com.google.gwt.user.server.rpc.RemoteServiceServlet.processPost(RemoteServiceServlet.java:248)
 com.google.gwt.user.server.rpc.AbstractRemoteServiceServlet.doPost(AbstractRemoteServiceServlet.java:62)
 javax.servlet.http.HttpServlet.service(HttpServlet.java:648)
 javax.servlet.http.HttpServlet.service(HttpServlet.java:729)
 org.apache.catalina.core.ApplicationFilterChain.internalDoFilter(ApplicationFilterChain.java:291)
 org.apache.catalina.core.ApplicationFilterChain.doFilter(ApplicationFilterChain.java:206)
 org.apache.tomcat.websocket.server.WsFilter.doFilter(WsFilter.java:52)
 org.apache.catalina.core.ApplicationFilterChain.internalDoFilter(ApplicationFilterChain.java:239)
 org.apache.catalina.core.ApplicationFilterChain.doFilter(ApplicationFilterChain.java:206)
 org.apache.catalina.core.StandardWrapperValve.invoke(StandardWrapperValve.java:219)
 org.apache.catalina.core.StandardContextValve.invoke(StandardContextValve.java:106)
 org.apache.catalina.authenticator.AuthenticatorBase.invoke(AuthenticatorBase.java:502)
 org.apache.catalina.core.StandardHostValve.invoke(StandardHostValve.java:142)
 org.apache.catalina.valves.ErrorReportValve.invoke(ErrorReportValve.java:79)
 org.apache.catalina.valves.AbstractAccessLogValve.invoke(AbstractAccessLogValve.java:617)
 org.apache.catalina.core.StandardEngineValve.invoke(StandardEngineValve.java:88)
 org.apache.catalina.connector.CoyoteAdapter.service(CoyoteAdapter.java:518)
 org.apache.coyote.http11.AbstractHttp11Processor.process(AbstractHttp11Processor.java:1091)
 org.apache.coyote.AbstractProtocol$AbstractConnectionHandler.process(AbstractProtocol.java:668)
 org.apache.tomcat.util.net.NioEndpoint$SocketProcessor.doRun(NioEndpoint.java:1521)
 org.apache.tomcat.util.net.NioEndpoint$SocketProcessor.run(NioEndpoint.java:1478)
 java.util.concurrent.ThreadPoolExecutor.runWorker(ThreadPoolExecutor.java:1142)
 java.util.concurrent.ThreadPoolExecutor$Worker.run(ThreadPoolExecutor.java:617)
 org.apache.tomcat.util.threads.TaskThread$WrappingRunnable.run(TaskThread.java:61)
 java.lang.Thread.run(Thread.java:745)
08-Jun-2015 10:23:02.860 INFO [main] org.apache.coyote.AbstractProtocol.stop Stopping ProtocolHandler ["http-nio-8080"]
08-Jun-2015 10:23:02.896 INFO [main] org.apache.coyote.AbstractProtocol.stop Stopping ProtocolHandler ["ajp-nio-8009"]
08-Jun-2015 10:23:02.911 INFO [main] org.apache.coyote.AbstractProtocol.destroy Destroying ProtocolHandler ["http-nio-8080"]
08-Jun-2015 10:23:02.911 INFO [main] org.apache.coyote.AbstractProtocol.destroy Destroying ProtocolHandler ["ajp-nio-8009"]
08-Jun-2015 12:41:41.904 INFO [main] org.apache.catalina.startup.VersionLoggerListener.log Server version:        Apache Tomcat/8.0.23
08-Jun-2015 12:41:41.908 INFO [main] org.apache.catalina.startup.VersionLoggerListener.log Server built:          May 19 2015 14:58:38 UTC
08-Jun-2015 12:41:41.908 INFO [main] org.apache.catalina.startup.VersionLoggerListener.log Server number:         8.0.23.0
08-Jun-2015 12:41:41.908 INFO [main] org.apache.catalina.startup.VersionLoggerListener.log OS Name:               Mac OS X
08-Jun-2015 12:41:41.908 INFO [main] org.apache.catalina.startup.VersionLoggerListener.log OS Version:            10.10.2
08-Jun-2015 12:41:41.908 INFO [main] org.apache.catalina.startup.VersionLoggerListener.log Architecture:          x86_64
08-Jun-2015 12:41:41.909 INFO [main] org.apache.catalina.startup.VersionLoggerListener.log Java Home:             /Library/Java/JavaVirtualMachines/jdk1.8.0_45.jdk/Contents/Home/jre
08-Jun-2015 12:41:41.909 INFO [main] org.apache.catalina.startup.VersionLoggerListener.log JVM Version:           1.8.0_45-b14
08-Jun-2015 12:41:41.909 INFO [main] org.apache.catalina.startup.VersionLoggerListener.log JVM Vendor:            Oracle Corporation
08-Jun-2015 12:41:41.909 INFO [main] org.apache.catalina.startup.VersionLoggerListener.log CATALINA_BASE:         /Users/kevin/Kevin-LASAD/Deploy/apache-tomcat-8.0.23
08-Jun-2015 12:41:41.909 INFO [main] org.apache.catalina.startup.VersionLoggerListener.log CATALINA_HOME:         /Users/kevin/Kevin-LASAD/Deploy/apache-tomcat-8.0.23
08-Jun-2015 12:41:41.910 INFO [main] org.apache.catalina.startup.VersionLoggerListener.log Command line argument: -Djava.util.logging.config.file=/Users/kevin/Kevin-LASAD/Deploy/apache-tomcat-8.0.23/conf/logging.properties
08-Jun-2015 12:41:41.910 INFO [main] org.apache.catalina.startup.VersionLoggerListener.log Command line argument: -Djava.util.logging.manager=org.apache.juli.ClassLoaderLogManager
08-Jun-2015 12:41:41.910 INFO [main] org.apache.catalina.startup.VersionLoggerListener.log Command line argument: -Djava.endorsed.dirs=/Users/kevin/Kevin-LASAD/Deploy/apache-tomcat-8.0.23/endorsed
08-Jun-2015 12:41:41.910 INFO [main] org.apache.catalina.startup.VersionLoggerListener.log Command line argument: -Dcatalina.base=/Users/kevin/Kevin-LASAD/Deploy/apache-tomcat-8.0.23
08-Jun-2015 12:41:41.910 INFO [main] org.apache.catalina.startup.VersionLoggerListener.log Command line argument: -Dcatalina.home=/Users/kevin/Kevin-LASAD/Deploy/apache-tomcat-8.0.23
08-Jun-2015 12:41:41.910 INFO [main] org.apache.catalina.startup.VersionLoggerListener.log Command line argument: -Djava.io.tmpdir=/Users/kevin/Kevin-LASAD/Deploy/apache-tomcat-8.0.23/temp
08-Jun-2015 12:41:41.911 INFO [main] org.apache.catalina.core.AprLifecycleListener.lifecycleEvent The APR based Apache Tomcat Native library which allows optimal performance in production environments was not found on the java.library.path: /Users/kevin/Library/Java/Extensions:/Library/Java/Extensions:/Network/Library/Java/Extensions:/System/Library/Java/Extensions:/usr/lib/java:.
08-Jun-2015 12:41:42.026 INFO [main] org.apache.coyote.AbstractProtocol.init Initializing ProtocolHandler ["http-nio-8080"]
08-Jun-2015 12:41:42.047 INFO [main] org.apache.tomcat.util.net.NioSelectorPool.getSharedSelector Using a shared selector for servlet write/read
08-Jun-2015 12:41:42.050 INFO [main] org.apache.coyote.AbstractProtocol.init Initializing ProtocolHandler ["ajp-nio-8009"]
08-Jun-2015 12:41:42.051 INFO [main] org.apache.tomcat.util.net.NioSelectorPool.getSharedSelector Using a shared selector for servlet write/read
08-Jun-2015 12:41:42.052 INFO [main] org.apache.catalina.startup.Catalina.load Initialization processed in 586 ms
08-Jun-2015 12:41:42.074 INFO [main] org.apache.catalina.core.StandardService.startInternal Starting service Catalina
08-Jun-2015 12:41:42.074 INFO [main] org.apache.catalina.core.StandardEngine.startInternal Starting Servlet Engine: Apache Tomcat/8.0.23
08-Jun-2015 12:41:42.096 INFO [localhost-startStop-1] org.apache.catalina.startup.HostConfig.deployWAR Deploying web application archive /Users/kevin/Kevin-LASAD/Deploy/apache-tomcat-8.0.23/webapps/lasad.war
08-Jun-2015 12:41:44.761 INFO [localhost-startStop-1] org.apache.jasper.servlet.TldScanner.scanJars At least one JAR was scanned for TLDs yet contained no TLDs. Enable debug logging for this logger for a complete list of JARs that were scanned but no TLDs were found in them. Skipping unneeded JARs during scanning can improve startup time and JSP compilation time.
08-Jun-2015 12:41:44.837 INFO [localhost-startStop-1] org.apache.catalina.startup.HostConfig.deployWAR Deployment of web application archive /Users/kevin/Kevin-LASAD/Deploy/apache-tomcat-8.0.23/webapps/lasad.war has finished in 2,742 ms
08-Jun-2015 12:41:44.838 INFO [localhost-startStop-1] org.apache.catalina.startup.HostConfig.deployDirectory Deploying web application directory /Users/kevin/Kevin-LASAD/Deploy/apache-tomcat-8.0.23/webapps/docs
08-Jun-2015 12:41:44.855 INFO [localhost-startStop-1] org.apache.catalina.startup.HostConfig.deployDirectory Deployment of web application directory /Users/kevin/Kevin-LASAD/Deploy/apache-tomcat-8.0.23/webapps/docs has finished in 16 ms
08-Jun-2015 12:41:44.855 INFO [localhost-startStop-1] org.apache.catalina.startup.HostConfig.deployDirectory Deploying web application directory /Users/kevin/Kevin-LASAD/Deploy/apache-tomcat-8.0.23/webapps/examples
08-Jun-2015 12:41:45.148 INFO [localhost-startStop-1] org.apache.catalina.startup.HostConfig.deployDirectory Deployment of web application directory /Users/kevin/Kevin-LASAD/Deploy/apache-tomcat-8.0.23/webapps/examples has finished in 293 ms
08-Jun-2015 12:41:45.149 INFO [localhost-startStop-1] org.apache.catalina.startup.HostConfig.deployDirectory Deploying web application directory /Users/kevin/Kevin-LASAD/Deploy/apache-tomcat-8.0.23/webapps/host-manager
08-Jun-2015 12:41:45.181 INFO [localhost-startStop-1] org.apache.catalina.startup.HostConfig.deployDirectory Deployment of web application directory /Users/kevin/Kevin-LASAD/Deploy/apache-tomcat-8.0.23/webapps/host-manager has finished in 32 ms
08-Jun-2015 12:41:45.181 INFO [localhost-startStop-1] org.apache.catalina.startup.HostConfig.deployDirectory Deploying web application directory /Users/kevin/Kevin-LASAD/Deploy/apache-tomcat-8.0.23/webapps/manager
08-Jun-2015 12:41:45.204 INFO [localhost-startStop-1] org.apache.catalina.startup.HostConfig.deployDirectory Deployment of web application directory /Users/kevin/Kevin-LASAD/Deploy/apache-tomcat-8.0.23/webapps/manager has finished in 22 ms
08-Jun-2015 12:41:45.204 INFO [localhost-startStop-1] org.apache.catalina.startup.HostConfig.deployDirectory Deploying web application directory /Users/kevin/Kevin-LASAD/Deploy/apache-tomcat-8.0.23/webapps/ROOT
08-Jun-2015 12:41:45.222 INFO [localhost-startStop-1] org.apache.catalina.startup.HostConfig.deployDirectory Deployment of web application directory /Users/kevin/Kevin-LASAD/Deploy/apache-tomcat-8.0.23/webapps/ROOT has finished in 18 ms
08-Jun-2015 12:41:45.225 INFO [main] org.apache.coyote.AbstractProtocol.start Starting ProtocolHandler ["http-nio-8080"]
08-Jun-2015 12:41:45.230 INFO [main] org.apache.coyote.AbstractProtocol.start Starting ProtocolHandler ["ajp-nio-8009"]
08-Jun-2015 12:41:45.231 INFO [main] org.apache.catalina.startup.Catalina.start Server startup in 3178 ms
08-Jun-2015 12:41:54.691 INFO [http-nio-8080-exec-4] null.null Server: Configuration changed - EventServiceConfiguration (Properties "eventservice.properties")
  Min.: 0ms; Max.: 20000ms; Timeout: 90000ms
08-Jun-2015 12:41:54.819 INFO [http-nio-8080-exec-4] de.novanic.eventservice.logger.DefaultServerLogger.log Server: Client "F7C118570D7D4187F8B2E224C63FCBEA1187250584" initialized.
08-Jun-2015 12:51:02.006 INFO [main] org.apache.catalina.core.StandardServer.await A valid shutdown command was received via the shutdown port. Stopping the Server instance.
08-Jun-2015 12:51:02.007 INFO [main] org.apache.coyote.AbstractProtocol.pause Pausing ProtocolHandler ["http-nio-8080"]
08-Jun-2015 12:51:02.063 INFO [main] org.apache.coyote.AbstractProtocol.pause Pausing ProtocolHandler ["ajp-nio-8009"]
08-Jun-2015 12:51:02.118 INFO [main] org.apache.catalina.core.StandardService.stopInternal Stopping service Catalina
08-Jun-2015 12:51:02.132 INFO [localhost-startStop-2] org.apache.catalina.core.StandardWrapper.unload Waiting for 1 instance(s) to be deallocated for Servlet [eventServiceImpl]
08-Jun-2015 12:51:03.159 INFO [localhost-startStop-2] org.apache.catalina.core.StandardWrapper.unload Waiting for 1 instance(s) to be deallocated for Servlet [eventServiceImpl]
08-Jun-2015 12:51:04.193 INFO [localhost-startStop-2] org.apache.catalina.core.StandardWrapper.unload Waiting for 1 instance(s) to be deallocated for Servlet [eventServiceImpl]
08-Jun-2015 12:51:04.300 WARNING [localhost-startStop-2] org.apache.catalina.loader.WebappClassLoaderBase.clearReferencesThreads The web application [lasad] appears to have started a thread named [GWTEventService-UserActivityScheduler] but has failed to stop it. This is very likely to create a memory leak. Stack trace of thread:
 java.lang.Object.wait(Native Method)
 java.util.TimerThread.mainLoop(Timer.java:552)
 java.util.TimerThread.run(Timer.java:505)
08-Jun-2015 12:51:04.300 WARNING [localhost-startStop-2] org.apache.catalina.loader.WebappClassLoaderBase.clearReferencesThreads The web application [lasad] is still processing a request that has yet to finish. This is very likely to create a memory leak. You can control the time allowed for requests to finish by using the unloadDelay attribute of the standard Context implementation. Stack trace of request processing thread:
 java.lang.Object.wait(Native Method)
 de.novanic.eventservice.service.connection.strategy.connector.ConnectionStrategyServerConnectorAdapter.waitMaxWaitingTime(ConnectionStrategyServerConnectorAdapter.java:82)
 de.novanic.eventservice.service.connection.strategy.connector.longpolling.LongPollingServerConnector.listen(LongPollingServerConnector.java:62)
 de.novanic.eventservice.service.registry.DefaultEventRegistry.listen(DefaultEventRegistry.java:223)
 de.novanic.eventservice.service.EventServiceImpl.listen(EventServiceImpl.java:242)
 de.novanic.eventservice.service.EventServiceImpl.listen(EventServiceImpl.java:227)
 sun.reflect.GeneratedMethodAccessor36.invoke(Unknown Source)
 sun.reflect.DelegatingMethodAccessorImpl.invoke(DelegatingMethodAccessorImpl.java:43)
 java.lang.reflect.Method.invoke(Method.java:497)
 com.google.gwt.user.server.rpc.RPC.invokeAndEncodeResponse(RPC.java:561)
 com.google.gwt.user.server.rpc.RemoteServiceServlet.processCall(RemoteServiceServlet.java:208)
 com.google.gwt.user.server.rpc.RemoteServiceServlet.processPost(RemoteServiceServlet.java:248)
 com.google.gwt.user.server.rpc.AbstractRemoteServiceServlet.doPost(AbstractRemoteServiceServlet.java:62)
 javax.servlet.http.HttpServlet.service(HttpServlet.java:648)
 javax.servlet.http.HttpServlet.service(HttpServlet.java:729)
 org.apache.catalina.core.ApplicationFilterChain.internalDoFilter(ApplicationFilterChain.java:291)
 org.apache.catalina.core.ApplicationFilterChain.doFilter(ApplicationFilterChain.java:206)
 org.apache.tomcat.websocket.server.WsFilter.doFilter(WsFilter.java:52)
 org.apache.catalina.core.ApplicationFilterChain.internalDoFilter(ApplicationFilterChain.java:239)
 org.apache.catalina.core.ApplicationFilterChain.doFilter(ApplicationFilterChain.java:206)
 org.apache.catalina.core.StandardWrapperValve.invoke(StandardWrapperValve.java:219)
 org.apache.catalina.core.StandardContextValve.invoke(StandardContextValve.java:106)
 org.apache.catalina.authenticator.AuthenticatorBase.invoke(AuthenticatorBase.java:502)
 org.apache.catalina.core.StandardHostValve.invoke(StandardHostValve.java:142)
 org.apache.catalina.valves.ErrorReportValve.invoke(ErrorReportValve.java:79)
 org.apache.catalina.valves.AbstractAccessLogValve.invoke(AbstractAccessLogValve.java:617)
 org.apache.catalina.core.StandardEngineValve.invoke(StandardEngineValve.java:88)
 org.apache.catalina.connector.CoyoteAdapter.service(CoyoteAdapter.java:518)
 org.apache.coyote.http11.AbstractHttp11Processor.process(AbstractHttp11Processor.java:1091)
 org.apache.coyote.AbstractProtocol$AbstractConnectionHandler.process(AbstractProtocol.java:668)
 org.apache.tomcat.util.net.NioEndpoint$SocketProcessor.doRun(NioEndpoint.java:1521)
 org.apache.tomcat.util.net.NioEndpoint$SocketProcessor.run(NioEndpoint.java:1478)
 java.util.concurrent.ThreadPoolExecutor.runWorker(ThreadPoolExecutor.java:1142)
 java.util.concurrent.ThreadPoolExecutor$Worker.run(ThreadPoolExecutor.java:617)
 org.apache.tomcat.util.threads.TaskThread$WrappingRunnable.run(TaskThread.java:61)
 java.lang.Thread.run(Thread.java:745)
08-Jun-2015 12:51:04.318 INFO [main] org.apache.coyote.AbstractProtocol.stop Stopping ProtocolHandler ["http-nio-8080"]
08-Jun-2015 12:51:04.417 INFO [main] org.apache.coyote.AbstractProtocol.stop Stopping ProtocolHandler ["ajp-nio-8009"]
08-Jun-2015 12:51:04.474 INFO [main] org.apache.coyote.AbstractProtocol.destroy Destroying ProtocolHandler ["http-nio-8080"]
08-Jun-2015 12:51:04.475 INFO [main] org.apache.coyote.AbstractProtocol.destroy Destroying ProtocolHandler ["ajp-nio-8009"]
08-Jun-2015 12:57:12.780 INFO [main] org.apache.catalina.startup.VersionLoggerListener.log Server version:        Apache Tomcat/8.0.23
08-Jun-2015 12:57:12.784 INFO [main] org.apache.catalina.startup.VersionLoggerListener.log Server built:          May 19 2015 14:58:38 UTC
08-Jun-2015 12:57:12.784 INFO [main] org.apache.catalina.startup.VersionLoggerListener.log Server number:         8.0.23.0
08-Jun-2015 12:57:12.784 INFO [main] org.apache.catalina.startup.VersionLoggerListener.log OS Name:               Mac OS X
08-Jun-2015 12:57:12.785 INFO [main] org.apache.catalina.startup.VersionLoggerListener.log OS Version:            10.10.2
08-Jun-2015 12:57:12.785 INFO [main] org.apache.catalina.startup.VersionLoggerListener.log Architecture:          x86_64
08-Jun-2015 12:57:12.785 INFO [main] org.apache.catalina.startup.VersionLoggerListener.log Java Home:             /Library/Java/JavaVirtualMachines/jdk1.8.0_45.jdk/Contents/Home/jre
08-Jun-2015 12:57:12.785 INFO [main] org.apache.catalina.startup.VersionLoggerListener.log JVM Version:           1.8.0_45-b14
08-Jun-2015 12:57:12.785 INFO [main] org.apache.catalina.startup.VersionLoggerListener.log JVM Vendor:            Oracle Corporation
08-Jun-2015 12:57:12.785 INFO [main] org.apache.catalina.startup.VersionLoggerListener.log CATALINA_BASE:         /Users/kevin/Kevin-LASAD/Deploy/apache-tomcat-8.0.23
08-Jun-2015 12:57:12.785 INFO [main] org.apache.catalina.startup.VersionLoggerListener.log CATALINA_HOME:         /Users/kevin/Kevin-LASAD/Deploy/apache-tomcat-8.0.23
08-Jun-2015 12:57:12.786 INFO [main] org.apache.catalina.startup.VersionLoggerListener.log Command line argument: -Djava.util.logging.config.file=/Users/kevin/Kevin-LASAD/Deploy/apache-tomcat-8.0.23/conf/logging.properties
08-Jun-2015 12:57:12.786 INFO [main] org.apache.catalina.startup.VersionLoggerListener.log Command line argument: -Djava.util.logging.manager=org.apache.juli.ClassLoaderLogManager
08-Jun-2015 12:57:12.786 INFO [main] org.apache.catalina.startup.VersionLoggerListener.log Command line argument: -Djava.endorsed.dirs=/Users/kevin/Kevin-LASAD/Deploy/apache-tomcat-8.0.23/endorsed
08-Jun-2015 12:57:12.786 INFO [main] org.apache.catalina.startup.VersionLoggerListener.log Command line argument: -Dcatalina.base=/Users/kevin/Kevin-LASAD/Deploy/apache-tomcat-8.0.23
08-Jun-2015 12:57:12.786 INFO [main] org.apache.catalina.startup.VersionLoggerListener.log Command line argument: -Dcatalina.home=/Users/kevin/Kevin-LASAD/Deploy/apache-tomcat-8.0.23
08-Jun-2015 12:57:12.786 INFO [main] org.apache.catalina.startup.VersionLoggerListener.log Command line argument: -Djava.io.tmpdir=/Users/kevin/Kevin-LASAD/Deploy/apache-tomcat-8.0.23/temp
08-Jun-2015 12:57:12.787 INFO [main] org.apache.catalina.core.AprLifecycleListener.lifecycleEvent The APR based Apache Tomcat Native library which allows optimal performance in production environments was not found on the java.library.path: /Users/kevin/Library/Java/Extensions:/Library/Java/Extensions:/Network/Library/Java/Extensions:/System/Library/Java/Extensions:/usr/lib/java:.
08-Jun-2015 12:57:12.935 INFO [main] org.apache.coyote.AbstractProtocol.init Initializing ProtocolHandler ["http-nio-8080"]
08-Jun-2015 12:57:12.957 INFO [main] org.apache.tomcat.util.net.NioSelectorPool.getSharedSelector Using a shared selector for servlet write/read
08-Jun-2015 12:57:12.959 INFO [main] org.apache.coyote.AbstractProtocol.init Initializing ProtocolHandler ["ajp-nio-8009"]
08-Jun-2015 12:57:12.960 INFO [main] org.apache.tomcat.util.net.NioSelectorPool.getSharedSelector Using a shared selector for servlet write/read
08-Jun-2015 12:57:12.961 INFO [main] org.apache.catalina.startup.Catalina.load Initialization processed in 539 ms
08-Jun-2015 12:57:12.983 INFO [main] org.apache.catalina.core.StandardService.startInternal Starting service Catalina
08-Jun-2015 12:57:12.983 INFO [main] org.apache.catalina.core.StandardEngine.startInternal Starting Servlet Engine: Apache Tomcat/8.0.23
08-Jun-2015 12:57:13.000 INFO [localhost-startStop-1] org.apache.catalina.startup.HostConfig.deployWAR Deploying web application archive /Users/kevin/Kevin-LASAD/Deploy/apache-tomcat-8.0.23/webapps/lasad.war
08-Jun-2015 12:57:15.471 INFO [localhost-startStop-1] org.apache.jasper.servlet.TldScanner.scanJars At least one JAR was scanned for TLDs yet contained no TLDs. Enable debug logging for this logger for a complete list of JARs that were scanned but no TLDs were found in them. Skipping unneeded JARs during scanning can improve startup time and JSP compilation time.
08-Jun-2015 12:57:15.539 INFO [localhost-startStop-1] org.apache.catalina.startup.HostConfig.deployWAR Deployment of web application archive /Users/kevin/Kevin-LASAD/Deploy/apache-tomcat-8.0.23/webapps/lasad.war has finished in 2,538 ms
08-Jun-2015 12:57:15.539 INFO [localhost-startStop-1] org.apache.catalina.startup.HostConfig.deployDirectory Deploying web application directory /Users/kevin/Kevin-LASAD/Deploy/apache-tomcat-8.0.23/webapps/docs
08-Jun-2015 12:57:15.555 INFO [localhost-startStop-1] org.apache.catalina.startup.HostConfig.deployDirectory Deployment of web application directory /Users/kevin/Kevin-LASAD/Deploy/apache-tomcat-8.0.23/webapps/docs has finished in 16 ms
08-Jun-2015 12:57:15.555 INFO [localhost-startStop-1] org.apache.catalina.startup.HostConfig.deployDirectory Deploying web application directory /Users/kevin/Kevin-LASAD/Deploy/apache-tomcat-8.0.23/webapps/examples
08-Jun-2015 12:57:15.776 INFO [localhost-startStop-1] org.apache.catalina.startup.HostConfig.deployDirectory Deployment of web application directory /Users/kevin/Kevin-LASAD/Deploy/apache-tomcat-8.0.23/webapps/examples has finished in 221 ms
08-Jun-2015 12:57:15.776 INFO [localhost-startStop-1] org.apache.catalina.startup.HostConfig.deployDirectory Deploying web application directory /Users/kevin/Kevin-LASAD/Deploy/apache-tomcat-8.0.23/webapps/host-manager
08-Jun-2015 12:57:15.808 INFO [localhost-startStop-1] org.apache.catalina.startup.HostConfig.deployDirectory Deployment of web application directory /Users/kevin/Kevin-LASAD/Deploy/apache-tomcat-8.0.23/webapps/host-manager has finished in 31 ms
08-Jun-2015 12:57:15.808 INFO [localhost-startStop-1] org.apache.catalina.startup.HostConfig.deployDirectory Deploying web application directory /Users/kevin/Kevin-LASAD/Deploy/apache-tomcat-8.0.23/webapps/manager
08-Jun-2015 12:57:15.830 INFO [localhost-startStop-1] org.apache.catalina.startup.HostConfig.deployDirectory Deployment of web application directory /Users/kevin/Kevin-LASAD/Deploy/apache-tomcat-8.0.23/webapps/manager has finished in 21 ms
08-Jun-2015 12:57:15.830 INFO [localhost-startStop-1] org.apache.catalina.startup.HostConfig.deployDirectory Deploying web application directory /Users/kevin/Kevin-LASAD/Deploy/apache-tomcat-8.0.23/webapps/ROOT
08-Jun-2015 12:57:15.845 INFO [localhost-startStop-1] org.apache.catalina.startup.HostConfig.deployDirectory Deployment of web application directory /Users/kevin/Kevin-LASAD/Deploy/apache-tomcat-8.0.23/webapps/ROOT has finished in 15 ms
08-Jun-2015 12:57:15.848 INFO [main] org.apache.coyote.AbstractProtocol.start Starting ProtocolHandler ["http-nio-8080"]
08-Jun-2015 12:57:15.854 INFO [main] org.apache.coyote.AbstractProtocol.start Starting ProtocolHandler ["ajp-nio-8009"]
08-Jun-2015 12:57:15.854 INFO [main] org.apache.catalina.startup.Catalina.start Server startup in 2893 ms
08-Jun-2015 12:57:49.762 INFO [http-nio-8080-exec-5] null.null Server: Configuration changed - EventServiceConfiguration (Properties "eventservice.properties")
  Min.: 0ms; Max.: 20000ms; Timeout: 90000ms
08-Jun-2015 12:57:49.916 INFO [http-nio-8080-exec-5] null.null Server: Client "F7C118570D7D4187F8B2E224C63FCBEA-705519252" initialized.
08-Jun-2015 12:58:39.696 SEVERE [http-nio-8080-Acceptor-0] org.apache.tomcat.util.net.NioEndpoint.setSocketOptions 
 java.net.SocketException: Invalid argument
	at sun.nio.ch.Net.setIntOption0(Native Method)
	at sun.nio.ch.Net.setSocketOption(Net.java:356)
	at sun.nio.ch.SocketChannelImpl.setOption(SocketChannelImpl.java:190)
	at sun.nio.ch.SocketAdaptor.setIntOption(SocketAdaptor.java:281)
	at sun.nio.ch.SocketAdaptor.setSoLinger(SocketAdaptor.java:316)
	at org.apache.tomcat.util.net.SocketProperties.setProperties(SocketProperties.java:202)
	at org.apache.tomcat.util.net.NioEndpoint.setSocketOptions(NioEndpoint.java:531)
	at org.apache.tomcat.util.net.NioEndpoint$Acceptor.run(NioEndpoint.java:701)
	at java.lang.Thread.run(Thread.java:745)

08-Jun-2015 13:00:43.519 INFO [main] org.apache.catalina.core.StandardServer.await A valid shutdown command was received via the shutdown port. Stopping the Server instance.
08-Jun-2015 13:00:43.519 INFO [main] org.apache.coyote.AbstractProtocol.pause Pausing ProtocolHandler ["http-nio-8080"]
08-Jun-2015 13:00:43.573 INFO [main] org.apache.coyote.AbstractProtocol.pause Pausing ProtocolHandler ["ajp-nio-8009"]
08-Jun-2015 13:00:43.625 INFO [main] org.apache.catalina.core.StandardService.stopInternal Stopping service Catalina
08-Jun-2015 13:00:43.637 INFO [localhost-startStop-2] org.apache.catalina.core.StandardWrapper.unload Waiting for 1 instance(s) to be deallocated for Servlet [eventServiceImpl]
08-Jun-2015 13:00:44.666 INFO [localhost-startStop-2] org.apache.catalina.core.StandardWrapper.unload Waiting for 1 instance(s) to be deallocated for Servlet [eventServiceImpl]
08-Jun-2015 13:00:45.690 INFO [localhost-startStop-2] org.apache.catalina.core.StandardWrapper.unload Waiting for 1 instance(s) to be deallocated for Servlet [eventServiceImpl]
08-Jun-2015 13:00:45.800 WARNING [localhost-startStop-2] org.apache.catalina.loader.WebappClassLoaderBase.clearReferencesThreads The web application [lasad] is still processing a request that has yet to finish. This is very likely to create a memory leak. You can control the time allowed for requests to finish by using the unloadDelay attribute of the standard Context implementation. Stack trace of request processing thread:
 java.lang.Object.wait(Native Method)
 de.novanic.eventservice.service.connection.strategy.connector.ConnectionStrategyServerConnectorAdapter.waitMaxWaitingTime(ConnectionStrategyServerConnectorAdapter.java:82)
 de.novanic.eventservice.service.connection.strategy.connector.longpolling.LongPollingServerConnector.listen(LongPollingServerConnector.java:62)
 de.novanic.eventservice.service.registry.DefaultEventRegistry.listen(DefaultEventRegistry.java:223)
 de.novanic.eventservice.service.EventServiceImpl.listen(EventServiceImpl.java:242)
 de.novanic.eventservice.service.EventServiceImpl.listen(EventServiceImpl.java:227)
 sun.reflect.GeneratedMethodAccessor36.invoke(Unknown Source)
 sun.reflect.DelegatingMethodAccessorImpl.invoke(DelegatingMethodAccessorImpl.java:43)
 java.lang.reflect.Method.invoke(Method.java:497)
 com.google.gwt.user.server.rpc.RPC.invokeAndEncodeResponse(RPC.java:561)
 com.google.gwt.user.server.rpc.RemoteServiceServlet.processCall(RemoteServiceServlet.java:208)
 com.google.gwt.user.server.rpc.RemoteServiceServlet.processPost(RemoteServiceServlet.java:248)
 com.google.gwt.user.server.rpc.AbstractRemoteServiceServlet.doPost(AbstractRemoteServiceServlet.java:62)
 javax.servlet.http.HttpServlet.service(HttpServlet.java:648)
 javax.servlet.http.HttpServlet.service(HttpServlet.java:729)
 org.apache.catalina.core.ApplicationFilterChain.internalDoFilter(ApplicationFilterChain.java:291)
 org.apache.catalina.core.ApplicationFilterChain.doFilter(ApplicationFilterChain.java:206)
 org.apache.tomcat.websocket.server.WsFilter.doFilter(WsFilter.java:52)
 org.apache.catalina.core.ApplicationFilterChain.internalDoFilter(ApplicationFilterChain.java:239)
 org.apache.catalina.core.ApplicationFilterChain.doFilter(ApplicationFilterChain.java:206)
 org.apache.catalina.core.StandardWrapperValve.invoke(StandardWrapperValve.java:219)
 org.apache.catalina.core.StandardContextValve.invoke(StandardContextValve.java:106)
 org.apache.catalina.authenticator.AuthenticatorBase.invoke(AuthenticatorBase.java:502)
 org.apache.catalina.core.StandardHostValve.invoke(StandardHostValve.java:142)
 org.apache.catalina.valves.ErrorReportValve.invoke(ErrorReportValve.java:79)
 org.apache.catalina.valves.AbstractAccessLogValve.invoke(AbstractAccessLogValve.java:617)
 org.apache.catalina.core.StandardEngineValve.invoke(StandardEngineValve.java:88)
 org.apache.catalina.connector.CoyoteAdapter.service(CoyoteAdapter.java:518)
 org.apache.coyote.http11.AbstractHttp11Processor.process(AbstractHttp11Processor.java:1091)
 org.apache.coyote.AbstractProtocol$AbstractConnectionHandler.process(AbstractProtocol.java:668)
 org.apache.tomcat.util.net.NioEndpoint$SocketProcessor.doRun(NioEndpoint.java:1521)
 org.apache.tomcat.util.net.NioEndpoint$SocketProcessor.run(NioEndpoint.java:1478)
 java.util.concurrent.ThreadPoolExecutor.runWorker(ThreadPoolExecutor.java:1142)
 java.util.concurrent.ThreadPoolExecutor$Worker.run(ThreadPoolExecutor.java:617)
 org.apache.tomcat.util.threads.TaskThread$WrappingRunnable.run(TaskThread.java:61)
 java.lang.Thread.run(Thread.java:745)
08-Jun-2015 13:00:45.800 WARNING [localhost-startStop-2] org.apache.catalina.loader.WebappClassLoaderBase.clearReferencesThreads The web application [lasad] appears to have started a thread named [GWTEventService-UserActivityScheduler] but has failed to stop it. This is very likely to create a memory leak. Stack trace of thread:
 java.lang.Object.wait(Native Method)
 java.util.TimerThread.mainLoop(Timer.java:552)
 java.util.TimerThread.run(Timer.java:505)
08-Jun-2015 13:00:45.814 INFO [main] org.apache.coyote.AbstractProtocol.stop Stopping ProtocolHandler ["http-nio-8080"]
08-Jun-2015 13:00:45.901 INFO [main] org.apache.coyote.AbstractProtocol.stop Stopping ProtocolHandler ["ajp-nio-8009"]
08-Jun-2015 13:00:45.976 INFO [main] org.apache.coyote.AbstractProtocol.destroy Destroying ProtocolHandler ["http-nio-8080"]
08-Jun-2015 13:00:45.977 INFO [main] org.apache.coyote.AbstractProtocol.destroy Destroying ProtocolHandler ["ajp-nio-8009"]
08-Jun-2015 13:08:15.013 INFO [main] org.apache.catalina.startup.VersionLoggerListener.log Server version:        Apache Tomcat/8.0.23
08-Jun-2015 13:08:15.014 INFO [main] org.apache.catalina.startup.VersionLoggerListener.log Server built:          May 19 2015 14:58:38 UTC
08-Jun-2015 13:08:15.014 INFO [main] org.apache.catalina.startup.VersionLoggerListener.log Server number:         8.0.23.0
08-Jun-2015 13:08:15.014 INFO [main] org.apache.catalina.startup.VersionLoggerListener.log OS Name:               Mac OS X
08-Jun-2015 13:08:15.015 INFO [main] org.apache.catalina.startup.VersionLoggerListener.log OS Version:            10.10.2
08-Jun-2015 13:08:15.015 INFO [main] org.apache.catalina.startup.VersionLoggerListener.log Architecture:          x86_64
08-Jun-2015 13:08:15.015 INFO [main] org.apache.catalina.startup.VersionLoggerListener.log Java Home:             /Library/Java/JavaVirtualMachines/jdk1.8.0_45.jdk/Contents/Home/jre
08-Jun-2015 13:08:15.015 INFO [main] org.apache.catalina.startup.VersionLoggerListener.log JVM Version:           1.8.0_45-b14
08-Jun-2015 13:08:15.015 INFO [main] org.apache.catalina.startup.VersionLoggerListener.log JVM Vendor:            Oracle Corporation
08-Jun-2015 13:08:15.015 INFO [main] org.apache.catalina.startup.VersionLoggerListener.log CATALINA_BASE:         /Users/kevin/Kevin-LASAD/Deploy/apache-tomcat-8.0.23
08-Jun-2015 13:08:15.015 INFO [main] org.apache.catalina.startup.VersionLoggerListener.log CATALINA_HOME:         /Users/kevin/Kevin-LASAD/Deploy/apache-tomcat-8.0.23
08-Jun-2015 13:08:15.015 INFO [main] org.apache.catalina.startup.VersionLoggerListener.log Command line argument: -Djava.util.logging.config.file=/Users/kevin/Kevin-LASAD/Deploy/apache-tomcat-8.0.23/conf/logging.properties
08-Jun-2015 13:08:15.016 INFO [main] org.apache.catalina.startup.VersionLoggerListener.log Command line argument: -Djava.util.logging.manager=org.apache.juli.ClassLoaderLogManager
08-Jun-2015 13:08:15.016 INFO [main] org.apache.catalina.startup.VersionLoggerListener.log Command line argument: -Djava.endorsed.dirs=/Users/kevin/Kevin-LASAD/Deploy/apache-tomcat-8.0.23/endorsed
08-Jun-2015 13:08:15.016 INFO [main] org.apache.catalina.startup.VersionLoggerListener.log Command line argument: -Dcatalina.base=/Users/kevin/Kevin-LASAD/Deploy/apache-tomcat-8.0.23
08-Jun-2015 13:08:15.016 INFO [main] org.apache.catalina.startup.VersionLoggerListener.log Command line argument: -Dcatalina.home=/Users/kevin/Kevin-LASAD/Deploy/apache-tomcat-8.0.23
08-Jun-2015 13:08:15.016 INFO [main] org.apache.catalina.startup.VersionLoggerListener.log Command line argument: -Djava.io.tmpdir=/Users/kevin/Kevin-LASAD/Deploy/apache-tomcat-8.0.23/temp
08-Jun-2015 13:08:15.016 INFO [main] org.apache.catalina.core.AprLifecycleListener.lifecycleEvent The APR based Apache Tomcat Native library which allows optimal performance in production environments was not found on the java.library.path: /Users/kevin/Library/Java/Extensions:/Library/Java/Extensions:/Network/Library/Java/Extensions:/System/Library/Java/Extensions:/usr/lib/java:.
08-Jun-2015 13:08:15.157 INFO [main] org.apache.coyote.AbstractProtocol.init Initializing ProtocolHandler ["http-nio-8080"]
08-Jun-2015 13:08:15.183 INFO [main] org.apache.tomcat.util.net.NioSelectorPool.getSharedSelector Using a shared selector for servlet write/read
08-Jun-2015 13:08:15.185 INFO [main] org.apache.coyote.AbstractProtocol.init Initializing ProtocolHandler ["ajp-nio-8009"]
08-Jun-2015 13:08:15.187 INFO [main] org.apache.tomcat.util.net.NioSelectorPool.getSharedSelector Using a shared selector for servlet write/read
08-Jun-2015 13:08:15.187 INFO [main] org.apache.catalina.startup.Catalina.load Initialization processed in 529 ms
08-Jun-2015 13:08:15.206 INFO [main] org.apache.catalina.core.StandardService.startInternal Starting service Catalina
08-Jun-2015 13:08:15.207 INFO [main] org.apache.catalina.core.StandardEngine.startInternal Starting Servlet Engine: Apache Tomcat/8.0.23
08-Jun-2015 13:08:15.224 INFO [localhost-startStop-1] org.apache.catalina.startup.HostConfig.deployWAR Deploying web application archive /Users/kevin/Kevin-LASAD/Deploy/apache-tomcat-8.0.23/webapps/lasad.war
08-Jun-2015 13:08:17.608 INFO [localhost-startStop-1] org.apache.jasper.servlet.TldScanner.scanJars At least one JAR was scanned for TLDs yet contained no TLDs. Enable debug logging for this logger for a complete list of JARs that were scanned but no TLDs were found in them. Skipping unneeded JARs during scanning can improve startup time and JSP compilation time.
08-Jun-2015 13:08:17.691 INFO [localhost-startStop-1] org.apache.catalina.startup.HostConfig.deployWAR Deployment of web application archive /Users/kevin/Kevin-LASAD/Deploy/apache-tomcat-8.0.23/webapps/lasad.war has finished in 2,466 ms
08-Jun-2015 13:08:17.692 INFO [localhost-startStop-1] org.apache.catalina.startup.HostConfig.deployDirectory Deploying web application directory /Users/kevin/Kevin-LASAD/Deploy/apache-tomcat-8.0.23/webapps/docs
08-Jun-2015 13:08:17.712 INFO [localhost-startStop-1] org.apache.catalina.startup.HostConfig.deployDirectory Deployment of web application directory /Users/kevin/Kevin-LASAD/Deploy/apache-tomcat-8.0.23/webapps/docs has finished in 20 ms
08-Jun-2015 13:08:17.712 INFO [localhost-startStop-1] org.apache.catalina.startup.HostConfig.deployDirectory Deploying web application directory /Users/kevin/Kevin-LASAD/Deploy/apache-tomcat-8.0.23/webapps/examples
08-Jun-2015 13:08:17.936 INFO [localhost-startStop-1] org.apache.catalina.startup.HostConfig.deployDirectory Deployment of web application directory /Users/kevin/Kevin-LASAD/Deploy/apache-tomcat-8.0.23/webapps/examples has finished in 224 ms
08-Jun-2015 13:08:17.937 INFO [localhost-startStop-1] org.apache.catalina.startup.HostConfig.deployDirectory Deploying web application directory /Users/kevin/Kevin-LASAD/Deploy/apache-tomcat-8.0.23/webapps/host-manager
08-Jun-2015 13:08:17.960 INFO [localhost-startStop-1] org.apache.catalina.startup.HostConfig.deployDirectory Deployment of web application directory /Users/kevin/Kevin-LASAD/Deploy/apache-tomcat-8.0.23/webapps/host-manager has finished in 22 ms
08-Jun-2015 13:08:17.960 INFO [localhost-startStop-1] org.apache.catalina.startup.HostConfig.deployDirectory Deploying web application directory /Users/kevin/Kevin-LASAD/Deploy/apache-tomcat-8.0.23/webapps/manager
08-Jun-2015 13:08:17.982 INFO [localhost-startStop-1] org.apache.catalina.startup.HostConfig.deployDirectory Deployment of web application directory /Users/kevin/Kevin-LASAD/Deploy/apache-tomcat-8.0.23/webapps/manager has finished in 21 ms
08-Jun-2015 13:08:17.982 INFO [localhost-startStop-1] org.apache.catalina.startup.HostConfig.deployDirectory Deploying web application directory /Users/kevin/Kevin-LASAD/Deploy/apache-tomcat-8.0.23/webapps/ROOT
08-Jun-2015 13:08:17.997 INFO [localhost-startStop-1] org.apache.catalina.startup.HostConfig.deployDirectory Deployment of web application directory /Users/kevin/Kevin-LASAD/Deploy/apache-tomcat-8.0.23/webapps/ROOT has finished in 15 ms
08-Jun-2015 13:08:18.000 INFO [main] org.apache.coyote.AbstractProtocol.start Starting ProtocolHandler ["http-nio-8080"]
08-Jun-2015 13:08:18.005 INFO [main] org.apache.coyote.AbstractProtocol.start Starting ProtocolHandler ["ajp-nio-8009"]
08-Jun-2015 13:08:18.006 INFO [main] org.apache.catalina.startup.Catalina.start Server startup in 2818 ms
08-Jun-2015 13:08:22.390 INFO [http-nio-8080-exec-4] null.null Server: Configuration changed - EventServiceConfiguration (Properties "eventservice.properties")
  Min.: 0ms; Max.: 20000ms; Timeout: 90000ms
08-Jun-2015 13:08:22.516 INFO [http-nio-8080-exec-4] de.novanic.eventservice.logger.DefaultServerLogger.log Server: Client "F7C118570D7D4187F8B2E224C63FCBEA1151643150" initialized.
08-Jun-2015 13:09:14.735 INFO [main] org.apache.catalina.core.StandardServer.await A valid shutdown command was received via the shutdown port. Stopping the Server instance.
08-Jun-2015 13:09:14.735 INFO [main] org.apache.coyote.AbstractProtocol.pause Pausing ProtocolHandler ["http-nio-8080"]
08-Jun-2015 13:09:14.788 INFO [main] org.apache.coyote.AbstractProtocol.pause Pausing ProtocolHandler ["ajp-nio-8009"]
08-Jun-2015 13:09:14.843 INFO [main] org.apache.catalina.core.StandardService.stopInternal Stopping service Catalina
08-Jun-2015 13:09:14.852 INFO [localhost-startStop-2] org.apache.catalina.core.StandardWrapper.unload Waiting for 1 instance(s) to be deallocated for Servlet [eventServiceImpl]
08-Jun-2015 13:09:15.877 INFO [localhost-startStop-2] org.apache.catalina.core.StandardWrapper.unload Waiting for 1 instance(s) to be deallocated for Servlet [eventServiceImpl]
08-Jun-2015 13:09:16.889 INFO [localhost-startStop-2] org.apache.catalina.core.StandardWrapper.unload Waiting for 1 instance(s) to be deallocated for Servlet [eventServiceImpl]
08-Jun-2015 13:09:16.999 WARNING [localhost-startStop-2] org.apache.catalina.loader.WebappClassLoaderBase.clearReferencesThreads The web application [lasad] is still processing a request that has yet to finish. This is very likely to create a memory leak. You can control the time allowed for requests to finish by using the unloadDelay attribute of the standard Context implementation. Stack trace of request processing thread:
 java.lang.Object.wait(Native Method)
 de.novanic.eventservice.service.connection.strategy.connector.ConnectionStrategyServerConnectorAdapter.waitMaxWaitingTime(ConnectionStrategyServerConnectorAdapter.java:82)
 de.novanic.eventservice.service.connection.strategy.connector.longpolling.LongPollingServerConnector.listen(LongPollingServerConnector.java:62)
 de.novanic.eventservice.service.registry.DefaultEventRegistry.listen(DefaultEventRegistry.java:223)
 de.novanic.eventservice.service.EventServiceImpl.listen(EventServiceImpl.java:242)
 de.novanic.eventservice.service.EventServiceImpl.listen(EventServiceImpl.java:227)
 sun.reflect.NativeMethodAccessorImpl.invoke0(Native Method)
 sun.reflect.NativeMethodAccessorImpl.invoke(NativeMethodAccessorImpl.java:62)
 sun.reflect.DelegatingMethodAccessorImpl.invoke(DelegatingMethodAccessorImpl.java:43)
 java.lang.reflect.Method.invoke(Method.java:497)
 com.google.gwt.user.server.rpc.RPC.invokeAndEncodeResponse(RPC.java:561)
 com.google.gwt.user.server.rpc.RemoteServiceServlet.processCall(RemoteServiceServlet.java:208)
 com.google.gwt.user.server.rpc.RemoteServiceServlet.processPost(RemoteServiceServlet.java:248)
 com.google.gwt.user.server.rpc.AbstractRemoteServiceServlet.doPost(AbstractRemoteServiceServlet.java:62)
 javax.servlet.http.HttpServlet.service(HttpServlet.java:648)
 javax.servlet.http.HttpServlet.service(HttpServlet.java:729)
 org.apache.catalina.core.ApplicationFilterChain.internalDoFilter(ApplicationFilterChain.java:291)
 org.apache.catalina.core.ApplicationFilterChain.doFilter(ApplicationFilterChain.java:206)
 org.apache.tomcat.websocket.server.WsFilter.doFilter(WsFilter.java:52)
 org.apache.catalina.core.ApplicationFilterChain.internalDoFilter(ApplicationFilterChain.java:239)
 org.apache.catalina.core.ApplicationFilterChain.doFilter(ApplicationFilterChain.java:206)
 org.apache.catalina.core.StandardWrapperValve.invoke(StandardWrapperValve.java:219)
 org.apache.catalina.core.StandardContextValve.invoke(StandardContextValve.java:106)
 org.apache.catalina.authenticator.AuthenticatorBase.invoke(AuthenticatorBase.java:502)
 org.apache.catalina.core.StandardHostValve.invoke(StandardHostValve.java:142)
 org.apache.catalina.valves.ErrorReportValve.invoke(ErrorReportValve.java:79)
 org.apache.catalina.valves.AbstractAccessLogValve.invoke(AbstractAccessLogValve.java:617)
 org.apache.catalina.core.StandardEngineValve.invoke(StandardEngineValve.java:88)
 org.apache.catalina.connector.CoyoteAdapter.service(CoyoteAdapter.java:518)
 org.apache.coyote.http11.AbstractHttp11Processor.process(AbstractHttp11Processor.java:1091)
 org.apache.coyote.AbstractProtocol$AbstractConnectionHandler.process(AbstractProtocol.java:668)
 org.apache.tomcat.util.net.NioEndpoint$SocketProcessor.doRun(NioEndpoint.java:1521)
 org.apache.tomcat.util.net.NioEndpoint$SocketProcessor.run(NioEndpoint.java:1478)
 java.util.concurrent.ThreadPoolExecutor.runWorker(ThreadPoolExecutor.java:1142)
 java.util.concurrent.ThreadPoolExecutor$Worker.run(ThreadPoolExecutor.java:617)
 org.apache.tomcat.util.threads.TaskThread$WrappingRunnable.run(TaskThread.java:61)
 java.lang.Thread.run(Thread.java:745)
08-Jun-2015 13:09:17.000 WARNING [localhost-startStop-2] org.apache.catalina.loader.WebappClassLoaderBase.clearReferencesThreads The web application [lasad] appears to have started a thread named [GWTEventService-UserActivityScheduler] but has failed to stop it. This is very likely to create a memory leak. Stack trace of thread:
 java.lang.Object.wait(Native Method)
 java.util.TimerThread.mainLoop(Timer.java:552)
 java.util.TimerThread.run(Timer.java:505)
08-Jun-2015 13:09:17.018 INFO [main] org.apache.coyote.AbstractProtocol.stop Stopping ProtocolHandler ["http-nio-8080"]
08-Jun-2015 13:09:17.111 INFO [main] org.apache.coyote.AbstractProtocol.stop Stopping ProtocolHandler ["ajp-nio-8009"]
08-Jun-2015 13:09:17.140 INFO [main] org.apache.coyote.AbstractProtocol.destroy Destroying ProtocolHandler ["http-nio-8080"]
08-Jun-2015 13:09:17.140 INFO [main] org.apache.coyote.AbstractProtocol.destroy Destroying ProtocolHandler ["ajp-nio-8009"]
