07-Aug-2015 10:44:25.480 INFO [main] org.apache.catalina.startup.VersionLoggerListener.log Server version:        Apache Tomcat/8.0.23
07-Aug-2015 10:44:25.482 INFO [main] org.apache.catalina.startup.VersionLoggerListener.log Server built:          May 19 2015 14:58:38 UTC
07-Aug-2015 10:44:25.483 INFO [main] org.apache.catalina.startup.VersionLoggerListener.log Server number:         8.0.23.0
07-Aug-2015 10:44:25.483 INFO [main] org.apache.catalina.startup.VersionLoggerListener.log OS Name:               Windows 8.1
07-Aug-2015 10:44:25.483 INFO [main] org.apache.catalina.startup.VersionLoggerListener.log OS Version:            6.3
07-Aug-2015 10:44:25.484 INFO [main] org.apache.catalina.startup.VersionLoggerListener.log Architecture:          amd64
07-Aug-2015 10:44:25.484 INFO [main] org.apache.catalina.startup.VersionLoggerListener.log Java Home:             C:\Program Files\Java\jdk1.8.0_45\jre
07-Aug-2015 10:44:25.485 INFO [main] org.apache.catalina.startup.VersionLoggerListener.log JVM Version:           1.8.0_45-b15
07-Aug-2015 10:44:25.485 INFO [main] org.apache.catalina.startup.VersionLoggerListener.log JVM Vendor:            Oracle Corporation
07-Aug-2015 10:44:25.486 INFO [main] org.apache.catalina.startup.VersionLoggerListener.log CATALINA_BASE:         C:\Users\Darlan\Documents\GitHub\Kevin-LASAD\Deploy\apache-tomcat-8.0.23
07-Aug-2015 10:44:25.486 INFO [main] org.apache.catalina.startup.VersionLoggerListener.log CATALINA_HOME:         C:\Users\Darlan\Documents\GitHub\Kevin-LASAD\Deploy\apache-tomcat-8.0.23
07-Aug-2015 10:44:25.487 INFO [main] org.apache.catalina.startup.VersionLoggerListener.log Command line argument: -Djava.util.logging.config.file=C:\Users\Darlan\Documents\GitHub\Kevin-LASAD\Deploy\apache-tomcat-8.0.23\conf\logging.properties
07-Aug-2015 10:44:25.489 INFO [main] org.apache.catalina.startup.VersionLoggerListener.log Command line argument: -Djava.util.logging.manager=org.apache.juli.ClassLoaderLogManager
07-Aug-2015 10:44:25.490 INFO [main] org.apache.catalina.startup.VersionLoggerListener.log Command line argument: -Djava.endorsed.dirs=C:\Users\Darlan\Documents\GitHub\Kevin-LASAD\Deploy\apache-tomcat-8.0.23\endorsed
07-Aug-2015 10:44:25.492 INFO [main] org.apache.catalina.startup.VersionLoggerListener.log Command line argument: -Dcatalina.base=C:\Users\Darlan\Documents\GitHub\Kevin-LASAD\Deploy\apache-tomcat-8.0.23
07-Aug-2015 10:44:25.496 INFO [main] org.apache.catalina.startup.VersionLoggerListener.log Command line argument: -Dcatalina.home=C:\Users\Darlan\Documents\GitHub\Kevin-LASAD\Deploy\apache-tomcat-8.0.23
07-Aug-2015 10:44:25.502 INFO [main] org.apache.catalina.startup.VersionLoggerListener.log Command line argument: -Djava.io.tmpdir=C:\Users\Darlan\Documents\GitHub\Kevin-LASAD\Deploy\apache-tomcat-8.0.23\temp
07-Aug-2015 10:44:25.504 INFO [main] org.apache.catalina.core.AprLifecycleListener.lifecycleEvent The APR based Apache Tomcat Native library which allows optimal performance in production environments was not found on the java.library.path: C:\Program Files\Java\jdk1.8.0_45\bin;C:\WINDOWS\Sun\Java\bin;C:\WINDOWS\system32;C:\WINDOWS;C:\ProgramData\Oracle\Java\javapath;C:\Program Files (x86)\Lenovo\FusionEngine;C:\Program Files (x86)\Intel\iCLS Client\;C:\Program Files\Intel\iCLS Client\;C:\WINDOWS\system32;C:\WINDOWS;C:\WINDOWS\System32\Wbem;C:\WINDOWS\System32\WindowsPowerShell\v1.0\;C:\Program Files\Intel\Intel(R) Management Engine Components\DAL;C:\Program Files (x86)\Intel\Intel(R) Management Engine Components\DAL;C:\Program Files\Intel\Intel(R) Management Engine Components\IPT;C:\Program Files (x86)\Intel\Intel(R) Management Engine Components\IPT;C:\Program Files (x86)\ATI Technologies\ATI.ACE\Core-Static;C:\Program Files\Intel\WiFi\bin\;C:\Program Files\Common Files\Intel\WirelessCommon\;C:\Program Files (x86)\Lenovo\Motion Control\;C:\Program Files\TortoiseSVN\bin;C:\Program Files (x86)\Skype\Phone\;C:\Program Files\apache-ant-1.9.5\bin;C:\Program Files\MySQL\MySQL Server 5.6\bin;C:\Program Files (x86)\MySQL\MySQL Fabric 1.5.4 & MySQL Utilities 1.5.4 1.5\;C:\Program Files (x86)\MySQL\MySQL Fabric 1.5.4 & MySQL Utilities 1.5.4 1.5\Doctrine extensions for PHP\;.
07-Aug-2015 10:44:25.753 INFO [main] org.apache.coyote.AbstractProtocol.init Initializing ProtocolHandler ["http-nio-8080"]
07-Aug-2015 10:44:25.866 INFO [main] org.apache.tomcat.util.net.NioSelectorPool.getSharedSelector Using a shared selector for servlet write/read
07-Aug-2015 10:44:25.870 INFO [main] org.apache.coyote.AbstractProtocol.init Initializing ProtocolHandler ["ajp-nio-8009"]
07-Aug-2015 10:44:25.876 INFO [main] org.apache.tomcat.util.net.NioSelectorPool.getSharedSelector Using a shared selector for servlet write/read
07-Aug-2015 10:44:25.882 INFO [main] org.apache.catalina.startup.Catalina.load Initialization processed in 873 ms
07-Aug-2015 10:44:25.925 INFO [main] org.apache.catalina.core.StandardService.startInternal Starting service Catalina
07-Aug-2015 10:44:25.926 INFO [main] org.apache.catalina.core.StandardEngine.startInternal Starting Servlet Engine: Apache Tomcat/8.0.23
07-Aug-2015 10:44:25.975 INFO [localhost-startStop-1] org.apache.catalina.startup.HostConfig.deployWAR Deploying web application archive C:\Users\Darlan\Documents\GitHub\Kevin-LASAD\Deploy\apache-tomcat-8.0.23\webapps\lasad.war
07-Aug-2015 10:44:41.280 INFO [localhost-startStop-1] org.apache.jasper.servlet.TldScanner.scanJars At least one JAR was scanned for TLDs yet contained no TLDs. Enable debug logging for this logger for a complete list of JARs that were scanned but no TLDs were found in them. Skipping unneeded JARs during scanning can improve startup time and JSP compilation time.
07-Aug-2015 10:44:41.428 INFO [localhost-startStop-1] org.apache.catalina.startup.HostConfig.deployWAR Deployment of web application archive C:\Users\Darlan\Documents\GitHub\Kevin-LASAD\Deploy\apache-tomcat-8.0.23\webapps\lasad.war has finished in 15,452 ms
07-Aug-2015 10:44:41.432 INFO [localhost-startStop-1] org.apache.catalina.startup.HostConfig.deployDirectory Deploying web application directory C:\Users\Darlan\Documents\GitHub\Kevin-LASAD\Deploy\apache-tomcat-8.0.23\webapps\docs
07-Aug-2015 10:44:41.481 INFO [localhost-startStop-1] org.apache.catalina.startup.HostConfig.deployDirectory Deployment of web application directory C:\Users\Darlan\Documents\GitHub\Kevin-LASAD\Deploy\apache-tomcat-8.0.23\webapps\docs has finished in 49 ms
07-Aug-2015 10:44:41.482 INFO [localhost-startStop-1] org.apache.catalina.startup.HostConfig.deployDirectory Deploying web application directory C:\Users\Darlan\Documents\GitHub\Kevin-LASAD\Deploy\apache-tomcat-8.0.23\webapps\examples
07-Aug-2015 10:44:42.590 INFO [localhost-startStop-1] org.apache.catalina.startup.HostConfig.deployDirectory Deployment of web application directory C:\Users\Darlan\Documents\GitHub\Kevin-LASAD\Deploy\apache-tomcat-8.0.23\webapps\examples has finished in 1,108 ms
07-Aug-2015 10:44:42.593 INFO [localhost-startStop-1] org.apache.catalina.startup.HostConfig.deployDirectory Deploying web application directory C:\Users\Darlan\Documents\GitHub\Kevin-LASAD\Deploy\apache-tomcat-8.0.23\webapps\host-manager
07-Aug-2015 10:44:42.662 INFO [localhost-startStop-1] org.apache.catalina.startup.HostConfig.deployDirectory Deployment of web application directory C:\Users\Darlan\Documents\GitHub\Kevin-LASAD\Deploy\apache-tomcat-8.0.23\webapps\host-manager has finished in 69 ms
07-Aug-2015 10:44:42.663 INFO [localhost-startStop-1] org.apache.catalina.startup.HostConfig.deployDirectory Deploying web application directory C:\Users\Darlan\Documents\GitHub\Kevin-LASAD\Deploy\apache-tomcat-8.0.23\webapps\manager
07-Aug-2015 10:44:42.725 INFO [localhost-startStop-1] org.apache.catalina.startup.HostConfig.deployDirectory Deployment of web application directory C:\Users\Darlan\Documents\GitHub\Kevin-LASAD\Deploy\apache-tomcat-8.0.23\webapps\manager has finished in 62 ms
07-Aug-2015 10:44:42.727 INFO [localhost-startStop-1] org.apache.catalina.startup.HostConfig.deployDirectory Deploying web application directory C:\Users\Darlan\Documents\GitHub\Kevin-LASAD\Deploy\apache-tomcat-8.0.23\webapps\ROOT
07-Aug-2015 10:44:42.779 INFO [localhost-startStop-1] org.apache.catalina.startup.HostConfig.deployDirectory Deployment of web application directory C:\Users\Darlan\Documents\GitHub\Kevin-LASAD\Deploy\apache-tomcat-8.0.23\webapps\ROOT has finished in 52 ms
07-Aug-2015 10:44:42.787 INFO [main] org.apache.coyote.AbstractProtocol.start Starting ProtocolHandler ["http-nio-8080"]
07-Aug-2015 10:44:42.802 INFO [main] org.apache.coyote.AbstractProtocol.start Starting ProtocolHandler ["ajp-nio-8009"]
07-Aug-2015 10:44:42.811 INFO [main] org.apache.catalina.startup.Catalina.start Server startup in 16928 ms
07-Aug-2015 10:49:03.788 INFO [http-nio-8080-exec-5] null.null Server: Configuration changed - EventServiceConfiguration (Properties "eventservice.properties")
  Min.: 0ms; Max.: 20000ms; Timeout: 90000ms
07-Aug-2015 10:49:04.202 INFO [http-nio-8080-exec-5] null.null Server: Client "5EBD07CE75592DB25BAF743299EC0B93-1638304834" initialized.
07-Aug-2015 11:24:27.050 INFO [http-nio-8080-exec-9] null.null Server: Client "5EBD07CE75592DB25BAF743299EC0B93-589291898" initialized.
