03-Aug-2015 09:08:46.206 INFO [main] org.apache.catalina.startup.VersionLoggerListener.log Server version:        Apache Tomcat/8.0.23
03-Aug-2015 09:08:46.227 INFO [main] org.apache.catalina.startup.VersionLoggerListener.log Server built:          May 19 2015 14:58:38 UTC
03-Aug-2015 09:08:46.227 INFO [main] org.apache.catalina.startup.VersionLoggerListener.log Server number:         8.0.23.0
03-Aug-2015 09:08:46.227 INFO [main] org.apache.catalina.startup.VersionLoggerListener.log OS Name:               Mac OS X
03-Aug-2015 09:08:46.228 INFO [main] org.apache.catalina.startup.VersionLoggerListener.log OS Version:            10.10.2
03-Aug-2015 09:08:46.228 INFO [main] org.apache.catalina.startup.VersionLoggerListener.log Architecture:          x86_64
03-Aug-2015 09:08:46.228 INFO [main] org.apache.catalina.startup.VersionLoggerListener.log Java Home:             /Library/Java/JavaVirtualMachines/jdk1.8.0_45.jdk/Contents/Home/jre
03-Aug-2015 09:08:46.228 INFO [main] org.apache.catalina.startup.VersionLoggerListener.log JVM Version:           1.8.0_45-b14
03-Aug-2015 09:08:46.228 INFO [main] org.apache.catalina.startup.VersionLoggerListener.log JVM Vendor:            Oracle Corporation
03-Aug-2015 09:08:46.228 INFO [main] org.apache.catalina.startup.VersionLoggerListener.log CATALINA_BASE:         /Users/kevin/Kevin-LASAD/Deploy/apache-tomcat-8.0.23
03-Aug-2015 09:08:46.229 INFO [main] org.apache.catalina.startup.VersionLoggerListener.log CATALINA_HOME:         /Users/kevin/Kevin-LASAD/Deploy/apache-tomcat-8.0.23
03-Aug-2015 09:08:46.229 INFO [main] org.apache.catalina.startup.VersionLoggerListener.log Command line argument: -Djava.util.logging.config.file=/Users/kevin/Kevin-LASAD/Deploy/apache-tomcat-8.0.23/conf/logging.properties
03-Aug-2015 09:08:46.229 INFO [main] org.apache.catalina.startup.VersionLoggerListener.log Command line argument: -Djava.util.logging.manager=org.apache.juli.ClassLoaderLogManager
03-Aug-2015 09:08:46.229 INFO [main] org.apache.catalina.startup.VersionLoggerListener.log Command line argument: -Djava.endorsed.dirs=/Users/kevin/Kevin-LASAD/Deploy/apache-tomcat-8.0.23/endorsed
03-Aug-2015 09:08:46.230 INFO [main] org.apache.catalina.startup.VersionLoggerListener.log Command line argument: -Dcatalina.base=/Users/kevin/Kevin-LASAD/Deploy/apache-tomcat-8.0.23
03-Aug-2015 09:08:46.230 INFO [main] org.apache.catalina.startup.VersionLoggerListener.log Command line argument: -Dcatalina.home=/Users/kevin/Kevin-LASAD/Deploy/apache-tomcat-8.0.23
03-Aug-2015 09:08:46.230 INFO [main] org.apache.catalina.startup.VersionLoggerListener.log Command line argument: -Djava.io.tmpdir=/Users/kevin/Kevin-LASAD/Deploy/apache-tomcat-8.0.23/temp
03-Aug-2015 09:08:46.231 INFO [main] org.apache.catalina.core.AprLifecycleListener.lifecycleEvent The APR based Apache Tomcat Native library which allows optimal performance in production environments was not found on the java.library.path: /Users/kevin/Library/Java/Extensions:/Library/Java/Extensions:/Network/Library/Java/Extensions:/System/Library/Java/Extensions:/usr/lib/java:.
03-Aug-2015 09:08:46.461 INFO [main] org.apache.coyote.AbstractProtocol.init Initializing ProtocolHandler ["http-nio-8080"]
03-Aug-2015 09:08:46.502 INFO [main] org.apache.tomcat.util.net.NioSelectorPool.getSharedSelector Using a shared selector for servlet write/read
03-Aug-2015 09:08:46.505 INFO [main] org.apache.coyote.AbstractProtocol.init Initializing ProtocolHandler ["ajp-nio-8009"]
03-Aug-2015 09:08:46.507 INFO [main] org.apache.tomcat.util.net.NioSelectorPool.getSharedSelector Using a shared selector for servlet write/read
03-Aug-2015 09:08:46.508 INFO [main] org.apache.catalina.startup.Catalina.load Initialization processed in 774 ms
03-Aug-2015 09:08:46.561 INFO [main] org.apache.catalina.core.StandardService.startInternal Starting service Catalina
03-Aug-2015 09:08:46.561 INFO [main] org.apache.catalina.core.StandardEngine.startInternal Starting Servlet Engine: Apache Tomcat/8.0.23
03-Aug-2015 09:08:46.602 INFO [localhost-startStop-1] org.apache.catalina.startup.HostConfig.deployWAR Deploying web application archive /Users/kevin/Kevin-LASAD/Deploy/apache-tomcat-8.0.23/webapps/lasad.war
03-Aug-2015 09:08:51.996 INFO [localhost-startStop-1] org.apache.jasper.servlet.TldScanner.scanJars At least one JAR was scanned for TLDs yet contained no TLDs. Enable debug logging for this logger for a complete list of JARs that were scanned but no TLDs were found in them. Skipping unneeded JARs during scanning can improve startup time and JSP compilation time.
03-Aug-2015 09:08:52.098 INFO [localhost-startStop-1] org.apache.catalina.startup.HostConfig.deployWAR Deployment of web application archive /Users/kevin/Kevin-LASAD/Deploy/apache-tomcat-8.0.23/webapps/lasad.war has finished in 5,496 ms
03-Aug-2015 09:08:52.100 INFO [localhost-startStop-1] org.apache.catalina.startup.HostConfig.deployDirectory Deploying web application directory /Users/kevin/Kevin-LASAD/Deploy/apache-tomcat-8.0.23/webapps/docs
03-Aug-2015 09:08:52.120 INFO [localhost-startStop-1] org.apache.catalina.startup.HostConfig.deployDirectory Deployment of web application directory /Users/kevin/Kevin-LASAD/Deploy/apache-tomcat-8.0.23/webapps/docs has finished in 21 ms
03-Aug-2015 09:08:52.121 INFO [localhost-startStop-1] org.apache.catalina.startup.HostConfig.deployDirectory Deploying web application directory /Users/kevin/Kevin-LASAD/Deploy/apache-tomcat-8.0.23/webapps/examples
03-Aug-2015 09:08:52.457 INFO [localhost-startStop-1] org.apache.catalina.startup.HostConfig.deployDirectory Deployment of web application directory /Users/kevin/Kevin-LASAD/Deploy/apache-tomcat-8.0.23/webapps/examples has finished in 336 ms
03-Aug-2015 09:08:52.458 INFO [localhost-startStop-1] org.apache.catalina.startup.HostConfig.deployDirectory Deploying web application directory /Users/kevin/Kevin-LASAD/Deploy/apache-tomcat-8.0.23/webapps/host-manager
03-Aug-2015 09:08:52.486 INFO [localhost-startStop-1] org.apache.catalina.startup.HostConfig.deployDirectory Deployment of web application directory /Users/kevin/Kevin-LASAD/Deploy/apache-tomcat-8.0.23/webapps/host-manager has finished in 28 ms
03-Aug-2015 09:08:52.486 INFO [localhost-startStop-1] org.apache.catalina.startup.HostConfig.deployDirectory Deploying web application directory /Users/kevin/Kevin-LASAD/Deploy/apache-tomcat-8.0.23/webapps/manager
03-Aug-2015 09:08:52.519 INFO [localhost-startStop-1] org.apache.catalina.startup.HostConfig.deployDirectory Deployment of web application directory /Users/kevin/Kevin-LASAD/Deploy/apache-tomcat-8.0.23/webapps/manager has finished in 33 ms
03-Aug-2015 09:08:52.519 INFO [localhost-startStop-1] org.apache.catalina.startup.HostConfig.deployDirectory Deploying web application directory /Users/kevin/Kevin-LASAD/Deploy/apache-tomcat-8.0.23/webapps/ROOT
03-Aug-2015 09:08:52.552 INFO [localhost-startStop-1] org.apache.catalina.startup.HostConfig.deployDirectory Deployment of web application directory /Users/kevin/Kevin-LASAD/Deploy/apache-tomcat-8.0.23/webapps/ROOT has finished in 33 ms
03-Aug-2015 09:08:52.557 INFO [main] org.apache.coyote.AbstractProtocol.start Starting ProtocolHandler ["http-nio-8080"]
03-Aug-2015 09:08:52.565 INFO [main] org.apache.coyote.AbstractProtocol.start Starting ProtocolHandler ["ajp-nio-8009"]
03-Aug-2015 09:08:52.565 INFO [main] org.apache.catalina.startup.Catalina.start Server startup in 6057 ms
03-Aug-2015 09:08:53.278 INFO [http-nio-8080-exec-10] null.log Server: Configuration changed - EventServiceConfiguration (Properties "eventservice.properties")
  Min.: 0ms; Max.: 20000ms; Timeout: 90000ms
03-Aug-2015 09:08:53.423 INFO [http-nio-8080-exec-10] de.novanic.eventservice.logger.DefaultServerLogger.log Server: Client "6E641A7E1EC4E3508DA77BA62089396767294807" initialized.
03-Aug-2015 09:22:40.099 INFO [main] org.apache.catalina.core.StandardServer.await A valid shutdown command was received via the shutdown port. Stopping the Server instance.
03-Aug-2015 09:22:40.100 INFO [main] org.apache.coyote.AbstractProtocol.pause Pausing ProtocolHandler ["http-nio-8080"]
03-Aug-2015 09:22:40.152 INFO [main] org.apache.coyote.AbstractProtocol.pause Pausing ProtocolHandler ["ajp-nio-8009"]
03-Aug-2015 09:22:40.207 INFO [main] org.apache.catalina.core.StandardService.stopInternal Stopping service Catalina
03-Aug-2015 09:22:40.220 INFO [localhost-startStop-2] org.apache.catalina.core.StandardWrapper.unload Waiting for 1 instance(s) to be deallocated for Servlet [eventServiceImpl]
03-Aug-2015 09:22:41.252 INFO [localhost-startStop-2] org.apache.catalina.core.StandardWrapper.unload Waiting for 1 instance(s) to be deallocated for Servlet [eventServiceImpl]
03-Aug-2015 09:22:42.296 INFO [localhost-startStop-2] org.apache.catalina.core.StandardWrapper.unload Waiting for 1 instance(s) to be deallocated for Servlet [eventServiceImpl]
03-Aug-2015 09:22:42.409 WARNING [localhost-startStop-2] org.apache.catalina.loader.WebappClassLoaderBase.clearReferencesThreads The web application [lasad] is still processing a request that has yet to finish. This is very likely to create a memory leak. You can control the time allowed for requests to finish by using the unloadDelay attribute of the standard Context implementation. Stack trace of request processing thread:
 java.lang.Object.wait(Native Method)
 de.novanic.eventservice.service.connection.strategy.connector.ConnectionStrategyServerConnectorAdapter.waitMaxWaitingTime(ConnectionStrategyServerConnectorAdapter.java:82)
 de.novanic.eventservice.service.connection.strategy.connector.longpolling.LongPollingServerConnector.listen(LongPollingServerConnector.java:62)
 de.novanic.eventservice.service.registry.DefaultEventRegistry.listen(DefaultEventRegistry.java:223)
 de.novanic.eventservice.service.EventServiceImpl.listen(EventServiceImpl.java:242)
 de.novanic.eventservice.service.EventServiceImpl.listen(EventServiceImpl.java:227)
 sun.reflect.GeneratedMethodAccessor36.invoke(Unknown Source)
 sun.reflect.DelegatingMethodAccessorImpl.invoke(DelegatingMethodAccessorImpl.java:43)
 java.lang.reflect.Method.invoke(Method.java:497)
 com.google.gwt.user.server.rpc.RPC.invokeAndEncodeResponse(RPC.java:561)
 com.google.gwt.user.server.rpc.RemoteServiceServlet.processCall(RemoteServiceServlet.java:208)
 com.google.gwt.user.server.rpc.RemoteServiceServlet.processPost(RemoteServiceServlet.java:248)
 com.google.gwt.user.server.rpc.AbstractRemoteServiceServlet.doPost(AbstractRemoteServiceServlet.java:62)
 javax.servlet.http.HttpServlet.service(HttpServlet.java:648)
 javax.servlet.http.HttpServlet.service(HttpServlet.java:729)
 org.apache.catalina.core.ApplicationFilterChain.internalDoFilter(ApplicationFilterChain.java:291)
 org.apache.catalina.core.ApplicationFilterChain.doFilter(ApplicationFilterChain.java:206)
 org.apache.tomcat.websocket.server.WsFilter.doFilter(WsFilter.java:52)
 org.apache.catalina.core.ApplicationFilterChain.internalDoFilter(ApplicationFilterChain.java:239)
 org.apache.catalina.core.ApplicationFilterChain.doFilter(ApplicationFilterChain.java:206)
 org.apache.catalina.core.StandardWrapperValve.invoke(StandardWrapperValve.java:219)
 org.apache.catalina.core.StandardContextValve.invoke(StandardContextValve.java:106)
 org.apache.catalina.authenticator.AuthenticatorBase.invoke(AuthenticatorBase.java:502)
 org.apache.catalina.core.StandardHostValve.invoke(StandardHostValve.java:142)
 org.apache.catalina.valves.ErrorReportValve.invoke(ErrorReportValve.java:79)
 org.apache.catalina.valves.AbstractAccessLogValve.invoke(AbstractAccessLogValve.java:617)
 org.apache.catalina.core.StandardEngineValve.invoke(StandardEngineValve.java:88)
 org.apache.catalina.connector.CoyoteAdapter.service(CoyoteAdapter.java:518)
 org.apache.coyote.http11.AbstractHttp11Processor.process(AbstractHttp11Processor.java:1091)
 org.apache.coyote.AbstractProtocol$AbstractConnectionHandler.process(AbstractProtocol.java:668)
 org.apache.tomcat.util.net.NioEndpoint$SocketProcessor.doRun(NioEndpoint.java:1521)
 org.apache.tomcat.util.net.NioEndpoint$SocketProcessor.run(NioEndpoint.java:1478)
 java.util.concurrent.ThreadPoolExecutor.runWorker(ThreadPoolExecutor.java:1142)
 java.util.concurrent.ThreadPoolExecutor$Worker.run(ThreadPoolExecutor.java:617)
 org.apache.tomcat.util.threads.TaskThread$WrappingRunnable.run(TaskThread.java:61)
 java.lang.Thread.run(Thread.java:745)
03-Aug-2015 09:22:42.409 WARNING [localhost-startStop-2] org.apache.catalina.loader.WebappClassLoaderBase.clearReferencesThreads The web application [lasad] appears to have started a thread named [GWTEventService-UserActivityScheduler] but has failed to stop it. This is very likely to create a memory leak. Stack trace of thread:
 java.lang.Object.wait(Native Method)
 java.util.TimerThread.mainLoop(Timer.java:552)
 java.util.TimerThread.run(Timer.java:505)
03-Aug-2015 09:22:42.429 INFO [main] org.apache.coyote.AbstractProtocol.stop Stopping ProtocolHandler ["http-nio-8080"]
03-Aug-2015 09:22:42.473 INFO [main] org.apache.coyote.AbstractProtocol.stop Stopping ProtocolHandler ["ajp-nio-8009"]
03-Aug-2015 09:22:42.522 INFO [main] org.apache.coyote.AbstractProtocol.destroy Destroying ProtocolHandler ["http-nio-8080"]
03-Aug-2015 09:22:42.523 INFO [main] org.apache.coyote.AbstractProtocol.destroy Destroying ProtocolHandler ["ajp-nio-8009"]
03-Aug-2015 09:27:06.309 INFO [main] org.apache.catalina.startup.VersionLoggerListener.log Server version:        Apache Tomcat/8.0.23
03-Aug-2015 09:27:06.310 INFO [main] org.apache.catalina.startup.VersionLoggerListener.log Server built:          May 19 2015 14:58:38 UTC
03-Aug-2015 09:27:06.310 INFO [main] org.apache.catalina.startup.VersionLoggerListener.log Server number:         8.0.23.0
03-Aug-2015 09:27:06.311 INFO [main] org.apache.catalina.startup.VersionLoggerListener.log OS Name:               Mac OS X
03-Aug-2015 09:27:06.311 INFO [main] org.apache.catalina.startup.VersionLoggerListener.log OS Version:            10.10.2
03-Aug-2015 09:27:06.311 INFO [main] org.apache.catalina.startup.VersionLoggerListener.log Architecture:          x86_64
03-Aug-2015 09:27:06.311 INFO [main] org.apache.catalina.startup.VersionLoggerListener.log Java Home:             /Library/Java/JavaVirtualMachines/jdk1.8.0_45.jdk/Contents/Home/jre
03-Aug-2015 09:27:06.311 INFO [main] org.apache.catalina.startup.VersionLoggerListener.log JVM Version:           1.8.0_45-b14
03-Aug-2015 09:27:06.311 INFO [main] org.apache.catalina.startup.VersionLoggerListener.log JVM Vendor:            Oracle Corporation
03-Aug-2015 09:27:06.311 INFO [main] org.apache.catalina.startup.VersionLoggerListener.log CATALINA_BASE:         /Users/kevin/Kevin-LASAD/Deploy/apache-tomcat-8.0.23
03-Aug-2015 09:27:06.311 INFO [main] org.apache.catalina.startup.VersionLoggerListener.log CATALINA_HOME:         /Users/kevin/Kevin-LASAD/Deploy/apache-tomcat-8.0.23
03-Aug-2015 09:27:06.312 INFO [main] org.apache.catalina.startup.VersionLoggerListener.log Command line argument: -Djava.util.logging.config.file=/Users/kevin/Kevin-LASAD/Deploy/apache-tomcat-8.0.23/conf/logging.properties
03-Aug-2015 09:27:06.312 INFO [main] org.apache.catalina.startup.VersionLoggerListener.log Command line argument: -Djava.util.logging.manager=org.apache.juli.ClassLoaderLogManager
03-Aug-2015 09:27:06.312 INFO [main] org.apache.catalina.startup.VersionLoggerListener.log Command line argument: -Djava.endorsed.dirs=/Users/kevin/Kevin-LASAD/Deploy/apache-tomcat-8.0.23/endorsed
03-Aug-2015 09:27:06.312 INFO [main] org.apache.catalina.startup.VersionLoggerListener.log Command line argument: -Dcatalina.base=/Users/kevin/Kevin-LASAD/Deploy/apache-tomcat-8.0.23
03-Aug-2015 09:27:06.312 INFO [main] org.apache.catalina.startup.VersionLoggerListener.log Command line argument: -Dcatalina.home=/Users/kevin/Kevin-LASAD/Deploy/apache-tomcat-8.0.23
03-Aug-2015 09:27:06.312 INFO [main] org.apache.catalina.startup.VersionLoggerListener.log Command line argument: -Djava.io.tmpdir=/Users/kevin/Kevin-LASAD/Deploy/apache-tomcat-8.0.23/temp
03-Aug-2015 09:27:06.313 INFO [main] org.apache.catalina.core.AprLifecycleListener.lifecycleEvent The APR based Apache Tomcat Native library which allows optimal performance in production environments was not found on the java.library.path: /Users/kevin/Library/Java/Extensions:/Library/Java/Extensions:/Network/Library/Java/Extensions:/System/Library/Java/Extensions:/usr/lib/java:.
03-Aug-2015 09:27:06.486 INFO [main] org.apache.coyote.AbstractProtocol.init Initializing ProtocolHandler ["http-nio-8080"]
03-Aug-2015 09:27:06.509 INFO [main] org.apache.tomcat.util.net.NioSelectorPool.getSharedSelector Using a shared selector for servlet write/read
03-Aug-2015 09:27:06.511 INFO [main] org.apache.coyote.AbstractProtocol.init Initializing ProtocolHandler ["ajp-nio-8009"]
03-Aug-2015 09:27:06.513 INFO [main] org.apache.tomcat.util.net.NioSelectorPool.getSharedSelector Using a shared selector for servlet write/read
03-Aug-2015 09:27:06.513 INFO [main] org.apache.catalina.startup.Catalina.load Initialization processed in 699 ms
03-Aug-2015 09:27:06.542 INFO [main] org.apache.catalina.core.StandardService.startInternal Starting service Catalina
03-Aug-2015 09:27:06.543 INFO [main] org.apache.catalina.core.StandardEngine.startInternal Starting Servlet Engine: Apache Tomcat/8.0.23
03-Aug-2015 09:27:06.567 INFO [localhost-startStop-1] org.apache.catalina.startup.HostConfig.deployWAR Deploying web application archive /Users/kevin/Kevin-LASAD/Deploy/apache-tomcat-8.0.23/webapps/lasad.war
03-Aug-2015 09:27:09.591 INFO [localhost-startStop-1] org.apache.jasper.servlet.TldScanner.scanJars At least one JAR was scanned for TLDs yet contained no TLDs. Enable debug logging for this logger for a complete list of JARs that were scanned but no TLDs were found in them. Skipping unneeded JARs during scanning can improve startup time and JSP compilation time.
03-Aug-2015 09:27:09.693 INFO [localhost-startStop-1] org.apache.catalina.startup.HostConfig.deployWAR Deployment of web application archive /Users/kevin/Kevin-LASAD/Deploy/apache-tomcat-8.0.23/webapps/lasad.war has finished in 3,125 ms
03-Aug-2015 09:27:09.695 INFO [localhost-startStop-1] org.apache.catalina.startup.HostConfig.deployDirectory Deploying web application directory /Users/kevin/Kevin-LASAD/Deploy/apache-tomcat-8.0.23/webapps/docs
03-Aug-2015 09:27:09.713 INFO [localhost-startStop-1] org.apache.catalina.startup.HostConfig.deployDirectory Deployment of web application directory /Users/kevin/Kevin-LASAD/Deploy/apache-tomcat-8.0.23/webapps/docs has finished in 18 ms
03-Aug-2015 09:27:09.713 INFO [localhost-startStop-1] org.apache.catalina.startup.HostConfig.deployDirectory Deploying web application directory /Users/kevin/Kevin-LASAD/Deploy/apache-tomcat-8.0.23/webapps/examples
03-Aug-2015 09:27:10.024 INFO [localhost-startStop-1] org.apache.catalina.startup.HostConfig.deployDirectory Deployment of web application directory /Users/kevin/Kevin-LASAD/Deploy/apache-tomcat-8.0.23/webapps/examples has finished in 311 ms
03-Aug-2015 09:27:10.025 INFO [localhost-startStop-1] org.apache.catalina.startup.HostConfig.deployDirectory Deploying web application directory /Users/kevin/Kevin-LASAD/Deploy/apache-tomcat-8.0.23/webapps/host-manager
03-Aug-2015 09:27:10.125 INFO [localhost-startStop-1] org.apache.catalina.startup.HostConfig.deployDirectory Deployment of web application directory /Users/kevin/Kevin-LASAD/Deploy/apache-tomcat-8.0.23/webapps/host-manager has finished in 100 ms
03-Aug-2015 09:27:10.126 INFO [localhost-startStop-1] org.apache.catalina.startup.HostConfig.deployDirectory Deploying web application directory /Users/kevin/Kevin-LASAD/Deploy/apache-tomcat-8.0.23/webapps/manager
03-Aug-2015 09:27:10.180 INFO [localhost-startStop-1] org.apache.catalina.startup.HostConfig.deployDirectory Deployment of web application directory /Users/kevin/Kevin-LASAD/Deploy/apache-tomcat-8.0.23/webapps/manager has finished in 54 ms
03-Aug-2015 09:27:10.181 INFO [localhost-startStop-1] org.apache.catalina.startup.HostConfig.deployDirectory Deploying web application directory /Users/kevin/Kevin-LASAD/Deploy/apache-tomcat-8.0.23/webapps/ROOT
03-Aug-2015 09:27:10.202 INFO [localhost-startStop-1] org.apache.catalina.startup.HostConfig.deployDirectory Deployment of web application directory /Users/kevin/Kevin-LASAD/Deploy/apache-tomcat-8.0.23/webapps/ROOT has finished in 21 ms
03-Aug-2015 09:27:10.207 INFO [main] org.apache.coyote.AbstractProtocol.start Starting ProtocolHandler ["http-nio-8080"]
03-Aug-2015 09:27:10.221 INFO [main] org.apache.coyote.AbstractProtocol.start Starting ProtocolHandler ["ajp-nio-8009"]
03-Aug-2015 09:27:10.222 INFO [main] org.apache.catalina.startup.Catalina.start Server startup in 3708 ms
03-Aug-2015 09:27:17.947 INFO [http-nio-8080-exec-6] null.null Server: Configuration changed - EventServiceConfiguration (Properties "eventservice.properties")
  Min.: 0ms; Max.: 20000ms; Timeout: 90000ms
03-Aug-2015 09:27:18.106 INFO [http-nio-8080-exec-6] null.null Server: Client "2929EC5AD1129616F3D1B695426ADFE91494038836" initialized.
03-Aug-2015 09:34:33.486 INFO [main] org.apache.catalina.core.StandardServer.await A valid shutdown command was received via the shutdown port. Stopping the Server instance.
03-Aug-2015 09:34:33.487 INFO [main] org.apache.coyote.AbstractProtocol.pause Pausing ProtocolHandler ["http-nio-8080"]
03-Aug-2015 09:34:33.541 INFO [main] org.apache.coyote.AbstractProtocol.pause Pausing ProtocolHandler ["ajp-nio-8009"]
03-Aug-2015 09:34:33.596 INFO [main] org.apache.catalina.core.StandardService.stopInternal Stopping service Catalina
03-Aug-2015 09:34:33.614 INFO [localhost-startStop-2] org.apache.catalina.core.StandardWrapper.unload Waiting for 1 instance(s) to be deallocated for Servlet [eventServiceImpl]
03-Aug-2015 09:34:34.646 INFO [localhost-startStop-2] org.apache.catalina.core.StandardWrapper.unload Waiting for 1 instance(s) to be deallocated for Servlet [eventServiceImpl]
03-Aug-2015 09:34:35.670 INFO [localhost-startStop-2] org.apache.catalina.core.StandardWrapper.unload Waiting for 1 instance(s) to be deallocated for Servlet [eventServiceImpl]
03-Aug-2015 09:34:35.776 WARNING [localhost-startStop-2] org.apache.catalina.loader.WebappClassLoaderBase.clearReferencesThreads The web application [lasad] is still processing a request that has yet to finish. This is very likely to create a memory leak. You can control the time allowed for requests to finish by using the unloadDelay attribute of the standard Context implementation. Stack trace of request processing thread:
 java.lang.Object.wait(Native Method)
 de.novanic.eventservice.service.connection.strategy.connector.ConnectionStrategyServerConnectorAdapter.waitMaxWaitingTime(ConnectionStrategyServerConnectorAdapter.java:82)
 de.novanic.eventservice.service.connection.strategy.connector.longpolling.LongPollingServerConnector.listen(LongPollingServerConnector.java:62)
 de.novanic.eventservice.service.registry.DefaultEventRegistry.listen(DefaultEventRegistry.java:223)
 de.novanic.eventservice.service.EventServiceImpl.listen(EventServiceImpl.java:242)
 de.novanic.eventservice.service.EventServiceImpl.listen(EventServiceImpl.java:227)
 sun.reflect.GeneratedMethodAccessor36.invoke(Unknown Source)
 sun.reflect.DelegatingMethodAccessorImpl.invoke(DelegatingMethodAccessorImpl.java:43)
 java.lang.reflect.Method.invoke(Method.java:497)
 com.google.gwt.user.server.rpc.RPC.invokeAndEncodeResponse(RPC.java:561)
 com.google.gwt.user.server.rpc.RemoteServiceServlet.processCall(RemoteServiceServlet.java:208)
 com.google.gwt.user.server.rpc.RemoteServiceServlet.processPost(RemoteServiceServlet.java:248)
 com.google.gwt.user.server.rpc.AbstractRemoteServiceServlet.doPost(AbstractRemoteServiceServlet.java:62)
 javax.servlet.http.HttpServlet.service(HttpServlet.java:648)
 javax.servlet.http.HttpServlet.service(HttpServlet.java:729)
 org.apache.catalina.core.ApplicationFilterChain.internalDoFilter(ApplicationFilterChain.java:291)
 org.apache.catalina.core.ApplicationFilterChain.doFilter(ApplicationFilterChain.java:206)
 org.apache.tomcat.websocket.server.WsFilter.doFilter(WsFilter.java:52)
 org.apache.catalina.core.ApplicationFilterChain.internalDoFilter(ApplicationFilterChain.java:239)
 org.apache.catalina.core.ApplicationFilterChain.doFilter(ApplicationFilterChain.java:206)
 org.apache.catalina.core.StandardWrapperValve.invoke(StandardWrapperValve.java:219)
 org.apache.catalina.core.StandardContextValve.invoke(StandardContextValve.java:106)
 org.apache.catalina.authenticator.AuthenticatorBase.invoke(AuthenticatorBase.java:502)
 org.apache.catalina.core.StandardHostValve.invoke(StandardHostValve.java:142)
 org.apache.catalina.valves.ErrorReportValve.invoke(ErrorReportValve.java:79)
 org.apache.catalina.valves.AbstractAccessLogValve.invoke(AbstractAccessLogValve.java:617)
 org.apache.catalina.core.StandardEngineValve.invoke(StandardEngineValve.java:88)
 org.apache.catalina.connector.CoyoteAdapter.service(CoyoteAdapter.java:518)
 org.apache.coyote.http11.AbstractHttp11Processor.process(AbstractHttp11Processor.java:1091)
 org.apache.coyote.AbstractProtocol$AbstractConnectionHandler.process(AbstractProtocol.java:668)
 org.apache.tomcat.util.net.NioEndpoint$SocketProcessor.doRun(NioEndpoint.java:1521)
 org.apache.tomcat.util.net.NioEndpoint$SocketProcessor.run(NioEndpoint.java:1478)
 java.util.concurrent.ThreadPoolExecutor.runWorker(ThreadPoolExecutor.java:1142)
 java.util.concurrent.ThreadPoolExecutor$Worker.run(ThreadPoolExecutor.java:617)
 org.apache.tomcat.util.threads.TaskThread$WrappingRunnable.run(TaskThread.java:61)
 java.lang.Thread.run(Thread.java:745)
03-Aug-2015 09:34:35.777 WARNING [localhost-startStop-2] org.apache.catalina.loader.WebappClassLoaderBase.clearReferencesThreads The web application [lasad] appears to have started a thread named [GWTEventService-UserActivityScheduler] but has failed to stop it. This is very likely to create a memory leak. Stack trace of thread:
 java.lang.Object.wait(Native Method)
 java.util.TimerThread.mainLoop(Timer.java:552)
 java.util.TimerThread.run(Timer.java:505)
03-Aug-2015 09:34:35.804 INFO [main] org.apache.coyote.AbstractProtocol.stop Stopping ProtocolHandler ["http-nio-8080"]
03-Aug-2015 09:34:35.877 INFO [main] org.apache.coyote.AbstractProtocol.stop Stopping ProtocolHandler ["ajp-nio-8009"]
03-Aug-2015 09:34:35.925 INFO [main] org.apache.coyote.AbstractProtocol.destroy Destroying ProtocolHandler ["http-nio-8080"]
03-Aug-2015 09:34:35.926 INFO [main] org.apache.coyote.AbstractProtocol.destroy Destroying ProtocolHandler ["ajp-nio-8009"]
03-Aug-2015 09:39:18.096 INFO [main] org.apache.catalina.startup.VersionLoggerListener.log Server version:        Apache Tomcat/8.0.23
03-Aug-2015 09:39:18.101 INFO [main] org.apache.catalina.startup.VersionLoggerListener.log Server built:          May 19 2015 14:58:38 UTC
03-Aug-2015 09:39:18.102 INFO [main] org.apache.catalina.startup.VersionLoggerListener.log Server number:         8.0.23.0
03-Aug-2015 09:39:18.102 INFO [main] org.apache.catalina.startup.VersionLoggerListener.log OS Name:               Mac OS X
03-Aug-2015 09:39:18.102 INFO [main] org.apache.catalina.startup.VersionLoggerListener.log OS Version:            10.10.2
03-Aug-2015 09:39:18.102 INFO [main] org.apache.catalina.startup.VersionLoggerListener.log Architecture:          x86_64
03-Aug-2015 09:39:18.102 INFO [main] org.apache.catalina.startup.VersionLoggerListener.log Java Home:             /Library/Java/JavaVirtualMachines/jdk1.8.0_45.jdk/Contents/Home/jre
03-Aug-2015 09:39:18.103 INFO [main] org.apache.catalina.startup.VersionLoggerListener.log JVM Version:           1.8.0_45-b14
03-Aug-2015 09:39:18.106 INFO [main] org.apache.catalina.startup.VersionLoggerListener.log JVM Vendor:            Oracle Corporation
03-Aug-2015 09:39:18.106 INFO [main] org.apache.catalina.startup.VersionLoggerListener.log CATALINA_BASE:         /Users/kevin/Kevin-LASAD/Deploy/apache-tomcat-8.0.23
03-Aug-2015 09:39:18.107 INFO [main] org.apache.catalina.startup.VersionLoggerListener.log CATALINA_HOME:         /Users/kevin/Kevin-LASAD/Deploy/apache-tomcat-8.0.23
03-Aug-2015 09:39:18.109 INFO [main] org.apache.catalina.startup.VersionLoggerListener.log Command line argument: -Djava.util.logging.config.file=/Users/kevin/Kevin-LASAD/Deploy/apache-tomcat-8.0.23/conf/logging.properties
03-Aug-2015 09:39:18.110 INFO [main] org.apache.catalina.startup.VersionLoggerListener.log Command line argument: -Djava.util.logging.manager=org.apache.juli.ClassLoaderLogManager
03-Aug-2015 09:39:18.110 INFO [main] org.apache.catalina.startup.VersionLoggerListener.log Command line argument: -Djava.endorsed.dirs=/Users/kevin/Kevin-LASAD/Deploy/apache-tomcat-8.0.23/endorsed
03-Aug-2015 09:39:18.110 INFO [main] org.apache.catalina.startup.VersionLoggerListener.log Command line argument: -Dcatalina.base=/Users/kevin/Kevin-LASAD/Deploy/apache-tomcat-8.0.23
03-Aug-2015 09:39:18.111 INFO [main] org.apache.catalina.startup.VersionLoggerListener.log Command line argument: -Dcatalina.home=/Users/kevin/Kevin-LASAD/Deploy/apache-tomcat-8.0.23
03-Aug-2015 09:39:18.111 INFO [main] org.apache.catalina.startup.VersionLoggerListener.log Command line argument: -Djava.io.tmpdir=/Users/kevin/Kevin-LASAD/Deploy/apache-tomcat-8.0.23/temp
03-Aug-2015 09:39:18.111 INFO [main] org.apache.catalina.core.AprLifecycleListener.lifecycleEvent The APR based Apache Tomcat Native library which allows optimal performance in production environments was not found on the java.library.path: /Users/kevin/Library/Java/Extensions:/Library/Java/Extensions:/Network/Library/Java/Extensions:/System/Library/Java/Extensions:/usr/lib/java:.
03-Aug-2015 09:39:18.635 INFO [main] org.apache.coyote.AbstractProtocol.init Initializing ProtocolHandler ["http-nio-8080"]
03-Aug-2015 09:39:18.702 INFO [main] org.apache.tomcat.util.net.NioSelectorPool.getSharedSelector Using a shared selector for servlet write/read
03-Aug-2015 09:39:18.705 INFO [main] org.apache.coyote.AbstractProtocol.init Initializing ProtocolHandler ["ajp-nio-8009"]
03-Aug-2015 09:39:18.708 INFO [main] org.apache.tomcat.util.net.NioSelectorPool.getSharedSelector Using a shared selector for servlet write/read
03-Aug-2015 09:39:18.710 INFO [main] org.apache.catalina.startup.Catalina.load Initialization processed in 1279 ms
03-Aug-2015 09:39:18.876 INFO [main] org.apache.catalina.core.StandardService.startInternal Starting service Catalina
03-Aug-2015 09:39:18.877 INFO [main] org.apache.catalina.core.StandardEngine.startInternal Starting Servlet Engine: Apache Tomcat/8.0.23
03-Aug-2015 09:39:18.952 INFO [localhost-startStop-1] org.apache.catalina.startup.HostConfig.deployWAR Deploying web application archive /Users/kevin/Kevin-LASAD/Deploy/apache-tomcat-8.0.23/webapps/lasad.war
03-Aug-2015 09:39:24.700 INFO [localhost-startStop-1] org.apache.jasper.servlet.TldScanner.scanJars At least one JAR was scanned for TLDs yet contained no TLDs. Enable debug logging for this logger for a complete list of JARs that were scanned but no TLDs were found in them. Skipping unneeded JARs during scanning can improve startup time and JSP compilation time.
03-Aug-2015 09:39:24.830 INFO [localhost-startStop-1] org.apache.catalina.startup.HostConfig.deployWAR Deployment of web application archive /Users/kevin/Kevin-LASAD/Deploy/apache-tomcat-8.0.23/webapps/lasad.war has finished in 5,877 ms
03-Aug-2015 09:39:24.831 INFO [localhost-startStop-1] org.apache.catalina.startup.HostConfig.deployDirectory Deploying web application directory /Users/kevin/Kevin-LASAD/Deploy/apache-tomcat-8.0.23/webapps/docs
03-Aug-2015 09:39:24.863 INFO [localhost-startStop-1] org.apache.catalina.startup.HostConfig.deployDirectory Deployment of web application directory /Users/kevin/Kevin-LASAD/Deploy/apache-tomcat-8.0.23/webapps/docs has finished in 30 ms
03-Aug-2015 09:39:24.864 INFO [localhost-startStop-1] org.apache.catalina.startup.HostConfig.deployDirectory Deploying web application directory /Users/kevin/Kevin-LASAD/Deploy/apache-tomcat-8.0.23/webapps/examples
03-Aug-2015 09:39:25.359 INFO [localhost-startStop-1] org.apache.catalina.startup.HostConfig.deployDirectory Deployment of web application directory /Users/kevin/Kevin-LASAD/Deploy/apache-tomcat-8.0.23/webapps/examples has finished in 495 ms
03-Aug-2015 09:39:25.359 INFO [localhost-startStop-1] org.apache.catalina.startup.HostConfig.deployDirectory Deploying web application directory /Users/kevin/Kevin-LASAD/Deploy/apache-tomcat-8.0.23/webapps/host-manager
03-Aug-2015 09:39:25.387 INFO [localhost-startStop-1] org.apache.catalina.startup.HostConfig.deployDirectory Deployment of web application directory /Users/kevin/Kevin-LASAD/Deploy/apache-tomcat-8.0.23/webapps/host-manager has finished in 28 ms
03-Aug-2015 09:39:25.387 INFO [localhost-startStop-1] org.apache.catalina.startup.HostConfig.deployDirectory Deploying web application directory /Users/kevin/Kevin-LASAD/Deploy/apache-tomcat-8.0.23/webapps/manager
03-Aug-2015 09:39:25.504 INFO [localhost-startStop-1] org.apache.catalina.startup.HostConfig.deployDirectory Deployment of web application directory /Users/kevin/Kevin-LASAD/Deploy/apache-tomcat-8.0.23/webapps/manager has finished in 116 ms
03-Aug-2015 09:39:25.504 INFO [localhost-startStop-1] org.apache.catalina.startup.HostConfig.deployDirectory Deploying web application directory /Users/kevin/Kevin-LASAD/Deploy/apache-tomcat-8.0.23/webapps/ROOT
03-Aug-2015 09:39:25.527 INFO [localhost-startStop-1] org.apache.catalina.startup.HostConfig.deployDirectory Deployment of web application directory /Users/kevin/Kevin-LASAD/Deploy/apache-tomcat-8.0.23/webapps/ROOT has finished in 23 ms
03-Aug-2015 09:39:25.533 INFO [main] org.apache.coyote.AbstractProtocol.start Starting ProtocolHandler ["http-nio-8080"]
03-Aug-2015 09:39:25.541 INFO [main] org.apache.coyote.AbstractProtocol.start Starting ProtocolHandler ["ajp-nio-8009"]
03-Aug-2015 09:39:25.542 INFO [main] org.apache.catalina.startup.Catalina.start Server startup in 6830 ms
03-Aug-2015 09:39:26.743 INFO [http-nio-8080-exec-4] null.null Server: Configuration changed - EventServiceConfiguration (Properties "eventservice.properties")
  Min.: 0ms; Max.: 20000ms; Timeout: 90000ms
03-Aug-2015 09:39:26.870 INFO [http-nio-8080-exec-4] de.novanic.eventservice.logger.DefaultServerLogger.log Server: Client "312978FA2EBA8F6FF95A7CE695423C73-2021736143" initialized.
03-Aug-2015 09:53:48.992 INFO [main] org.apache.catalina.core.StandardServer.await A valid shutdown command was received via the shutdown port. Stopping the Server instance.
03-Aug-2015 09:53:48.993 INFO [main] org.apache.coyote.AbstractProtocol.pause Pausing ProtocolHandler ["http-nio-8080"]
03-Aug-2015 09:53:49.049 INFO [main] org.apache.coyote.AbstractProtocol.pause Pausing ProtocolHandler ["ajp-nio-8009"]
03-Aug-2015 09:53:49.105 INFO [main] org.apache.catalina.core.StandardService.stopInternal Stopping service Catalina
03-Aug-2015 09:53:49.126 INFO [localhost-startStop-2] org.apache.catalina.core.StandardWrapper.unload Waiting for 1 instance(s) to be deallocated for Servlet [eventServiceImpl]
03-Aug-2015 09:53:50.159 INFO [localhost-startStop-2] org.apache.catalina.core.StandardWrapper.unload Waiting for 1 instance(s) to be deallocated for Servlet [eventServiceImpl]
03-Aug-2015 09:53:51.195 INFO [localhost-startStop-2] org.apache.catalina.core.StandardWrapper.unload Waiting for 1 instance(s) to be deallocated for Servlet [eventServiceImpl]
03-Aug-2015 09:53:51.307 WARNING [localhost-startStop-2] org.apache.catalina.loader.WebappClassLoaderBase.clearReferencesThreads The web application [lasad] is still processing a request that has yet to finish. This is very likely to create a memory leak. You can control the time allowed for requests to finish by using the unloadDelay attribute of the standard Context implementation. Stack trace of request processing thread:
 java.lang.Object.wait(Native Method)
 de.novanic.eventservice.service.connection.strategy.connector.ConnectionStrategyServerConnectorAdapter.waitMaxWaitingTime(ConnectionStrategyServerConnectorAdapter.java:82)
 de.novanic.eventservice.service.connection.strategy.connector.longpolling.LongPollingServerConnector.listen(LongPollingServerConnector.java:62)
 de.novanic.eventservice.service.registry.DefaultEventRegistry.listen(DefaultEventRegistry.java:223)
 de.novanic.eventservice.service.EventServiceImpl.listen(EventServiceImpl.java:242)
 de.novanic.eventservice.service.EventServiceImpl.listen(EventServiceImpl.java:227)
 sun.reflect.GeneratedMethodAccessor36.invoke(Unknown Source)
 sun.reflect.DelegatingMethodAccessorImpl.invoke(DelegatingMethodAccessorImpl.java:43)
 java.lang.reflect.Method.invoke(Method.java:497)
 com.google.gwt.user.server.rpc.RPC.invokeAndEncodeResponse(RPC.java:561)
 com.google.gwt.user.server.rpc.RemoteServiceServlet.processCall(RemoteServiceServlet.java:208)
 com.google.gwt.user.server.rpc.RemoteServiceServlet.processPost(RemoteServiceServlet.java:248)
 com.google.gwt.user.server.rpc.AbstractRemoteServiceServlet.doPost(AbstractRemoteServiceServlet.java:62)
 javax.servlet.http.HttpServlet.service(HttpServlet.java:648)
 javax.servlet.http.HttpServlet.service(HttpServlet.java:729)
 org.apache.catalina.core.ApplicationFilterChain.internalDoFilter(ApplicationFilterChain.java:291)
 org.apache.catalina.core.ApplicationFilterChain.doFilter(ApplicationFilterChain.java:206)
 org.apache.tomcat.websocket.server.WsFilter.doFilter(WsFilter.java:52)
 org.apache.catalina.core.ApplicationFilterChain.internalDoFilter(ApplicationFilterChain.java:239)
 org.apache.catalina.core.ApplicationFilterChain.doFilter(ApplicationFilterChain.java:206)
 org.apache.catalina.core.StandardWrapperValve.invoke(StandardWrapperValve.java:219)
 org.apache.catalina.core.StandardContextValve.invoke(StandardContextValve.java:106)
 org.apache.catalina.authenticator.AuthenticatorBase.invoke(AuthenticatorBase.java:502)
 org.apache.catalina.core.StandardHostValve.invoke(StandardHostValve.java:142)
 org.apache.catalina.valves.ErrorReportValve.invoke(ErrorReportValve.java:79)
 org.apache.catalina.valves.AbstractAccessLogValve.invoke(AbstractAccessLogValve.java:617)
 org.apache.catalina.core.StandardEngineValve.invoke(StandardEngineValve.java:88)
 org.apache.catalina.connector.CoyoteAdapter.service(CoyoteAdapter.java:518)
 org.apache.coyote.http11.AbstractHttp11Processor.process(AbstractHttp11Processor.java:1091)
 org.apache.coyote.AbstractProtocol$AbstractConnectionHandler.process(AbstractProtocol.java:668)
 org.apache.tomcat.util.net.NioEndpoint$SocketProcessor.doRun(NioEndpoint.java:1521)
 org.apache.tomcat.util.net.NioEndpoint$SocketProcessor.run(NioEndpoint.java:1478)
 java.util.concurrent.ThreadPoolExecutor.runWorker(ThreadPoolExecutor.java:1142)
 java.util.concurrent.ThreadPoolExecutor$Worker.run(ThreadPoolExecutor.java:617)
 org.apache.tomcat.util.threads.TaskThread$WrappingRunnable.run(TaskThread.java:61)
 java.lang.Thread.run(Thread.java:745)
03-Aug-2015 09:53:51.307 WARNING [localhost-startStop-2] org.apache.catalina.loader.WebappClassLoaderBase.clearReferencesThreads The web application [lasad] appears to have started a thread named [GWTEventService-UserActivityScheduler] but has failed to stop it. This is very likely to create a memory leak. Stack trace of thread:
 java.lang.Object.wait(Native Method)
 java.util.TimerThread.mainLoop(Timer.java:552)
 java.util.TimerThread.run(Timer.java:505)
03-Aug-2015 09:53:51.327 INFO [main] org.apache.coyote.AbstractProtocol.stop Stopping ProtocolHandler ["http-nio-8080"]
03-Aug-2015 09:53:51.408 INFO [main] org.apache.coyote.AbstractProtocol.stop Stopping ProtocolHandler ["ajp-nio-8009"]
03-Aug-2015 09:53:51.438 INFO [main] org.apache.coyote.AbstractProtocol.destroy Destroying ProtocolHandler ["http-nio-8080"]
03-Aug-2015 09:53:51.439 INFO [main] org.apache.coyote.AbstractProtocol.destroy Destroying ProtocolHandler ["ajp-nio-8009"]
03-Aug-2015 09:59:14.525 INFO [main] org.apache.catalina.startup.VersionLoggerListener.log Server version:        Apache Tomcat/8.0.23
03-Aug-2015 09:59:14.526 INFO [main] org.apache.catalina.startup.VersionLoggerListener.log Server built:          May 19 2015 14:58:38 UTC
03-Aug-2015 09:59:14.526 INFO [main] org.apache.catalina.startup.VersionLoggerListener.log Server number:         8.0.23.0
03-Aug-2015 09:59:14.526 INFO [main] org.apache.catalina.startup.VersionLoggerListener.log OS Name:               Mac OS X
03-Aug-2015 09:59:14.526 INFO [main] org.apache.catalina.startup.VersionLoggerListener.log OS Version:            10.10.2
03-Aug-2015 09:59:14.526 INFO [main] org.apache.catalina.startup.VersionLoggerListener.log Architecture:          x86_64
03-Aug-2015 09:59:14.526 INFO [main] org.apache.catalina.startup.VersionLoggerListener.log Java Home:             /Library/Java/JavaVirtualMachines/jdk1.8.0_45.jdk/Contents/Home/jre
03-Aug-2015 09:59:14.527 INFO [main] org.apache.catalina.startup.VersionLoggerListener.log JVM Version:           1.8.0_45-b14
03-Aug-2015 09:59:14.527 INFO [main] org.apache.catalina.startup.VersionLoggerListener.log JVM Vendor:            Oracle Corporation
03-Aug-2015 09:59:14.527 INFO [main] org.apache.catalina.startup.VersionLoggerListener.log CATALINA_BASE:         /Users/kevin/Kevin-LASAD/Deploy/apache-tomcat-8.0.23
03-Aug-2015 09:59:14.527 INFO [main] org.apache.catalina.startup.VersionLoggerListener.log CATALINA_HOME:         /Users/kevin/Kevin-LASAD/Deploy/apache-tomcat-8.0.23
03-Aug-2015 09:59:14.527 INFO [main] org.apache.catalina.startup.VersionLoggerListener.log Command line argument: -Djava.util.logging.config.file=/Users/kevin/Kevin-LASAD/Deploy/apache-tomcat-8.0.23/conf/logging.properties
03-Aug-2015 09:59:14.528 INFO [main] org.apache.catalina.startup.VersionLoggerListener.log Command line argument: -Djava.util.logging.manager=org.apache.juli.ClassLoaderLogManager
03-Aug-2015 09:59:14.528 INFO [main] org.apache.catalina.startup.VersionLoggerListener.log Command line argument: -Djava.endorsed.dirs=/Users/kevin/Kevin-LASAD/Deploy/apache-tomcat-8.0.23/endorsed
03-Aug-2015 09:59:14.528 INFO [main] org.apache.catalina.startup.VersionLoggerListener.log Command line argument: -Dcatalina.base=/Users/kevin/Kevin-LASAD/Deploy/apache-tomcat-8.0.23
03-Aug-2015 09:59:14.528 INFO [main] org.apache.catalina.startup.VersionLoggerListener.log Command line argument: -Dcatalina.home=/Users/kevin/Kevin-LASAD/Deploy/apache-tomcat-8.0.23
03-Aug-2015 09:59:14.528 INFO [main] org.apache.catalina.startup.VersionLoggerListener.log Command line argument: -Djava.io.tmpdir=/Users/kevin/Kevin-LASAD/Deploy/apache-tomcat-8.0.23/temp
03-Aug-2015 09:59:14.528 INFO [main] org.apache.catalina.core.AprLifecycleListener.lifecycleEvent The APR based Apache Tomcat Native library which allows optimal performance in production environments was not found on the java.library.path: /Users/kevin/Library/Java/Extensions:/Library/Java/Extensions:/Network/Library/Java/Extensions:/System/Library/Java/Extensions:/usr/lib/java:.
03-Aug-2015 09:59:14.650 INFO [main] org.apache.coyote.AbstractProtocol.init Initializing ProtocolHandler ["http-nio-8080"]
03-Aug-2015 09:59:14.671 INFO [main] org.apache.tomcat.util.net.NioSelectorPool.getSharedSelector Using a shared selector for servlet write/read
03-Aug-2015 09:59:14.674 INFO [main] org.apache.coyote.AbstractProtocol.init Initializing ProtocolHandler ["ajp-nio-8009"]
03-Aug-2015 09:59:14.675 INFO [main] org.apache.tomcat.util.net.NioSelectorPool.getSharedSelector Using a shared selector for servlet write/read
03-Aug-2015 09:59:14.676 INFO [main] org.apache.catalina.startup.Catalina.load Initialization processed in 537 ms
03-Aug-2015 09:59:14.694 INFO [main] org.apache.catalina.core.StandardService.startInternal Starting service Catalina
03-Aug-2015 09:59:14.694 INFO [main] org.apache.catalina.core.StandardEngine.startInternal Starting Servlet Engine: Apache Tomcat/8.0.23
03-Aug-2015 09:59:14.713 INFO [localhost-startStop-1] org.apache.catalina.startup.HostConfig.deployWAR Deploying web application archive /Users/kevin/Kevin-LASAD/Deploy/apache-tomcat-8.0.23/webapps/lasad.war
03-Aug-2015 09:59:16.771 INFO [localhost-startStop-1] org.apache.jasper.servlet.TldScanner.scanJars At least one JAR was scanned for TLDs yet contained no TLDs. Enable debug logging for this logger for a complete list of JARs that were scanned but no TLDs were found in them. Skipping unneeded JARs during scanning can improve startup time and JSP compilation time.
03-Aug-2015 09:59:16.850 INFO [localhost-startStop-1] org.apache.catalina.startup.HostConfig.deployWAR Deployment of web application archive /Users/kevin/Kevin-LASAD/Deploy/apache-tomcat-8.0.23/webapps/lasad.war has finished in 2,136 ms
03-Aug-2015 09:59:16.850 INFO [localhost-startStop-1] org.apache.catalina.startup.HostConfig.deployDirectory Deploying web application directory /Users/kevin/Kevin-LASAD/Deploy/apache-tomcat-8.0.23/webapps/docs
03-Aug-2015 09:59:16.868 INFO [localhost-startStop-1] org.apache.catalina.startup.HostConfig.deployDirectory Deployment of web application directory /Users/kevin/Kevin-LASAD/Deploy/apache-tomcat-8.0.23/webapps/docs has finished in 18 ms
03-Aug-2015 09:59:16.868 INFO [localhost-startStop-1] org.apache.catalina.startup.HostConfig.deployDirectory Deploying web application directory /Users/kevin/Kevin-LASAD/Deploy/apache-tomcat-8.0.23/webapps/examples
03-Aug-2015 09:59:17.170 INFO [localhost-startStop-1] org.apache.catalina.startup.HostConfig.deployDirectory Deployment of web application directory /Users/kevin/Kevin-LASAD/Deploy/apache-tomcat-8.0.23/webapps/examples has finished in 302 ms
03-Aug-2015 09:59:17.170 INFO [localhost-startStop-1] org.apache.catalina.startup.HostConfig.deployDirectory Deploying web application directory /Users/kevin/Kevin-LASAD/Deploy/apache-tomcat-8.0.23/webapps/host-manager
03-Aug-2015 09:59:17.202 INFO [localhost-startStop-1] org.apache.catalina.startup.HostConfig.deployDirectory Deployment of web application directory /Users/kevin/Kevin-LASAD/Deploy/apache-tomcat-8.0.23/webapps/host-manager has finished in 32 ms
03-Aug-2015 09:59:17.202 INFO [localhost-startStop-1] org.apache.catalina.startup.HostConfig.deployDirectory Deploying web application directory /Users/kevin/Kevin-LASAD/Deploy/apache-tomcat-8.0.23/webapps/manager
03-Aug-2015 09:59:17.224 INFO [localhost-startStop-1] org.apache.catalina.startup.HostConfig.deployDirectory Deployment of web application directory /Users/kevin/Kevin-LASAD/Deploy/apache-tomcat-8.0.23/webapps/manager has finished in 22 ms
03-Aug-2015 09:59:17.224 INFO [localhost-startStop-1] org.apache.catalina.startup.HostConfig.deployDirectory Deploying web application directory /Users/kevin/Kevin-LASAD/Deploy/apache-tomcat-8.0.23/webapps/ROOT
03-Aug-2015 09:59:17.239 INFO [localhost-startStop-1] org.apache.catalina.startup.HostConfig.deployDirectory Deployment of web application directory /Users/kevin/Kevin-LASAD/Deploy/apache-tomcat-8.0.23/webapps/ROOT has finished in 15 ms
03-Aug-2015 09:59:17.242 INFO [main] org.apache.coyote.AbstractProtocol.start Starting ProtocolHandler ["http-nio-8080"]
03-Aug-2015 09:59:17.248 INFO [main] org.apache.coyote.AbstractProtocol.start Starting ProtocolHandler ["ajp-nio-8009"]
03-Aug-2015 09:59:17.248 INFO [main] org.apache.catalina.startup.Catalina.start Server startup in 2572 ms
03-Aug-2015 09:59:29.565 INFO [http-nio-8080-exec-6] null.null Server: Configuration changed - EventServiceConfiguration (Properties "eventservice.properties")
  Min.: 0ms; Max.: 20000ms; Timeout: 90000ms
03-Aug-2015 09:59:29.674 INFO [http-nio-8080-exec-6] de.novanic.eventservice.logger.DefaultServerLogger.log Server: Client "8DDC417B26F9FBDCEE1FC9F1C154CB36-764364770" initialized.
03-Aug-2015 10:01:21.605 INFO [main] org.apache.catalina.core.StandardServer.await A valid shutdown command was received via the shutdown port. Stopping the Server instance.
03-Aug-2015 10:01:21.606 INFO [main] org.apache.coyote.AbstractProtocol.pause Pausing ProtocolHandler ["http-nio-8080"]
03-Aug-2015 10:01:21.659 INFO [main] org.apache.coyote.AbstractProtocol.pause Pausing ProtocolHandler ["ajp-nio-8009"]
03-Aug-2015 10:01:21.711 INFO [main] org.apache.catalina.core.StandardService.stopInternal Stopping service Catalina
03-Aug-2015 10:01:21.722 INFO [localhost-startStop-2] org.apache.catalina.core.StandardWrapper.unload Waiting for 1 instance(s) to be deallocated for Servlet [eventServiceImpl]
03-Aug-2015 10:01:22.754 INFO [localhost-startStop-2] org.apache.catalina.core.StandardWrapper.unload Waiting for 1 instance(s) to be deallocated for Servlet [eventServiceImpl]
03-Aug-2015 10:01:23.768 INFO [localhost-startStop-2] org.apache.catalina.core.StandardWrapper.unload Waiting for 1 instance(s) to be deallocated for Servlet [eventServiceImpl]
03-Aug-2015 10:01:23.873 WARNING [localhost-startStop-2] org.apache.catalina.loader.WebappClassLoaderBase.clearReferencesThreads The web application [lasad] is still processing a request that has yet to finish. This is very likely to create a memory leak. You can control the time allowed for requests to finish by using the unloadDelay attribute of the standard Context implementation. Stack trace of request processing thread:
 java.lang.Object.wait(Native Method)
 de.novanic.eventservice.service.connection.strategy.connector.ConnectionStrategyServerConnectorAdapter.waitMaxWaitingTime(ConnectionStrategyServerConnectorAdapter.java:82)
 de.novanic.eventservice.service.connection.strategy.connector.longpolling.LongPollingServerConnector.listen(LongPollingServerConnector.java:62)
 de.novanic.eventservice.service.registry.DefaultEventRegistry.listen(DefaultEventRegistry.java:223)
 de.novanic.eventservice.service.EventServiceImpl.listen(EventServiceImpl.java:242)
 de.novanic.eventservice.service.EventServiceImpl.listen(EventServiceImpl.java:227)
 sun.reflect.GeneratedMethodAccessor36.invoke(Unknown Source)
 sun.reflect.DelegatingMethodAccessorImpl.invoke(DelegatingMethodAccessorImpl.java:43)
 java.lang.reflect.Method.invoke(Method.java:497)
 com.google.gwt.user.server.rpc.RPC.invokeAndEncodeResponse(RPC.java:561)
 com.google.gwt.user.server.rpc.RemoteServiceServlet.processCall(RemoteServiceServlet.java:208)
 com.google.gwt.user.server.rpc.RemoteServiceServlet.processPost(RemoteServiceServlet.java:248)
 com.google.gwt.user.server.rpc.AbstractRemoteServiceServlet.doPost(AbstractRemoteServiceServlet.java:62)
 javax.servlet.http.HttpServlet.service(HttpServlet.java:648)
 javax.servlet.http.HttpServlet.service(HttpServlet.java:729)
 org.apache.catalina.core.ApplicationFilterChain.internalDoFilter(ApplicationFilterChain.java:291)
 org.apache.catalina.core.ApplicationFilterChain.doFilter(ApplicationFilterChain.java:206)
 org.apache.tomcat.websocket.server.WsFilter.doFilter(WsFilter.java:52)
 org.apache.catalina.core.ApplicationFilterChain.internalDoFilter(ApplicationFilterChain.java:239)
 org.apache.catalina.core.ApplicationFilterChain.doFilter(ApplicationFilterChain.java:206)
 org.apache.catalina.core.StandardWrapperValve.invoke(StandardWrapperValve.java:219)
 org.apache.catalina.core.StandardContextValve.invoke(StandardContextValve.java:106)
 org.apache.catalina.authenticator.AuthenticatorBase.invoke(AuthenticatorBase.java:502)
 org.apache.catalina.core.StandardHostValve.invoke(StandardHostValve.java:142)
 org.apache.catalina.valves.ErrorReportValve.invoke(ErrorReportValve.java:79)
 org.apache.catalina.valves.AbstractAccessLogValve.invoke(AbstractAccessLogValve.java:617)
 org.apache.catalina.core.StandardEngineValve.invoke(StandardEngineValve.java:88)
 org.apache.catalina.connector.CoyoteAdapter.service(CoyoteAdapter.java:518)
 org.apache.coyote.http11.AbstractHttp11Processor.process(AbstractHttp11Processor.java:1091)
 org.apache.coyote.AbstractProtocol$AbstractConnectionHandler.process(AbstractProtocol.java:668)
 org.apache.tomcat.util.net.NioEndpoint$SocketProcessor.doRun(NioEndpoint.java:1521)
 org.apache.tomcat.util.net.NioEndpoint$SocketProcessor.run(NioEndpoint.java:1478)
 java.util.concurrent.ThreadPoolExecutor.runWorker(ThreadPoolExecutor.java:1142)
 java.util.concurrent.ThreadPoolExecutor$Worker.run(ThreadPoolExecutor.java:617)
 org.apache.tomcat.util.threads.TaskThread$WrappingRunnable.run(TaskThread.java:61)
 java.lang.Thread.run(Thread.java:745)
03-Aug-2015 10:01:23.874 WARNING [localhost-startStop-2] org.apache.catalina.loader.WebappClassLoaderBase.clearReferencesThreads The web application [lasad] appears to have started a thread named [GWTEventService-UserActivityScheduler] but has failed to stop it. This is very likely to create a memory leak. Stack trace of thread:
 java.lang.Object.wait(Native Method)
 java.util.TimerThread.mainLoop(Timer.java:552)
 java.util.TimerThread.run(Timer.java:505)
03-Aug-2015 10:01:23.890 INFO [main] org.apache.coyote.AbstractProtocol.stop Stopping ProtocolHandler ["http-nio-8080"]
03-Aug-2015 10:01:23.971 INFO [main] org.apache.coyote.AbstractProtocol.stop Stopping ProtocolHandler ["ajp-nio-8009"]
03-Aug-2015 10:01:24.016 INFO [main] org.apache.coyote.AbstractProtocol.destroy Destroying ProtocolHandler ["http-nio-8080"]
03-Aug-2015 10:01:24.017 INFO [main] org.apache.coyote.AbstractProtocol.destroy Destroying ProtocolHandler ["ajp-nio-8009"]
03-Aug-2015 10:29:38.876 INFO [main] org.apache.catalina.startup.VersionLoggerListener.log Server version:        Apache Tomcat/8.0.23
03-Aug-2015 10:29:38.897 INFO [main] org.apache.catalina.startup.VersionLoggerListener.log Server built:          May 19 2015 14:58:38 UTC
03-Aug-2015 10:29:38.898 INFO [main] org.apache.catalina.startup.VersionLoggerListener.log Server number:         8.0.23.0
03-Aug-2015 10:29:38.898 INFO [main] org.apache.catalina.startup.VersionLoggerListener.log OS Name:               Mac OS X
03-Aug-2015 10:29:38.898 INFO [main] org.apache.catalina.startup.VersionLoggerListener.log OS Version:            10.10.2
03-Aug-2015 10:29:38.898 INFO [main] org.apache.catalina.startup.VersionLoggerListener.log Architecture:          x86_64
03-Aug-2015 10:29:38.898 INFO [main] org.apache.catalina.startup.VersionLoggerListener.log Java Home:             /Library/Java/JavaVirtualMachines/jdk1.8.0_45.jdk/Contents/Home/jre
03-Aug-2015 10:29:38.898 INFO [main] org.apache.catalina.startup.VersionLoggerListener.log JVM Version:           1.8.0_45-b14
03-Aug-2015 10:29:38.899 INFO [main] org.apache.catalina.startup.VersionLoggerListener.log JVM Vendor:            Oracle Corporation
03-Aug-2015 10:29:38.899 INFO [main] org.apache.catalina.startup.VersionLoggerListener.log CATALINA_BASE:         /Users/kevin/Kevin-LASAD/Deploy/apache-tomcat-8.0.23
03-Aug-2015 10:29:38.899 INFO [main] org.apache.catalina.startup.VersionLoggerListener.log CATALINA_HOME:         /Users/kevin/Kevin-LASAD/Deploy/apache-tomcat-8.0.23
03-Aug-2015 10:29:38.900 INFO [main] org.apache.catalina.startup.VersionLoggerListener.log Command line argument: -Djava.util.logging.config.file=/Users/kevin/Kevin-LASAD/Deploy/apache-tomcat-8.0.23/conf/logging.properties
03-Aug-2015 10:29:38.900 INFO [main] org.apache.catalina.startup.VersionLoggerListener.log Command line argument: -Djava.util.logging.manager=org.apache.juli.ClassLoaderLogManager
03-Aug-2015 10:29:38.900 INFO [main] org.apache.catalina.startup.VersionLoggerListener.log Command line argument: -Djava.endorsed.dirs=/Users/kevin/Kevin-LASAD/Deploy/apache-tomcat-8.0.23/endorsed
03-Aug-2015 10:29:38.900 INFO [main] org.apache.catalina.startup.VersionLoggerListener.log Command line argument: -Dcatalina.base=/Users/kevin/Kevin-LASAD/Deploy/apache-tomcat-8.0.23
03-Aug-2015 10:29:38.900 INFO [main] org.apache.catalina.startup.VersionLoggerListener.log Command line argument: -Dcatalina.home=/Users/kevin/Kevin-LASAD/Deploy/apache-tomcat-8.0.23
03-Aug-2015 10:29:38.900 INFO [main] org.apache.catalina.startup.VersionLoggerListener.log Command line argument: -Djava.io.tmpdir=/Users/kevin/Kevin-LASAD/Deploy/apache-tomcat-8.0.23/temp
03-Aug-2015 10:29:38.900 INFO [main] org.apache.catalina.core.AprLifecycleListener.lifecycleEvent The APR based Apache Tomcat Native library which allows optimal performance in production environments was not found on the java.library.path: /Users/kevin/Library/Java/Extensions:/Library/Java/Extensions:/Network/Library/Java/Extensions:/System/Library/Java/Extensions:/usr/lib/java:.
03-Aug-2015 10:29:39.100 INFO [main] org.apache.coyote.AbstractProtocol.init Initializing ProtocolHandler ["http-nio-8080"]
03-Aug-2015 10:29:39.134 INFO [main] org.apache.tomcat.util.net.NioSelectorPool.getSharedSelector Using a shared selector for servlet write/read
03-Aug-2015 10:29:39.138 INFO [main] org.apache.coyote.AbstractProtocol.init Initializing ProtocolHandler ["ajp-nio-8009"]
03-Aug-2015 10:29:39.141 INFO [main] org.apache.tomcat.util.net.NioSelectorPool.getSharedSelector Using a shared selector for servlet write/read
03-Aug-2015 10:29:39.141 INFO [main] org.apache.catalina.startup.Catalina.load Initialization processed in 851 ms
03-Aug-2015 10:29:39.180 INFO [main] org.apache.catalina.core.StandardService.startInternal Starting service Catalina
03-Aug-2015 10:29:39.180 INFO [main] org.apache.catalina.core.StandardEngine.startInternal Starting Servlet Engine: Apache Tomcat/8.0.23
03-Aug-2015 10:29:39.206 INFO [localhost-startStop-1] org.apache.catalina.startup.HostConfig.deployWAR Deploying web application archive /Users/kevin/Kevin-LASAD/Deploy/apache-tomcat-8.0.23/webapps/lasad.war
03-Aug-2015 10:29:42.911 INFO [localhost-startStop-1] org.apache.jasper.servlet.TldScanner.scanJars At least one JAR was scanned for TLDs yet contained no TLDs. Enable debug logging for this logger for a complete list of JARs that were scanned but no TLDs were found in them. Skipping unneeded JARs during scanning can improve startup time and JSP compilation time.
03-Aug-2015 10:29:43.034 INFO [localhost-startStop-1] org.apache.catalina.startup.HostConfig.deployWAR Deployment of web application archive /Users/kevin/Kevin-LASAD/Deploy/apache-tomcat-8.0.23/webapps/lasad.war has finished in 3,827 ms
03-Aug-2015 10:29:43.035 INFO [localhost-startStop-1] org.apache.catalina.startup.HostConfig.deployDirectory Deploying web application directory /Users/kevin/Kevin-LASAD/Deploy/apache-tomcat-8.0.23/webapps/docs
03-Aug-2015 10:29:43.061 INFO [localhost-startStop-1] org.apache.catalina.startup.HostConfig.deployDirectory Deployment of web application directory /Users/kevin/Kevin-LASAD/Deploy/apache-tomcat-8.0.23/webapps/docs has finished in 26 ms
03-Aug-2015 10:29:43.061 INFO [localhost-startStop-1] org.apache.catalina.startup.HostConfig.deployDirectory Deploying web application directory /Users/kevin/Kevin-LASAD/Deploy/apache-tomcat-8.0.23/webapps/examples
03-Aug-2015 10:29:43.359 INFO [localhost-startStop-1] org.apache.catalina.startup.HostConfig.deployDirectory Deployment of web application directory /Users/kevin/Kevin-LASAD/Deploy/apache-tomcat-8.0.23/webapps/examples has finished in 298 ms
03-Aug-2015 10:29:43.359 INFO [localhost-startStop-1] org.apache.catalina.startup.HostConfig.deployDirectory Deploying web application directory /Users/kevin/Kevin-LASAD/Deploy/apache-tomcat-8.0.23/webapps/host-manager
03-Aug-2015 10:29:43.382 INFO [localhost-startStop-1] org.apache.catalina.startup.HostConfig.deployDirectory Deployment of web application directory /Users/kevin/Kevin-LASAD/Deploy/apache-tomcat-8.0.23/webapps/host-manager has finished in 23 ms
03-Aug-2015 10:29:43.383 INFO [localhost-startStop-1] org.apache.catalina.startup.HostConfig.deployDirectory Deploying web application directory /Users/kevin/Kevin-LASAD/Deploy/apache-tomcat-8.0.23/webapps/manager
03-Aug-2015 10:29:43.404 INFO [localhost-startStop-1] org.apache.catalina.startup.HostConfig.deployDirectory Deployment of web application directory /Users/kevin/Kevin-LASAD/Deploy/apache-tomcat-8.0.23/webapps/manager has finished in 22 ms
03-Aug-2015 10:29:43.405 INFO [localhost-startStop-1] org.apache.catalina.startup.HostConfig.deployDirectory Deploying web application directory /Users/kevin/Kevin-LASAD/Deploy/apache-tomcat-8.0.23/webapps/ROOT
03-Aug-2015 10:29:43.418 INFO [localhost-startStop-1] org.apache.catalina.startup.HostConfig.deployDirectory Deployment of web application directory /Users/kevin/Kevin-LASAD/Deploy/apache-tomcat-8.0.23/webapps/ROOT has finished in 12 ms
03-Aug-2015 10:29:43.423 INFO [main] org.apache.coyote.AbstractProtocol.start Starting ProtocolHandler ["http-nio-8080"]
03-Aug-2015 10:29:43.429 INFO [main] org.apache.coyote.AbstractProtocol.start Starting ProtocolHandler ["ajp-nio-8009"]
03-Aug-2015 10:29:43.429 INFO [main] org.apache.catalina.startup.Catalina.start Server startup in 4288 ms
03-Aug-2015 10:29:45.943 INFO [http-nio-8080-exec-2] null.log Server: Configuration changed - EventServiceConfiguration (Properties "eventservice.properties")
  Min.: 0ms; Max.: 20000ms; Timeout: 90000ms
03-Aug-2015 10:29:46.094 INFO [http-nio-8080-exec-2] null.null Server: Client "779CFCBE49A1AC8D0DC4C4EC283C61FF-1560762385" initialized.
03-Aug-2015 10:30:15.562 INFO [main] org.apache.catalina.core.StandardServer.await A valid shutdown command was received via the shutdown port. Stopping the Server instance.
03-Aug-2015 10:30:15.563 INFO [main] org.apache.coyote.AbstractProtocol.pause Pausing ProtocolHandler ["http-nio-8080"]
03-Aug-2015 10:30:15.618 INFO [main] org.apache.coyote.AbstractProtocol.pause Pausing ProtocolHandler ["ajp-nio-8009"]
03-Aug-2015 10:30:15.669 INFO [main] org.apache.catalina.core.StandardService.stopInternal Stopping service Catalina
03-Aug-2015 10:30:15.688 INFO [localhost-startStop-2] org.apache.catalina.core.StandardWrapper.unload Waiting for 1 instance(s) to be deallocated for Servlet [eventServiceImpl]
03-Aug-2015 10:30:16.724 INFO [localhost-startStop-2] org.apache.catalina.core.StandardWrapper.unload Waiting for 1 instance(s) to be deallocated for Servlet [eventServiceImpl]
03-Aug-2015 10:30:17.745 INFO [localhost-startStop-2] org.apache.catalina.core.StandardWrapper.unload Waiting for 1 instance(s) to be deallocated for Servlet [eventServiceImpl]
03-Aug-2015 10:30:17.860 WARNING [localhost-startStop-2] org.apache.catalina.loader.WebappClassLoaderBase.clearReferencesThreads The web application [lasad] is still processing a request that has yet to finish. This is very likely to create a memory leak. You can control the time allowed for requests to finish by using the unloadDelay attribute of the standard Context implementation. Stack trace of request processing thread:
 java.lang.Object.wait(Native Method)
 de.novanic.eventservice.service.connection.strategy.connector.ConnectionStrategyServerConnectorAdapter.waitMaxWaitingTime(ConnectionStrategyServerConnectorAdapter.java:82)
 de.novanic.eventservice.service.connection.strategy.connector.longpolling.LongPollingServerConnector.listen(LongPollingServerConnector.java:62)
 de.novanic.eventservice.service.registry.DefaultEventRegistry.listen(DefaultEventRegistry.java:223)
 de.novanic.eventservice.service.EventServiceImpl.listen(EventServiceImpl.java:242)
 de.novanic.eventservice.service.EventServiceImpl.listen(EventServiceImpl.java:227)
 sun.reflect.NativeMethodAccessorImpl.invoke0(Native Method)
 sun.reflect.NativeMethodAccessorImpl.invoke(NativeMethodAccessorImpl.java:62)
 sun.reflect.DelegatingMethodAccessorImpl.invoke(DelegatingMethodAccessorImpl.java:43)
 java.lang.reflect.Method.invoke(Method.java:497)
 com.google.gwt.user.server.rpc.RPC.invokeAndEncodeResponse(RPC.java:561)
 com.google.gwt.user.server.rpc.RemoteServiceServlet.processCall(RemoteServiceServlet.java:208)
 com.google.gwt.user.server.rpc.RemoteServiceServlet.processPost(RemoteServiceServlet.java:248)
 com.google.gwt.user.server.rpc.AbstractRemoteServiceServlet.doPost(AbstractRemoteServiceServlet.java:62)
 javax.servlet.http.HttpServlet.service(HttpServlet.java:648)
 javax.servlet.http.HttpServlet.service(HttpServlet.java:729)
 org.apache.catalina.core.ApplicationFilterChain.internalDoFilter(ApplicationFilterChain.java:291)
 org.apache.catalina.core.ApplicationFilterChain.doFilter(ApplicationFilterChain.java:206)
 org.apache.tomcat.websocket.server.WsFilter.doFilter(WsFilter.java:52)
 org.apache.catalina.core.ApplicationFilterChain.internalDoFilter(ApplicationFilterChain.java:239)
 org.apache.catalina.core.ApplicationFilterChain.doFilter(ApplicationFilterChain.java:206)
 org.apache.catalina.core.StandardWrapperValve.invoke(StandardWrapperValve.java:219)
 org.apache.catalina.core.StandardContextValve.invoke(StandardContextValve.java:106)
 org.apache.catalina.authenticator.AuthenticatorBase.invoke(AuthenticatorBase.java:502)
 org.apache.catalina.core.StandardHostValve.invoke(StandardHostValve.java:142)
 org.apache.catalina.valves.ErrorReportValve.invoke(ErrorReportValve.java:79)
 org.apache.catalina.valves.AbstractAccessLogValve.invoke(AbstractAccessLogValve.java:617)
 org.apache.catalina.core.StandardEngineValve.invoke(StandardEngineValve.java:88)
 org.apache.catalina.connector.CoyoteAdapter.service(CoyoteAdapter.java:518)
 org.apache.coyote.http11.AbstractHttp11Processor.process(AbstractHttp11Processor.java:1091)
 org.apache.coyote.AbstractProtocol$AbstractConnectionHandler.process(AbstractProtocol.java:668)
 org.apache.tomcat.util.net.NioEndpoint$SocketProcessor.doRun(NioEndpoint.java:1521)
 org.apache.tomcat.util.net.NioEndpoint$SocketProcessor.run(NioEndpoint.java:1478)
 java.util.concurrent.ThreadPoolExecutor.runWorker(ThreadPoolExecutor.java:1142)
 java.util.concurrent.ThreadPoolExecutor$Worker.run(ThreadPoolExecutor.java:617)
 org.apache.tomcat.util.threads.TaskThread$WrappingRunnable.run(TaskThread.java:61)
 java.lang.Thread.run(Thread.java:745)
03-Aug-2015 10:30:17.861 WARNING [localhost-startStop-2] org.apache.catalina.loader.WebappClassLoaderBase.clearReferencesThreads The web application [lasad] appears to have started a thread named [GWTEventService-UserActivityScheduler] but has failed to stop it. This is very likely to create a memory leak. Stack trace of thread:
 java.lang.Object.wait(Native Method)
 java.util.TimerThread.mainLoop(Timer.java:552)
 java.util.TimerThread.run(Timer.java:505)
03-Aug-2015 10:30:17.895 INFO [main] org.apache.coyote.AbstractProtocol.stop Stopping ProtocolHandler ["http-nio-8080"]
03-Aug-2015 10:30:17.995 INFO [main] org.apache.coyote.AbstractProtocol.stop Stopping ProtocolHandler ["ajp-nio-8009"]
03-Aug-2015 10:30:18.080 INFO [main] org.apache.coyote.AbstractProtocol.destroy Destroying ProtocolHandler ["http-nio-8080"]
03-Aug-2015 10:30:18.081 INFO [main] org.apache.coyote.AbstractProtocol.destroy Destroying ProtocolHandler ["ajp-nio-8009"]
03-Aug-2015 10:41:55.694 INFO [main] org.apache.catalina.startup.VersionLoggerListener.log Server version:        Apache Tomcat/8.0.23
03-Aug-2015 10:41:55.696 INFO [main] org.apache.catalina.startup.VersionLoggerListener.log Server built:          May 19 2015 14:58:38 UTC
03-Aug-2015 10:41:55.696 INFO [main] org.apache.catalina.startup.VersionLoggerListener.log Server number:         8.0.23.0
03-Aug-2015 10:41:55.696 INFO [main] org.apache.catalina.startup.VersionLoggerListener.log OS Name:               Mac OS X
03-Aug-2015 10:41:55.696 INFO [main] org.apache.catalina.startup.VersionLoggerListener.log OS Version:            10.10.2
03-Aug-2015 10:41:55.697 INFO [main] org.apache.catalina.startup.VersionLoggerListener.log Architecture:          x86_64
03-Aug-2015 10:41:55.697 INFO [main] org.apache.catalina.startup.VersionLoggerListener.log Java Home:             /Library/Java/JavaVirtualMachines/jdk1.8.0_45.jdk/Contents/Home/jre
03-Aug-2015 10:41:55.697 INFO [main] org.apache.catalina.startup.VersionLoggerListener.log JVM Version:           1.8.0_45-b14
03-Aug-2015 10:41:55.697 INFO [main] org.apache.catalina.startup.VersionLoggerListener.log JVM Vendor:            Oracle Corporation
03-Aug-2015 10:41:55.697 INFO [main] org.apache.catalina.startup.VersionLoggerListener.log CATALINA_BASE:         /Users/kevin/Kevin-LASAD/Deploy/apache-tomcat-8.0.23
03-Aug-2015 10:41:55.697 INFO [main] org.apache.catalina.startup.VersionLoggerListener.log CATALINA_HOME:         /Users/kevin/Kevin-LASAD/Deploy/apache-tomcat-8.0.23
03-Aug-2015 10:41:55.698 INFO [main] org.apache.catalina.startup.VersionLoggerListener.log Command line argument: -Djava.util.logging.config.file=/Users/kevin/Kevin-LASAD/Deploy/apache-tomcat-8.0.23/conf/logging.properties
03-Aug-2015 10:41:55.698 INFO [main] org.apache.catalina.startup.VersionLoggerListener.log Command line argument: -Djava.util.logging.manager=org.apache.juli.ClassLoaderLogManager
03-Aug-2015 10:41:55.698 INFO [main] org.apache.catalina.startup.VersionLoggerListener.log Command line argument: -Djava.endorsed.dirs=/Users/kevin/Kevin-LASAD/Deploy/apache-tomcat-8.0.23/endorsed
03-Aug-2015 10:41:55.699 INFO [main] org.apache.catalina.startup.VersionLoggerListener.log Command line argument: -Dcatalina.base=/Users/kevin/Kevin-LASAD/Deploy/apache-tomcat-8.0.23
03-Aug-2015 10:41:55.700 INFO [main] org.apache.catalina.startup.VersionLoggerListener.log Command line argument: -Dcatalina.home=/Users/kevin/Kevin-LASAD/Deploy/apache-tomcat-8.0.23
03-Aug-2015 10:41:55.700 INFO [main] org.apache.catalina.startup.VersionLoggerListener.log Command line argument: -Djava.io.tmpdir=/Users/kevin/Kevin-LASAD/Deploy/apache-tomcat-8.0.23/temp
03-Aug-2015 10:41:55.700 INFO [main] org.apache.catalina.core.AprLifecycleListener.lifecycleEvent The APR based Apache Tomcat Native library which allows optimal performance in production environments was not found on the java.library.path: /Users/kevin/Library/Java/Extensions:/Library/Java/Extensions:/Network/Library/Java/Extensions:/System/Library/Java/Extensions:/usr/lib/java:.
03-Aug-2015 10:41:55.901 INFO [main] org.apache.coyote.AbstractProtocol.init Initializing ProtocolHandler ["http-nio-8080"]
03-Aug-2015 10:41:55.934 INFO [main] org.apache.tomcat.util.net.NioSelectorPool.getSharedSelector Using a shared selector for servlet write/read
03-Aug-2015 10:41:55.936 INFO [main] org.apache.coyote.AbstractProtocol.init Initializing ProtocolHandler ["ajp-nio-8009"]
03-Aug-2015 10:41:55.938 INFO [main] org.apache.tomcat.util.net.NioSelectorPool.getSharedSelector Using a shared selector for servlet write/read
03-Aug-2015 10:41:55.939 INFO [main] org.apache.catalina.startup.Catalina.load Initialization processed in 848 ms
03-Aug-2015 10:41:55.969 INFO [main] org.apache.catalina.core.StandardService.startInternal Starting service Catalina
03-Aug-2015 10:41:55.969 INFO [main] org.apache.catalina.core.StandardEngine.startInternal Starting Servlet Engine: Apache Tomcat/8.0.23
03-Aug-2015 10:41:55.996 INFO [localhost-startStop-1] org.apache.catalina.startup.HostConfig.deployWAR Deploying web application archive /Users/kevin/Kevin-LASAD/Deploy/apache-tomcat-8.0.23/webapps/lasad.war
03-Aug-2015 10:41:59.197 INFO [localhost-startStop-1] org.apache.jasper.servlet.TldScanner.scanJars At least one JAR was scanned for TLDs yet contained no TLDs. Enable debug logging for this logger for a complete list of JARs that were scanned but no TLDs were found in them. Skipping unneeded JARs during scanning can improve startup time and JSP compilation time.
03-Aug-2015 10:41:59.296 INFO [localhost-startStop-1] org.apache.catalina.startup.HostConfig.deployWAR Deployment of web application archive /Users/kevin/Kevin-LASAD/Deploy/apache-tomcat-8.0.23/webapps/lasad.war has finished in 3,300 ms
03-Aug-2015 10:41:59.298 INFO [localhost-startStop-1] org.apache.catalina.startup.HostConfig.deployDirectory Deploying web application directory /Users/kevin/Kevin-LASAD/Deploy/apache-tomcat-8.0.23/webapps/docs
03-Aug-2015 10:41:59.323 INFO [localhost-startStop-1] org.apache.catalina.startup.HostConfig.deployDirectory Deployment of web application directory /Users/kevin/Kevin-LASAD/Deploy/apache-tomcat-8.0.23/webapps/docs has finished in 25 ms
03-Aug-2015 10:41:59.323 INFO [localhost-startStop-1] org.apache.catalina.startup.HostConfig.deployDirectory Deploying web application directory /Users/kevin/Kevin-LASAD/Deploy/apache-tomcat-8.0.23/webapps/examples
03-Aug-2015 10:41:59.857 INFO [localhost-startStop-1] org.apache.catalina.startup.HostConfig.deployDirectory Deployment of web application directory /Users/kevin/Kevin-LASAD/Deploy/apache-tomcat-8.0.23/webapps/examples has finished in 534 ms
03-Aug-2015 10:41:59.857 INFO [localhost-startStop-1] org.apache.catalina.startup.HostConfig.deployDirectory Deploying web application directory /Users/kevin/Kevin-LASAD/Deploy/apache-tomcat-8.0.23/webapps/host-manager
03-Aug-2015 10:41:59.884 INFO [localhost-startStop-1] org.apache.catalina.startup.HostConfig.deployDirectory Deployment of web application directory /Users/kevin/Kevin-LASAD/Deploy/apache-tomcat-8.0.23/webapps/host-manager has finished in 27 ms
03-Aug-2015 10:41:59.884 INFO [localhost-startStop-1] org.apache.catalina.startup.HostConfig.deployDirectory Deploying web application directory /Users/kevin/Kevin-LASAD/Deploy/apache-tomcat-8.0.23/webapps/manager
03-Aug-2015 10:41:59.907 INFO [localhost-startStop-1] org.apache.catalina.startup.HostConfig.deployDirectory Deployment of web application directory /Users/kevin/Kevin-LASAD/Deploy/apache-tomcat-8.0.23/webapps/manager has finished in 23 ms
03-Aug-2015 10:41:59.907 INFO [localhost-startStop-1] org.apache.catalina.startup.HostConfig.deployDirectory Deploying web application directory /Users/kevin/Kevin-LASAD/Deploy/apache-tomcat-8.0.23/webapps/ROOT
03-Aug-2015 10:41:59.927 INFO [localhost-startStop-1] org.apache.catalina.startup.HostConfig.deployDirectory Deployment of web application directory /Users/kevin/Kevin-LASAD/Deploy/apache-tomcat-8.0.23/webapps/ROOT has finished in 20 ms
03-Aug-2015 10:41:59.932 INFO [main] org.apache.coyote.AbstractProtocol.start Starting ProtocolHandler ["http-nio-8080"]
03-Aug-2015 10:41:59.940 INFO [main] org.apache.coyote.AbstractProtocol.start Starting ProtocolHandler ["ajp-nio-8009"]
03-Aug-2015 10:41:59.940 INFO [main] org.apache.catalina.startup.Catalina.start Server startup in 4001 ms
03-Aug-2015 10:42:09.509 INFO [http-nio-8080-exec-10] null.null Server: Configuration changed - EventServiceConfiguration (Properties "eventservice.properties")
  Min.: 0ms; Max.: 20000ms; Timeout: 90000ms
03-Aug-2015 10:42:09.739 INFO [http-nio-8080-exec-10] de.novanic.eventservice.logger.DefaultServerLogger.null Server: Client "D4A84C2D49E98906E6D95A1CEB6D4C2F1878418376" initialized.
03-Aug-2015 10:49:52.831 INFO [main] org.apache.catalina.core.StandardServer.await A valid shutdown command was received via the shutdown port. Stopping the Server instance.
03-Aug-2015 10:49:52.832 INFO [main] org.apache.coyote.AbstractProtocol.pause Pausing ProtocolHandler ["http-nio-8080"]
03-Aug-2015 10:49:52.886 INFO [main] org.apache.coyote.AbstractProtocol.pause Pausing ProtocolHandler ["ajp-nio-8009"]
03-Aug-2015 10:49:52.941 INFO [main] org.apache.catalina.core.StandardService.stopInternal Stopping service Catalina
03-Aug-2015 10:49:52.955 INFO [localhost-startStop-2] org.apache.catalina.core.StandardWrapper.unload Waiting for 1 instance(s) to be deallocated for Servlet [eventServiceImpl]
03-Aug-2015 10:49:53.988 INFO [localhost-startStop-2] org.apache.catalina.core.StandardWrapper.unload Waiting for 1 instance(s) to be deallocated for Servlet [eventServiceImpl]
03-Aug-2015 10:49:55.015 INFO [localhost-startStop-2] org.apache.catalina.core.StandardWrapper.unload Waiting for 1 instance(s) to be deallocated for Servlet [eventServiceImpl]
03-Aug-2015 10:49:55.120 WARNING [localhost-startStop-2] org.apache.catalina.loader.WebappClassLoaderBase.clearReferencesThreads The web application [lasad] is still processing a request that has yet to finish. This is very likely to create a memory leak. You can control the time allowed for requests to finish by using the unloadDelay attribute of the standard Context implementation. Stack trace of request processing thread:
 java.lang.Object.wait(Native Method)
 de.novanic.eventservice.service.connection.strategy.connector.ConnectionStrategyServerConnectorAdapter.waitMaxWaitingTime(ConnectionStrategyServerConnectorAdapter.java:82)
 de.novanic.eventservice.service.connection.strategy.connector.longpolling.LongPollingServerConnector.listen(LongPollingServerConnector.java:62)
 de.novanic.eventservice.service.registry.DefaultEventRegistry.listen(DefaultEventRegistry.java:223)
 de.novanic.eventservice.service.EventServiceImpl.listen(EventServiceImpl.java:242)
 de.novanic.eventservice.service.EventServiceImpl.listen(EventServiceImpl.java:227)
 sun.reflect.GeneratedMethodAccessor36.invoke(Unknown Source)
 sun.reflect.DelegatingMethodAccessorImpl.invoke(DelegatingMethodAccessorImpl.java:43)
 java.lang.reflect.Method.invoke(Method.java:497)
 com.google.gwt.user.server.rpc.RPC.invokeAndEncodeResponse(RPC.java:561)
 com.google.gwt.user.server.rpc.RemoteServiceServlet.processCall(RemoteServiceServlet.java:208)
 com.google.gwt.user.server.rpc.RemoteServiceServlet.processPost(RemoteServiceServlet.java:248)
 com.google.gwt.user.server.rpc.AbstractRemoteServiceServlet.doPost(AbstractRemoteServiceServlet.java:62)
 javax.servlet.http.HttpServlet.service(HttpServlet.java:648)
 javax.servlet.http.HttpServlet.service(HttpServlet.java:729)
 org.apache.catalina.core.ApplicationFilterChain.internalDoFilter(ApplicationFilterChain.java:291)
 org.apache.catalina.core.ApplicationFilterChain.doFilter(ApplicationFilterChain.java:206)
 org.apache.tomcat.websocket.server.WsFilter.doFilter(WsFilter.java:52)
 org.apache.catalina.core.ApplicationFilterChain.internalDoFilter(ApplicationFilterChain.java:239)
 org.apache.catalina.core.ApplicationFilterChain.doFilter(ApplicationFilterChain.java:206)
 org.apache.catalina.core.StandardWrapperValve.invoke(StandardWrapperValve.java:219)
 org.apache.catalina.core.StandardContextValve.invoke(StandardContextValve.java:106)
 org.apache.catalina.authenticator.AuthenticatorBase.invoke(AuthenticatorBase.java:502)
 org.apache.catalina.core.StandardHostValve.invoke(StandardHostValve.java:142)
 org.apache.catalina.valves.ErrorReportValve.invoke(ErrorReportValve.java:79)
 org.apache.catalina.valves.AbstractAccessLogValve.invoke(AbstractAccessLogValve.java:617)
 org.apache.catalina.core.StandardEngineValve.invoke(StandardEngineValve.java:88)
 org.apache.catalina.connector.CoyoteAdapter.service(CoyoteAdapter.java:518)
 org.apache.coyote.http11.AbstractHttp11Processor.process(AbstractHttp11Processor.java:1091)
 org.apache.coyote.AbstractProtocol$AbstractConnectionHandler.process(AbstractProtocol.java:668)
 org.apache.tomcat.util.net.NioEndpoint$SocketProcessor.doRun(NioEndpoint.java:1521)
 org.apache.tomcat.util.net.NioEndpoint$SocketProcessor.run(NioEndpoint.java:1478)
 java.util.concurrent.ThreadPoolExecutor.runWorker(ThreadPoolExecutor.java:1142)
 java.util.concurrent.ThreadPoolExecutor$Worker.run(ThreadPoolExecutor.java:617)
 org.apache.tomcat.util.threads.TaskThread$WrappingRunnable.run(TaskThread.java:61)
 java.lang.Thread.run(Thread.java:745)
03-Aug-2015 10:49:55.121 WARNING [localhost-startStop-2] org.apache.catalina.loader.WebappClassLoaderBase.clearReferencesThreads The web application [lasad] appears to have started a thread named [GWTEventService-UserActivityScheduler] but has failed to stop it. This is very likely to create a memory leak. Stack trace of thread:
 java.lang.Object.wait(Native Method)
 java.util.TimerThread.mainLoop(Timer.java:552)
 java.util.TimerThread.run(Timer.java:505)
03-Aug-2015 10:49:55.144 INFO [main] org.apache.coyote.AbstractProtocol.stop Stopping ProtocolHandler ["http-nio-8080"]
03-Aug-2015 10:49:55.175 INFO [main] org.apache.coyote.AbstractProtocol.stop Stopping ProtocolHandler ["ajp-nio-8009"]
03-Aug-2015 10:49:55.205 INFO [main] org.apache.coyote.AbstractProtocol.destroy Destroying ProtocolHandler ["http-nio-8080"]
03-Aug-2015 10:49:55.206 INFO [main] org.apache.coyote.AbstractProtocol.destroy Destroying ProtocolHandler ["ajp-nio-8009"]
03-Aug-2015 10:53:58.631 INFO [main] org.apache.catalina.startup.VersionLoggerListener.log Server version:        Apache Tomcat/8.0.23
03-Aug-2015 10:53:58.633 INFO [main] org.apache.catalina.startup.VersionLoggerListener.log Server built:          May 19 2015 14:58:38 UTC
03-Aug-2015 10:53:58.634 INFO [main] org.apache.catalina.startup.VersionLoggerListener.log Server number:         8.0.23.0
03-Aug-2015 10:53:58.634 INFO [main] org.apache.catalina.startup.VersionLoggerListener.log OS Name:               Mac OS X
03-Aug-2015 10:53:58.634 INFO [main] org.apache.catalina.startup.VersionLoggerListener.log OS Version:            10.10.2
03-Aug-2015 10:53:58.634 INFO [main] org.apache.catalina.startup.VersionLoggerListener.log Architecture:          x86_64
03-Aug-2015 10:53:58.634 INFO [main] org.apache.catalina.startup.VersionLoggerListener.log Java Home:             /Library/Java/JavaVirtualMachines/jdk1.8.0_45.jdk/Contents/Home/jre
03-Aug-2015 10:53:58.634 INFO [main] org.apache.catalina.startup.VersionLoggerListener.log JVM Version:           1.8.0_45-b14
03-Aug-2015 10:53:58.635 INFO [main] org.apache.catalina.startup.VersionLoggerListener.log JVM Vendor:            Oracle Corporation
03-Aug-2015 10:53:58.635 INFO [main] org.apache.catalina.startup.VersionLoggerListener.log CATALINA_BASE:         /Users/kevin/Kevin-LASAD/Deploy/apache-tomcat-8.0.23
03-Aug-2015 10:53:58.635 INFO [main] org.apache.catalina.startup.VersionLoggerListener.log CATALINA_HOME:         /Users/kevin/Kevin-LASAD/Deploy/apache-tomcat-8.0.23
03-Aug-2015 10:53:58.635 INFO [main] org.apache.catalina.startup.VersionLoggerListener.log Command line argument: -Djava.util.logging.config.file=/Users/kevin/Kevin-LASAD/Deploy/apache-tomcat-8.0.23/conf/logging.properties
03-Aug-2015 10:53:58.635 INFO [main] org.apache.catalina.startup.VersionLoggerListener.log Command line argument: -Djava.util.logging.manager=org.apache.juli.ClassLoaderLogManager
03-Aug-2015 10:53:58.636 INFO [main] org.apache.catalina.startup.VersionLoggerListener.log Command line argument: -Djava.endorsed.dirs=/Users/kevin/Kevin-LASAD/Deploy/apache-tomcat-8.0.23/endorsed
03-Aug-2015 10:53:58.636 INFO [main] org.apache.catalina.startup.VersionLoggerListener.log Command line argument: -Dcatalina.base=/Users/kevin/Kevin-LASAD/Deploy/apache-tomcat-8.0.23
03-Aug-2015 10:53:58.636 INFO [main] org.apache.catalina.startup.VersionLoggerListener.log Command line argument: -Dcatalina.home=/Users/kevin/Kevin-LASAD/Deploy/apache-tomcat-8.0.23
03-Aug-2015 10:53:58.636 INFO [main] org.apache.catalina.startup.VersionLoggerListener.log Command line argument: -Djava.io.tmpdir=/Users/kevin/Kevin-LASAD/Deploy/apache-tomcat-8.0.23/temp
03-Aug-2015 10:53:58.636 INFO [main] org.apache.catalina.core.AprLifecycleListener.lifecycleEvent The APR based Apache Tomcat Native library which allows optimal performance in production environments was not found on the java.library.path: /Users/kevin/Library/Java/Extensions:/Library/Java/Extensions:/Network/Library/Java/Extensions:/System/Library/Java/Extensions:/usr/lib/java:.
03-Aug-2015 10:53:58.867 INFO [main] org.apache.coyote.AbstractProtocol.init Initializing ProtocolHandler ["http-nio-8080"]
03-Aug-2015 10:53:58.929 INFO [main] org.apache.tomcat.util.net.NioSelectorPool.getSharedSelector Using a shared selector for servlet write/read
03-Aug-2015 10:53:58.935 INFO [main] org.apache.coyote.AbstractProtocol.init Initializing ProtocolHandler ["ajp-nio-8009"]
03-Aug-2015 10:53:58.938 INFO [main] org.apache.tomcat.util.net.NioSelectorPool.getSharedSelector Using a shared selector for servlet write/read
03-Aug-2015 10:53:58.939 INFO [main] org.apache.catalina.startup.Catalina.load Initialization processed in 848 ms
03-Aug-2015 10:53:58.985 INFO [main] org.apache.catalina.core.StandardService.startInternal Starting service Catalina
03-Aug-2015 10:53:58.985 INFO [main] org.apache.catalina.core.StandardEngine.startInternal Starting Servlet Engine: Apache Tomcat/8.0.23
03-Aug-2015 10:53:59.016 INFO [localhost-startStop-1] org.apache.catalina.startup.HostConfig.deployWAR Deploying web application archive /Users/kevin/Kevin-LASAD/Deploy/apache-tomcat-8.0.23/webapps/lasad.war
03-Aug-2015 10:54:04.964 INFO [localhost-startStop-1] org.apache.jasper.servlet.TldScanner.scanJars At least one JAR was scanned for TLDs yet contained no TLDs. Enable debug logging for this logger for a complete list of JARs that were scanned but no TLDs were found in them. Skipping unneeded JARs during scanning can improve startup time and JSP compilation time.
03-Aug-2015 10:54:05.052 INFO [localhost-startStop-1] org.apache.catalina.startup.HostConfig.deployWAR Deployment of web application archive /Users/kevin/Kevin-LASAD/Deploy/apache-tomcat-8.0.23/webapps/lasad.war has finished in 6,036 ms
03-Aug-2015 10:54:05.054 INFO [localhost-startStop-1] org.apache.catalina.startup.HostConfig.deployDirectory Deploying web application directory /Users/kevin/Kevin-LASAD/Deploy/apache-tomcat-8.0.23/webapps/docs
03-Aug-2015 10:54:05.076 INFO [localhost-startStop-1] org.apache.catalina.startup.HostConfig.deployDirectory Deployment of web application directory /Users/kevin/Kevin-LASAD/Deploy/apache-tomcat-8.0.23/webapps/docs has finished in 22 ms
03-Aug-2015 10:54:05.076 INFO [localhost-startStop-1] org.apache.catalina.startup.HostConfig.deployDirectory Deploying web application directory /Users/kevin/Kevin-LASAD/Deploy/apache-tomcat-8.0.23/webapps/examples
03-Aug-2015 10:54:05.617 INFO [localhost-startStop-1] org.apache.catalina.startup.HostConfig.deployDirectory Deployment of web application directory /Users/kevin/Kevin-LASAD/Deploy/apache-tomcat-8.0.23/webapps/examples has finished in 540 ms
03-Aug-2015 10:54:05.617 INFO [localhost-startStop-1] org.apache.catalina.startup.HostConfig.deployDirectory Deploying web application directory /Users/kevin/Kevin-LASAD/Deploy/apache-tomcat-8.0.23/webapps/host-manager
03-Aug-2015 10:54:05.656 INFO [localhost-startStop-1] org.apache.catalina.startup.HostConfig.deployDirectory Deployment of web application directory /Users/kevin/Kevin-LASAD/Deploy/apache-tomcat-8.0.23/webapps/host-manager has finished in 39 ms
03-Aug-2015 10:54:05.657 INFO [localhost-startStop-1] org.apache.catalina.startup.HostConfig.deployDirectory Deploying web application directory /Users/kevin/Kevin-LASAD/Deploy/apache-tomcat-8.0.23/webapps/manager
03-Aug-2015 10:54:05.698 INFO [localhost-startStop-1] org.apache.catalina.startup.HostConfig.deployDirectory Deployment of web application directory /Users/kevin/Kevin-LASAD/Deploy/apache-tomcat-8.0.23/webapps/manager has finished in 40 ms
03-Aug-2015 10:54:05.698 INFO [localhost-startStop-1] org.apache.catalina.startup.HostConfig.deployDirectory Deploying web application directory /Users/kevin/Kevin-LASAD/Deploy/apache-tomcat-8.0.23/webapps/ROOT
03-Aug-2015 10:54:05.723 INFO [localhost-startStop-1] org.apache.catalina.startup.HostConfig.deployDirectory Deployment of web application directory /Users/kevin/Kevin-LASAD/Deploy/apache-tomcat-8.0.23/webapps/ROOT has finished in 24 ms
03-Aug-2015 10:54:05.727 INFO [main] org.apache.coyote.AbstractProtocol.start Starting ProtocolHandler ["http-nio-8080"]
03-Aug-2015 10:54:05.733 INFO [main] org.apache.coyote.AbstractProtocol.start Starting ProtocolHandler ["ajp-nio-8009"]
03-Aug-2015 10:54:05.734 INFO [main] org.apache.catalina.startup.Catalina.start Server startup in 6794 ms
03-Aug-2015 10:54:07.601 INFO [http-nio-8080-exec-8] null.null Server: Configuration changed - EventServiceConfiguration (Properties "eventservice.properties")
  Min.: 0ms; Max.: 20000ms; Timeout: 90000ms
03-Aug-2015 10:54:07.757 INFO [http-nio-8080-exec-8] null.null Server: Client "65898F883792F7D9A1495CB55A733FA6-1104762487" initialized.
03-Aug-2015 10:55:26.077 INFO [main] org.apache.catalina.core.StandardServer.await A valid shutdown command was received via the shutdown port. Stopping the Server instance.
03-Aug-2015 10:55:26.077 INFO [main] org.apache.coyote.AbstractProtocol.pause Pausing ProtocolHandler ["http-nio-8080"]
03-Aug-2015 10:55:26.129 INFO [main] org.apache.coyote.AbstractProtocol.pause Pausing ProtocolHandler ["ajp-nio-8009"]
03-Aug-2015 10:55:26.183 INFO [main] org.apache.catalina.core.StandardService.stopInternal Stopping service Catalina
03-Aug-2015 10:55:26.199 INFO [localhost-startStop-2] org.apache.catalina.core.StandardWrapper.unload Waiting for 1 instance(s) to be deallocated for Servlet [eventServiceImpl]
03-Aug-2015 10:55:27.223 INFO [localhost-startStop-2] org.apache.catalina.core.StandardWrapper.unload Waiting for 1 instance(s) to be deallocated for Servlet [eventServiceImpl]
03-Aug-2015 10:55:28.254 INFO [localhost-startStop-2] org.apache.catalina.core.StandardWrapper.unload Waiting for 1 instance(s) to be deallocated for Servlet [eventServiceImpl]
03-Aug-2015 10:55:28.365 WARNING [localhost-startStop-2] org.apache.catalina.loader.WebappClassLoaderBase.clearReferencesThreads The web application [lasad] is still processing a request that has yet to finish. This is very likely to create a memory leak. You can control the time allowed for requests to finish by using the unloadDelay attribute of the standard Context implementation. Stack trace of request processing thread:
 java.lang.Object.wait(Native Method)
 de.novanic.eventservice.service.connection.strategy.connector.ConnectionStrategyServerConnectorAdapter.waitMaxWaitingTime(ConnectionStrategyServerConnectorAdapter.java:82)
 de.novanic.eventservice.service.connection.strategy.connector.longpolling.LongPollingServerConnector.listen(LongPollingServerConnector.java:62)
 de.novanic.eventservice.service.registry.DefaultEventRegistry.listen(DefaultEventRegistry.java:223)
 de.novanic.eventservice.service.EventServiceImpl.listen(EventServiceImpl.java:242)
 de.novanic.eventservice.service.EventServiceImpl.listen(EventServiceImpl.java:227)
 sun.reflect.GeneratedMethodAccessor37.invoke(Unknown Source)
 sun.reflect.DelegatingMethodAccessorImpl.invoke(DelegatingMethodAccessorImpl.java:43)
 java.lang.reflect.Method.invoke(Method.java:497)
 com.google.gwt.user.server.rpc.RPC.invokeAndEncodeResponse(RPC.java:561)
 com.google.gwt.user.server.rpc.RemoteServiceServlet.processCall(RemoteServiceServlet.java:208)
 com.google.gwt.user.server.rpc.RemoteServiceServlet.processPost(RemoteServiceServlet.java:248)
 com.google.gwt.user.server.rpc.AbstractRemoteServiceServlet.doPost(AbstractRemoteServiceServlet.java:62)
 javax.servlet.http.HttpServlet.service(HttpServlet.java:648)
 javax.servlet.http.HttpServlet.service(HttpServlet.java:729)
 org.apache.catalina.core.ApplicationFilterChain.internalDoFilter(ApplicationFilterChain.java:291)
 org.apache.catalina.core.ApplicationFilterChain.doFilter(ApplicationFilterChain.java:206)
 org.apache.tomcat.websocket.server.WsFilter.doFilter(WsFilter.java:52)
 org.apache.catalina.core.ApplicationFilterChain.internalDoFilter(ApplicationFilterChain.java:239)
 org.apache.catalina.core.ApplicationFilterChain.doFilter(ApplicationFilterChain.java:206)
 org.apache.catalina.core.StandardWrapperValve.invoke(StandardWrapperValve.java:219)
 org.apache.catalina.core.StandardContextValve.invoke(StandardContextValve.java:106)
 org.apache.catalina.authenticator.AuthenticatorBase.invoke(AuthenticatorBase.java:502)
 org.apache.catalina.core.StandardHostValve.invoke(StandardHostValve.java:142)
 org.apache.catalina.valves.ErrorReportValve.invoke(ErrorReportValve.java:79)
 org.apache.catalina.valves.AbstractAccessLogValve.invoke(AbstractAccessLogValve.java:617)
 org.apache.catalina.core.StandardEngineValve.invoke(StandardEngineValve.java:88)
 org.apache.catalina.connector.CoyoteAdapter.service(CoyoteAdapter.java:518)
 org.apache.coyote.http11.AbstractHttp11Processor.process(AbstractHttp11Processor.java:1091)
 org.apache.coyote.AbstractProtocol$AbstractConnectionHandler.process(AbstractProtocol.java:668)
 org.apache.tomcat.util.net.NioEndpoint$SocketProcessor.doRun(NioEndpoint.java:1521)
 org.apache.tomcat.util.net.NioEndpoint$SocketProcessor.run(NioEndpoint.java:1478)
 java.util.concurrent.ThreadPoolExecutor.runWorker(ThreadPoolExecutor.java:1142)
 java.util.concurrent.ThreadPoolExecutor$Worker.run(ThreadPoolExecutor.java:617)
 org.apache.tomcat.util.threads.TaskThread$WrappingRunnable.run(TaskThread.java:61)
 java.lang.Thread.run(Thread.java:745)
03-Aug-2015 10:55:28.365 WARNING [localhost-startStop-2] org.apache.catalina.loader.WebappClassLoaderBase.clearReferencesThreads The web application [lasad] appears to have started a thread named [GWTEventService-UserActivityScheduler] but has failed to stop it. This is very likely to create a memory leak. Stack trace of thread:
 java.lang.Object.wait(Native Method)
 java.util.TimerThread.mainLoop(Timer.java:552)
 java.util.TimerThread.run(Timer.java:505)
03-Aug-2015 10:55:28.389 INFO [main] org.apache.coyote.AbstractProtocol.stop Stopping ProtocolHandler ["http-nio-8080"]
03-Aug-2015 10:55:28.461 INFO [main] org.apache.coyote.AbstractProtocol.stop Stopping ProtocolHandler ["ajp-nio-8009"]
03-Aug-2015 10:55:28.517 INFO [main] org.apache.coyote.AbstractProtocol.destroy Destroying ProtocolHandler ["http-nio-8080"]
03-Aug-2015 10:55:28.518 INFO [main] org.apache.coyote.AbstractProtocol.destroy Destroying ProtocolHandler ["ajp-nio-8009"]
